[2022-06-02T08:27:08.631Z] Validating found git in: git
[2022-06-02T08:27:08.843Z] Using git 2.25.1 from git
[2022-06-02T08:27:08.928Z] > git rev-parse --show-toplevel [49ms]
[2022-06-02T08:27:08.970Z] > git rev-parse --git-dir --git-common-dir [9ms]
[2022-06-02T08:27:08.992Z] Open repository: /home/sirmmy/Development/code/prework/phase-0/phase-0-html-issue-bot-9000-lab
[2022-06-02T08:27:09.603Z] > git status -z -uall [595ms]
[2022-06-02T08:27:09.829Z] > git check-ignore -v -z --stdin [169ms]
[2022-06-02T08:27:09.851Z] > git symbolic-ref --short HEAD [233ms]
[2022-06-02T08:27:09.914Z] > git for-each-ref --format=%(refname)%00%(upstream:short)%00%(objectname)%00%(upstream:track)%00%(upstream:remotename)%00%(upstream:remoteref) refs/heads/master refs/remotes/master [43ms]
[2022-06-02T08:27:10.008Z] > git remote --verbose [54ms]
[2022-06-02T08:27:10.009Z] > git for-each-ref --sort -committerdate --format %(refname) %(objectname) %(*objectname) [79ms]
[2022-06-02T08:27:10.077Z] > git config --get commit.template [5ms]
[2022-06-02T08:27:10.211Z] > git check-ignore -v -z --stdin [10ms]
[2022-06-02T08:27:16.983Z] > git show --textconv :index.html [13ms]
[2022-06-02T08:27:16.984Z] > git ls-files --stage -- /home/sirmmy/Development/code/prework/phase-0/phase-0-html-issue-bot-9000-lab/index.html [3ms]
[2022-06-02T08:27:16.995Z] > git cat-file -s cc49542ddd49e9230ba5857831e8eb402b647924 [2ms]
[2022-06-02T08:32:48.289Z] > git status -z -uall [2ms]
[2022-06-02T08:32:48.300Z] > git symbolic-ref --short HEAD [1ms]
[2022-06-02T08:32:48.312Z] > git for-each-ref --format=%(refname)%00%(upstream:short)%00%(objectname)%00%(upstream:track)%00%(upstream:remotename)%00%(upstream:remoteref) refs/heads/master refs/remotes/master [1ms]
[2022-06-02T08:32:48.334Z] > git for-each-ref --sort -committerdate --format %(refname) %(objectname) %(*objectname) [12ms]
[2022-06-02T08:32:48.335Z] > git remote --verbose [2ms]
[2022-06-02T08:32:48.348Z] > git config --get commit.template [1ms]
[2022-06-02T08:32:50.861Z] > git show --textconv :index.html [11ms]
[2022-06-02T08:32:50.862Z] > git ls-files --stage -- /home/sirmmy/Development/code/prework/phase-0/phase-0-html-issue-bot-9000-lab/index.html [2ms]
[2022-06-02T08:32:50.884Z] > git cat-file -s cc49542ddd49e9230ba5857831e8eb402b647924 [11ms]
[2022-06-02T08:44:37.112Z] > git check-ignore -v -z --stdin [1ms]
[2022-06-02T08:44:37.915Z] > git status -z -uall [3ms]
[2022-06-02T08:44:37.930Z] > git symbolic-ref --short HEAD [3ms]
[2022-06-02T08:44:37.945Z] > git for-each-ref --format=%(refname)%00%(upstream:short)%00%(objectname)%00%(upstream:track)%00%(upstream:remotename)%00%(upstream:remoteref) refs/heads/master refs/remotes/master [3ms]
[2022-06-02T08:44:37.967Z] > git for-each-ref --sort -committerdate --format %(refname) %(objectname) %(*objectname) [13ms]
[2022-06-02T08:44:37.968Z] > git remote --verbose [3ms]
[2022-06-02T08:44:37.981Z] > git config --get commit.template [1ms]
[2022-06-02T08:44:38.017Z] > git ls-files --stage -- /home/sirmmy/Development/code/prework/phase-0/phase-0-html-issue-bot-9000-lab/index.html [1ms]
[2022-06-02T08:44:38.029Z] > git cat-file -s 4d5e98bb06bc3c8178f88b40d403711a2e0db3b1 [1ms]
[2022-06-02T08:44:38.045Z] > git show --textconv :index.html [2ms]
[2022-06-02T08:44:43.547Z] > git status -z -uall [4ms]
[2022-06-02T08:44:43.558Z] > git symbolic-ref --short HEAD [1ms]
[2022-06-02T08:44:43.570Z] > git for-each-ref --format=%(refname)%00%(upstream:short)%00%(objectname)%00%(upstream:track)%00%(upstream:remotename)%00%(upstream:remoteref) refs/heads/master refs/remotes/master [2ms]
[2022-06-02T08:44:43.589Z] > git for-each-ref --sort -committerdate --format %(refname) %(objectname) %(*objectname) [11ms]
[2022-06-02T08:44:43.590Z] > git remote --verbose [2ms]
[2022-06-02T08:44:43.603Z] > git config --get commit.template [1ms]
[2022-06-02T08:53:48.921Z] > git status -z -uall [2ms]
[2022-06-02T08:53:48.932Z] > git symbolic-ref --short HEAD [1ms]
[2022-06-02T08:53:48.942Z] > git for-each-ref --format=%(refname)%00%(upstream:short)%00%(objectname)%00%(upstream:track)%00%(upstream:remotename)%00%(upstream:remoteref) refs/heads/master refs/remotes/master [1ms]
[2022-06-02T08:53:48.962Z] > git for-each-ref --sort -committerdate --format %(refname) %(objectname) %(*objectname) [11ms]
[2022-06-02T08:53:48.962Z] > git remote --verbose [1ms]
[2022-06-02T08:53:48.975Z] > git config --get commit.template [2ms]
[2022-06-02T08:54:03.394Z] > git show --textconv :index.html [10ms]
[2022-06-02T08:54:03.395Z] > git ls-files --stage -- /home/sirmmy/Development/code/prework/phase-0/phase-0-html-issue-bot-9000-lab/index.html [2ms]
[2022-06-02T08:54:03.414Z] > git cat-file -s 4d5e98bb06bc3c8178f88b40d403711a2e0db3b1 [11ms]
[2022-06-02T08:57:25.370Z] > git status -z -uall [2ms]
[2022-06-02T08:57:25.380Z] > git symbolic-ref --short HEAD [2ms]
[2022-06-02T08:57:25.389Z] > git for-each-ref --format=%(refname)%00%(upstream:short)%00%(objectname)%00%(upstream:track)%00%(upstream:remotename)%00%(upstream:remoteref) refs/heads/master refs/remotes/master [1ms]
[2022-06-02T08:57:25.407Z] > git for-each-ref --sort -committerdate --format %(refname) %(objectname) %(*objectname) [9ms]
[2022-06-02T08:57:25.408Z] > git remote --verbose [2ms]
[2022-06-02T08:57:25.425Z] > git config --get commit.template [3ms]
[2022-06-02T08:57:25.474Z] > git ls-files --stage -- /home/sirmmy/Development/code/prework/phase-0/phase-0-html-issue-bot-9000-lab/index.html [1ms]
[2022-06-02T08:57:25.485Z] > git cat-file -s 008003883168e9b97d853f706da048c94ad2104b [1ms]
[2022-06-02T08:57:25.499Z] > git show --textconv :index.html [2ms]
[2022-06-02T08:57:30.440Z] > git status -z -uall [2ms]
[2022-06-02T08:57:30.451Z] > git symbolic-ref --short HEAD [2ms]
[2022-06-02T08:57:30.462Z] > git for-each-ref --format=%(refname)%00%(upstream:short)%00%(objectname)%00%(upstream:track)%00%(upstream:remotename)%00%(upstream:remoteref) refs/heads/master refs/remotes/master [2ms]
[2022-06-02T08:57:30.481Z] > git for-each-ref --sort -committerdate --format %(refname) %(objectname) %(*objectname) [11ms]
[2022-06-02T08:57:30.482Z] > git remote --verbose [3ms]
[2022-06-02T08:57:30.492Z] > git config --get commit.template [1ms]
