[2022-06-02T15:48:15.295Z] Validating found git in: git
[2022-06-02T15:48:15.419Z] Using git 2.25.1 from git
[2022-06-02T15:48:15.509Z] > git rev-parse --show-toplevel [71ms]
[2022-06-02T15:48:15.609Z] > git rev-parse --git-dir --git-common-dir [80ms]
[2022-06-02T15:48:15.621Z] Open repository: /home/sirmmy/Development/code/prework/phase-0/phase-0-css-intro-lab
[2022-06-02T15:48:15.647Z] > git status -z -uall [11ms]
[2022-06-02T15:48:15.663Z] > git symbolic-ref --short HEAD [6ms]
[2022-06-02T15:48:15.703Z] > git for-each-ref --format=%(refname)%00%(upstream:short)%00%(objectname)%00%(upstream:track)%00%(upstream:remotename)%00%(upstream:remoteref) refs/heads/master refs/remotes/master [19ms]
[2022-06-02T15:48:15.734Z] > git remote --verbose [4ms]
[2022-06-02T15:48:15.735Z] > git for-each-ref --sort -committerdate --format %(refname) %(objectname) %(*objectname) [17ms]
[2022-06-02T15:48:15.753Z] > git config --get commit.template [2ms]
[2022-06-02T15:48:16.992Z] > git check-ignore -v -z --stdin [13ms]
[2022-06-02T15:48:19.142Z] > git show --textconv :index.html [67ms]
[2022-06-02T15:48:19.143Z] > git ls-files --stage -- /home/sirmmy/Development/code/prework/phase-0/phase-0-css-intro-lab/index.html [56ms]
[2022-06-02T15:48:19.184Z] > git cat-file -s 30ad56b96b85097899c5a085d4e0d1307a5563e6 [22ms]
[2022-06-02T15:49:06.836Z] > git status -z -uall [3ms]
[2022-06-02T15:49:06.847Z] > git symbolic-ref --short HEAD [2ms]
[2022-06-02T15:49:06.857Z] > git for-each-ref --format=%(refname)%00%(upstream:short)%00%(objectname)%00%(upstream:track)%00%(upstream:remotename)%00%(upstream:remoteref) refs/heads/master refs/remotes/master [2ms]
[2022-06-02T15:49:06.876Z] > git remote --verbose [2ms]
[2022-06-02T15:49:06.876Z] > git for-each-ref --sort -committerdate --format %(refname) %(objectname) %(*objectname) [10ms]
[2022-06-02T15:49:06.894Z] > git config --get commit.template [3ms]
[2022-06-02T15:49:07.642Z] > git show --textconv :index.html [19ms]
[2022-06-02T15:49:07.643Z] > git ls-files --stage -- /home/sirmmy/Development/code/prework/phase-0/phase-0-css-intro-lab/index.html [11ms]
[2022-06-02T15:49:07.655Z] > git cat-file -s 30ad56b96b85097899c5a085d4e0d1307a5563e6 [3ms]
[2022-06-02T15:49:21.156Z] > git show --textconv :style.css [99ms]
[2022-06-02T15:49:21.156Z] > git ls-files --stage -- /home/sirmmy/Development/code/prework/phase-0/phase-0-css-intro-lab/style.css [29ms]
[2022-06-02T15:49:21.204Z] > git cat-file -s a6f38762275280cac49fb7ca1067803adcf31d4d [9ms]
[2022-06-02T15:49:33.201Z] > git show --textconv :index.html [8ms]
[2022-06-02T15:49:33.203Z] > git ls-files --stage -- /home/sirmmy/Development/code/prework/phase-0/phase-0-css-intro-lab/index.html [2ms]
[2022-06-02T15:49:33.221Z] > git cat-file -s 30ad56b96b85097899c5a085d4e0d1307a5563e6 [11ms]
[2022-06-02T15:49:57.870Z] > git show --textconv :style.css [10ms]
[2022-06-02T15:49:57.871Z] > git ls-files --stage -- /home/sirmmy/Development/code/prework/phase-0/phase-0-css-intro-lab/style.css [3ms]
[2022-06-02T15:49:57.889Z] > git cat-file -s a6f38762275280cac49fb7ca1067803adcf31d4d [11ms]
[2022-06-02T15:51:45.294Z] > git show --textconv :index.html [19ms]
[2022-06-02T15:51:45.295Z] > git ls-files --stage -- /home/sirmmy/Development/code/prework/phase-0/phase-0-css-intro-lab/index.html [11ms]
[2022-06-02T15:51:45.306Z] > git cat-file -s 30ad56b96b85097899c5a085d4e0d1307a5563e6 [2ms]
[2022-06-02T15:51:47.705Z] > git show --textconv :style.css [9ms]
[2022-06-02T15:51:47.706Z] > git ls-files --stage -- /home/sirmmy/Development/code/prework/phase-0/phase-0-css-intro-lab/style.css [1ms]
[2022-06-02T15:51:47.718Z] > git cat-file -s a6f38762275280cac49fb7ca1067803adcf31d4d [4ms]
[2022-06-02T15:51:51.842Z] > git show --textconv :index.html [8ms]
[2022-06-02T15:51:51.843Z] > git ls-files --stage -- /home/sirmmy/Development/code/prework/phase-0/phase-0-css-intro-lab/index.html [1ms]
[2022-06-02T15:51:51.853Z] > git cat-file -s 30ad56b96b85097899c5a085d4e0d1307a5563e6 [2ms]
[2022-06-02T15:52:18.186Z] > git show --textconv :style.css [9ms]
[2022-06-02T15:52:18.187Z] > git ls-files --stage -- /home/sirmmy/Development/code/prework/phase-0/phase-0-css-intro-lab/style.css [2ms]
[2022-06-02T15:52:18.198Z] > git cat-file -s a6f38762275280cac49fb7ca1067803adcf31d4d [4ms]
[2022-06-02T16:07:43.660Z] > git status -z -uall [3ms]
[2022-06-02T16:07:43.671Z] > git symbolic-ref --short HEAD [1ms]
[2022-06-02T16:07:43.684Z] > git for-each-ref --format=%(refname)%00%(upstream:short)%00%(objectname)%00%(upstream:track)%00%(upstream:remotename)%00%(upstream:remoteref) refs/heads/master refs/remotes/master [2ms]
[2022-06-02T16:07:43.703Z] > git for-each-ref --sort -committerdate --format %(refname) %(objectname) %(*objectname) [10ms]
[2022-06-02T16:07:43.703Z] > git remote --verbose [2ms]
[2022-06-02T16:07:43.716Z] > git config --get commit.template [1ms]
[2022-06-02T16:07:44.612Z] > git show --textconv :index.html [10ms]
[2022-06-02T16:07:44.622Z] > git ls-files --stage -- /home/sirmmy/Development/code/prework/phase-0/phase-0-css-intro-lab/index.html [11ms]
[2022-06-02T16:07:44.633Z] > git cat-file -s 30ad56b96b85097899c5a085d4e0d1307a5563e6 [3ms]
[2022-06-02T16:07:54.352Z] > git show --textconv :style.css [9ms]
[2022-06-02T16:07:54.353Z] > git ls-files --stage -- /home/sirmmy/Development/code/prework/phase-0/phase-0-css-intro-lab/style.css [2ms]
[2022-06-02T16:07:54.362Z] > git cat-file -s a6f38762275280cac49fb7ca1067803adcf31d4d [1ms]
[2022-06-02T16:09:57.744Z] > git status -z -uall [3ms]
[2022-06-02T16:09:57.754Z] > git symbolic-ref --short HEAD [2ms]
[2022-06-02T16:09:57.765Z] > git for-each-ref --format=%(refname)%00%(upstream:short)%00%(objectname)%00%(upstream:track)%00%(upstream:remotename)%00%(upstream:remoteref) refs/heads/master refs/remotes/master [2ms]
[2022-06-02T16:09:57.784Z] > git for-each-ref --sort -committerdate --format %(refname) %(objectname) %(*objectname) [10ms]
[2022-06-02T16:09:57.785Z] > git remote --verbose [2ms]
[2022-06-02T16:09:57.798Z] > git config --get commit.template [1ms]
[2022-06-02T16:10:05.668Z] > git show --textconv :style.css [9ms]
[2022-06-02T16:10:05.669Z] > git ls-files --stage -- /home/sirmmy/Development/code/prework/phase-0/phase-0-css-intro-lab/style.css [2ms]
[2022-06-02T16:10:05.688Z] > git cat-file -s a6f38762275280cac49fb7ca1067803adcf31d4d [11ms]
[2022-06-02T16:15:48.964Z] > git status -z -uall [4ms]
[2022-06-02T16:15:48.974Z] > git symbolic-ref --short HEAD [1ms]
[2022-06-02T16:15:48.986Z] > git for-each-ref --format=%(refname)%00%(upstream:short)%00%(objectname)%00%(upstream:track)%00%(upstream:remotename)%00%(upstream:remoteref) refs/heads/master refs/remotes/master [2ms]
[2022-06-02T16:15:49.006Z] > git remote --verbose [3ms]
[2022-06-02T16:15:49.008Z] > git for-each-ref --sort -committerdate --format %(refname) %(objectname) %(*objectname) [14ms]
[2022-06-02T16:15:49.024Z] > git config --get commit.template [2ms]
[2022-06-02T16:15:56.292Z] > git show --textconv :style.css [10ms]
[2022-06-02T16:15:56.293Z] > git ls-files --stage -- /home/sirmmy/Development/code/prework/phase-0/phase-0-css-intro-lab/style.css [2ms]
[2022-06-02T16:15:56.316Z] > git cat-file -s a6f38762275280cac49fb7ca1067803adcf31d4d [13ms]
[2022-06-02T16:16:07.310Z] > git status -z -uall [4ms]
[2022-06-02T16:16:07.322Z] > git symbolic-ref --short HEAD [3ms]
[2022-06-02T16:16:07.333Z] > git for-each-ref --format=%(refname)%00%(upstream:short)%00%(objectname)%00%(upstream:track)%00%(upstream:remotename)%00%(upstream:remoteref) refs/heads/master refs/remotes/master [1ms]
[2022-06-02T16:16:07.357Z] > git for-each-ref --sort -committerdate --format %(refname) %(objectname) %(*objectname) [13ms]
[2022-06-02T16:16:07.358Z] > git remote --verbose [3ms]
[2022-06-02T16:16:07.373Z] > git config --get commit.template [2ms]
[2022-06-02T16:16:10.618Z] > git check-ignore -v -z --stdin [1ms]
[2022-06-02T16:16:12.260Z] > git ls-files --stage -- /home/sirmmy/Development/code/prework/phase-0/phase-0-css-intro-lab/style.css [2ms]
[2022-06-02T16:16:12.270Z] > git cat-file -s 303058035d46fbc728b14214ab16eef40560fe19 [1ms]
[2022-06-02T16:16:12.284Z] > git show --textconv :style.css [2ms]
[2022-06-02T16:16:12.387Z] > git status -z -uall [2ms]
[2022-06-02T16:16:12.398Z] > git symbolic-ref --short HEAD [2ms]
[2022-06-02T16:16:12.409Z] > git for-each-ref --format=%(refname)%00%(upstream:short)%00%(objectname)%00%(upstream:track)%00%(upstream:remotename)%00%(upstream:remoteref) refs/heads/master refs/remotes/master [1ms]
[2022-06-02T16:16:12.428Z] > git for-each-ref --sort -committerdate --format %(refname) %(objectname) %(*objectname) [9ms]
[2022-06-02T16:16:12.429Z] > git remote --verbose [2ms]
[2022-06-02T16:16:12.442Z] > git config --get commit.template [2ms]
[2022-06-02T16:16:19.321Z] > git status -z -uall [2ms]
[2022-06-02T16:16:19.331Z] > git symbolic-ref --short HEAD [1ms]
[2022-06-02T16:16:19.342Z] > git for-each-ref --format=%(refname)%00%(upstream:short)%00%(objectname)%00%(upstream:track)%00%(upstream:remotename)%00%(upstream:remoteref) refs/heads/master refs/remotes/master [2ms]
[2022-06-02T16:16:19.362Z] > git for-each-ref --sort -committerdate --format %(refname) %(objectname) %(*objectname) [11ms]
[2022-06-02T16:16:19.365Z] > git remote --verbose [5ms]
[2022-06-02T16:16:19.378Z] > git config --get commit.template [1ms]
[2022-06-02T16:18:45.169Z] > git status -z -uall [2ms]
[2022-06-02T16:18:45.182Z] > git symbolic-ref --short HEAD [2ms]
[2022-06-02T16:18:45.194Z] > git for-each-ref --format=%(refname)%00%(upstream:short)%00%(objectname)%00%(upstream:track)%00%(upstream:remotename)%00%(upstream:remoteref) refs/heads/master refs/remotes/master [1ms]
[2022-06-02T16:18:45.213Z] > git for-each-ref --sort -committerdate --format %(refname) %(objectname) %(*objectname) [10ms]
[2022-06-02T16:18:45.213Z] > git remote --verbose [2ms]
[2022-06-02T16:18:45.224Z] > git config --get commit.template [1ms]
[2022-06-02T16:18:47.387Z] > git ls-files --stage -- /home/sirmmy/Development/code/prework/phase-0/phase-0-css-intro-lab/style.css [1ms]
[2022-06-02T16:18:47.398Z] > git cat-file -s 303058035d46fbc728b14214ab16eef40560fe19 [2ms]
[2022-06-02T16:18:47.412Z] > git show --textconv :style.css [2ms]
[2022-06-02T16:18:50.243Z] > git status -z -uall [2ms]
[2022-06-02T16:18:50.253Z] > git symbolic-ref --short HEAD [2ms]
[2022-06-02T16:18:50.264Z] > git for-each-ref --format=%(refname)%00%(upstream:short)%00%(objectname)%00%(upstream:track)%00%(upstream:remotename)%00%(upstream:remoteref) refs/heads/master refs/remotes/master [2ms]
[2022-06-02T16:18:50.284Z] > git for-each-ref --sort -committerdate --format %(refname) %(objectname) %(*objectname) [10ms]
[2022-06-02T16:18:50.284Z] > git remote --verbose [2ms]
[2022-06-02T16:18:50.295Z] > git config --get commit.template [1ms]
[2022-06-02T16:18:55.314Z] > git status -z -uall [2ms]
[2022-06-02T16:18:55.326Z] > git symbolic-ref --short HEAD [1ms]
[2022-06-02T16:18:55.336Z] > git for-each-ref --format=%(refname)%00%(upstream:short)%00%(objectname)%00%(upstream:track)%00%(upstream:remotename)%00%(upstream:remoteref) refs/heads/master refs/remotes/master [2ms]
[2022-06-02T16:18:55.359Z] > git for-each-ref --sort -committerdate --format %(refname) %(objectname) %(*objectname) [11ms]
[2022-06-02T16:18:55.359Z] > git remote --verbose [1ms]
[2022-06-02T16:18:55.374Z] > git config --get commit.template [2ms]
[2022-06-02T16:19:38.310Z] > git status -z -uall [2ms]
[2022-06-02T16:19:38.323Z] > git symbolic-ref --short HEAD [2ms]
[2022-06-02T16:19:38.336Z] > git for-each-ref --format=%(refname)%00%(upstream:short)%00%(objectname)%00%(upstream:track)%00%(upstream:remotename)%00%(upstream:remoteref) refs/heads/master refs/remotes/master [3ms]
[2022-06-02T16:19:38.359Z] > git for-each-ref --sort -committerdate --format %(refname) %(objectname) %(*objectname) [14ms]
[2022-06-02T16:19:38.359Z] > git remote --verbose [1ms]
[2022-06-02T16:19:38.377Z] > git config --get commit.template [5ms]
[2022-06-02T16:22:29.907Z] > git show --textconv :style.css [12ms]
[2022-06-02T16:22:29.918Z] > git ls-files --stage -- /home/sirmmy/Development/code/prework/phase-0/phase-0-css-intro-lab/style.css [12ms]
[2022-06-02T16:22:29.929Z] > git cat-file -s 303058035d46fbc728b14214ab16eef40560fe19 [2ms]
[2022-06-02T16:22:57.074Z] > git show --textconv :index.html [10ms]
[2022-06-02T16:22:57.075Z] > git ls-files --stage -- /home/sirmmy/Development/code/prework/phase-0/phase-0-css-intro-lab/index.html [2ms]
[2022-06-02T16:22:57.094Z] > git cat-file -s cff3306f28e62038fc0ba493f11626511a9c3dc7 [11ms]
[2022-06-02T16:24:44.814Z] > git status -z -uall [2ms]
[2022-06-02T16:24:44.825Z] > git symbolic-ref --short HEAD [2ms]
[2022-06-02T16:24:44.838Z] > git for-each-ref --format=%(refname)%00%(upstream:short)%00%(objectname)%00%(upstream:track)%00%(upstream:remotename)%00%(upstream:remoteref) refs/heads/master refs/remotes/master [2ms]
[2022-06-02T16:24:44.860Z] > git for-each-ref --sort -committerdate --format %(refname) %(objectname) %(*objectname) [12ms]
[2022-06-02T16:24:44.860Z] > git remote --verbose [1ms]
[2022-06-02T16:24:44.873Z] > git config --get commit.template [2ms]
[2022-06-02T16:24:48.872Z] > git show --textconv :style.css [10ms]
[2022-06-02T16:24:48.873Z] > git ls-files --stage -- /home/sirmmy/Development/code/prework/phase-0/phase-0-css-intro-lab/style.css [2ms]
[2022-06-02T16:24:48.892Z] > git cat-file -s 303058035d46fbc728b14214ab16eef40560fe19 [11ms]
[2022-06-02T16:25:21.525Z] > git status -z -uall [2ms]
[2022-06-02T16:25:21.538Z] > git symbolic-ref --short HEAD [2ms]
[2022-06-02T16:25:21.548Z] > git for-each-ref --format=%(refname)%00%(upstream:short)%00%(objectname)%00%(upstream:track)%00%(upstream:remotename)%00%(upstream:remoteref) refs/heads/master refs/remotes/master [2ms]
[2022-06-02T16:25:21.566Z] > git for-each-ref --sort -committerdate --format %(refname) %(objectname) %(*objectname) [10ms]
[2022-06-02T16:25:21.566Z] > git remote --verbose [1ms]
[2022-06-02T16:25:21.580Z] > git config --get commit.template [1ms]
[2022-06-02T16:25:23.538Z] > git ls-files --stage -- /home/sirmmy/Development/code/prework/phase-0/phase-0-css-intro-lab/style.css [2ms]
[2022-06-02T16:25:23.547Z] > git cat-file -s c766476d375e0140464e294ae1139d1571e3c45c [1ms]
[2022-06-02T16:25:23.561Z] > git show --textconv :style.css [2ms]
[2022-06-02T16:25:26.599Z] > git status -z -uall [2ms]
[2022-06-02T16:25:26.610Z] > git symbolic-ref --short HEAD [2ms]
[2022-06-02T16:25:26.620Z] > git for-each-ref --format=%(refname)%00%(upstream:short)%00%(objectname)%00%(upstream:track)%00%(upstream:remotename)%00%(upstream:remoteref) refs/heads/master refs/remotes/master [2ms]
[2022-06-02T16:25:26.638Z] > git for-each-ref --sort -committerdate --format %(refname) %(objectname) %(*objectname) [8ms]
[2022-06-02T16:25:26.639Z] > git remote --verbose [2ms]
[2022-06-02T16:25:26.651Z] > git config --get commit.template [1ms]
[2022-06-02T16:25:31.663Z] > git status -z -uall [2ms]
[2022-06-02T16:25:31.673Z] > git symbolic-ref --short HEAD [2ms]
[2022-06-02T16:25:31.684Z] > git for-each-ref --format=%(refname)%00%(upstream:short)%00%(objectname)%00%(upstream:track)%00%(upstream:remotename)%00%(upstream:remoteref) refs/heads/master refs/remotes/master [2ms]
[2022-06-02T16:25:31.701Z] > git for-each-ref --sort -committerdate --format %(refname) %(objectname) %(*objectname) [9ms]
[2022-06-02T16:25:31.701Z] > git remote --verbose [1ms]
[2022-06-02T16:25:31.712Z] > git config --get commit.template [1ms]
[2022-06-02T16:27:10.364Z] > git status -z -uall [2ms]
[2022-06-02T16:27:10.378Z] > git symbolic-ref --short HEAD [1ms]
[2022-06-02T16:27:10.392Z] > git for-each-ref --format=%(refname)%00%(upstream:short)%00%(objectname)%00%(upstream:track)%00%(upstream:remotename)%00%(upstream:remoteref) refs/heads/master refs/remotes/master [3ms]
[2022-06-02T16:27:10.415Z] > git for-each-ref --sort -committerdate --format %(refname) %(objectname) %(*objectname) [14ms]
[2022-06-02T16:27:10.415Z] > git remote --verbose [2ms]
[2022-06-02T16:27:10.431Z] > git config --get commit.template [1ms]
[2022-06-02T16:27:20.689Z] > git show --textconv :style.css [19ms]
[2022-06-02T16:27:20.691Z] > git ls-files --stage -- /home/sirmmy/Development/code/prework/phase-0/phase-0-css-intro-lab/style.css [12ms]
[2022-06-02T16:27:20.701Z] > git cat-file -s c766476d375e0140464e294ae1139d1571e3c45c [2ms]
[2022-06-02T16:27:31.711Z] > git status -z -uall [2ms]
[2022-06-02T16:27:31.720Z] > git symbolic-ref --short HEAD [1ms]
[2022-06-02T16:27:31.730Z] > git for-each-ref --format=%(refname)%00%(upstream:short)%00%(objectname)%00%(upstream:track)%00%(upstream:remotename)%00%(upstream:remoteref) refs/heads/master refs/remotes/master [1ms]
[2022-06-02T16:27:31.748Z] > git for-each-ref --sort -committerdate --format %(refname) %(objectname) %(*objectname) [10ms]
[2022-06-02T16:27:31.749Z] > git remote --verbose [2ms]
[2022-06-02T16:27:31.759Z] > git config --get commit.template [1ms]
[2022-06-02T16:27:33.559Z] > git ls-files --stage -- /home/sirmmy/Development/code/prework/phase-0/phase-0-css-intro-lab/style.css [1ms]
[2022-06-02T16:27:33.569Z] > git cat-file -s 89820089606b8e1b54dec7634add1fa1876e20c0 [2ms]
[2022-06-02T16:27:33.582Z] > git show --textconv :style.css [1ms]
[2022-06-02T16:27:36.778Z] > git status -z -uall [3ms]
[2022-06-02T16:27:36.788Z] > git symbolic-ref --short HEAD [1ms]
[2022-06-02T16:27:36.800Z] > git for-each-ref --format=%(refname)%00%(upstream:short)%00%(objectname)%00%(upstream:track)%00%(upstream:remotename)%00%(upstream:remoteref) refs/heads/master refs/remotes/master [2ms]
[2022-06-02T16:27:36.818Z] > git for-each-ref --sort -committerdate --format %(refname) %(objectname) %(*objectname) [9ms]
[2022-06-02T16:27:36.818Z] > git remote --verbose [1ms]
[2022-06-02T16:27:36.830Z] > git config --get commit.template [2ms]
[2022-06-02T16:27:41.846Z] > git status -z -uall [2ms]
[2022-06-02T16:27:41.856Z] > git symbolic-ref --short HEAD [1ms]
[2022-06-02T16:27:41.867Z] > git for-each-ref --format=%(refname)%00%(upstream:short)%00%(objectname)%00%(upstream:track)%00%(upstream:remotename)%00%(upstream:remoteref) refs/heads/master refs/remotes/master [2ms]
[2022-06-02T16:27:41.885Z] > git for-each-ref --sort -committerdate --format %(refname) %(objectname) %(*objectname) [10ms]
[2022-06-02T16:27:41.885Z] > git remote --verbose [1ms]
[2022-06-02T16:27:41.897Z] > git config --get commit.template [2ms]
[2022-06-02T16:29:14.870Z] > git status -z -uall [2ms]
[2022-06-02T16:29:14.884Z] > git symbolic-ref --short HEAD [2ms]
[2022-06-02T16:29:14.899Z] > git for-each-ref --format=%(refname)%00%(upstream:short)%00%(objectname)%00%(upstream:track)%00%(upstream:remotename)%00%(upstream:remoteref) refs/heads/master refs/remotes/master [2ms]
[2022-06-02T16:29:14.921Z] > git for-each-ref --sort -committerdate --format %(refname) %(objectname) %(*objectname) [11ms]
[2022-06-02T16:29:14.922Z] > git remote --verbose [2ms]
[2022-06-02T16:29:14.936Z] > git config --get commit.template [1ms]
[2022-06-02T16:29:29.202Z] > git show --textconv :style.css [9ms]
[2022-06-02T16:29:29.203Z] > git ls-files --stage -- /home/sirmmy/Development/code/prework/phase-0/phase-0-css-intro-lab/style.css [1ms]
[2022-06-02T16:29:29.222Z] > git cat-file -s 89820089606b8e1b54dec7634add1fa1876e20c0 [11ms]
[2022-06-02T16:29:40.685Z] > git status -z -uall [2ms]
[2022-06-02T16:29:40.696Z] > git symbolic-ref --short HEAD [2ms]
[2022-06-02T16:29:40.705Z] > git for-each-ref --format=%(refname)%00%(upstream:short)%00%(objectname)%00%(upstream:track)%00%(upstream:remotename)%00%(upstream:remoteref) refs/heads/master refs/remotes/master [1ms]
[2022-06-02T16:29:40.723Z] > git for-each-ref --sort -committerdate --format %(refname) %(objectname) %(*objectname) [10ms]
[2022-06-02T16:29:40.723Z] > git remote --verbose [2ms]
[2022-06-02T16:29:40.735Z] > git config --get commit.template [1ms]
[2022-06-02T16:29:45.650Z] > git ls-files --stage -- /home/sirmmy/Development/code/prework/phase-0/phase-0-css-intro-lab/style.css [2ms]
[2022-06-02T16:29:45.659Z] > git cat-file -s fa17af162f680fbd5c2f74f9757db6545119ec4a [1ms]
[2022-06-02T16:29:45.672Z] > git show --textconv :style.css [2ms]
[2022-06-02T16:29:45.755Z] > git status -z -uall [2ms]
[2022-06-02T16:29:45.765Z] > git symbolic-ref --short HEAD [2ms]
[2022-06-02T16:29:45.774Z] > git for-each-ref --format=%(refname)%00%(upstream:short)%00%(objectname)%00%(upstream:track)%00%(upstream:remotename)%00%(upstream:remoteref) refs/heads/master refs/remotes/master [1ms]
[2022-06-02T16:29:45.791Z] > git for-each-ref --sort -committerdate --format %(refname) %(objectname) %(*objectname) [9ms]
[2022-06-02T16:29:45.792Z] > git remote --verbose [2ms]
[2022-06-02T16:29:45.804Z] > git config --get commit.template [2ms]
[2022-06-02T16:29:55.385Z] > git status -z -uall [2ms]
[2022-06-02T16:29:55.398Z] > git symbolic-ref --short HEAD [2ms]
[2022-06-02T16:29:55.407Z] > git for-each-ref --format=%(refname)%00%(upstream:short)%00%(objectname)%00%(upstream:track)%00%(upstream:remotename)%00%(upstream:remoteref) refs/heads/master refs/remotes/master [1ms]
[2022-06-02T16:29:55.425Z] > git for-each-ref --sort -committerdate --format %(refname) %(objectname) %(*objectname) [9ms]
[2022-06-02T16:29:55.425Z] > git remote --verbose [1ms]
[2022-06-02T16:29:55.436Z] > git config --get commit.template [1ms]
[2022-06-02T17:26:49.660Z] > git status -z -uall [3ms]
[2022-06-02T17:26:49.670Z] > git symbolic-ref --short HEAD [1ms]
[2022-06-02T17:26:49.680Z] > git for-each-ref --format=%(refname)%00%(upstream:short)%00%(objectname)%00%(upstream:track)%00%(upstream:remotename)%00%(upstream:remoteref) refs/heads/master refs/remotes/master [2ms]
[2022-06-02T17:26:49.697Z] > git for-each-ref --sort -committerdate --format %(refname) %(objectname) %(*objectname) [9ms]
[2022-06-02T17:26:49.698Z] > git remote --verbose [2ms]
[2022-06-02T17:26:49.710Z] > git config --get commit.template [2ms]
[2022-06-02T17:27:04.483Z] > git show --textconv :style.css [10ms]
[2022-06-02T17:27:04.484Z] > git ls-files --stage -- /home/sirmmy/Development/code/prework/phase-0/phase-0-css-intro-lab/style.css [2ms]
[2022-06-02T17:27:04.504Z] > git cat-file -s fa17af162f680fbd5c2f74f9757db6545119ec4a [11ms]
[2022-06-02T17:28:13.718Z] > git status -z -uall [2ms]
[2022-06-02T17:28:13.729Z] > git symbolic-ref --short HEAD [2ms]
[2022-06-02T17:28:13.740Z] > git for-each-ref --format=%(refname)%00%(upstream:short)%00%(objectname)%00%(upstream:track)%00%(upstream:remotename)%00%(upstream:remoteref) refs/heads/master refs/remotes/master [2ms]
[2022-06-02T17:28:13.757Z] > git for-each-ref --sort -committerdate --format %(refname) %(objectname) %(*objectname) [9ms]
[2022-06-02T17:28:13.757Z] > git remote --verbose [1ms]
[2022-06-02T17:28:13.769Z] > git config --get commit.template [2ms]
[2022-06-02T17:28:15.491Z] > git ls-files --stage -- /home/sirmmy/Development/code/prework/phase-0/phase-0-css-intro-lab/style.css [2ms]
[2022-06-02T17:28:15.500Z] > git cat-file -s 049cb7210f753e4bb539829e489ae568145090e8 [1ms]
[2022-06-02T17:28:15.514Z] > git show --textconv :style.css [2ms]
[2022-06-02T17:28:18.780Z] > git status -z -uall [2ms]
[2022-06-02T17:28:18.789Z] > git symbolic-ref --short HEAD [1ms]
[2022-06-02T17:28:18.801Z] > git for-each-ref --format=%(refname)%00%(upstream:short)%00%(objectname)%00%(upstream:track)%00%(upstream:remotename)%00%(upstream:remoteref) refs/heads/master refs/remotes/master [1ms]
[2022-06-02T17:28:18.823Z] > git for-each-ref --sort -committerdate --format %(refname) %(objectname) %(*objectname) [12ms]
[2022-06-02T17:28:18.824Z] > git remote --verbose [2ms]
[2022-06-02T17:28:18.839Z] > git config --get commit.template [1ms]
[2022-06-02T17:28:26.966Z] > git status -z -uall [3ms]
[2022-06-02T17:28:26.977Z] > git symbolic-ref --short HEAD [2ms]
[2022-06-02T17:28:26.987Z] > git for-each-ref --format=%(refname)%00%(upstream:short)%00%(objectname)%00%(upstream:track)%00%(upstream:remotename)%00%(upstream:remoteref) refs/heads/master refs/remotes/master [2ms]
[2022-06-02T17:28:27.005Z] > git for-each-ref --sort -committerdate --format %(refname) %(objectname) %(*objectname) [10ms]
[2022-06-02T17:28:27.005Z] > git remote --verbose [1ms]
[2022-06-02T17:28:27.017Z] > git config --get commit.template [2ms]
[2022-06-02T17:30:31.844Z] > git status -z -uall [2ms]
[2022-06-02T17:30:31.858Z] > git symbolic-ref --short HEAD [2ms]
[2022-06-02T17:30:31.872Z] > git for-each-ref --format=%(refname)%00%(upstream:short)%00%(objectname)%00%(upstream:track)%00%(upstream:remotename)%00%(upstream:remoteref) refs/heads/master refs/remotes/master [2ms]
[2022-06-02T17:30:31.900Z] > git for-each-ref --sort -committerdate --format %(refname) %(objectname) %(*objectname) [16ms]
[2022-06-02T17:30:31.900Z] > git remote --verbose [3ms]
[2022-06-02T17:30:31.921Z] > git config --get commit.template [3ms]
[2022-06-02T17:30:49.753Z] > git status -z -uall [3ms]
[2022-06-02T17:30:49.767Z] > git symbolic-ref --short HEAD [1ms]
[2022-06-02T17:30:49.781Z] > git for-each-ref --format=%(refname)%00%(upstream:short)%00%(objectname)%00%(upstream:track)%00%(upstream:remotename)%00%(upstream:remoteref) refs/heads/master refs/remotes/master [2ms]
[2022-06-02T17:30:49.801Z] > git for-each-ref --sort -committerdate --format %(refname) %(objectname) %(*objectname) [12ms]
[2022-06-02T17:30:49.802Z] > git remote --verbose [2ms]
[2022-06-02T17:30:49.814Z] > git config --get commit.template [1ms]
[2022-06-02T17:30:54.831Z] > git status -z -uall [3ms]
[2022-06-02T17:30:54.843Z] > git symbolic-ref --short HEAD [1ms]
[2022-06-02T17:30:54.853Z] > git for-each-ref --format=%(refname)%00%(upstream:short)%00%(objectname)%00%(upstream:track)%00%(upstream:remotename)%00%(upstream:remoteref) refs/heads/master refs/remotes/master [2ms]
[2022-06-02T17:30:54.871Z] > git for-each-ref --sort -committerdate --format %(refname) %(objectname) %(*objectname) [9ms]
[2022-06-02T17:30:54.872Z] > git remote --verbose [2ms]
[2022-06-02T17:30:54.886Z] > git config --get commit.template [2ms]
[2022-06-02T17:30:59.898Z] > git status -z -uall [2ms]
[2022-06-02T17:30:59.908Z] > git symbolic-ref --short HEAD [1ms]
[2022-06-02T17:30:59.919Z] > git for-each-ref --format=%(refname)%00%(upstream:short)%00%(objectname)%00%(upstream:track)%00%(upstream:remotename)%00%(upstream:remoteref) refs/heads/master refs/remotes/master [2ms]
[2022-06-02T17:30:59.936Z] > git for-each-ref --sort -committerdate --format %(refname) %(objectname) %(*objectname) [9ms]
[2022-06-02T17:30:59.938Z] > git remote --verbose [2ms]
[2022-06-02T17:30:59.949Z] > git config --get commit.template [1ms]
[2022-06-02T17:31:02.363Z] > git show --textconv :style.css [27ms]
[2022-06-02T17:31:02.365Z] > git ls-files --stage -- /home/sirmmy/Development/code/prework/phase-0/phase-0-css-intro-lab/style.css [18ms]
[2022-06-02T17:31:02.379Z] > git cat-file -s 3ad870b98daf40254a0232d575cd53f1f088e9b5 [2ms]
[2022-06-02T17:31:22.714Z] > git status -z -uall [3ms]
[2022-06-02T17:31:22.726Z] > git symbolic-ref --short HEAD [2ms]
[2022-06-02T17:31:22.737Z] > git for-each-ref --format=%(refname)%00%(upstream:short)%00%(objectname)%00%(upstream:track)%00%(upstream:remotename)%00%(upstream:remoteref) refs/heads/master refs/remotes/master [2ms]
[2022-06-02T17:31:22.758Z] > git for-each-ref --sort -committerdate --format %(refname) %(objectname) %(*objectname) [11ms]
[2022-06-02T17:31:22.758Z] > git remote --verbose [2ms]
[2022-06-02T17:31:22.772Z] > git config --get commit.template [2ms]
[2022-06-02T17:31:31.983Z] > git show --textconv :style.css [11ms]
[2022-06-02T17:31:31.984Z] > git ls-files --stage -- /home/sirmmy/Development/code/prework/phase-0/phase-0-css-intro-lab/style.css [2ms]
[2022-06-02T17:31:32.005Z] > git cat-file -s 3ad870b98daf40254a0232d575cd53f1f088e9b5 [12ms]
[2022-06-02T17:31:40.678Z] > git status -z -uall [2ms]
[2022-06-02T17:31:40.688Z] > git symbolic-ref --short HEAD [2ms]
[2022-06-02T17:31:40.697Z] > git for-each-ref --format=%(refname)%00%(upstream:short)%00%(objectname)%00%(upstream:track)%00%(upstream:remotename)%00%(upstream:remoteref) refs/heads/master refs/remotes/master [1ms]
[2022-06-02T17:31:40.715Z] > git for-each-ref --sort -committerdate --format %(refname) %(objectname) %(*objectname) [9ms]
[2022-06-02T17:31:40.716Z] > git remote --verbose [2ms]
[2022-06-02T17:31:40.727Z] > git config --get commit.template [2ms]
[2022-06-02T17:31:43.209Z] > git ls-files --stage -- /home/sirmmy/Development/code/prework/phase-0/phase-0-css-intro-lab/style.css [2ms]
[2022-06-02T17:31:43.220Z] > git cat-file -s c59bc4d4b7a9eaa8b7f3b456d569721b3b942ecd [1ms]
[2022-06-02T17:31:43.236Z] > git show --textconv :style.css [2ms]
[2022-06-02T17:31:45.743Z] > git status -z -uall [2ms]
[2022-06-02T17:31:45.753Z] > git symbolic-ref --short HEAD [1ms]
[2022-06-02T17:31:45.764Z] > git for-each-ref --format=%(refname)%00%(upstream:short)%00%(objectname)%00%(upstream:track)%00%(upstream:remotename)%00%(upstream:remoteref) refs/heads/master refs/remotes/master [1ms]
[2022-06-02T17:31:45.782Z] > git for-each-ref --sort -committerdate --format %(refname) %(objectname) %(*objectname) [9ms]
[2022-06-02T17:31:45.782Z] > git remote --verbose [1ms]
[2022-06-02T17:31:45.794Z] > git config --get commit.template [1ms]
[2022-06-02T17:31:50.811Z] > git status -z -uall [2ms]
[2022-06-02T17:31:50.821Z] > git symbolic-ref --short HEAD [2ms]
[2022-06-02T17:31:50.831Z] > git for-each-ref --format=%(refname)%00%(upstream:short)%00%(objectname)%00%(upstream:track)%00%(upstream:remotename)%00%(upstream:remoteref) refs/heads/master refs/remotes/master [2ms]
[2022-06-02T17:31:50.850Z] > git for-each-ref --sort -committerdate --format %(refname) %(objectname) %(*objectname) [9ms]
[2022-06-02T17:31:50.850Z] > git remote --verbose [1ms]
[2022-06-02T17:31:50.861Z] > git config --get commit.template [1ms]
[2022-06-02T17:32:35.710Z] > git show --textconv :index.html [25ms]
[2022-06-02T17:32:35.711Z] > git ls-files --stage -- /home/sirmmy/Development/code/prework/phase-0/phase-0-css-intro-lab/index.html [17ms]
[2022-06-02T17:32:35.726Z] > git cat-file -s f06a05ee9a9bf80dd99d3a1c7dbf48bff7001b82 [2ms]
[2022-06-02T17:32:51.407Z] > git status -z -uall [2ms]
[2022-06-02T17:32:51.418Z] > git symbolic-ref --short HEAD [2ms]
[2022-06-02T17:32:51.429Z] > git for-each-ref --format=%(refname)%00%(upstream:short)%00%(objectname)%00%(upstream:track)%00%(upstream:remotename)%00%(upstream:remoteref) refs/heads/master refs/remotes/master [1ms]
[2022-06-02T17:32:51.447Z] > git for-each-ref --sort -committerdate --format %(refname) %(objectname) %(*objectname) [9ms]
[2022-06-02T17:32:51.447Z] > git remote --verbose [2ms]
[2022-06-02T17:32:51.460Z] > git config --get commit.template [2ms]
[2022-06-02T17:33:01.719Z] > git status -z -uall [3ms]
[2022-06-02T17:33:01.729Z] > git symbolic-ref --short HEAD [2ms]
[2022-06-02T17:33:01.738Z] > git for-each-ref --format=%(refname)%00%(upstream:short)%00%(objectname)%00%(upstream:track)%00%(upstream:remotename)%00%(upstream:remoteref) refs/heads/master refs/remotes/master [1ms]
[2022-06-02T17:33:01.757Z] > git for-each-ref --sort -committerdate --format %(refname) %(objectname) %(*objectname) [10ms]
[2022-06-02T17:33:01.757Z] > git remote --verbose [1ms]
[2022-06-02T17:33:01.771Z] > git config --get commit.template [2ms]
[2022-06-02T17:33:06.788Z] > git status -z -uall [2ms]
[2022-06-02T17:33:06.798Z] > git symbolic-ref --short HEAD [2ms]
[2022-06-02T17:33:06.809Z] > git for-each-ref --format=%(refname)%00%(upstream:short)%00%(objectname)%00%(upstream:track)%00%(upstream:remotename)%00%(upstream:remoteref) refs/heads/master refs/remotes/master [3ms]
[2022-06-02T17:33:06.826Z] > git for-each-ref --sort -committerdate --format %(refname) %(objectname) %(*objectname) [9ms]
[2022-06-02T17:33:06.827Z] > git remote --verbose [2ms]
[2022-06-02T17:33:06.841Z] > git config --get commit.template [1ms]
[2022-06-02T17:34:53.194Z] > git status -z -uall [5ms]
[2022-06-02T17:34:53.208Z] > git symbolic-ref --short HEAD [2ms]
[2022-06-02T17:34:53.222Z] > git for-each-ref --format=%(refname)%00%(upstream:short)%00%(objectname)%00%(upstream:track)%00%(upstream:remotename)%00%(upstream:remoteref) refs/heads/master refs/remotes/master [2ms]
[2022-06-02T17:34:53.244Z] > git for-each-ref --sort -committerdate --format %(refname) %(objectname) %(*objectname) [10ms]
[2022-06-02T17:34:53.244Z] > git remote --verbose [1ms]
[2022-06-02T17:34:53.256Z] > git config --get commit.template [1ms]
[2022-06-02T17:36:57.407Z] > git show --textconv :style.css [9ms]
[2022-06-02T17:36:57.408Z] > git ls-files --stage -- /home/sirmmy/Development/code/prework/phase-0/phase-0-css-intro-lab/style.css [2ms]
[2022-06-02T17:36:57.417Z] > git cat-file -s c59bc4d4b7a9eaa8b7f3b456d569721b3b942ecd [1ms]
[2022-06-02T17:38:26.934Z] > git show --textconv :index.html [13ms]
[2022-06-02T17:38:26.935Z] > git ls-files --stage -- /home/sirmmy/Development/code/prework/phase-0/phase-0-css-intro-lab/index.html [2ms]
[2022-06-02T17:38:26.955Z] > git cat-file -s 721ecb8fe2ff55c173dac8a0f75c29113b4a90b1 [11ms]
[2022-06-02T17:38:38.675Z] > git status -z -uall [2ms]
[2022-06-02T17:38:38.685Z] > git symbolic-ref --short HEAD [1ms]
[2022-06-02T17:38:38.697Z] > git for-each-ref --format=%(refname)%00%(upstream:short)%00%(objectname)%00%(upstream:track)%00%(upstream:remotename)%00%(upstream:remoteref) refs/heads/master refs/remotes/master [2ms]
[2022-06-02T17:38:38.723Z] > git for-each-ref --sort -committerdate --format %(refname) %(objectname) %(*objectname) [14ms]
[2022-06-02T17:38:38.724Z] > git remote --verbose [3ms]
[2022-06-02T17:38:38.739Z] > git config --get commit.template [1ms]
[2022-06-02T17:38:43.253Z] > git show --textconv :style.css [9ms]
[2022-06-02T17:38:43.254Z] > git ls-files --stage -- /home/sirmmy/Development/code/prework/phase-0/phase-0-css-intro-lab/style.css [1ms]
[2022-06-02T17:38:43.273Z] > git cat-file -s c59bc4d4b7a9eaa8b7f3b456d569721b3b942ecd [11ms]
[2022-06-02T17:38:52.329Z] > git status -z -uall [2ms]
[2022-06-02T17:38:52.338Z] > git symbolic-ref --short HEAD [1ms]
[2022-06-02T17:38:52.348Z] > git for-each-ref --format=%(refname)%00%(upstream:short)%00%(objectname)%00%(upstream:track)%00%(upstream:remotename)%00%(upstream:remoteref) refs/heads/master refs/remotes/master [1ms]
[2022-06-02T17:38:52.366Z] > git for-each-ref --sort -committerdate --format %(refname) %(objectname) %(*objectname) [10ms]
[2022-06-02T17:38:52.366Z] > git remote --verbose [1ms]
[2022-06-02T17:38:52.378Z] > git config --get commit.template [1ms]
[2022-06-02T17:38:54.318Z] > git ls-files --stage -- /home/sirmmy/Development/code/prework/phase-0/phase-0-css-intro-lab/style.css [2ms]
[2022-06-02T17:38:54.330Z] > git cat-file -s c59bc4d4b7a9eaa8b7f3b456d569721b3b942ecd [1ms]
[2022-06-02T17:38:54.344Z] > git show --textconv :style.css [2ms]
[2022-06-02T17:38:57.394Z] > git status -z -uall [2ms]
[2022-06-02T17:38:57.404Z] > git symbolic-ref --short HEAD [2ms]
[2022-06-02T17:38:57.414Z] > git for-each-ref --format=%(refname)%00%(upstream:short)%00%(objectname)%00%(upstream:track)%00%(upstream:remotename)%00%(upstream:remoteref) refs/heads/master refs/remotes/master [2ms]
[2022-06-02T17:38:57.436Z] > git for-each-ref --sort -committerdate --format %(refname) %(objectname) %(*objectname) [13ms]
[2022-06-02T17:38:57.436Z] > git remote --verbose [1ms]
[2022-06-02T17:38:57.449Z] > git config --get commit.template [2ms]
[2022-06-02T17:39:03.352Z] > git show --textconv :index.html [27ms]
[2022-06-02T17:39:03.355Z] > git ls-files --stage -- /home/sirmmy/Development/code/prework/phase-0/phase-0-css-intro-lab/index.html [17ms]
[2022-06-02T17:39:03.372Z] > git cat-file -s 53addb630cf4fb142cb1f4bb9a5aa0b23ebcd20c [3ms]
[2022-06-02T17:39:53.592Z] > git status -z -uall [3ms]
[2022-06-02T17:39:53.605Z] > git symbolic-ref --short HEAD [2ms]
[2022-06-02T17:39:53.618Z] > git for-each-ref --format=%(refname)%00%(upstream:short)%00%(objectname)%00%(upstream:track)%00%(upstream:remotename)%00%(upstream:remoteref) refs/heads/master refs/remotes/master [3ms]
[2022-06-02T17:39:53.640Z] > git for-each-ref --sort -committerdate --format %(refname) %(objectname) %(*objectname) [10ms]
[2022-06-02T17:39:53.640Z] > git remote --verbose [1ms]
[2022-06-02T17:39:53.656Z] > git config --get commit.template [2ms]
[2022-06-02T17:39:54.873Z] > git show --textconv :style.css [10ms]
[2022-06-02T17:39:54.874Z] > git ls-files --stage -- /home/sirmmy/Development/code/prework/phase-0/phase-0-css-intro-lab/style.css [2ms]
[2022-06-02T17:39:54.896Z] > git cat-file -s c59bc4d4b7a9eaa8b7f3b456d569721b3b942ecd [13ms]
[2022-06-02T17:40:06.032Z] > git status -z -uall [2ms]
[2022-06-02T17:40:06.042Z] > git symbolic-ref --short HEAD [1ms]
[2022-06-02T17:40:06.053Z] > git for-each-ref --format=%(refname)%00%(upstream:short)%00%(objectname)%00%(upstream:track)%00%(upstream:remotename)%00%(upstream:remoteref) refs/heads/master refs/remotes/master [1ms]
[2022-06-02T17:40:06.076Z] > git for-each-ref --sort -committerdate --format %(refname) %(objectname) %(*objectname) [12ms]
[2022-06-02T17:40:06.076Z] > git remote --verbose [1ms]
[2022-06-02T17:40:06.092Z] > git config --get commit.template [1ms]
[2022-06-02T17:40:07.351Z] > git ls-files --stage -- /home/sirmmy/Development/code/prework/phase-0/phase-0-css-intro-lab/style.css [1ms]
[2022-06-02T17:40:07.363Z] > git cat-file -s c59bc4d4b7a9eaa8b7f3b456d569721b3b942ecd [2ms]
[2022-06-02T17:40:07.379Z] > git show --textconv :style.css [2ms]
[2022-06-02T17:40:11.110Z] > git status -z -uall [2ms]
[2022-06-02T17:40:11.119Z] > git symbolic-ref --short HEAD [1ms]
[2022-06-02T17:40:11.129Z] > git for-each-ref --format=%(refname)%00%(upstream:short)%00%(objectname)%00%(upstream:track)%00%(upstream:remotename)%00%(upstream:remoteref) refs/heads/master refs/remotes/master [2ms]
[2022-06-02T17:40:11.146Z] > git for-each-ref --sort -committerdate --format %(refname) %(objectname) %(*objectname) [9ms]
[2022-06-02T17:40:11.147Z] > git remote --verbose [2ms]
[2022-06-02T17:40:11.161Z] > git config --get commit.template [2ms]
[2022-06-02T17:44:46.873Z] > git check-ignore -v -z --stdin [2ms]
[2022-06-02T17:44:47.458Z] > git show --textconv :test/index.test.js [89ms]
[2022-06-02T17:44:47.458Z] > git ls-files --stage -- /home/sirmmy/Development/code/prework/phase-0/phase-0-css-intro-lab/test/index.test.js [5ms]
[2022-06-02T17:44:47.529Z] > git cat-file -s 1ca969b3b45f4939721afe6e95e8882d55899c55 [3ms]
[2022-06-02T17:44:47.860Z] > git check-ignore -v -z --stdin [12ms]
[2022-06-02T17:44:57.676Z] > git show --textconv :style.css [11ms]
[2022-06-02T17:44:57.677Z] > git ls-files --stage -- /home/sirmmy/Development/code/prework/phase-0/phase-0-css-intro-lab/style.css [2ms]
[2022-06-02T17:44:57.688Z] > git cat-file -s c59bc4d4b7a9eaa8b7f3b456d569721b3b942ecd [2ms]
[2022-06-02T17:45:14.761Z] > git show --textconv :test/index.test.js [15ms]
[2022-06-02T17:45:14.763Z] > git ls-files --stage -- /home/sirmmy/Development/code/prework/phase-0/phase-0-css-intro-lab/test/index.test.js [5ms]
[2022-06-02T17:45:14.774Z] > git cat-file -s 1ca969b3b45f4939721afe6e95e8882d55899c55 [2ms]
[2022-06-02T17:45:21.535Z] > git show --textconv :style.css [13ms]
[2022-06-02T17:45:21.536Z] > git ls-files --stage -- /home/sirmmy/Development/code/prework/phase-0/phase-0-css-intro-lab/style.css [3ms]
[2022-06-02T17:45:21.546Z] > git cat-file -s c59bc4d4b7a9eaa8b7f3b456d569721b3b942ecd [2ms]
[2022-06-02T17:45:25.017Z] > git show --textconv :test/index.test.js [15ms]
[2022-06-02T17:45:25.018Z] > git ls-files --stage -- /home/sirmmy/Development/code/prework/phase-0/phase-0-css-intro-lab/test/index.test.js [6ms]
[2022-06-02T17:45:25.029Z] > git cat-file -s 1ca969b3b45f4939721afe6e95e8882d55899c55 [1ms]
[2022-06-02T17:45:52.008Z] > git show --textconv :style.css [13ms]
[2022-06-02T17:45:52.009Z] > git ls-files --stage -- /home/sirmmy/Development/code/prework/phase-0/phase-0-css-intro-lab/style.css [2ms]
[2022-06-02T17:45:52.021Z] > git cat-file -s c59bc4d4b7a9eaa8b7f3b456d569721b3b942ecd [1ms]
[2022-06-02T17:46:20.204Z] > git status -z -uall [3ms]
[2022-06-02T17:46:20.215Z] > git symbolic-ref --short HEAD [2ms]
[2022-06-02T17:46:20.227Z] > git for-each-ref --format=%(refname)%00%(upstream:short)%00%(objectname)%00%(upstream:track)%00%(upstream:remotename)%00%(upstream:remoteref) refs/heads/master refs/remotes/master [2ms]
[2022-06-02T17:46:20.251Z] > git for-each-ref --sort -committerdate --format %(refname) %(objectname) %(*objectname) [13ms]
[2022-06-02T17:46:20.252Z] > git remote --verbose [4ms]
[2022-06-02T17:46:20.268Z] > git config --get commit.template [2ms]
[2022-06-02T17:46:30.686Z] > git show --textconv :style.css [11ms]
[2022-06-02T17:46:30.687Z] > git ls-files --stage -- /home/sirmmy/Development/code/prework/phase-0/phase-0-css-intro-lab/style.css [1ms]
[2022-06-02T17:46:30.710Z] > git cat-file -s c59bc4d4b7a9eaa8b7f3b456d569721b3b942ecd [12ms]
[2022-06-02T17:47:17.219Z] > git status -z -uall [1ms]
[2022-06-02T17:47:17.229Z] > git symbolic-ref --short HEAD [2ms]
[2022-06-02T17:47:17.239Z] > git for-each-ref --format=%(refname)%00%(upstream:short)%00%(objectname)%00%(upstream:track)%00%(upstream:remotename)%00%(upstream:remoteref) refs/heads/master refs/remotes/master [1ms]
[2022-06-02T17:47:17.258Z] > git for-each-ref --sort -committerdate --format %(refname) %(objectname) %(*objectname) [10ms]
[2022-06-02T17:47:17.259Z] > git remote --verbose [2ms]
[2022-06-02T17:47:17.270Z] > git config --get commit.template [1ms]
[2022-06-02T17:47:26.267Z] > git show --textconv :style.css [9ms]
[2022-06-02T17:47:26.268Z] > git ls-files --stage -- /home/sirmmy/Development/code/prework/phase-0/phase-0-css-intro-lab/style.css [1ms]
[2022-06-02T17:47:26.277Z] > git cat-file -s c59bc4d4b7a9eaa8b7f3b456d569721b3b942ecd [1ms]
[2022-06-02T17:48:17.364Z] > git status -z -uall [2ms]
[2022-06-02T17:48:17.374Z] > git symbolic-ref --short HEAD [1ms]
[2022-06-02T17:48:17.384Z] > git for-each-ref --format=%(refname)%00%(upstream:short)%00%(objectname)%00%(upstream:track)%00%(upstream:remotename)%00%(upstream:remoteref) refs/heads/master refs/remotes/master [2ms]
[2022-06-02T17:48:17.403Z] > git for-each-ref --sort -committerdate --format %(refname) %(objectname) %(*objectname) [10ms]
[2022-06-02T17:48:17.404Z] > git remote --verbose [2ms]
[2022-06-02T17:48:17.417Z] > git config --get commit.template [1ms]
[2022-06-02T17:48:22.915Z] > git show --textconv :style.css [23ms]
[2022-06-02T17:48:22.917Z] > git ls-files --stage -- /home/sirmmy/Development/code/prework/phase-0/phase-0-css-intro-lab/style.css [15ms]
[2022-06-02T17:48:22.931Z] > git cat-file -s c59bc4d4b7a9eaa8b7f3b456d569721b3b942ecd [2ms]
[2022-06-02T17:48:30.541Z] > git status -z -uall [2ms]
[2022-06-02T17:48:30.552Z] > git symbolic-ref --short HEAD [1ms]
[2022-06-02T17:48:30.562Z] > git for-each-ref --format=%(refname)%00%(upstream:short)%00%(objectname)%00%(upstream:track)%00%(upstream:remotename)%00%(upstream:remoteref) refs/heads/master refs/remotes/master [1ms]
[2022-06-02T17:48:30.580Z] > git for-each-ref --sort -committerdate --format %(refname) %(objectname) %(*objectname) [10ms]
[2022-06-02T17:48:30.580Z] > git remote --verbose [1ms]
[2022-06-02T17:48:30.591Z] > git config --get commit.template [1ms]
[2022-06-02T17:48:35.641Z] > git status -z -uall [2ms]
[2022-06-02T17:48:35.651Z] > git symbolic-ref --short HEAD [1ms]
[2022-06-02T17:48:35.663Z] > git for-each-ref --format=%(refname)%00%(upstream:short)%00%(objectname)%00%(upstream:track)%00%(upstream:remotename)%00%(upstream:remoteref) refs/heads/master refs/remotes/master [2ms]
[2022-06-02T17:48:35.682Z] > git for-each-ref --sort -committerdate --format %(refname) %(objectname) %(*objectname) [10ms]
[2022-06-02T17:48:35.682Z] > git remote --verbose [1ms]
[2022-06-02T17:48:35.694Z] > git config --get commit.template [1ms]
[2022-06-02T17:48:35.743Z] > git ls-files --stage -- /home/sirmmy/Development/code/prework/phase-0/phase-0-css-intro-lab/style.css [2ms]
[2022-06-02T17:48:35.753Z] > git cat-file -s dee02724838b6b561798a14910f76f2ca7cbff11 [2ms]
[2022-06-02T17:48:35.769Z] > git show --textconv :style.css [1ms]
[2022-06-02T17:48:47.645Z] > git status -z -uall [2ms]
[2022-06-02T17:48:47.658Z] > git symbolic-ref --short HEAD [2ms]
[2022-06-02T17:48:47.669Z] > git for-each-ref --format=%(refname)%00%(upstream:short)%00%(objectname)%00%(upstream:track)%00%(upstream:remotename)%00%(upstream:remoteref) refs/heads/master refs/remotes/master [1ms]
[2022-06-02T17:48:47.687Z] > git for-each-ref --sort -committerdate --format %(refname) %(objectname) %(*objectname) [9ms]
[2022-06-02T17:48:47.687Z] > git remote --verbose [1ms]
[2022-06-02T17:48:47.700Z] > git config --get commit.template [1ms]
[2022-06-02T17:49:12.298Z] > git status -z -uall [4ms]
[2022-06-02T17:49:12.311Z] > git symbolic-ref --short HEAD [2ms]
[2022-06-02T17:49:12.323Z] > git for-each-ref --format=%(refname)%00%(upstream:short)%00%(objectname)%00%(upstream:track)%00%(upstream:remotename)%00%(upstream:remoteref) refs/heads/master refs/remotes/master [2ms]
[2022-06-02T17:49:12.342Z] > git for-each-ref --sort -committerdate --format %(refname) %(objectname) %(*objectname) [10ms]
[2022-06-02T17:49:12.343Z] > git remote --verbose [2ms]
[2022-06-02T17:49:12.355Z] > git config --get commit.template [1ms]
[2022-06-02T17:49:16.351Z] > git show --textconv :style.css [10ms]
[2022-06-02T17:49:16.352Z] > git ls-files --stage -- /home/sirmmy/Development/code/prework/phase-0/phase-0-css-intro-lab/style.css [2ms]
[2022-06-02T17:49:16.373Z] > git cat-file -s dee02724838b6b561798a14910f76f2ca7cbff11 [12ms]
[2022-06-02T17:49:52.182Z] > git status -z -uall [2ms]
[2022-06-02T17:49:52.195Z] > git symbolic-ref --short HEAD [1ms]
[2022-06-02T17:49:52.208Z] > git for-each-ref --format=%(refname)%00%(upstream:short)%00%(objectname)%00%(upstream:track)%00%(upstream:remotename)%00%(upstream:remoteref) refs/heads/master refs/remotes/master [3ms]
[2022-06-02T17:49:52.229Z] > git for-each-ref --sort -committerdate --format %(refname) %(objectname) %(*objectname) [12ms]
[2022-06-02T17:49:52.230Z] > git remote --verbose [2ms]
[2022-06-02T17:49:52.244Z] > git config --get commit.template [2ms]
[2022-06-02T17:49:54.122Z] > git ls-files --stage -- /home/sirmmy/Development/code/prework/phase-0/phase-0-css-intro-lab/style.css [1ms]
[2022-06-02T17:49:54.132Z] > git cat-file -s f5ac54ceee27a63674f7aafbac90cb90c1c38abf [2ms]
[2022-06-02T17:49:54.150Z] > git show --textconv :style.css [3ms]
[2022-06-02T17:49:57.258Z] > git status -z -uall [2ms]
[2022-06-02T17:49:57.267Z] > git symbolic-ref --short HEAD [1ms]
[2022-06-02T17:49:57.278Z] > git for-each-ref --format=%(refname)%00%(upstream:short)%00%(objectname)%00%(upstream:track)%00%(upstream:remotename)%00%(upstream:remoteref) refs/heads/master refs/remotes/master [1ms]
[2022-06-02T17:49:57.297Z] > git for-each-ref --sort -committerdate --format %(refname) %(objectname) %(*objectname) [10ms]
[2022-06-02T17:49:57.297Z] > git remote --verbose [1ms]
[2022-06-02T17:49:57.310Z] > git config --get commit.template [1ms]
[2022-06-02T17:50:06.870Z] > git status -z -uall [2ms]
[2022-06-02T17:50:06.881Z] > git symbolic-ref --short HEAD [2ms]
[2022-06-02T17:50:06.891Z] > git for-each-ref --format=%(refname)%00%(upstream:short)%00%(objectname)%00%(upstream:track)%00%(upstream:remotename)%00%(upstream:remoteref) refs/heads/master refs/remotes/master [1ms]
[2022-06-02T17:50:06.909Z] > git for-each-ref --sort -committerdate --format %(refname) %(objectname) %(*objectname) [10ms]
[2022-06-02T17:50:06.910Z] > git remote --verbose [2ms]
[2022-06-02T17:50:06.922Z] > git config --get commit.template [1ms]
[2022-06-02T17:51:11.842Z] > git status -z -uall [4ms]
[2022-06-02T17:51:11.857Z] > git symbolic-ref --short HEAD [3ms]
[2022-06-02T17:51:11.871Z] > git for-each-ref --format=%(refname)%00%(upstream:short)%00%(objectname)%00%(upstream:track)%00%(upstream:remotename)%00%(upstream:remoteref) refs/heads/master refs/remotes/master [2ms]
[2022-06-02T17:51:11.904Z] > git for-each-ref --sort -committerdate --format %(refname) %(objectname) %(*objectname) [17ms]
[2022-06-02T17:51:11.904Z] > git remote --verbose [2ms]
[2022-06-02T17:51:11.926Z] > git config --get commit.template [2ms]
[2022-06-02T17:51:19.761Z] > git show --textconv :style.css [10ms]
[2022-06-02T17:51:19.761Z] > git ls-files --stage -- /home/sirmmy/Development/code/prework/phase-0/phase-0-css-intro-lab/style.css [1ms]
[2022-06-02T17:51:19.781Z] > git cat-file -s f5ac54ceee27a63674f7aafbac90cb90c1c38abf [11ms]
[2022-06-02T17:51:31.845Z] > git status -z -uall [2ms]
[2022-06-02T17:51:31.859Z] > git symbolic-ref --short HEAD [2ms]
[2022-06-02T17:51:31.870Z] > git for-each-ref --format=%(refname)%00%(upstream:short)%00%(objectname)%00%(upstream:track)%00%(upstream:remotename)%00%(upstream:remoteref) refs/heads/master refs/remotes/master [2ms]
[2022-06-02T17:51:31.894Z] > git for-each-ref --sort -committerdate --format %(refname) %(objectname) %(*objectname) [12ms]
[2022-06-02T17:51:31.894Z] > git remote --verbose [1ms]
[2022-06-02T17:51:31.909Z] > git config --get commit.template [1ms]
[2022-06-02T17:51:33.066Z] > git ls-files --stage -- /home/sirmmy/Development/code/prework/phase-0/phase-0-css-intro-lab/style.css [2ms]
[2022-06-02T17:51:33.075Z] > git cat-file -s c59bc4d4b7a9eaa8b7f3b456d569721b3b942ecd [2ms]
[2022-06-02T17:51:33.092Z] > git show --textconv :style.css [2ms]
[2022-06-02T17:51:36.929Z] > git status -z -uall [2ms]
[2022-06-02T17:51:36.939Z] > git symbolic-ref --short HEAD [1ms]
[2022-06-02T17:51:36.949Z] > git for-each-ref --format=%(refname)%00%(upstream:short)%00%(objectname)%00%(upstream:track)%00%(upstream:remotename)%00%(upstream:remoteref) refs/heads/master refs/remotes/master [2ms]
[2022-06-02T17:51:36.968Z] > git for-each-ref --sort -committerdate --format %(refname) %(objectname) %(*objectname) [11ms]
[2022-06-02T17:51:36.968Z] > git remote --verbose [2ms]
[2022-06-02T17:51:36.981Z] > git config --get commit.template [2ms]
[2022-06-02T17:52:30.644Z] > git show --textconv :test/index.test.js [40ms]
[2022-06-02T17:52:30.649Z] > git ls-files --stage -- /home/sirmmy/Development/code/prework/phase-0/phase-0-css-intro-lab/test/index.test.js [29ms]
[2022-06-02T17:52:30.680Z] > git cat-file -s 1ca969b3b45f4939721afe6e95e8882d55899c55 [12ms]
[2022-06-02T18:21:10.726Z] > git show --textconv :style.css [10ms]
[2022-06-02T18:21:10.727Z] > git ls-files --stage -- /home/sirmmy/Development/code/prework/phase-0/phase-0-css-intro-lab/style.css [1ms]
[2022-06-02T18:21:10.741Z] > git cat-file -s c59bc4d4b7a9eaa8b7f3b456d569721b3b942ecd [2ms]
[2022-06-02T18:23:43.060Z] > git show --textconv :test/index.test.js [23ms]
[2022-06-02T18:23:43.060Z] > git ls-files --stage -- /home/sirmmy/Development/code/prework/phase-0/phase-0-css-intro-lab/test/index.test.js [4ms]
[2022-06-02T18:23:43.073Z] > git cat-file -s 1ca969b3b45f4939721afe6e95e8882d55899c55 [2ms]
[2022-06-02T18:23:43.692Z] > git status -z -uall [2ms]
[2022-06-02T18:23:43.705Z] > git symbolic-ref --short HEAD [2ms]
[2022-06-02T18:23:43.717Z] > git for-each-ref --format=%(refname)%00%(upstream:short)%00%(objectname)%00%(upstream:track)%00%(upstream:remotename)%00%(upstream:remoteref) refs/heads/master refs/remotes/master [2ms]
[2022-06-02T18:23:43.739Z] > git for-each-ref --sort -committerdate --format %(refname) %(objectname) %(*objectname) [13ms]
[2022-06-02T18:23:43.739Z] > git remote --verbose [2ms]
[2022-06-02T18:23:43.752Z] > git config --get commit.template [1ms]
[2022-06-02T18:23:54.617Z] > git status -z -uall [3ms]
[2022-06-02T18:23:54.629Z] > git symbolic-ref --short HEAD [2ms]
[2022-06-02T18:23:54.640Z] > git for-each-ref --format=%(refname)%00%(upstream:short)%00%(objectname)%00%(upstream:track)%00%(upstream:remotename)%00%(upstream:remoteref) refs/heads/master refs/remotes/master [2ms]
[2022-06-02T18:23:54.660Z] > git for-each-ref --sort -committerdate --format %(refname) %(objectname) %(*objectname) [11ms]
[2022-06-02T18:23:54.660Z] > git remote --verbose [1ms]
[2022-06-02T18:23:54.672Z] > git config --get commit.template [2ms]
[2022-06-02T18:23:56.124Z] > git ls-files --stage -- /home/sirmmy/Development/code/prework/phase-0/phase-0-css-intro-lab/test/index.test.js [1ms]
[2022-06-02T18:23:56.135Z] > git cat-file -s 1ca969b3b45f4939721afe6e95e8882d55899c55 [1ms]
[2022-06-02T18:23:56.148Z] > git show --textconv :test/index.test.js [1ms]
[2022-06-02T18:23:59.689Z] > git status -z -uall [3ms]
[2022-06-02T18:23:59.699Z] > git symbolic-ref --short HEAD [2ms]
[2022-06-02T18:23:59.709Z] > git for-each-ref --format=%(refname)%00%(upstream:short)%00%(objectname)%00%(upstream:track)%00%(upstream:remotename)%00%(upstream:remoteref) refs/heads/master refs/remotes/master [2ms]
[2022-06-02T18:23:59.726Z] > git for-each-ref --sort -committerdate --format %(refname) %(objectname) %(*objectname) [9ms]
[2022-06-02T18:23:59.727Z] > git remote --verbose [2ms]
[2022-06-02T18:23:59.740Z] > git config --get commit.template [3ms]
[2022-06-02T18:27:55.658Z] > git show --textconv :style.css [9ms]
[2022-06-02T18:27:55.659Z] > git ls-files --stage -- /home/sirmmy/Development/code/prework/phase-0/phase-0-css-intro-lab/style.css [2ms]
[2022-06-02T18:27:55.680Z] > git cat-file -s 0fd7fac7b66a9386fa96ce28058a56434d679de8 [13ms]
[2022-06-02T18:34:08.043Z] > git show --textconv :style.css [10ms]
[2022-06-02T18:34:08.043Z] > git ls-files --stage -- /home/sirmmy/Development/code/prework/phase-0/phase-0-css-intro-lab/style.css [1ms]
[2022-06-02T18:34:08.054Z] > git cat-file -s 0fd7fac7b66a9386fa96ce28058a56434d679de8 [1ms]
[2022-06-02T18:34:10.719Z] > git show --textconv :test/index.test.js [13ms]
[2022-06-02T18:34:10.721Z] > git ls-files --stage -- /home/sirmmy/Development/code/prework/phase-0/phase-0-css-intro-lab/test/index.test.js [5ms]
[2022-06-02T18:34:10.735Z] > git cat-file -s 1ca969b3b45f4939721afe6e95e8882d55899c55 [4ms]
[2022-06-02T18:34:13.240Z] > git show --textconv :style.css [11ms]
[2022-06-02T18:34:13.240Z] > git ls-files --stage -- /home/sirmmy/Development/code/prework/phase-0/phase-0-css-intro-lab/style.css [2ms]
[2022-06-02T18:34:13.259Z] > git cat-file -s 0fd7fac7b66a9386fa96ce28058a56434d679de8 [11ms]
[2022-06-02T18:34:34.700Z] > git show --textconv :style.css [25ms]
[2022-06-02T18:34:34.702Z] > git ls-files --stage -- /home/sirmmy/Development/code/prework/phase-0/phase-0-css-intro-lab/style.css [14ms]
[2022-06-02T18:34:34.714Z] > git cat-file -s 0fd7fac7b66a9386fa96ce28058a56434d679de8 [2ms]
[2022-06-02T18:34:48.986Z] > git status -z -uall [2ms]
[2022-06-02T18:34:49.002Z] > git symbolic-ref --short HEAD [2ms]
[2022-06-02T18:34:49.016Z] > git for-each-ref --format=%(refname)%00%(upstream:short)%00%(objectname)%00%(upstream:track)%00%(upstream:remotename)%00%(upstream:remoteref) refs/heads/master refs/remotes/master [1ms]
[2022-06-02T18:34:49.039Z] > git for-each-ref --sort -committerdate --format %(refname) %(objectname) %(*objectname) [11ms]
[2022-06-02T18:34:49.040Z] > git remote --verbose [3ms]
[2022-06-02T18:34:49.058Z] > git config --get commit.template [2ms]
[2022-06-02T18:34:50.291Z] > git ls-files --stage -- /home/sirmmy/Development/code/prework/phase-0/phase-0-css-intro-lab/style.css [1ms]
[2022-06-02T18:34:50.301Z] > git cat-file -s 0fd7fac7b66a9386fa96ce28058a56434d679de8 [1ms]
[2022-06-02T18:34:50.315Z] > git show --textconv :style.css [2ms]
[2022-06-02T18:34:54.075Z] > git status -z -uall [2ms]
[2022-06-02T18:34:54.085Z] > git symbolic-ref --short HEAD [1ms]
[2022-06-02T18:34:54.095Z] > git for-each-ref --format=%(refname)%00%(upstream:short)%00%(objectname)%00%(upstream:track)%00%(upstream:remotename)%00%(upstream:remoteref) refs/heads/master refs/remotes/master [2ms]
[2022-06-02T18:34:54.113Z] > git for-each-ref --sort -committerdate --format %(refname) %(objectname) %(*objectname) [10ms]
[2022-06-02T18:34:54.113Z] > git remote --verbose [1ms]
[2022-06-02T18:34:54.124Z] > git config --get commit.template [1ms]
[2022-06-02T19:13:19.973Z] > git status -z -uall [2ms]
[2022-06-02T19:13:19.985Z] > git symbolic-ref --short HEAD [1ms]
[2022-06-02T19:13:19.995Z] > git for-each-ref --format=%(refname)%00%(upstream:short)%00%(objectname)%00%(upstream:track)%00%(upstream:remotename)%00%(upstream:remoteref) refs/heads/master refs/remotes/master [1ms]
[2022-06-02T19:13:20.014Z] > git for-each-ref --sort -committerdate --format %(refname) %(objectname) %(*objectname) [10ms]
[2022-06-02T19:13:20.015Z] > git remote --verbose [2ms]
[2022-06-02T19:13:20.046Z] > git config --get commit.template [11ms]
[2022-06-02T19:13:28.313Z] > git show --textconv :README.md [22ms]
[2022-06-02T19:13:28.313Z] > git ls-files --stage -- /home/sirmmy/Development/code/prework/phase-0/phase-0-css-intro-lab/README.md [10ms]
[2022-06-02T19:13:28.327Z] > git cat-file -s 40674926ae5f1aa3d9f8f16858205beaeebcfabf [2ms]
[2022-06-02T19:13:28.542Z] > git show --textconv :style.css [11ms]
[2022-06-02T19:13:28.543Z] > git ls-files --stage -- /home/sirmmy/Development/code/prework/phase-0/phase-0-css-intro-lab/style.css [2ms]
[2022-06-02T19:13:28.567Z] > git cat-file -s 0fd7fac7b66a9386fa96ce28058a56434d679de8 [14ms]
[2022-06-02T19:13:33.160Z] > git show --textconv :style.css [11ms]
[2022-06-02T19:13:33.162Z] > git ls-files --stage -- /home/sirmmy/Development/code/prework/phase-0/phase-0-css-intro-lab/style.css [3ms]
[2022-06-02T19:13:33.187Z] > git cat-file -s 0fd7fac7b66a9386fa96ce28058a56434d679de8 [14ms]
[2022-06-02T19:13:56.231Z] > git status -z -uall [3ms]
[2022-06-02T19:13:56.241Z] > git symbolic-ref --short HEAD [1ms]
[2022-06-02T19:13:56.253Z] > git for-each-ref --format=%(refname)%00%(upstream:short)%00%(objectname)%00%(upstream:track)%00%(upstream:remotename)%00%(upstream:remoteref) refs/heads/master refs/remotes/master [2ms]
[2022-06-02T19:13:56.274Z] > git for-each-ref --sort -committerdate --format %(refname) %(objectname) %(*objectname) [11ms]
[2022-06-02T19:13:56.275Z] > git remote --verbose [2ms]
[2022-06-02T19:13:56.287Z] > git config --get commit.template [1ms]
[2022-06-02T19:13:57.679Z] > git ls-files --stage -- /home/sirmmy/Development/code/prework/phase-0/phase-0-css-intro-lab/style.css [1ms]
[2022-06-02T19:13:57.690Z] > git cat-file -s 66706d97eec0a17cbdcf07b646700e0b83df43f5 [1ms]
[2022-06-02T19:13:57.707Z] > git show --textconv :style.css [2ms]
[2022-06-02T19:14:01.306Z] > git status -z -uall [2ms]
[2022-06-02T19:14:01.318Z] > git symbolic-ref --short HEAD [2ms]
[2022-06-02T19:14:01.329Z] > git for-each-ref --format=%(refname)%00%(upstream:short)%00%(objectname)%00%(upstream:track)%00%(upstream:remotename)%00%(upstream:remoteref) refs/heads/master refs/remotes/master [2ms]
[2022-06-02T19:14:01.350Z] > git for-each-ref --sort -committerdate --format %(refname) %(objectname) %(*objectname) [10ms]
[2022-06-02T19:14:01.351Z] > git remote --verbose [2ms]
[2022-06-02T19:14:01.365Z] > git config --get commit.template [2ms]
[2022-06-02T19:14:10.991Z] > git status -z -uall [2ms]
[2022-06-02T19:14:11.001Z] > git symbolic-ref --short HEAD [1ms]
[2022-06-02T19:14:11.012Z] > git for-each-ref --format=%(refname)%00%(upstream:short)%00%(objectname)%00%(upstream:track)%00%(upstream:remotename)%00%(upstream:remoteref) refs/heads/master refs/remotes/master [2ms]
[2022-06-02T19:14:11.031Z] > git for-each-ref --sort -committerdate --format %(refname) %(objectname) %(*objectname) [9ms]
[2022-06-02T19:14:11.032Z] > git remote --verbose [2ms]
[2022-06-02T19:14:11.043Z] > git config --get commit.template [1ms]
[2022-06-02T19:15:46.692Z] > git status -z -uall [2ms]
[2022-06-02T19:15:46.703Z] > git symbolic-ref --short HEAD [1ms]
[2022-06-02T19:15:46.714Z] > git for-each-ref --format=%(refname)%00%(upstream:short)%00%(objectname)%00%(upstream:track)%00%(upstream:remotename)%00%(upstream:remoteref) refs/heads/master refs/remotes/master [1ms]
[2022-06-02T19:15:46.734Z] > git for-each-ref --sort -committerdate --format %(refname) %(objectname) %(*objectname) [11ms]
[2022-06-02T19:15:46.734Z] > git remote --verbose [1ms]
[2022-06-02T19:15:46.750Z] > git config --get commit.template [2ms]
[2022-06-02T19:15:51.767Z] > git status -z -uall [3ms]
[2022-06-02T19:15:51.778Z] > git symbolic-ref --short HEAD [2ms]
[2022-06-02T19:15:51.789Z] > git for-each-ref --format=%(refname)%00%(upstream:short)%00%(objectname)%00%(upstream:track)%00%(upstream:remotename)%00%(upstream:remoteref) refs/heads/master refs/remotes/master [2ms]
[2022-06-02T19:15:51.811Z] > git for-each-ref --sort -committerdate --format %(refname) %(objectname) %(*objectname) [11ms]
[2022-06-02T19:15:51.812Z] > git remote --verbose [3ms]
[2022-06-02T19:15:51.827Z] > git config --get commit.template [1ms]
[2022-06-02T19:15:56.846Z] > git status -z -uall [2ms]
[2022-06-02T19:15:56.859Z] > git symbolic-ref --short HEAD [1ms]
[2022-06-02T19:15:56.870Z] > git for-each-ref --format=%(refname)%00%(upstream:short)%00%(objectname)%00%(upstream:track)%00%(upstream:remotename)%00%(upstream:remoteref) refs/heads/master refs/remotes/master [1ms]
[2022-06-02T19:15:56.891Z] > git for-each-ref --sort -committerdate --format %(refname) %(objectname) %(*objectname) [11ms]
[2022-06-02T19:15:56.891Z] > git remote --verbose [1ms]
[2022-06-02T19:15:56.903Z] > git config --get commit.template [1ms]
[2022-06-02T19:16:01.921Z] > git status -z -uall [2ms]
[2022-06-02T19:16:01.934Z] > git symbolic-ref --short HEAD [1ms]
[2022-06-02T19:16:01.948Z] > git for-each-ref --format=%(refname)%00%(upstream:short)%00%(objectname)%00%(upstream:track)%00%(upstream:remotename)%00%(upstream:remoteref) refs/heads/master refs/remotes/master [2ms]
[2022-06-02T19:16:01.972Z] > git for-each-ref --sort -committerdate --format %(refname) %(objectname) %(*objectname) [13ms]
[2022-06-02T19:16:01.973Z] > git remote --verbose [3ms]
[2022-06-02T19:16:01.986Z] > git config --get commit.template [1ms]
[2022-06-02T19:16:07.005Z] > git status -z -uall [2ms]
[2022-06-02T19:16:07.016Z] > git symbolic-ref --short HEAD [1ms]
[2022-06-02T19:16:07.027Z] > git for-each-ref --format=%(refname)%00%(upstream:short)%00%(objectname)%00%(upstream:track)%00%(upstream:remotename)%00%(upstream:remoteref) refs/heads/master refs/remotes/master [2ms]
[2022-06-02T19:16:07.046Z] > git for-each-ref --sort -committerdate --format %(refname) %(objectname) %(*objectname) [10ms]
[2022-06-02T19:16:07.047Z] > git remote --verbose [1ms]
[2022-06-02T19:16:07.058Z] > git config --get commit.template [1ms]
[2022-06-02T19:16:30.075Z] > git status -z -uall [2ms]
[2022-06-02T19:16:30.087Z] > git symbolic-ref --short HEAD [2ms]
[2022-06-02T19:16:30.109Z] > git for-each-ref --format=%(refname)%00%(upstream:short)%00%(objectname)%00%(upstream:track)%00%(upstream:remotename)%00%(upstream:remoteref) refs/heads/master refs/remotes/master [12ms]
[2022-06-02T19:16:30.132Z] > git for-each-ref --sort -committerdate --format %(refname) %(objectname) %(*objectname) [13ms]
[2022-06-02T19:16:30.132Z] > git remote --verbose [2ms]
[2022-06-02T19:16:30.159Z] > git config --get commit.template [12ms]
[2022-06-02T19:16:35.177Z] > git status -z -uall [2ms]
[2022-06-02T19:16:35.188Z] > git symbolic-ref --short HEAD [2ms]
[2022-06-02T19:16:35.198Z] > git for-each-ref --format=%(refname)%00%(upstream:short)%00%(objectname)%00%(upstream:track)%00%(upstream:remotename)%00%(upstream:remoteref) refs/heads/master refs/remotes/master [1ms]
[2022-06-02T19:16:35.221Z] > git for-each-ref --sort -committerdate --format %(refname) %(objectname) %(*objectname) [13ms]
[2022-06-02T19:16:35.222Z] > git remote --verbose [2ms]
[2022-06-02T19:16:35.234Z] > git config --get commit.template [1ms]
[2022-06-02T19:16:40.250Z] > git status -z -uall [2ms]
[2022-06-02T19:16:40.261Z] > git symbolic-ref --short HEAD [1ms]
[2022-06-02T19:16:40.272Z] > git for-each-ref --format=%(refname)%00%(upstream:short)%00%(objectname)%00%(upstream:track)%00%(upstream:remotename)%00%(upstream:remoteref) refs/heads/master refs/remotes/master [2ms]
[2022-06-02T19:16:40.305Z] > git remote --verbose [13ms]
[2022-06-02T19:16:40.305Z] > git for-each-ref --sort -committerdate --format %(refname) %(objectname) %(*objectname) [24ms]
[2022-06-02T19:16:40.322Z] > git config --get commit.template [4ms]
[2022-06-02T19:16:45.341Z] > git status -z -uall [2ms]
[2022-06-02T19:16:45.354Z] > git symbolic-ref --short HEAD [1ms]
[2022-06-02T19:16:45.368Z] > git for-each-ref --format=%(refname)%00%(upstream:short)%00%(objectname)%00%(upstream:track)%00%(upstream:remotename)%00%(upstream:remoteref) refs/heads/master refs/remotes/master [2ms]
[2022-06-02T19:16:45.390Z] > git for-each-ref --sort -committerdate --format %(refname) %(objectname) %(*objectname) [12ms]
[2022-06-02T19:16:45.390Z] > git remote --verbose [1ms]
[2022-06-02T19:16:45.405Z] > git config --get commit.template [1ms]
[2022-06-02T19:16:51.029Z] > git status -z -uall [2ms]
[2022-06-02T19:16:51.040Z] > git symbolic-ref --short HEAD [1ms]
[2022-06-02T19:16:51.051Z] > git for-each-ref --format=%(refname)%00%(upstream:short)%00%(objectname)%00%(upstream:track)%00%(upstream:remotename)%00%(upstream:remoteref) refs/heads/master refs/remotes/master [2ms]
[2022-06-02T19:16:51.074Z] > git for-each-ref --sort -committerdate --format %(refname) %(objectname) %(*objectname) [13ms]
[2022-06-02T19:16:51.074Z] > git remote --verbose [1ms]
[2022-06-02T19:16:51.086Z] > git config --get commit.template [1ms]
[2022-06-02T19:16:57.149Z] > git status -z -uall [2ms]
[2022-06-02T19:16:57.161Z] > git symbolic-ref --short HEAD [2ms]
[2022-06-02T19:16:57.173Z] > git for-each-ref --format=%(refname)%00%(upstream:short)%00%(objectname)%00%(upstream:track)%00%(upstream:remotename)%00%(upstream:remoteref) refs/heads/master refs/remotes/master [2ms]
[2022-06-02T19:16:57.213Z] > git remote --verbose [16ms]
[2022-06-02T19:16:57.214Z] > git for-each-ref --sort -committerdate --format %(refname) %(objectname) %(*objectname) [28ms]
[2022-06-02T19:16:57.238Z] > git config --get commit.template [12ms]
[2022-06-02T19:17:02.256Z] > git status -z -uall [2ms]
[2022-06-02T19:17:02.273Z] > git symbolic-ref --short HEAD [1ms]
[2022-06-02T19:17:02.290Z] > git for-each-ref --format=%(refname)%00%(upstream:short)%00%(objectname)%00%(upstream:track)%00%(upstream:remotename)%00%(upstream:remoteref) refs/heads/master refs/remotes/master [1ms]
[2022-06-02T19:17:02.326Z] > git for-each-ref --sort -committerdate --format %(refname) %(objectname) %(*objectname) [20ms]
[2022-06-02T19:17:02.326Z] > git remote --verbose [4ms]
[2022-06-02T19:17:02.342Z] > git config --get commit.template [2ms]
[2022-06-02T19:17:07.360Z] > git status -z -uall [2ms]
[2022-06-02T19:17:07.371Z] > git symbolic-ref --short HEAD [2ms]
[2022-06-02T19:17:07.382Z] > git for-each-ref --format=%(refname)%00%(upstream:short)%00%(objectname)%00%(upstream:track)%00%(upstream:remotename)%00%(upstream:remoteref) refs/heads/master refs/remotes/master [1ms]
[2022-06-02T19:17:07.418Z] > git remote --verbose [15ms]
[2022-06-02T19:17:07.419Z] > git for-each-ref --sort -committerdate --format %(refname) %(objectname) %(*objectname) [28ms]
[2022-06-02T19:17:07.451Z] > git config --get commit.template [2ms]
[2022-06-02T19:17:09.762Z] > git show --textconv :style.css [12ms]
[2022-06-02T19:17:09.763Z] > git ls-files --stage -- /home/sirmmy/Development/code/prework/phase-0/phase-0-css-intro-lab/style.css [2ms]
[2022-06-02T19:17:09.785Z] > git cat-file -s 66706d97eec0a17cbdcf07b646700e0b83df43f5 [13ms]
[2022-06-02T19:17:31.450Z] > git status -z -uall [2ms]
[2022-06-02T19:17:31.460Z] > git symbolic-ref --short HEAD [1ms]
[2022-06-02T19:17:31.475Z] > git for-each-ref --format=%(refname)%00%(upstream:short)%00%(objectname)%00%(upstream:track)%00%(upstream:remotename)%00%(upstream:remoteref) refs/heads/master refs/remotes/master [2ms]
[2022-06-02T19:17:31.497Z] > git for-each-ref --sort -committerdate --format %(refname) %(objectname) %(*objectname) [11ms]
[2022-06-02T19:17:31.498Z] > git remote --verbose [2ms]
[2022-06-02T19:17:31.513Z] > git config --get commit.template [2ms]
[2022-06-02T19:17:32.697Z] > git ls-files --stage -- /home/sirmmy/Development/code/prework/phase-0/phase-0-css-intro-lab/style.css [1ms]
[2022-06-02T19:17:32.708Z] > git cat-file -s ce26bcdfcfd780134d60a5916e352c780cd4ccae [1ms]
[2022-06-02T19:17:32.722Z] > git show --textconv :style.css [1ms]
[2022-06-02T19:17:36.530Z] > git status -z -uall [1ms]
[2022-06-02T19:17:36.541Z] > git symbolic-ref --short HEAD [1ms]
[2022-06-02T19:17:36.552Z] > git for-each-ref --format=%(refname)%00%(upstream:short)%00%(objectname)%00%(upstream:track)%00%(upstream:remotename)%00%(upstream:remoteref) refs/heads/master refs/remotes/master [1ms]
[2022-06-02T19:17:36.573Z] > git for-each-ref --sort -committerdate --format %(refname) %(objectname) %(*objectname) [12ms]
[2022-06-02T19:17:36.573Z] > git remote --verbose [1ms]
[2022-06-02T19:17:36.589Z] > git config --get commit.template [1ms]
