[Info  - 15:48:15.532] Reading sessions from keychain...
[Info  - 15:48:15.601] Getting sessions for user:email...
[Trace  - 15:48:16.147] Token acquired from secret storage.
[Info  - 15:48:16.147] Got stored sessions!
[Trace  - 15:48:16.147] Read the following session from the keychain with the following scopes: user:email
[Trace  - 15:48:16.147] Read the following session from the keychain with the following scopes: repo workflow
[Info  - 15:48:16.147] Got 2 verified sessions.
[Info  - 15:48:16.147] Got 1 sessions for user:email...
[Info  - 15:48:16.152] Getting sessions for all scopes...
[Info  - 15:48:16.153] Got 2 sessions for ...
[Info  - 15:48:16.381] Getting sessions for all scopes...
[Info  - 15:48:16.381] Got 2 sessions for ...
[Info  - 15:48:16.994] Getting sessions for read:user,repo,user:email...
[Info  - 15:48:16.995] Got 0 sessions for read:user,repo,user:email...
[Info  - 16:17:06.240] Getting sessions for read:user,repo,user:email...
[Info  - 16:17:06.240] Got 0 sessions for read:user,repo,user:email...
[Info  - 16:19:03.898] Getting sessions for read:user,repo,user:email...
[Info  - 16:19:03.898] Got 0 sessions for read:user,repo,user:email...
[Info  - 16:26:08.225] Getting sessions for read:user,repo,user:email...
[Info  - 16:26:08.226] Got 0 sessions for read:user,repo,user:email...
[Info  - 16:27:46.645] Getting sessions for read:user,repo,user:email...
[Info  - 16:27:46.646] Got 0 sessions for read:user,repo,user:email...
[Info  - 17:26:23.932] Getting sessions for read:user,repo,user:email...
[Info  - 17:26:23.933] Got 0 sessions for read:user,repo,user:email...
[Info  - 17:29:53.997] Getting sessions for read:user,repo,user:email...
[Info  - 17:29:53.997] Got 0 sessions for read:user,repo,user:email...
[Info  - 17:31:13.981] Getting sessions for read:user,repo,user:email...
[Info  - 17:31:13.981] Got 0 sessions for read:user,repo,user:email...
[Info  - 17:39:16.978] Getting sessions for read:user,repo,user:email...
[Info  - 17:39:16.979] Got 0 sessions for read:user,repo,user:email...
[Info  - 17:45:09.496] Getting sessions for read:user,repo,user:email...
[Info  - 17:45:09.497] Got 0 sessions for read:user,repo,user:email...
[Info  - 17:48:49.129] Getting sessions for read:user,repo,user:email...
[Info  - 17:48:49.129] Got 0 sessions for read:user,repo,user:email...
[Info  - 17:50:24.529] Getting sessions for read:user,repo,user:email...
[Info  - 17:50:24.529] Got 0 sessions for read:user,repo,user:email...
[Info  - 18:21:35.171] Getting sessions for read:user,repo,user:email...
[Info  - 18:21:35.171] Got 0 sessions for read:user,repo,user:email...
[Info  - 18:27:55.694] Getting sessions for read:user,repo,user:email...
[Info  - 18:27:55.694] Got 0 sessions for read:user,repo,user:email...
[Info  - 19:12:45.867] Getting sessions for read:user,repo,user:email...
[Info  - 19:12:45.867] Got 0 sessions for read:user,repo,user:email...
[Info  - 19:15:39.930] Getting sessions for read:user,repo,user:email...
[Info  - 19:15:39.931] Got 0 sessions for read:user,repo,user:email...
