[2022-06-02 13:47:27.315] [renderer1] [error] Unable to find matching pair for < at char 1247: Error: Unable to find matching pair for < at char 1247
    at r.error (/usr/share/code/resources/app/extensions/emmet/dist/node/emmetNodeMain.js:1:22607)
    at f (/usr/share/code/resources/app/extensions/emmet/dist/node/emmetNodeMain.js:1:21837)
    at u (/usr/share/code/resources/app/extensions/emmet/dist/node/emmetNodeMain.js:1:14498)
    at l (/usr/share/code/resources/app/extensions/emmet/dist/node/emmetNodeMain.js:1:14611)
    at /usr/share/code/resources/app/extensions/emmet/dist/node/emmetNodeMain.js:1:15226
    at m (/usr/share/code/resources/app/extensions/emmet/dist/node/emmetNodeMain.js:1:15333)
    at E (/usr/share/code/resources/app/extensions/emmet/dist/node/emmetNodeMain.js:1:16251)
    at _ (/usr/share/code/resources/app/extensions/emmet/dist/node/emmetNodeMain.js:1:16661)
    at t.getRootNode (/usr/share/code/resources/app/extensions/emmet/dist/node/emmetNodeMain.js:1:201227)
    at t.DefaultCompletionItemProvider.provideCompletionItemsInternal (/usr/share/code/resources/app/extensions/emmet/dist/node/emmetNodeMain.js:1:186943)
    at t.DefaultCompletionItemProvider.provideCompletionItems (/usr/share/code/resources/app/extensions/emmet/dist/node/emmetNodeMain.js:1:185715)
    at Q.provideCompletionItems (/usr/share/code/resources/app/out/vs/workbench/api/node/extensionHostProcess.js:83:111153)
    at /usr/share/code/resources/app/out/vs/workbench/api/node/extensionHostProcess.js:83:135870
    at we._withAdapter (/usr/share/code/resources/app/out/vs/workbench/api/node/extensionHostProcess.js:83:126001)
    at we.$provideCompletionItems (/usr/share/code/resources/app/out/vs/workbench/api/node/extensionHostProcess.js:83:135846)
    at s._doInvokeHandler (/usr/share/code/resources/app/out/vs/workbench/api/node/extensionHostProcess.js:86:13828)
    at s._invokeHandler (/usr/share/code/resources/app/out/vs/workbench/api/node/extensionHostProcess.js:86:13512)
    at s._receiveRequest (/usr/share/code/resources/app/out/vs/workbench/api/node/extensionHostProcess.js:86:12121)
    at s._receiveOneMessage (/usr/share/code/resources/app/out/vs/workbench/api/node/extensionHostProcess.js:86:10843)
    at /usr/share/code/resources/app/out/vs/workbench/api/node/extensionHostProcess.js:86:8949
    at m.invoke (/usr/share/code/resources/app/out/vs/workbench/api/node/extensionHostProcess.js:58:145)
    at E.deliver (/usr/share/code/resources/app/out/vs/workbench/api/node/extensionHostProcess.js:58:2265)
    at v.fire (/usr/share/code/resources/app/out/vs/workbench/api/node/extensionHostProcess.js:58:1843)
    at l.fire (/usr/share/code/resources/app/out/vs/workbench/api/node/extensionHostProcess.js:66:19001)
    at /usr/share/code/resources/app/out/vs/workbench/api/node/extensionHostProcess.js:102:34426
    at m.invoke (/usr/share/code/resources/app/out/vs/workbench/api/node/extensionHostProcess.js:58:145)
    at E.deliver (/usr/share/code/resources/app/out/vs/workbench/api/node/extensionHostProcess.js:58:2265)
    at v.fire (/usr/share/code/resources/app/out/vs/workbench/api/node/extensionHostProcess.js:58:1843)
    at l.fire (/usr/share/code/resources/app/out/vs/workbench/api/node/extensionHostProcess.js:66:19001)
    at r._receiveMessage (/usr/share/code/resources/app/out/vs/workbench/api/node/extensionHostProcess.js:66:23582)
    at /usr/share/code/resources/app/out/vs/workbench/api/node/extensionHostProcess.js:66:21116
    at m.invoke (/usr/share/code/resources/app/out/vs/workbench/api/node/extensionHostProcess.js:58:145)
    at E.deliver (/usr/share/code/resources/app/out/vs/workbench/api/node/extensionHostProcess.js:58:2265)
    at v.fire (/usr/share/code/resources/app/out/vs/workbench/api/node/extensionHostProcess.js:58:1843)
    at v.acceptChunk (/usr/share/code/resources/app/out/vs/workbench/api/node/extensionHostProcess.js:66:15832)
    at /usr/share/code/resources/app/out/vs/workbench/api/node/extensionHostProcess.js:66:14962
    at Socket.R (/usr/share/code/resources/app/out/vs/workbench/api/node/extensionHostProcess.js:102:13798)
    at Socket.emit (node:events:390:28)
    at addChunk (node:internal/streams/readable:315:12)
    at readableAddChunk (node:internal/streams/readable:289:9)
    at Socket.Readable.push (node:internal/streams/readable:228:10)
    at Pipe.onStreamRead (node:internal/stream_base_commons:199:23)
[2022-06-02 13:47:29.358] [renderer1] [error] Unable to find matching pair for < at char 1247: Error: Unable to find matching pair for < at char 1247
    at r.error (/usr/share/code/resources/app/extensions/emmet/dist/node/emmetNodeMain.js:1:22607)
    at f (/usr/share/code/resources/app/extensions/emmet/dist/node/emmetNodeMain.js:1:21837)
    at u (/usr/share/code/resources/app/extensions/emmet/dist/node/emmetNodeMain.js:1:14498)
    at l (/usr/share/code/resources/app/extensions/emmet/dist/node/emmetNodeMain.js:1:14611)
    at /usr/share/code/resources/app/extensions/emmet/dist/node/emmetNodeMain.js:1:15226
    at m (/usr/share/code/resources/app/extensions/emmet/dist/node/emmetNodeMain.js:1:15333)
    at E (/usr/share/code/resources/app/extensions/emmet/dist/node/emmetNodeMain.js:1:16251)
    at _ (/usr/share/code/resources/app/extensions/emmet/dist/node/emmetNodeMain.js:1:16661)
    at t.getRootNode (/usr/share/code/resources/app/extensions/emmet/dist/node/emmetNodeMain.js:1:201227)
    at t.DefaultCompletionItemProvider.provideCompletionItemsInternal (/usr/share/code/resources/app/extensions/emmet/dist/node/emmetNodeMain.js:1:186943)
    at t.DefaultCompletionItemProvider.provideCompletionItems (/usr/share/code/resources/app/extensions/emmet/dist/node/emmetNodeMain.js:1:185715)
    at Q.provideCompletionItems (/usr/share/code/resources/app/out/vs/workbench/api/node/extensionHostProcess.js:83:111153)
    at /usr/share/code/resources/app/out/vs/workbench/api/node/extensionHostProcess.js:83:135870
    at we._withAdapter (/usr/share/code/resources/app/out/vs/workbench/api/node/extensionHostProcess.js:83:126001)
    at we.$provideCompletionItems (/usr/share/code/resources/app/out/vs/workbench/api/node/extensionHostProcess.js:83:135846)
    at s._doInvokeHandler (/usr/share/code/resources/app/out/vs/workbench/api/node/extensionHostProcess.js:86:13828)
    at s._invokeHandler (/usr/share/code/resources/app/out/vs/workbench/api/node/extensionHostProcess.js:86:13512)
    at s._receiveRequest (/usr/share/code/resources/app/out/vs/workbench/api/node/extensionHostProcess.js:86:12121)
    at s._receiveOneMessage (/usr/share/code/resources/app/out/vs/workbench/api/node/extensionHostProcess.js:86:10843)
    at /usr/share/code/resources/app/out/vs/workbench/api/node/extensionHostProcess.js:86:8949
    at m.invoke (/usr/share/code/resources/app/out/vs/workbench/api/node/extensionHostProcess.js:58:145)
    at E.deliver (/usr/share/code/resources/app/out/vs/workbench/api/node/extensionHostProcess.js:58:2265)
    at v.fire (/usr/share/code/resources/app/out/vs/workbench/api/node/extensionHostProcess.js:58:1843)
    at l.fire (/usr/share/code/resources/app/out/vs/workbench/api/node/extensionHostProcess.js:66:19001)
    at /usr/share/code/resources/app/out/vs/workbench/api/node/extensionHostProcess.js:102:34426
    at m.invoke (/usr/share/code/resources/app/out/vs/workbench/api/node/extensionHostProcess.js:58:145)
    at E.deliver (/usr/share/code/resources/app/out/vs/workbench/api/node/extensionHostProcess.js:58:2265)
    at v.fire (/usr/share/code/resources/app/out/vs/workbench/api/node/extensionHostProcess.js:58:1843)
    at l.fire (/usr/share/code/resources/app/out/vs/workbench/api/node/extensionHostProcess.js:66:19001)
    at r._receiveMessage (/usr/share/code/resources/app/out/vs/workbench/api/node/extensionHostProcess.js:66:23582)
    at /usr/share/code/resources/app/out/vs/workbench/api/node/extensionHostProcess.js:66:21116
    at m.invoke (/usr/share/code/resources/app/out/vs/workbench/api/node/extensionHostProcess.js:58:145)
    at E.deliver (/usr/share/code/resources/app/out/vs/workbench/api/node/extensionHostProcess.js:58:2265)
    at v.fire (/usr/share/code/resources/app/out/vs/workbench/api/node/extensionHostProcess.js:58:1843)
    at v.acceptChunk (/usr/share/code/resources/app/out/vs/workbench/api/node/extensionHostProcess.js:66:15832)
    at /usr/share/code/resources/app/out/vs/workbench/api/node/extensionHostProcess.js:66:14962
    at Socket.R (/usr/share/code/resources/app/out/vs/workbench/api/node/extensionHostProcess.js:102:13798)
    at Socket.emit (node:events:390:28)
    at addChunk (node:internal/streams/readable:315:12)
    at readableAddChunk (node:internal/streams/readable:289:9)
    at Socket.Readable.push (node:internal/streams/readable:228:10)
    at Pipe.onStreamRead (node:internal/stream_base_commons:199:23)
[2022-06-02 14:04:48.343] [renderer1] [error] Error: File not found
    at g.handleSetInputError (vscode-file://vscode-app/usr/share/code/resources/app/out/vs/workbench/workbench.desktop.main.js:2701:95592)
    at async g.setInput (vscode-file://vscode-app/usr/share/code/resources/app/out/vs/workbench/workbench.desktop.main.js:2701:94832)
    at async doSetInput (vscode-file://vscode-app/usr/share/code/resources/app/out/vs/workbench/workbench.desktop.main.js:2699:6429)
    at async doOpenEditor (vscode-file://vscode-app/usr/share/code/resources/app/out/vs/workbench/workbench.desktop.main.js:2699:4791)
    at async d.openEditor (vscode-file://vscode-app/usr/share/code/resources/app/out/vs/workbench/workbench.desktop.main.js:2699:3783)
    at async vscode-file://vscode-app/usr/share/code/resources/app/out/vs/workbench/workbench.desktop.main.js:2906:16950
    at async C.doOpenCodeEditor (vscode-file://vscode-app/usr/share/code/resources/app/out/vs/workbench/workbench.desktop.main.js:1360:31342)
    at async m.open (vscode-file://vscode-app/usr/share/code/resources/app/out/vs/workbench/workbench.desktop.main.js:594:51701)
    at async open (vscode-file://vscode-app/usr/share/code/resources/app/out/vs/workbench/workbench.desktop.main.js:594:53162)
