[2022-06-02T09:51:49.518Z] Validating found git in: git
[2022-06-02T09:51:49.624Z] Using git 2.25.1 from git
[2022-06-02T09:51:49.683Z] > git rev-parse --show-toplevel [44ms]
[2022-06-02T09:51:49.711Z] > git rev-parse --git-dir --git-common-dir [13ms]
[2022-06-02T09:51:49.734Z] Open repository: /home/sirmmy/Development/code/prework/phase-0/phase-0-html-album-cover-lab
[2022-06-02T09:51:49.792Z] > git status -z -uall [38ms]
[2022-06-02T09:51:49.809Z] > git symbolic-ref --short HEAD [8ms]
[2022-06-02T09:51:49.822Z] > git for-each-ref --format=%(refname)%00%(upstream:short)%00%(objectname)%00%(upstream:track)%00%(upstream:remotename)%00%(upstream:remoteref) refs/heads/master refs/remotes/master [2ms]
[2022-06-02T09:51:50.113Z] > git remote --verbose [274ms]
[2022-06-02T09:51:50.115Z] > git for-each-ref --sort -committerdate --format %(refname) %(objectname) %(*objectname) [285ms]
[2022-06-02T09:51:50.331Z] > git config --get commit.template [29ms]
[2022-06-02T09:51:50.969Z] > git check-ignore -v -z --stdin [17ms]
[2022-06-02T09:51:57.244Z] > git show --textconv :index.html [42ms]
[2022-06-02T09:51:57.245Z] > git ls-files --stage -- /home/sirmmy/Development/code/prework/phase-0/phase-0-html-album-cover-lab/index.html [19ms]
[2022-06-02T09:51:57.261Z] > git cat-file -s 83dc20ebdcf736c246f6e87475b864d826ec60d7 [2ms]
[2022-06-02T09:52:03.164Z] > git show --textconv :SOURCE.md [36ms]
[2022-06-02T09:52:03.164Z] > git ls-files --stage -- /home/sirmmy/Development/code/prework/phase-0/phase-0-html-album-cover-lab/SOURCE.md [24ms]
[2022-06-02T09:52:03.180Z] > git cat-file -s a9b56df08db579026a2a5d73b22e01af668b7104 [6ms]
[2022-06-02T09:52:11.679Z] > git show --textconv :index.html [25ms]
[2022-06-02T09:52:11.682Z] > git ls-files --stage -- /home/sirmmy/Development/code/prework/phase-0/phase-0-html-album-cover-lab/index.html [18ms]
[2022-06-02T09:52:11.694Z] > git cat-file -s 83dc20ebdcf736c246f6e87475b864d826ec60d7 [2ms]
[2022-06-02T09:56:21.471Z] > git show --textconv :SOURCE.md [9ms]
[2022-06-02T09:56:21.472Z] > git ls-files --stage -- /home/sirmmy/Development/code/prework/phase-0/phase-0-html-album-cover-lab/SOURCE.md [2ms]
[2022-06-02T09:56:21.494Z] > git cat-file -s a9b56df08db579026a2a5d73b22e01af668b7104 [13ms]
[2022-06-02T09:56:29.308Z] > git show --textconv :index.html [21ms]
[2022-06-02T09:56:29.310Z] > git ls-files --stage -- /home/sirmmy/Development/code/prework/phase-0/phase-0-html-album-cover-lab/index.html [14ms]
[2022-06-02T09:56:29.324Z] > git cat-file -s 83dc20ebdcf736c246f6e87475b864d826ec60d7 [3ms]
[2022-06-02T09:56:38.971Z] > git status -z -uall [23ms]
[2022-06-02T09:56:38.984Z] > git symbolic-ref --short HEAD [1ms]
[2022-06-02T09:56:38.998Z] > git for-each-ref --format=%(refname)%00%(upstream:short)%00%(objectname)%00%(upstream:track)%00%(upstream:remotename)%00%(upstream:remoteref) refs/heads/master refs/remotes/master [2ms]
[2022-06-02T09:56:39.025Z] > git for-each-ref --sort -committerdate --format %(refname) %(objectname) %(*objectname) [14ms]
[2022-06-02T09:56:39.026Z] > git remote --verbose [4ms]
[2022-06-02T09:56:39.045Z] > git config --get commit.template [2ms]
[2022-06-02T09:56:41.761Z] > git check-ignore -v -z --stdin [1ms]
[2022-06-02T09:56:43.238Z] > git ls-files --stage -- /home/sirmmy/Development/code/prework/phase-0/phase-0-html-album-cover-lab/index.html [1ms]
[2022-06-02T09:56:43.247Z] > git cat-file -s 83dc20ebdcf736c246f6e87475b864d826ec60d7 [1ms]
[2022-06-02T09:56:43.263Z] > git show --textconv :index.html [2ms]
[2022-06-02T09:56:44.063Z] > git status -z -uall [2ms]
[2022-06-02T09:56:44.074Z] > git symbolic-ref --short HEAD [1ms]
[2022-06-02T09:56:44.084Z] > git for-each-ref --format=%(refname)%00%(upstream:short)%00%(objectname)%00%(upstream:track)%00%(upstream:remotename)%00%(upstream:remoteref) refs/heads/master refs/remotes/master [2ms]
[2022-06-02T09:56:44.104Z] > git for-each-ref --sort -committerdate --format %(refname) %(objectname) %(*objectname) [12ms]
[2022-06-02T09:56:44.104Z] > git remote --verbose [2ms]
[2022-06-02T09:56:44.117Z] > git config --get commit.template [1ms]
[2022-06-02T09:56:52.690Z] > git status -z -uall [2ms]
[2022-06-02T09:56:52.700Z] > git symbolic-ref --short HEAD [1ms]
[2022-06-02T09:56:52.710Z] > git for-each-ref --format=%(refname)%00%(upstream:short)%00%(objectname)%00%(upstream:track)%00%(upstream:remotename)%00%(upstream:remoteref) refs/heads/master refs/remotes/master [1ms]
[2022-06-02T09:56:52.729Z] > git for-each-ref --sort -committerdate --format %(refname) %(objectname) %(*objectname) [10ms]
[2022-06-02T09:56:52.730Z] > git remote --verbose [3ms]
[2022-06-02T09:56:52.741Z] > git config --get commit.template [1ms]
[2022-06-02T09:58:13.708Z] > git show --textconv :SOURCE.md [9ms]
[2022-06-02T09:58:13.709Z] > git ls-files --stage -- /home/sirmmy/Development/code/prework/phase-0/phase-0-html-album-cover-lab/SOURCE.md [1ms]
[2022-06-02T09:58:13.728Z] > git cat-file -s a9b56df08db579026a2a5d73b22e01af668b7104 [11ms]
[2022-06-02T10:05:59.873Z] > git show --textconv :index.html [17ms]
[2022-06-02T10:05:59.874Z] > git ls-files --stage -- /home/sirmmy/Development/code/prework/phase-0/phase-0-html-album-cover-lab/index.html [3ms]
[2022-06-02T10:05:59.889Z] > git cat-file -s 83dc20ebdcf736c246f6e87475b864d826ec60d7 [2ms]
[2022-06-02T10:10:06.271Z] > git show --textconv :SOURCE.md [12ms]
[2022-06-02T10:10:06.272Z] > git ls-files --stage -- /home/sirmmy/Development/code/prework/phase-0/phase-0-html-album-cover-lab/SOURCE.md [2ms]
[2022-06-02T10:10:06.287Z] > git cat-file -s a9b56df08db579026a2a5d73b22e01af668b7104 [4ms]
[2022-06-02T10:22:37.713Z] > git show --textconv :index.html [9ms]
[2022-06-02T10:22:37.714Z] > git ls-files --stage -- /home/sirmmy/Development/code/prework/phase-0/phase-0-html-album-cover-lab/index.html [2ms]
[2022-06-02T10:22:37.725Z] > git cat-file -s 83dc20ebdcf736c246f6e87475b864d826ec60d7 [2ms]
[2022-06-02T10:23:06.881Z] > git show --textconv :SOURCE.md [9ms]
[2022-06-02T10:23:06.882Z] > git ls-files --stage -- /home/sirmmy/Development/code/prework/phase-0/phase-0-html-album-cover-lab/SOURCE.md [2ms]
[2022-06-02T10:23:06.891Z] > git cat-file -s a9b56df08db579026a2a5d73b22e01af668b7104 [1ms]
[2022-06-02T10:23:26.026Z] > git show --textconv :index.html [9ms]
[2022-06-02T10:23:26.027Z] > git ls-files --stage -- /home/sirmmy/Development/code/prework/phase-0/phase-0-html-album-cover-lab/index.html [1ms]
[2022-06-02T10:23:26.037Z] > git cat-file -s 83dc20ebdcf736c246f6e87475b864d826ec60d7 [1ms]
[2022-06-02T10:23:32.663Z] > git show --textconv :SOURCE.md [10ms]
[2022-06-02T10:23:32.664Z] > git ls-files --stage -- /home/sirmmy/Development/code/prework/phase-0/phase-0-html-album-cover-lab/SOURCE.md [2ms]
[2022-06-02T10:23:32.673Z] > git cat-file -s a9b56df08db579026a2a5d73b22e01af668b7104 [1ms]
[2022-06-02T10:23:36.955Z] > git show --textconv :index.html [11ms]
[2022-06-02T10:23:36.956Z] > git ls-files --stage -- /home/sirmmy/Development/code/prework/phase-0/phase-0-html-album-cover-lab/index.html [2ms]
[2022-06-02T10:23:36.969Z] > git cat-file -s 83dc20ebdcf736c246f6e87475b864d826ec60d7 [4ms]
[2022-06-02T10:25:59.417Z] > git show --textconv :SOURCE.md [9ms]
[2022-06-02T10:25:59.418Z] > git ls-files --stage -- /home/sirmmy/Development/code/prework/phase-0/phase-0-html-album-cover-lab/SOURCE.md [1ms]
[2022-06-02T10:25:59.428Z] > git cat-file -s a9b56df08db579026a2a5d73b22e01af668b7104 [2ms]
[2022-06-02T10:26:15.902Z] > git show --textconv :index.html [10ms]
[2022-06-02T10:26:15.903Z] > git ls-files --stage -- /home/sirmmy/Development/code/prework/phase-0/phase-0-html-album-cover-lab/index.html [2ms]
[2022-06-02T10:26:15.914Z] > git cat-file -s 83dc20ebdcf736c246f6e87475b864d826ec60d7 [2ms]
[2022-06-02T10:26:45.661Z] > git show --textconv :SOURCE.md [14ms]
[2022-06-02T10:26:45.661Z] > git ls-files --stage -- /home/sirmmy/Development/code/prework/phase-0/phase-0-html-album-cover-lab/SOURCE.md [4ms]
[2022-06-02T10:26:45.675Z] > git cat-file -s a9b56df08db579026a2a5d73b22e01af668b7104 [3ms]
[2022-06-02T10:26:46.329Z] > git status -z -uall [5ms]
[2022-06-02T10:26:46.340Z] > git symbolic-ref --short HEAD [2ms]
[2022-06-02T10:26:46.353Z] > git for-each-ref --format=%(refname)%00%(upstream:short)%00%(objectname)%00%(upstream:track)%00%(upstream:remotename)%00%(upstream:remoteref) refs/heads/master refs/remotes/master [2ms]
[2022-06-02T10:26:46.375Z] > git for-each-ref --sort -committerdate --format %(refname) %(objectname) %(*objectname) [10ms]
[2022-06-02T10:26:46.376Z] > git remote --verbose [2ms]
[2022-06-02T10:26:46.394Z] > git config --get commit.template [3ms]
[2022-06-02T10:26:49.364Z] > git show --textconv :index.html [9ms]
[2022-06-02T10:26:49.365Z] > git ls-files --stage -- /home/sirmmy/Development/code/prework/phase-0/phase-0-html-album-cover-lab/index.html [1ms]
[2022-06-02T10:26:49.389Z] > git cat-file -s 83dc20ebdcf736c246f6e87475b864d826ec60d7 [15ms]
[2022-06-02T10:26:51.086Z] > git show --textconv :SOURCE.md [9ms]
[2022-06-02T10:26:51.087Z] > git ls-files --stage -- /home/sirmmy/Development/code/prework/phase-0/phase-0-html-album-cover-lab/SOURCE.md [2ms]
[2022-06-02T10:26:51.108Z] > git cat-file -s a9b56df08db579026a2a5d73b22e01af668b7104 [12ms]
[2022-06-02T10:26:52.615Z] > git show --textconv :index.html [10ms]
[2022-06-02T10:26:52.616Z] > git ls-files --stage -- /home/sirmmy/Development/code/prework/phase-0/phase-0-html-album-cover-lab/index.html [2ms]
[2022-06-02T10:26:52.639Z] > git cat-file -s 83dc20ebdcf736c246f6e87475b864d826ec60d7 [12ms]
[2022-06-02T10:28:03.306Z] > git status -z -uall [4ms]
[2022-06-02T10:28:03.322Z] > git symbolic-ref --short HEAD [1ms]
[2022-06-02T10:28:03.337Z] > git for-each-ref --format=%(refname)%00%(upstream:short)%00%(objectname)%00%(upstream:track)%00%(upstream:remotename)%00%(upstream:remoteref) refs/heads/master refs/remotes/master [2ms]
[2022-06-02T10:28:03.362Z] > git for-each-ref --sort -committerdate --format %(refname) %(objectname) %(*objectname) [14ms]
[2022-06-02T10:28:03.363Z] > git remote --verbose [2ms]
[2022-06-02T10:28:03.381Z] > git config --get commit.template [2ms]
[2022-06-02T10:28:31.285Z] > git show --textconv :index.html [26ms]
[2022-06-02T10:28:31.287Z] > git ls-files --stage -- /home/sirmmy/Development/code/prework/phase-0/phase-0-html-album-cover-lab/index.html [15ms]
[2022-06-02T10:28:31.299Z] > git cat-file -s 83dc20ebdcf736c246f6e87475b864d826ec60d7 [3ms]
[2022-06-02T10:29:31.588Z] > git status -z -uall [2ms]
[2022-06-02T10:29:31.599Z] > git symbolic-ref --short HEAD [2ms]
[2022-06-02T10:29:31.610Z] > git for-each-ref --format=%(refname)%00%(upstream:short)%00%(objectname)%00%(upstream:track)%00%(upstream:remotename)%00%(upstream:remoteref) refs/heads/master refs/remotes/master [2ms]
[2022-06-02T10:29:31.630Z] > git for-each-ref --sort -committerdate --format %(refname) %(objectname) %(*objectname) [11ms]
[2022-06-02T10:29:31.631Z] > git remote --verbose [2ms]
[2022-06-02T10:29:31.643Z] > git config --get commit.template [1ms]
[2022-06-02T10:29:32.929Z] > git show --textconv :index.html [28ms]
[2022-06-02T10:29:32.931Z] > git ls-files --stage -- /home/sirmmy/Development/code/prework/phase-0/phase-0-html-album-cover-lab/index.html [17ms]
[2022-06-02T10:29:32.946Z] > git cat-file -s 83dc20ebdcf736c246f6e87475b864d826ec60d7 [4ms]
[2022-06-02T10:29:43.647Z] > git show --textconv :SOURCE.md [9ms]
[2022-06-02T10:29:43.648Z] > git ls-files --stage -- /home/sirmmy/Development/code/prework/phase-0/phase-0-html-album-cover-lab/SOURCE.md [2ms]
[2022-06-02T10:29:43.669Z] > git cat-file -s a9b56df08db579026a2a5d73b22e01af668b7104 [12ms]
[2022-06-02T10:30:09.393Z] > git status -z -uall [2ms]
[2022-06-02T10:30:09.404Z] > git symbolic-ref --short HEAD [1ms]
[2022-06-02T10:30:09.417Z] > git for-each-ref --format=%(refname)%00%(upstream:short)%00%(objectname)%00%(upstream:track)%00%(upstream:remotename)%00%(upstream:remoteref) refs/heads/master refs/remotes/master [2ms]
[2022-06-02T10:30:09.439Z] > git for-each-ref --sort -committerdate --format %(refname) %(objectname) %(*objectname) [10ms]
[2022-06-02T10:30:09.440Z] > git remote --verbose [2ms]
[2022-06-02T10:30:09.454Z] > git config --get commit.template [1ms]
[2022-06-02T10:30:11.052Z] > git ls-files --stage -- /home/sirmmy/Development/code/prework/phase-0/phase-0-html-album-cover-lab/SOURCE.md [1ms]
[2022-06-02T10:30:11.063Z] > git cat-file -s a9b56df08db579026a2a5d73b22e01af668b7104 [1ms]
[2022-06-02T10:30:11.079Z] > git show --textconv :SOURCE.md [2ms]
[2022-06-02T10:30:14.473Z] > git status -z -uall [2ms]
[2022-06-02T10:30:14.483Z] > git symbolic-ref --short HEAD [1ms]
[2022-06-02T10:30:14.493Z] > git for-each-ref --format=%(refname)%00%(upstream:short)%00%(objectname)%00%(upstream:track)%00%(upstream:remotename)%00%(upstream:remoteref) refs/heads/master refs/remotes/master [1ms]
[2022-06-02T10:30:14.513Z] > git for-each-ref --sort -committerdate --format %(refname) %(objectname) %(*objectname) [11ms]
[2022-06-02T10:30:14.513Z] > git remote --verbose [2ms]
[2022-06-02T10:30:14.528Z] > git config --get commit.template [2ms]
[2022-06-02T10:30:19.548Z] > git status -z -uall [4ms]
[2022-06-02T10:30:19.559Z] > git symbolic-ref --short HEAD [1ms]
[2022-06-02T10:30:19.571Z] > git for-each-ref --format=%(refname)%00%(upstream:short)%00%(objectname)%00%(upstream:track)%00%(upstream:remotename)%00%(upstream:remoteref) refs/heads/master refs/remotes/master [2ms]
[2022-06-02T10:30:19.593Z] > git for-each-ref --sort -committerdate --format %(refname) %(objectname) %(*objectname) [12ms]
[2022-06-02T10:30:19.593Z] > git remote --verbose [2ms]
[2022-06-02T10:30:19.608Z] > git config --get commit.template [1ms]
[2022-06-02T10:30:20.687Z] > git show --textconv :index.html [13ms]
[2022-06-02T10:30:20.688Z] > git ls-files --stage -- /home/sirmmy/Development/code/prework/phase-0/phase-0-html-album-cover-lab/index.html [2ms]
[2022-06-02T10:30:20.719Z] > git cat-file -s 4ff83bc94f59d93106522a1cbe6e8ecd9ea57f2c [19ms]
[2022-06-02T10:30:53.986Z] > git status -z -uall [2ms]
[2022-06-02T10:30:53.997Z] > git symbolic-ref --short HEAD [1ms]
[2022-06-02T10:30:54.008Z] > git for-each-ref --format=%(refname)%00%(upstream:short)%00%(objectname)%00%(upstream:track)%00%(upstream:remotename)%00%(upstream:remoteref) refs/heads/master refs/remotes/master [2ms]
[2022-06-02T10:30:54.030Z] > git for-each-ref --sort -committerdate --format %(refname) %(objectname) %(*objectname) [11ms]
[2022-06-02T10:30:54.030Z] > git remote --verbose [1ms]
[2022-06-02T10:30:54.044Z] > git config --get commit.template [2ms]
[2022-06-02T10:30:54.957Z] > git show --textconv :index.html [10ms]
[2022-06-02T10:30:54.958Z] > git ls-files --stage -- /home/sirmmy/Development/code/prework/phase-0/phase-0-html-album-cover-lab/index.html [2ms]
[2022-06-02T10:30:54.981Z] > git cat-file -s 4ff83bc94f59d93106522a1cbe6e8ecd9ea57f2c [12ms]
[2022-06-02T10:31:13.195Z] > git status -z -uall [2ms]
[2022-06-02T10:31:13.210Z] > git symbolic-ref --short HEAD [1ms]
[2022-06-02T10:31:13.226Z] > git for-each-ref --format=%(refname)%00%(upstream:short)%00%(objectname)%00%(upstream:track)%00%(upstream:remotename)%00%(upstream:remoteref) refs/heads/master refs/remotes/master [2ms]
[2022-06-02T10:31:13.253Z] > git for-each-ref --sort -committerdate --format %(refname) %(objectname) %(*objectname) [13ms]
[2022-06-02T10:31:13.254Z] > git remote --verbose [3ms]
[2022-06-02T10:31:13.274Z] > git config --get commit.template [3ms]
[2022-06-02T10:31:25.171Z] > git show --textconv :index.html [11ms]
[2022-06-02T10:31:25.172Z] > git ls-files --stage -- /home/sirmmy/Development/code/prework/phase-0/phase-0-html-album-cover-lab/index.html [2ms]
[2022-06-02T10:31:25.193Z] > git cat-file -s 4ff83bc94f59d93106522a1cbe6e8ecd9ea57f2c [12ms]
[2022-06-02T10:31:34.086Z] > git status -z -uall [2ms]
[2022-06-02T10:31:34.097Z] > git symbolic-ref --short HEAD [1ms]
[2022-06-02T10:31:34.109Z] > git for-each-ref --format=%(refname)%00%(upstream:short)%00%(objectname)%00%(upstream:track)%00%(upstream:remotename)%00%(upstream:remoteref) refs/heads/master refs/remotes/master [3ms]
[2022-06-02T10:31:34.130Z] > git for-each-ref --sort -committerdate --format %(refname) %(objectname) %(*objectname) [12ms]
[2022-06-02T10:31:34.131Z] > git remote --verbose [2ms]
[2022-06-02T10:31:34.145Z] > git config --get commit.template [1ms]
[2022-06-02T10:31:43.613Z] > git show --textconv :index.html [11ms]
[2022-06-02T10:31:43.615Z] > git ls-files --stage -- /home/sirmmy/Development/code/prework/phase-0/phase-0-html-album-cover-lab/index.html [2ms]
[2022-06-02T10:31:43.639Z] > git cat-file -s 4ff83bc94f59d93106522a1cbe6e8ecd9ea57f2c [11ms]
[2022-06-02T10:32:12.768Z] > git status -z -uall [4ms]
[2022-06-02T10:32:12.782Z] > git symbolic-ref --short HEAD [2ms]
[2022-06-02T10:32:12.795Z] > git for-each-ref --format=%(refname)%00%(upstream:short)%00%(objectname)%00%(upstream:track)%00%(upstream:remotename)%00%(upstream:remoteref) refs/heads/master refs/remotes/master [1ms]
[2022-06-02T10:32:12.824Z] > git remote --verbose [1ms]
[2022-06-02T10:32:12.824Z] > git for-each-ref --sort -committerdate --format %(refname) %(objectname) %(*objectname) [16ms]
[2022-06-02T10:32:12.840Z] > git config --get commit.template [3ms]
[2022-06-02T10:32:37.256Z] > git status -z -uall [2ms]
[2022-06-02T10:32:37.267Z] > git symbolic-ref --short HEAD [2ms]
[2022-06-02T10:32:37.276Z] > git for-each-ref --format=%(refname)%00%(upstream:short)%00%(objectname)%00%(upstream:track)%00%(upstream:remotename)%00%(upstream:remoteref) refs/heads/master refs/remotes/master [1ms]
[2022-06-02T10:32:37.294Z] > git for-each-ref --sort -committerdate --format %(refname) %(objectname) %(*objectname) [10ms]
[2022-06-02T10:32:37.294Z] > git remote --verbose [1ms]
[2022-06-02T10:32:37.305Z] > git config --get commit.template [1ms]
[2022-06-02T10:32:40.085Z] > git show --textconv :index.html [9ms]
[2022-06-02T10:32:40.086Z] > git ls-files --stage -- /home/sirmmy/Development/code/prework/phase-0/phase-0-html-album-cover-lab/index.html [1ms]
[2022-06-02T10:32:40.108Z] > git cat-file -s e7127c9a593faba3a23cc9492b305125f6a18c5a [13ms]
[2022-06-02T10:32:42.321Z] > git status -z -uall [2ms]
[2022-06-02T10:32:42.333Z] > git symbolic-ref --short HEAD [1ms]
[2022-06-02T10:32:42.345Z] > git for-each-ref --format=%(refname)%00%(upstream:short)%00%(objectname)%00%(upstream:track)%00%(upstream:remotename)%00%(upstream:remoteref) refs/heads/master refs/remotes/master [2ms]
[2022-06-02T10:32:42.365Z] > git for-each-ref --sort -committerdate --format %(refname) %(objectname) %(*objectname) [11ms]
[2022-06-02T10:32:42.366Z] > git remote --verbose [2ms]
[2022-06-02T10:32:42.380Z] > git config --get commit.template [2ms]
[2022-06-02T10:32:47.393Z] > git status -z -uall [2ms]
[2022-06-02T10:32:47.403Z] > git symbolic-ref --short HEAD [2ms]
[2022-06-02T10:32:47.415Z] > git for-each-ref --format=%(refname)%00%(upstream:short)%00%(objectname)%00%(upstream:track)%00%(upstream:remotename)%00%(upstream:remoteref) refs/heads/master refs/remotes/master [1ms]
[2022-06-02T10:32:47.434Z] > git for-each-ref --sort -committerdate --format %(refname) %(objectname) %(*objectname) [9ms]
[2022-06-02T10:32:47.434Z] > git remote --verbose [1ms]
[2022-06-02T10:32:47.446Z] > git config --get commit.template [1ms]
[2022-06-02T10:32:52.463Z] > git status -z -uall [3ms]
[2022-06-02T10:32:52.474Z] > git symbolic-ref --short HEAD [2ms]
[2022-06-02T10:32:52.486Z] > git for-each-ref --format=%(refname)%00%(upstream:short)%00%(objectname)%00%(upstream:track)%00%(upstream:remotename)%00%(upstream:remoteref) refs/heads/master refs/remotes/master [1ms]
[2022-06-02T10:32:52.508Z] > git for-each-ref --sort -committerdate --format %(refname) %(objectname) %(*objectname) [12ms]
[2022-06-02T10:32:52.509Z] > git remote --verbose [2ms]
[2022-06-02T10:32:52.528Z] > git config --get commit.template [3ms]
[2022-06-02T10:32:55.146Z] > git ls-files --stage -- /home/sirmmy/Development/code/prework/phase-0/phase-0-html-album-cover-lab/index.html [2ms]
[2022-06-02T10:32:55.155Z] > git cat-file -s e7127c9a593faba3a23cc9492b305125f6a18c5a [1ms]
[2022-06-02T10:32:55.170Z] > git show --textconv :index.html [2ms]
[2022-06-02T10:32:57.544Z] > git status -z -uall [2ms]
[2022-06-02T10:32:57.556Z] > git symbolic-ref --short HEAD [1ms]
[2022-06-02T10:32:57.566Z] > git for-each-ref --format=%(refname)%00%(upstream:short)%00%(objectname)%00%(upstream:track)%00%(upstream:remotename)%00%(upstream:remoteref) refs/heads/master refs/remotes/master [2ms]
[2022-06-02T10:32:57.583Z] > git for-each-ref --sort -committerdate --format %(refname) %(objectname) %(*objectname) [9ms]
[2022-06-02T10:32:57.584Z] > git remote --verbose [2ms]
[2022-06-02T10:32:57.595Z] > git config --get commit.template [1ms]
[2022-06-02T10:33:02.611Z] > git status -z -uall [2ms]
[2022-06-02T10:33:02.622Z] > git symbolic-ref --short HEAD [2ms]
[2022-06-02T10:33:02.633Z] > git for-each-ref --format=%(refname)%00%(upstream:short)%00%(objectname)%00%(upstream:track)%00%(upstream:remotename)%00%(upstream:remoteref) refs/heads/master refs/remotes/master [2ms]
[2022-06-02T10:33:02.652Z] > git for-each-ref --sort -committerdate --format %(refname) %(objectname) %(*objectname) [10ms]
[2022-06-02T10:33:02.652Z] > git remote --verbose [1ms]
[2022-06-02T10:33:02.664Z] > git config --get commit.template [1ms]
[2022-06-02T10:33:09.272Z] > git show --textconv :SOURCE.md [14ms]
[2022-06-02T10:33:09.272Z] > git ls-files --stage -- /home/sirmmy/Development/code/prework/phase-0/phase-0-html-album-cover-lab/SOURCE.md [2ms]
[2022-06-02T10:33:09.306Z] > git cat-file -s a9b56df08db579026a2a5d73b22e01af668b7104 [21ms]
[2022-06-02T10:33:22.597Z] > git show --textconv :index.html [10ms]
[2022-06-02T10:33:22.598Z] > git ls-files --stage -- /home/sirmmy/Development/code/prework/phase-0/phase-0-html-album-cover-lab/index.html [1ms]
[2022-06-02T10:33:22.610Z] > git cat-file -s e7127c9a593faba3a23cc9492b305125f6a18c5a [3ms]
[2022-06-02T10:34:33.638Z] > git status -z -uall [2ms]
[2022-06-02T10:34:33.649Z] > git symbolic-ref --short HEAD [1ms]
[2022-06-02T10:34:33.660Z] > git for-each-ref --format=%(refname)%00%(upstream:short)%00%(objectname)%00%(upstream:track)%00%(upstream:remotename)%00%(upstream:remoteref) refs/heads/master refs/remotes/master [2ms]
[2022-06-02T10:34:33.681Z] > git for-each-ref --sort -committerdate --format %(refname) %(objectname) %(*objectname) [12ms]
[2022-06-02T10:34:33.681Z] > git remote --verbose [3ms]
[2022-06-02T10:34:33.694Z] > git config --get commit.template [1ms]
[2022-06-02T10:34:34.348Z] > git show --textconv :index.html [28ms]
[2022-06-02T10:34:34.350Z] > git ls-files --stage -- /home/sirmmy/Development/code/prework/phase-0/phase-0-html-album-cover-lab/index.html [17ms]
[2022-06-02T10:34:34.366Z] > git cat-file -s e7127c9a593faba3a23cc9492b305125f6a18c5a [3ms]
[2022-06-02T10:35:14.027Z] > git status -z -uall [3ms]
[2022-06-02T10:35:14.040Z] > git symbolic-ref --short HEAD [2ms]
[2022-06-02T10:35:14.052Z] > git for-each-ref --format=%(refname)%00%(upstream:short)%00%(objectname)%00%(upstream:track)%00%(upstream:remotename)%00%(upstream:remoteref) refs/heads/master refs/remotes/master [2ms]
[2022-06-02T10:35:14.073Z] > git for-each-ref --sort -committerdate --format %(refname) %(objectname) %(*objectname) [11ms]
[2022-06-02T10:35:14.073Z] > git remote --verbose [2ms]
[2022-06-02T10:35:14.085Z] > git config --get commit.template [1ms]
[2022-06-02T10:35:15.824Z] > git show --textconv :index.html [28ms]
[2022-06-02T10:35:15.826Z] > git ls-files --stage -- /home/sirmmy/Development/code/prework/phase-0/phase-0-html-album-cover-lab/index.html [18ms]
[2022-06-02T10:35:15.846Z] > git cat-file -s e7127c9a593faba3a23cc9492b305125f6a18c5a [7ms]
[2022-06-02T10:35:44.896Z] > git status -z -uall [2ms]
[2022-06-02T10:35:44.908Z] > git symbolic-ref --short HEAD [2ms]
[2022-06-02T10:35:44.919Z] > git for-each-ref --format=%(refname)%00%(upstream:short)%00%(objectname)%00%(upstream:track)%00%(upstream:remotename)%00%(upstream:remoteref) refs/heads/master refs/remotes/master [1ms]
[2022-06-02T10:35:44.937Z] > git for-each-ref --sort -committerdate --format %(refname) %(objectname) %(*objectname) [9ms]
[2022-06-02T10:35:44.938Z] > git remote --verbose [2ms]
[2022-06-02T10:35:44.950Z] > git config --get commit.template [2ms]
[2022-06-02T10:35:48.350Z] > git ls-files --stage -- /home/sirmmy/Development/code/prework/phase-0/phase-0-html-album-cover-lab/index.html [1ms]
[2022-06-02T10:35:48.360Z] > git cat-file -s 9c2a0346e9cf391a2b0e3e3b8d0ad189d5ef5a86 [1ms]
[2022-06-02T10:35:48.375Z] > git show --textconv :index.html [2ms]
[2022-06-02T10:35:49.967Z] > git status -z -uall [2ms]
[2022-06-02T10:35:49.979Z] > git symbolic-ref --short HEAD [2ms]
[2022-06-02T10:35:49.989Z] > git for-each-ref --format=%(refname)%00%(upstream:short)%00%(objectname)%00%(upstream:track)%00%(upstream:remotename)%00%(upstream:remoteref) refs/heads/master refs/remotes/master [2ms]
[2022-06-02T10:35:50.006Z] > git for-each-ref --sort -committerdate --format %(refname) %(objectname) %(*objectname) [9ms]
[2022-06-02T10:35:50.007Z] > git remote --verbose [2ms]
[2022-06-02T10:35:50.022Z] > git config --get commit.template [2ms]
[2022-06-02T10:35:55.037Z] > git status -z -uall [2ms]
[2022-06-02T10:35:55.047Z] > git symbolic-ref --short HEAD [1ms]
[2022-06-02T10:35:55.058Z] > git for-each-ref --format=%(refname)%00%(upstream:short)%00%(objectname)%00%(upstream:track)%00%(upstream:remotename)%00%(upstream:remoteref) refs/heads/master refs/remotes/master [2ms]
[2022-06-02T10:35:55.078Z] > git for-each-ref --sort -committerdate --format %(refname) %(objectname) %(*objectname) [10ms]
[2022-06-02T10:35:55.079Z] > git remote --verbose [2ms]
[2022-06-02T10:35:55.091Z] > git config --get commit.template [2ms]
[2022-06-02T10:36:17.133Z] > git status -z -uall [2ms]
[2022-06-02T10:36:17.147Z] > git symbolic-ref --short HEAD [2ms]
[2022-06-02T10:36:17.161Z] > git for-each-ref --format=%(refname)%00%(upstream:short)%00%(objectname)%00%(upstream:track)%00%(upstream:remotename)%00%(upstream:remoteref) refs/heads/master refs/remotes/master [2ms]
[2022-06-02T10:36:17.187Z] > git for-each-ref --sort -committerdate --format %(refname) %(objectname) %(*objectname) [15ms]
[2022-06-02T10:36:17.188Z] > git remote --verbose [3ms]
[2022-06-02T10:36:17.202Z] > git config --get commit.template [1ms]
[2022-06-02T10:36:25.827Z] > git status -z -uall [2ms]
[2022-06-02T10:36:25.839Z] > git symbolic-ref --short HEAD [2ms]
[2022-06-02T10:36:25.849Z] > git for-each-ref --format=%(refname)%00%(upstream:short)%00%(objectname)%00%(upstream:track)%00%(upstream:remotename)%00%(upstream:remoteref) refs/heads/master refs/remotes/master [2ms]
[2022-06-02T10:36:25.868Z] > git for-each-ref --sort -committerdate --format %(refname) %(objectname) %(*objectname) [10ms]
[2022-06-02T10:36:25.868Z] > git remote --verbose [2ms]
[2022-06-02T10:36:25.881Z] > git config --get commit.template [2ms]
[2022-06-02T10:36:25.928Z] > git ls-files --stage -- /home/sirmmy/Development/code/prework/phase-0/phase-0-html-album-cover-lab/index.html [1ms]
[2022-06-02T10:36:25.938Z] > git cat-file -s 9c2a0346e9cf391a2b0e3e3b8d0ad189d5ef5a86 [1ms]
[2022-06-02T10:36:25.953Z] > git show --textconv :index.html [2ms]
[2022-06-02T10:36:45.658Z] > git status -z -uall [2ms]
[2022-06-02T10:36:45.670Z] > git symbolic-ref --short HEAD [1ms]
[2022-06-02T10:36:45.680Z] > git for-each-ref --format=%(refname)%00%(upstream:short)%00%(objectname)%00%(upstream:track)%00%(upstream:remotename)%00%(upstream:remoteref) refs/heads/master refs/remotes/master [1ms]
[2022-06-02T10:36:45.698Z] > git for-each-ref --sort -committerdate --format %(refname) %(objectname) %(*objectname) [9ms]
[2022-06-02T10:36:45.699Z] > git remote --verbose [2ms]
[2022-06-02T10:36:45.710Z] > git config --get commit.template [1ms]
[2022-06-02T10:37:44.518Z] > git show --textconv :SOURCE.md [27ms]
[2022-06-02T10:37:44.520Z] > git ls-files --stage -- /home/sirmmy/Development/code/prework/phase-0/phase-0-html-album-cover-lab/SOURCE.md [17ms]
[2022-06-02T10:37:44.537Z] > git cat-file -s a9b56df08db579026a2a5d73b22e01af668b7104 [4ms]
[2022-06-02T10:37:50.826Z] > git show --textconv :index.html [9ms]
[2022-06-02T10:37:50.826Z] > git ls-files --stage -- /home/sirmmy/Development/code/prework/phase-0/phase-0-html-album-cover-lab/index.html [1ms]
[2022-06-02T10:37:50.836Z] > git cat-file -s 9c2a0346e9cf391a2b0e3e3b8d0ad189d5ef5a86 [2ms]
[2022-06-02T10:37:55.315Z] > git show --textconv :SOURCE.md [9ms]
[2022-06-02T10:37:55.316Z] > git ls-files --stage -- /home/sirmmy/Development/code/prework/phase-0/phase-0-html-album-cover-lab/SOURCE.md [1ms]
[2022-06-02T10:37:55.326Z] > git cat-file -s a9b56df08db579026a2a5d73b22e01af668b7104 [2ms]
[2022-06-02T10:37:56.560Z] > git show --textconv :index.html [10ms]
[2022-06-02T10:37:56.561Z] > git ls-files --stage -- /home/sirmmy/Development/code/prework/phase-0/phase-0-html-album-cover-lab/index.html [1ms]
[2022-06-02T10:37:56.582Z] > git cat-file -s 9c2a0346e9cf391a2b0e3e3b8d0ad189d5ef5a86 [12ms]
[2022-06-02T10:37:58.337Z] > git show --textconv :SOURCE.md [11ms]
[2022-06-02T10:37:58.338Z] > git ls-files --stage -- /home/sirmmy/Development/code/prework/phase-0/phase-0-html-album-cover-lab/SOURCE.md [1ms]
[2022-06-02T10:37:58.352Z] > git cat-file -s a9b56df08db579026a2a5d73b22e01af668b7104 [2ms]
[2022-06-02T10:38:12.986Z] > git show --textconv :index.html [9ms]
[2022-06-02T10:38:12.987Z] > git ls-files --stage -- /home/sirmmy/Development/code/prework/phase-0/phase-0-html-album-cover-lab/index.html [1ms]
[2022-06-02T10:38:13.007Z] > git cat-file -s 9c2a0346e9cf391a2b0e3e3b8d0ad189d5ef5a86 [11ms]
[2022-06-02T10:39:17.936Z] > git status -z -uall [2ms]
[2022-06-02T10:39:17.950Z] > git symbolic-ref --short HEAD [2ms]
[2022-06-02T10:39:17.964Z] > git for-each-ref --format=%(refname)%00%(upstream:short)%00%(objectname)%00%(upstream:track)%00%(upstream:remotename)%00%(upstream:remoteref) refs/heads/master refs/remotes/master [2ms]
[2022-06-02T10:39:17.989Z] > git for-each-ref --sort -committerdate --format %(refname) %(objectname) %(*objectname) [14ms]
[2022-06-02T10:39:17.991Z] > git remote --verbose [4ms]
[2022-06-02T10:39:18.007Z] > git config --get commit.template [2ms]
[2022-06-02T10:39:27.683Z] > git show --textconv :index.html [10ms]
[2022-06-02T10:39:27.684Z] > git ls-files --stage -- /home/sirmmy/Development/code/prework/phase-0/phase-0-html-album-cover-lab/index.html [2ms]
[2022-06-02T10:39:27.703Z] > git cat-file -s 9c2a0346e9cf391a2b0e3e3b8d0ad189d5ef5a86 [11ms]
[2022-06-02T10:39:37.951Z] > git status -z -uall [4ms]
[2022-06-02T10:39:37.968Z] > git symbolic-ref --short HEAD [3ms]
[2022-06-02T10:39:37.980Z] > git for-each-ref --format=%(refname)%00%(upstream:short)%00%(objectname)%00%(upstream:track)%00%(upstream:remotename)%00%(upstream:remoteref) refs/heads/master refs/remotes/master [1ms]
[2022-06-02T10:39:38.010Z] > git for-each-ref --sort -committerdate --format %(refname) %(objectname) %(*objectname) [16ms]
[2022-06-02T10:39:38.010Z] > git remote --verbose [1ms]
[2022-06-02T10:39:38.025Z] > git config --get commit.template [1ms]
[2022-06-02T10:39:50.836Z] > git show --textconv :index.html [10ms]
[2022-06-02T10:39:50.837Z] > git ls-files --stage -- /home/sirmmy/Development/code/prework/phase-0/phase-0-html-album-cover-lab/index.html [1ms]
[2022-06-02T10:39:50.847Z] > git cat-file -s 9c2a0346e9cf391a2b0e3e3b8d0ad189d5ef5a86 [2ms]
[2022-06-02T10:40:08.186Z] > git status -z -uall [2ms]
[2022-06-02T10:40:08.196Z] > git symbolic-ref --short HEAD [1ms]
[2022-06-02T10:40:08.206Z] > git for-each-ref --format=%(refname)%00%(upstream:short)%00%(objectname)%00%(upstream:track)%00%(upstream:remotename)%00%(upstream:remoteref) refs/heads/master refs/remotes/master [1ms]
[2022-06-02T10:40:08.229Z] > git for-each-ref --sort -committerdate --format %(refname) %(objectname) %(*objectname) [12ms]
[2022-06-02T10:40:08.231Z] > git remote --verbose [2ms]
[2022-06-02T10:40:08.245Z] > git config --get commit.template [2ms]
[2022-06-02T10:40:11.812Z] > git ls-files --stage -- /home/sirmmy/Development/code/prework/phase-0/phase-0-html-album-cover-lab/index.html [2ms]
[2022-06-02T10:40:11.821Z] > git cat-file -s 8ff1115d28bc70ef14c6999819ef8b42ce37b7d6 [1ms]
[2022-06-02T10:40:11.835Z] > git show --textconv :index.html [2ms]
[2022-06-02T10:40:13.264Z] > git status -z -uall [2ms]
[2022-06-02T10:40:13.276Z] > git symbolic-ref --short HEAD [1ms]
[2022-06-02T10:40:13.291Z] > git for-each-ref --format=%(refname)%00%(upstream:short)%00%(objectname)%00%(upstream:track)%00%(upstream:remotename)%00%(upstream:remoteref) refs/heads/master refs/remotes/master [2ms]
[2022-06-02T10:40:13.315Z] > git for-each-ref --sort -committerdate --format %(refname) %(objectname) %(*objectname) [12ms]
[2022-06-02T10:40:13.315Z] > git remote --verbose [2ms]
[2022-06-02T10:40:13.330Z] > git config --get commit.template [1ms]
[2022-06-02T10:40:18.343Z] > git status -z -uall [2ms]
[2022-06-02T10:40:18.353Z] > git symbolic-ref --short HEAD [1ms]
[2022-06-02T10:40:18.363Z] > git for-each-ref --format=%(refname)%00%(upstream:short)%00%(objectname)%00%(upstream:track)%00%(upstream:remotename)%00%(upstream:remoteref) refs/heads/master refs/remotes/master [2ms]
[2022-06-02T10:40:18.382Z] > git for-each-ref --sort -committerdate --format %(refname) %(objectname) %(*objectname) [10ms]
[2022-06-02T10:40:18.382Z] > git remote --verbose [1ms]
[2022-06-02T10:40:18.394Z] > git config --get commit.template [2ms]
[2022-06-02T10:40:31.535Z] > git status -z -uall [4ms]
[2022-06-02T10:40:31.548Z] > git symbolic-ref --short HEAD [2ms]
[2022-06-02T10:40:31.561Z] > git for-each-ref --format=%(refname)%00%(upstream:short)%00%(objectname)%00%(upstream:track)%00%(upstream:remotename)%00%(upstream:remoteref) refs/heads/master refs/remotes/master [2ms]
[2022-06-02T10:40:31.585Z] > git for-each-ref --sort -committerdate --format %(refname) %(objectname) %(*objectname) [12ms]
[2022-06-02T10:40:31.585Z] > git remote --verbose [1ms]
[2022-06-02T10:40:31.600Z] > git config --get commit.template [2ms]
[2022-06-02T10:40:33.746Z] > git ls-files --stage -- /home/sirmmy/Development/code/prework/phase-0/phase-0-html-album-cover-lab/index.html [2ms]
[2022-06-02T10:40:33.756Z] > git cat-file -s 8ff1115d28bc70ef14c6999819ef8b42ce37b7d6 [1ms]
[2022-06-02T10:40:33.773Z] > git show --textconv :index.html [2ms]
[2022-06-02T10:40:36.617Z] > git status -z -uall [2ms]
[2022-06-02T10:40:36.629Z] > git symbolic-ref --short HEAD [2ms]
[2022-06-02T10:40:36.642Z] > git for-each-ref --format=%(refname)%00%(upstream:short)%00%(objectname)%00%(upstream:track)%00%(upstream:remotename)%00%(upstream:remoteref) refs/heads/master refs/remotes/master [2ms]
[2022-06-02T10:40:36.660Z] > git for-each-ref --sort -committerdate --format %(refname) %(objectname) %(*objectname) [10ms]
[2022-06-02T10:40:36.660Z] > git remote --verbose [1ms]
[2022-06-02T10:40:36.673Z] > git config --get commit.template [1ms]
[2022-06-02T10:40:41.691Z] > git status -z -uall [2ms]
[2022-06-02T10:40:41.702Z] > git symbolic-ref --short HEAD [1ms]
[2022-06-02T10:40:41.713Z] > git for-each-ref --format=%(refname)%00%(upstream:short)%00%(objectname)%00%(upstream:track)%00%(upstream:remotename)%00%(upstream:remoteref) refs/heads/master refs/remotes/master [2ms]
[2022-06-02T10:40:41.732Z] > git for-each-ref --sort -committerdate --format %(refname) %(objectname) %(*objectname) [10ms]
[2022-06-02T10:40:41.732Z] > git remote --verbose [1ms]
[2022-06-02T10:40:41.745Z] > git config --get commit.template [2ms]
[2022-06-02T10:40:44.810Z] > git show --textconv :SOURCE.md [11ms]
[2022-06-02T10:40:44.811Z] > git ls-files --stage -- /home/sirmmy/Development/code/prework/phase-0/phase-0-html-album-cover-lab/SOURCE.md [1ms]
[2022-06-02T10:40:44.833Z] > git cat-file -s a9b56df08db579026a2a5d73b22e01af668b7104 [13ms]
[2022-06-02T10:40:54.007Z] > git show --textconv :index.html [12ms]
[2022-06-02T10:40:54.021Z] > git ls-files --stage -- /home/sirmmy/Development/code/prework/phase-0/phase-0-html-album-cover-lab/index.html [15ms]
[2022-06-02T10:40:54.038Z] > git cat-file -s 8ff1115d28bc70ef14c6999819ef8b42ce37b7d6 [3ms]
[2022-06-02T10:41:33.734Z] > git show --textconv :SOURCE.md [9ms]
[2022-06-02T10:41:33.734Z] > git ls-files --stage -- /home/sirmmy/Development/code/prework/phase-0/phase-0-html-album-cover-lab/SOURCE.md [1ms]
[2022-06-02T10:41:33.745Z] > git cat-file -s a9b56df08db579026a2a5d73b22e01af668b7104 [1ms]
[2022-06-02T10:41:44.784Z] > git show --textconv :index.html [10ms]
[2022-06-02T10:41:44.785Z] > git ls-files --stage -- /home/sirmmy/Development/code/prework/phase-0/phase-0-html-album-cover-lab/index.html [2ms]
[2022-06-02T10:41:44.795Z] > git cat-file -s 8ff1115d28bc70ef14c6999819ef8b42ce37b7d6 [2ms]
[2022-06-02T10:42:14.237Z] > git show --textconv :SOURCE.md [9ms]
[2022-06-02T10:42:14.238Z] > git ls-files --stage -- /home/sirmmy/Development/code/prework/phase-0/phase-0-html-album-cover-lab/SOURCE.md [1ms]
[2022-06-02T10:42:14.248Z] > git cat-file -s a9b56df08db579026a2a5d73b22e01af668b7104 [2ms]
[2022-06-02T10:42:19.863Z] > git show --textconv :index.html [11ms]
[2022-06-02T10:42:19.864Z] > git ls-files --stage -- /home/sirmmy/Development/code/prework/phase-0/phase-0-html-album-cover-lab/index.html [2ms]
[2022-06-02T10:42:19.876Z] > git cat-file -s 8ff1115d28bc70ef14c6999819ef8b42ce37b7d6 [3ms]
[2022-06-02T10:42:26.522Z] > git show --textconv :SOURCE.md [10ms]
[2022-06-02T10:42:26.522Z] > git ls-files --stage -- /home/sirmmy/Development/code/prework/phase-0/phase-0-html-album-cover-lab/SOURCE.md [1ms]
[2022-06-02T10:42:26.532Z] > git cat-file -s a9b56df08db579026a2a5d73b22e01af668b7104 [2ms]
[2022-06-02T10:42:37.958Z] > git show --textconv :index.html [9ms]
[2022-06-02T10:42:37.958Z] > git ls-files --stage -- /home/sirmmy/Development/code/prework/phase-0/phase-0-html-album-cover-lab/index.html [1ms]
[2022-06-02T10:42:37.969Z] > git cat-file -s 8ff1115d28bc70ef14c6999819ef8b42ce37b7d6 [2ms]
[2022-06-02T10:42:59.738Z] > git show --textconv :SOURCE.md [16ms]
[2022-06-02T10:42:59.739Z] > git ls-files --stage -- /home/sirmmy/Development/code/prework/phase-0/phase-0-html-album-cover-lab/SOURCE.md [3ms]
[2022-06-02T10:42:59.759Z] > git cat-file -s a9b56df08db579026a2a5d73b22e01af668b7104 [1ms]
[2022-06-02T10:43:00.419Z] > git status -z -uall [3ms]
[2022-06-02T10:43:00.432Z] > git symbolic-ref --short HEAD [1ms]
[2022-06-02T10:43:00.443Z] > git for-each-ref --format=%(refname)%00%(upstream:short)%00%(objectname)%00%(upstream:track)%00%(upstream:remotename)%00%(upstream:remoteref) refs/heads/master refs/remotes/master [2ms]
[2022-06-02T10:43:00.467Z] > git remote --verbose [1ms]
[2022-06-02T10:43:00.467Z] > git for-each-ref --sort -committerdate --format %(refname) %(objectname) %(*objectname) [14ms]
[2022-06-02T10:43:00.482Z] > git config --get commit.template [2ms]
[2022-06-02T10:43:40.738Z] > git show --textconv :index.html [19ms]
[2022-06-02T10:43:40.739Z] > git ls-files --stage -- /home/sirmmy/Development/code/prework/phase-0/phase-0-html-album-cover-lab/index.html [11ms]
[2022-06-02T10:43:40.750Z] > git cat-file -s 8ff1115d28bc70ef14c6999819ef8b42ce37b7d6 [1ms]
[2022-06-02T10:43:52.524Z] > git status -z -uall [3ms]
[2022-06-02T10:43:52.536Z] > git symbolic-ref --short HEAD [2ms]
[2022-06-02T10:43:52.546Z] > git for-each-ref --format=%(refname)%00%(upstream:short)%00%(objectname)%00%(upstream:track)%00%(upstream:remotename)%00%(upstream:remoteref) refs/heads/master refs/remotes/master [2ms]
[2022-06-02T10:43:52.564Z] > git for-each-ref --sort -committerdate --format %(refname) %(objectname) %(*objectname) [9ms]
[2022-06-02T10:43:52.565Z] > git remote --verbose [2ms]
[2022-06-02T10:43:52.577Z] > git config --get commit.template [1ms]
[2022-06-02T10:44:07.401Z] > git show --textconv :index.html [21ms]
[2022-06-02T10:44:07.402Z] > git ls-files --stage -- /home/sirmmy/Development/code/prework/phase-0/phase-0-html-album-cover-lab/index.html [12ms]
[2022-06-02T10:44:07.414Z] > git cat-file -s 8ff1115d28bc70ef14c6999819ef8b42ce37b7d6 [3ms]
[2022-06-02T10:44:16.649Z] > git status -z -uall [2ms]
[2022-06-02T10:44:16.659Z] > git symbolic-ref --short HEAD [1ms]
[2022-06-02T10:44:16.669Z] > git for-each-ref --format=%(refname)%00%(upstream:short)%00%(objectname)%00%(upstream:track)%00%(upstream:remotename)%00%(upstream:remoteref) refs/heads/master refs/remotes/master [1ms]
[2022-06-02T10:44:16.687Z] > git for-each-ref --sort -committerdate --format %(refname) %(objectname) %(*objectname) [9ms]
[2022-06-02T10:44:16.687Z] > git remote --verbose [1ms]
[2022-06-02T10:44:16.698Z] > git config --get commit.template [1ms]
[2022-06-02T10:44:18.322Z] > git ls-files --stage -- /home/sirmmy/Development/code/prework/phase-0/phase-0-html-album-cover-lab/index.html [2ms]
[2022-06-02T10:44:18.334Z] > git cat-file -s d1f03ca1f3bda48458f4232bb886da2848e2e191 [2ms]
[2022-06-02T10:44:18.350Z] > git show --textconv :index.html [1ms]
[2022-06-02T10:44:21.717Z] > git status -z -uall [3ms]
[2022-06-02T10:44:21.730Z] > git symbolic-ref --short HEAD [2ms]
[2022-06-02T10:44:21.740Z] > git for-each-ref --format=%(refname)%00%(upstream:short)%00%(objectname)%00%(upstream:track)%00%(upstream:remotename)%00%(upstream:remoteref) refs/heads/master refs/remotes/master [1ms]
[2022-06-02T10:44:21.758Z] > git for-each-ref --sort -committerdate --format %(refname) %(objectname) %(*objectname) [9ms]
[2022-06-02T10:44:21.758Z] > git remote --verbose [1ms]
[2022-06-02T10:44:21.774Z] > git config --get commit.template [3ms]
[2022-06-02T10:44:26.787Z] > git status -z -uall [2ms]
[2022-06-02T10:44:26.798Z] > git symbolic-ref --short HEAD [1ms]
[2022-06-02T10:44:26.808Z] > git for-each-ref --format=%(refname)%00%(upstream:short)%00%(objectname)%00%(upstream:track)%00%(upstream:remotename)%00%(upstream:remoteref) refs/heads/master refs/remotes/master [1ms]
[2022-06-02T10:44:26.828Z] > git for-each-ref --sort -committerdate --format %(refname) %(objectname) %(*objectname) [11ms]
[2022-06-02T10:44:26.828Z] > git remote --verbose [2ms]
[2022-06-02T10:44:26.840Z] > git config --get commit.template [2ms]
[2022-06-02T10:44:44.904Z] > git show --textconv :SOURCE.md [10ms]
[2022-06-02T10:44:44.905Z] > git ls-files --stage -- /home/sirmmy/Development/code/prework/phase-0/phase-0-html-album-cover-lab/SOURCE.md [2ms]
[2022-06-02T10:44:44.916Z] > git cat-file -s a9b56df08db579026a2a5d73b22e01af668b7104 [1ms]
[2022-06-02T10:44:52.707Z] > git show --textconv :index.html [9ms]
[2022-06-02T10:44:52.708Z] > git ls-files --stage -- /home/sirmmy/Development/code/prework/phase-0/phase-0-html-album-cover-lab/index.html [2ms]
[2022-06-02T10:44:52.718Z] > git cat-file -s d1f03ca1f3bda48458f4232bb886da2848e2e191 [2ms]
[2022-06-02T10:45:41.823Z] > git show --textconv :SOURCE.md [9ms]
[2022-06-02T10:45:41.824Z] > git ls-files --stage -- /home/sirmmy/Development/code/prework/phase-0/phase-0-html-album-cover-lab/SOURCE.md [1ms]
[2022-06-02T10:45:41.834Z] > git cat-file -s a9b56df08db579026a2a5d73b22e01af668b7104 [1ms]
[2022-06-02T10:45:54.528Z] > git show --textconv :index.html [12ms]
[2022-06-02T10:45:54.529Z] > git ls-files --stage -- /home/sirmmy/Development/code/prework/phase-0/phase-0-html-album-cover-lab/index.html [2ms]
[2022-06-02T10:45:54.542Z] > git cat-file -s d1f03ca1f3bda48458f4232bb886da2848e2e191 [2ms]
[2022-06-02T10:49:51.755Z] > git show --textconv :SOURCE.md [10ms]
[2022-06-02T10:49:51.755Z] > git ls-files --stage -- /home/sirmmy/Development/code/prework/phase-0/phase-0-html-album-cover-lab/SOURCE.md [1ms]
[2022-06-02T10:49:51.766Z] > git cat-file -s a9b56df08db579026a2a5d73b22e01af668b7104 [2ms]
[2022-06-02T10:49:59.969Z] > git show --textconv :index.html [10ms]
[2022-06-02T10:49:59.970Z] > git ls-files --stage -- /home/sirmmy/Development/code/prework/phase-0/phase-0-html-album-cover-lab/index.html [2ms]
[2022-06-02T10:49:59.981Z] > git cat-file -s d1f03ca1f3bda48458f4232bb886da2848e2e191 [2ms]
[2022-06-02T10:50:29.173Z] > git show --textconv :SOURCE.md [9ms]
[2022-06-02T10:50:29.174Z] > git ls-files --stage -- /home/sirmmy/Development/code/prework/phase-0/phase-0-html-album-cover-lab/SOURCE.md [2ms]
[2022-06-02T10:50:29.186Z] > git cat-file -s a9b56df08db579026a2a5d73b22e01af668b7104 [2ms]
[2022-06-02T10:50:35.952Z] > git show --textconv :index.html [12ms]
[2022-06-02T10:50:35.953Z] > git ls-files --stage -- /home/sirmmy/Development/code/prework/phase-0/phase-0-html-album-cover-lab/index.html [2ms]
[2022-06-02T10:50:35.966Z] > git cat-file -s d1f03ca1f3bda48458f4232bb886da2848e2e191 [1ms]
[2022-06-02T10:50:48.032Z] > git show --textconv :SOURCE.md [14ms]
[2022-06-02T10:50:48.032Z] > git ls-files --stage -- /home/sirmmy/Development/code/prework/phase-0/phase-0-html-album-cover-lab/SOURCE.md [2ms]
[2022-06-02T10:50:48.043Z] > git cat-file -s a9b56df08db579026a2a5d73b22e01af668b7104 [2ms]
[2022-06-02T10:50:48.709Z] > git status -z -uall [2ms]
[2022-06-02T10:50:48.721Z] > git symbolic-ref --short HEAD [1ms]
[2022-06-02T10:50:48.734Z] > git for-each-ref --format=%(refname)%00%(upstream:short)%00%(objectname)%00%(upstream:track)%00%(upstream:remotename)%00%(upstream:remoteref) refs/heads/master refs/remotes/master [1ms]
[2022-06-02T10:50:48.759Z] > git for-each-ref --sort -committerdate --format %(refname) %(objectname) %(*objectname) [11ms]
[2022-06-02T10:50:48.761Z] > git remote --verbose [4ms]
[2022-06-02T10:50:48.777Z] > git config --get commit.template [3ms]
[2022-06-02T10:51:10.015Z] > git show --textconv :index.html [9ms]
[2022-06-02T10:51:10.016Z] > git ls-files --stage -- /home/sirmmy/Development/code/prework/phase-0/phase-0-html-album-cover-lab/index.html [1ms]
[2022-06-02T10:51:10.026Z] > git cat-file -s d1f03ca1f3bda48458f4232bb886da2848e2e191 [1ms]
[2022-06-02T10:51:25.925Z] > git status -z -uall [2ms]
[2022-06-02T10:51:25.937Z] > git symbolic-ref --short HEAD [2ms]
[2022-06-02T10:51:25.948Z] > git for-each-ref --format=%(refname)%00%(upstream:short)%00%(objectname)%00%(upstream:track)%00%(upstream:remotename)%00%(upstream:remoteref) refs/heads/master refs/remotes/master [1ms]
[2022-06-02T10:51:25.970Z] > git for-each-ref --sort -committerdate --format %(refname) %(objectname) %(*objectname) [14ms]
[2022-06-02T10:51:25.970Z] > git remote --verbose [1ms]
[2022-06-02T10:51:25.984Z] > git config --get commit.template [1ms]
[2022-06-02T10:51:49.419Z] > git status -z -uall [3ms]
[2022-06-02T10:51:49.431Z] > git symbolic-ref --short HEAD [2ms]
[2022-06-02T10:51:49.444Z] > git for-each-ref --format=%(refname)%00%(upstream:short)%00%(objectname)%00%(upstream:track)%00%(upstream:remotename)%00%(upstream:remoteref) refs/heads/master refs/remotes/master [3ms]
[2022-06-02T10:51:49.466Z] > git for-each-ref --sort -committerdate --format %(refname) %(objectname) %(*objectname) [10ms]
[2022-06-02T10:51:49.467Z] > git remote --verbose [2ms]
[2022-06-02T10:51:49.480Z] > git config --get commit.template [1ms]
[2022-06-02T10:51:55.849Z] > git status -z -uall [2ms]
[2022-06-02T10:51:55.859Z] > git symbolic-ref --short HEAD [2ms]
[2022-06-02T10:51:55.869Z] > git for-each-ref --format=%(refname)%00%(upstream:short)%00%(objectname)%00%(upstream:track)%00%(upstream:remotename)%00%(upstream:remoteref) refs/heads/master refs/remotes/master [2ms]
[2022-06-02T10:51:55.887Z] > git for-each-ref --sort -committerdate --format %(refname) %(objectname) %(*objectname) [9ms]
[2022-06-02T10:51:55.887Z] > git remote --verbose [1ms]
[2022-06-02T10:51:55.901Z] > git config --get commit.template [2ms]
[2022-06-02T10:52:00.918Z] > git status -z -uall [2ms]
[2022-06-02T10:52:00.931Z] > git symbolic-ref --short HEAD [1ms]
[2022-06-02T10:52:00.944Z] > git for-each-ref --format=%(refname)%00%(upstream:short)%00%(objectname)%00%(upstream:track)%00%(upstream:remotename)%00%(upstream:remoteref) refs/heads/master refs/remotes/master [3ms]
[2022-06-02T10:52:00.967Z] > git for-each-ref --sort -committerdate --format %(refname) %(objectname) %(*objectname) [12ms]
[2022-06-02T10:52:00.967Z] > git remote --verbose [3ms]
[2022-06-02T10:52:00.980Z] > git config --get commit.template [1ms]
[2022-06-02T10:52:03.049Z] > git show --textconv :index.html [42ms]
[2022-06-02T10:52:03.050Z] > git ls-files --stage -- /home/sirmmy/Development/code/prework/phase-0/phase-0-html-album-cover-lab/index.html [20ms]
[2022-06-02T10:52:03.073Z] > git cat-file -s 369aee14915935864a43c6b5df7492186575291f [7ms]
[2022-06-02T10:52:54.089Z] > git status -z -uall [2ms]
[2022-06-02T10:52:54.100Z] > git symbolic-ref --short HEAD [1ms]
[2022-06-02T10:52:54.111Z] > git for-each-ref --format=%(refname)%00%(upstream:short)%00%(objectname)%00%(upstream:track)%00%(upstream:remotename)%00%(upstream:remoteref) refs/heads/master refs/remotes/master [2ms]
[2022-06-02T10:52:54.133Z] > git for-each-ref --sort -committerdate --format %(refname) %(objectname) %(*objectname) [11ms]
[2022-06-02T10:52:54.134Z] > git remote --verbose [3ms]
[2022-06-02T10:52:54.151Z] > git config --get commit.template [1ms]
[2022-06-02T10:53:02.867Z] > git status -z -uall [2ms]
[2022-06-02T10:53:02.878Z] > git symbolic-ref --short HEAD [2ms]
[2022-06-02T10:53:02.888Z] > git for-each-ref --format=%(refname)%00%(upstream:short)%00%(objectname)%00%(upstream:track)%00%(upstream:remotename)%00%(upstream:remoteref) refs/heads/master refs/remotes/master [1ms]
[2022-06-02T10:53:02.907Z] > git for-each-ref --sort -committerdate --format %(refname) %(objectname) %(*objectname) [10ms]
[2022-06-02T10:53:02.907Z] > git remote --verbose [1ms]
[2022-06-02T10:53:02.919Z] > git config --get commit.template [1ms]
[2022-06-02T10:53:20.651Z] > git status -z -uall [4ms]
[2022-06-02T10:53:20.667Z] > git symbolic-ref --short HEAD [2ms]
[2022-06-02T10:53:20.678Z] > git for-each-ref --format=%(refname)%00%(upstream:short)%00%(objectname)%00%(upstream:track)%00%(upstream:remotename)%00%(upstream:remoteref) refs/heads/master refs/remotes/master [1ms]
[2022-06-02T10:53:20.700Z] > git for-each-ref --sort -committerdate --format %(refname) %(objectname) %(*objectname) [12ms]
[2022-06-02T10:53:20.700Z] > git remote --verbose [1ms]
[2022-06-02T10:53:20.714Z] > git config --get commit.template [2ms]
[2022-06-02T10:53:23.768Z] > git show --textconv :index.html [13ms]
[2022-06-02T10:53:23.769Z] > git ls-files --stage -- /home/sirmmy/Development/code/prework/phase-0/phase-0-html-album-cover-lab/index.html [3ms]
[2022-06-02T10:53:23.795Z] > git cat-file -s 54d16724a1226e522fd1dcc46a209fe911c96ab6 [13ms]
[2022-06-02T10:53:25.729Z] > git status -z -uall [2ms]
[2022-06-02T10:53:25.739Z] > git symbolic-ref --short HEAD [1ms]
[2022-06-02T10:53:25.751Z] > git for-each-ref --format=%(refname)%00%(upstream:short)%00%(objectname)%00%(upstream:track)%00%(upstream:remotename)%00%(upstream:remoteref) refs/heads/master refs/remotes/master [2ms]
[2022-06-02T10:53:25.769Z] > git for-each-ref --sort -committerdate --format %(refname) %(objectname) %(*objectname) [9ms]
[2022-06-02T10:53:25.770Z] > git remote --verbose [2ms]
[2022-06-02T10:53:25.781Z] > git config --get commit.template [1ms]
[2022-06-02T10:54:14.129Z] > git status -z -uall [2ms]
[2022-06-02T10:54:14.144Z] > git symbolic-ref --short HEAD [2ms]
[2022-06-02T10:54:14.157Z] > git for-each-ref --format=%(refname)%00%(upstream:short)%00%(objectname)%00%(upstream:track)%00%(upstream:remotename)%00%(upstream:remoteref) refs/heads/master refs/remotes/master [2ms]
[2022-06-02T10:54:14.180Z] > git for-each-ref --sort -committerdate --format %(refname) %(objectname) %(*objectname) [13ms]
[2022-06-02T10:54:14.180Z] > git remote --verbose [1ms]
[2022-06-02T10:54:14.197Z] > git config --get commit.template [1ms]
[2022-06-02T10:54:21.511Z] > git show --textconv :index.html [25ms]
[2022-06-02T10:54:21.512Z] > git ls-files --stage -- /home/sirmmy/Development/code/prework/phase-0/phase-0-html-album-cover-lab/index.html [15ms]
[2022-06-02T10:54:21.524Z] > git cat-file -s 54d16724a1226e522fd1dcc46a209fe911c96ab6 [3ms]
[2022-06-02T10:54:55.640Z] > git show --textconv :SOURCE.md [10ms]
[2022-06-02T10:54:55.641Z] > git ls-files --stage -- /home/sirmmy/Development/code/prework/phase-0/phase-0-html-album-cover-lab/SOURCE.md [2ms]
[2022-06-02T10:54:55.651Z] > git cat-file -s a9b56df08db579026a2a5d73b22e01af668b7104 [1ms]
[2022-06-02T10:55:07.008Z] > git show --textconv :index.html [10ms]
[2022-06-02T10:55:07.009Z] > git ls-files --stage -- /home/sirmmy/Development/code/prework/phase-0/phase-0-html-album-cover-lab/index.html [1ms]
[2022-06-02T10:55:07.019Z] > git cat-file -s 54d16724a1226e522fd1dcc46a209fe911c96ab6 [1ms]
[2022-06-02T10:55:44.456Z] > git show --textconv :SOURCE.md [26ms]
[2022-06-02T10:55:44.461Z] > git ls-files --stage -- /home/sirmmy/Development/code/prework/phase-0/phase-0-html-album-cover-lab/SOURCE.md [7ms]
[2022-06-02T10:55:44.483Z] > git cat-file -s a9b56df08db579026a2a5d73b22e01af668b7104 [4ms]
[2022-06-02T10:55:45.155Z] > git status -z -uall [2ms]
[2022-06-02T10:55:45.170Z] > git symbolic-ref --short HEAD [2ms]
[2022-06-02T10:55:45.185Z] > git for-each-ref --format=%(refname)%00%(upstream:short)%00%(objectname)%00%(upstream:track)%00%(upstream:remotename)%00%(upstream:remoteref) refs/heads/master refs/remotes/master [1ms]
[2022-06-02T10:55:45.217Z] > git remote --verbose [5ms]
[2022-06-02T10:55:45.218Z] > git for-each-ref --sort -committerdate --format %(refname) %(objectname) %(*objectname) [18ms]
[2022-06-02T10:55:45.236Z] > git config --get commit.template [2ms]
[2022-06-02T10:56:04.765Z] > git status -z -uall [2ms]
[2022-06-02T10:56:04.779Z] > git symbolic-ref --short HEAD [2ms]
[2022-06-02T10:56:04.793Z] > git for-each-ref --format=%(refname)%00%(upstream:short)%00%(objectname)%00%(upstream:track)%00%(upstream:remotename)%00%(upstream:remoteref) refs/heads/master refs/remotes/master [2ms]
[2022-06-02T10:56:04.816Z] > git for-each-ref --sort -committerdate --format %(refname) %(objectname) %(*objectname) [11ms]
[2022-06-02T10:56:04.817Z] > git remote --verbose [3ms]
[2022-06-02T10:56:04.830Z] > git config --get commit.template [1ms]
[2022-06-02T10:56:07.890Z] > git ls-files --stage -- /home/sirmmy/Development/code/prework/phase-0/phase-0-html-album-cover-lab/SOURCE.md [3ms]
[2022-06-02T10:56:07.900Z] > git cat-file -s a9b56df08db579026a2a5d73b22e01af668b7104 [1ms]
[2022-06-02T10:56:07.914Z] > git show --textconv :SOURCE.md [1ms]
[2022-06-02T10:56:09.848Z] > git status -z -uall [2ms]
[2022-06-02T10:56:09.858Z] > git symbolic-ref --short HEAD [1ms]
[2022-06-02T10:56:09.872Z] > git for-each-ref --format=%(refname)%00%(upstream:short)%00%(objectname)%00%(upstream:track)%00%(upstream:remotename)%00%(upstream:remoteref) refs/heads/master refs/remotes/master [2ms]
[2022-06-02T10:56:09.893Z] > git for-each-ref --sort -committerdate --format %(refname) %(objectname) %(*objectname) [12ms]
[2022-06-02T10:56:09.894Z] > git remote --verbose [2ms]
[2022-06-02T10:56:09.912Z] > git config --get commit.template [1ms]
[2022-06-02T10:56:14.929Z] > git status -z -uall [2ms]
[2022-06-02T10:56:14.944Z] > git symbolic-ref --short HEAD [2ms]
[2022-06-02T10:56:14.958Z] > git for-each-ref --format=%(refname)%00%(upstream:short)%00%(objectname)%00%(upstream:track)%00%(upstream:remotename)%00%(upstream:remoteref) refs/heads/master refs/remotes/master [3ms]
[2022-06-02T10:56:14.977Z] > git for-each-ref --sort -committerdate --format %(refname) %(objectname) %(*objectname) [11ms]
[2022-06-02T10:56:14.978Z] > git remote --verbose [2ms]
[2022-06-02T10:56:14.990Z] > git config --get commit.template [1ms]
[2022-06-02T10:56:25.225Z] > git show --textconv :index.html [11ms]
[2022-06-02T10:56:25.226Z] > git ls-files --stage -- /home/sirmmy/Development/code/prework/phase-0/phase-0-html-album-cover-lab/index.html [2ms]
[2022-06-02T10:56:25.236Z] > git cat-file -s fd602e777ac5ba8b8e71f92eeceedd98fcf0b073 [1ms]
[2022-06-02T10:57:10.112Z] > git status -z -uall [3ms]
[2022-06-02T10:57:10.123Z] > git symbolic-ref --short HEAD [2ms]
[2022-06-02T10:57:10.134Z] > git for-each-ref --format=%(refname)%00%(upstream:short)%00%(objectname)%00%(upstream:track)%00%(upstream:remotename)%00%(upstream:remoteref) refs/heads/master refs/remotes/master [2ms]
[2022-06-02T10:57:10.156Z] > git remote --verbose [3ms]
[2022-06-02T10:57:10.156Z] > git for-each-ref --sort -committerdate --format %(refname) %(objectname) %(*objectname) [12ms]
[2022-06-02T10:57:10.171Z] > git config --get commit.template [1ms]
[2022-06-02T10:57:19.500Z] > git show --textconv :index.html [10ms]
[2022-06-02T10:57:19.501Z] > git ls-files --stage -- /home/sirmmy/Development/code/prework/phase-0/phase-0-html-album-cover-lab/index.html [1ms]
[2022-06-02T10:57:19.511Z] > git cat-file -s fd602e777ac5ba8b8e71f92eeceedd98fcf0b073 [1ms]
[2022-06-02T10:58:31.063Z] > git status -z -uall [2ms]
[2022-06-02T10:58:31.075Z] > git symbolic-ref --short HEAD [2ms]
[2022-06-02T10:58:31.086Z] > git for-each-ref --format=%(refname)%00%(upstream:short)%00%(objectname)%00%(upstream:track)%00%(upstream:remotename)%00%(upstream:remoteref) refs/heads/master refs/remotes/master [2ms]
[2022-06-02T10:58:31.105Z] > git for-each-ref --sort -committerdate --format %(refname) %(objectname) %(*objectname) [11ms]
[2022-06-02T10:58:31.105Z] > git remote --verbose [1ms]
[2022-06-02T10:58:31.117Z] > git config --get commit.template [1ms]
[2022-06-02T10:58:41.856Z] > git show --textconv :index.html [10ms]
[2022-06-02T10:58:41.857Z] > git ls-files --stage -- /home/sirmmy/Development/code/prework/phase-0/phase-0-html-album-cover-lab/index.html [2ms]
[2022-06-02T10:58:41.876Z] > git cat-file -s fd602e777ac5ba8b8e71f92eeceedd98fcf0b073 [11ms]
[2022-06-02T10:58:54.343Z] > git status -z -uall [2ms]
[2022-06-02T10:58:54.353Z] > git symbolic-ref --short HEAD [1ms]
[2022-06-02T10:58:54.363Z] > git for-each-ref --format=%(refname)%00%(upstream:short)%00%(objectname)%00%(upstream:track)%00%(upstream:remotename)%00%(upstream:remoteref) refs/heads/master refs/remotes/master [2ms]
[2022-06-02T10:58:54.383Z] > git for-each-ref --sort -committerdate --format %(refname) %(objectname) %(*objectname) [10ms]
[2022-06-02T10:58:54.383Z] > git remote --verbose [1ms]
[2022-06-02T10:58:54.395Z] > git config --get commit.template [1ms]
[2022-06-02T10:58:56.163Z] > git ls-files --stage -- /home/sirmmy/Development/code/prework/phase-0/phase-0-html-album-cover-lab/index.html [2ms]
[2022-06-02T10:58:56.173Z] > git cat-file -s 8fd77bd97311ba95d6fdd5ba5ec2ed0cb088de20 [1ms]
[2022-06-02T10:58:56.187Z] > git show --textconv :index.html [1ms]
[2022-06-02T10:58:59.412Z] > git status -z -uall [2ms]
[2022-06-02T10:58:59.422Z] > git symbolic-ref --short HEAD [1ms]
[2022-06-02T10:58:59.433Z] > git for-each-ref --format=%(refname)%00%(upstream:short)%00%(objectname)%00%(upstream:track)%00%(upstream:remotename)%00%(upstream:remoteref) refs/heads/master refs/remotes/master [2ms]
[2022-06-02T10:58:59.452Z] > git for-each-ref --sort -committerdate --format %(refname) %(objectname) %(*objectname) [10ms]
[2022-06-02T10:58:59.453Z] > git remote --verbose [2ms]
[2022-06-02T10:58:59.464Z] > git config --get commit.template [1ms]
[2022-06-02T10:59:04.477Z] > git status -z -uall [2ms]
[2022-06-02T10:59:04.488Z] > git symbolic-ref --short HEAD [1ms]
[2022-06-02T10:59:04.498Z] > git for-each-ref --format=%(refname)%00%(upstream:short)%00%(objectname)%00%(upstream:track)%00%(upstream:remotename)%00%(upstream:remoteref) refs/heads/master refs/remotes/master [1ms]
[2022-06-02T10:59:04.517Z] > git for-each-ref --sort -committerdate --format %(refname) %(objectname) %(*objectname) [10ms]
[2022-06-02T10:59:04.517Z] > git remote --verbose [1ms]
[2022-06-02T10:59:04.528Z] > git config --get commit.template [1ms]
[2022-06-02T10:59:30.174Z] > git show --textconv :SOURCE.md [10ms]
[2022-06-02T10:59:30.175Z] > git ls-files --stage -- /home/sirmmy/Development/code/prework/phase-0/phase-0-html-album-cover-lab/SOURCE.md [2ms]
[2022-06-02T10:59:30.196Z] > git cat-file -s a9b56df08db579026a2a5d73b22e01af668b7104 [12ms]
[2022-06-02T10:59:49.497Z] > git show --textconv :index.html [11ms]
[2022-06-02T10:59:49.498Z] > git ls-files --stage -- /home/sirmmy/Development/code/prework/phase-0/phase-0-html-album-cover-lab/index.html [2ms]
[2022-06-02T10:59:49.511Z] > git cat-file -s 8fd77bd97311ba95d6fdd5ba5ec2ed0cb088de20 [1ms]
[2022-06-02T11:00:04.064Z] > git show --textconv :SOURCE.md [13ms]
[2022-06-02T11:00:04.065Z] > git ls-files --stage -- /home/sirmmy/Development/code/prework/phase-0/phase-0-html-album-cover-lab/SOURCE.md [2ms]
[2022-06-02T11:00:04.076Z] > git cat-file -s a9b56df08db579026a2a5d73b22e01af668b7104 [1ms]
[2022-06-02T11:00:04.770Z] > git status -z -uall [2ms]
[2022-06-02T11:00:04.782Z] > git symbolic-ref --short HEAD [1ms]
[2022-06-02T11:00:04.794Z] > git for-each-ref --format=%(refname)%00%(upstream:short)%00%(objectname)%00%(upstream:track)%00%(upstream:remotename)%00%(upstream:remoteref) refs/heads/master refs/remotes/master [2ms]
[2022-06-02T11:00:04.816Z] > git for-each-ref --sort -committerdate --format %(refname) %(objectname) %(*objectname) [12ms]
[2022-06-02T11:00:04.817Z] > git remote --verbose [2ms]
[2022-06-02T11:00:04.833Z] > git config --get commit.template [2ms]
[2022-06-02T11:00:27.039Z] > git status -z -uall [2ms]
[2022-06-02T11:00:27.050Z] > git symbolic-ref --short HEAD [2ms]
[2022-06-02T11:00:27.059Z] > git for-each-ref --format=%(refname)%00%(upstream:short)%00%(objectname)%00%(upstream:track)%00%(upstream:remotename)%00%(upstream:remoteref) refs/heads/master refs/remotes/master [1ms]
[2022-06-02T11:00:27.079Z] > git for-each-ref --sort -committerdate --format %(refname) %(objectname) %(*objectname) [11ms]
[2022-06-02T11:00:27.079Z] > git remote --verbose [1ms]
[2022-06-02T11:00:27.093Z] > git config --get commit.template [2ms]
[2022-06-02T11:00:28.674Z] > git ls-files --stage -- /home/sirmmy/Development/code/prework/phase-0/phase-0-html-album-cover-lab/SOURCE.md [1ms]
[2022-06-02T11:00:28.685Z] > git cat-file -s a9b56df08db579026a2a5d73b22e01af668b7104 [2ms]
[2022-06-02T11:00:28.699Z] > git show --textconv :SOURCE.md [2ms]
[2022-06-02T11:00:32.107Z] > git status -z -uall [2ms]
[2022-06-02T11:00:32.117Z] > git symbolic-ref --short HEAD [1ms]
[2022-06-02T11:00:32.130Z] > git for-each-ref --format=%(refname)%00%(upstream:short)%00%(objectname)%00%(upstream:track)%00%(upstream:remotename)%00%(upstream:remoteref) refs/heads/master refs/remotes/master [2ms]
[2022-06-02T11:00:32.149Z] > git for-each-ref --sort -committerdate --format %(refname) %(objectname) %(*objectname) [10ms]
[2022-06-02T11:00:32.149Z] > git remote --verbose [1ms]
[2022-06-02T11:00:32.164Z] > git config --get commit.template [3ms]
[2022-06-02T11:00:35.293Z] > git show --textconv :index.html [11ms]
[2022-06-02T11:00:35.294Z] > git ls-files --stage -- /home/sirmmy/Development/code/prework/phase-0/phase-0-html-album-cover-lab/index.html [2ms]
[2022-06-02T11:00:35.304Z] > git cat-file -s 2d4fd4b8cf5c6d218e6452814350dc00f76c5dbd [2ms]
[2022-06-02T11:00:37.178Z] > git status -z -uall [2ms]
[2022-06-02T11:00:37.187Z] > git symbolic-ref --short HEAD [1ms]
[2022-06-02T11:00:37.198Z] > git for-each-ref --format=%(refname)%00%(upstream:short)%00%(objectname)%00%(upstream:track)%00%(upstream:remotename)%00%(upstream:remoteref) refs/heads/master refs/remotes/master [2ms]
[2022-06-02T11:00:37.217Z] > git for-each-ref --sort -committerdate --format %(refname) %(objectname) %(*objectname) [11ms]
[2022-06-02T11:00:37.217Z] > git remote --verbose [1ms]
[2022-06-02T11:00:37.229Z] > git config --get commit.template [1ms]
[2022-06-02T11:03:49.854Z] > git status -z -uall [4ms]
[2022-06-02T11:03:49.872Z] > git symbolic-ref --short HEAD [1ms]
[2022-06-02T11:03:49.887Z] > git for-each-ref --format=%(refname)%00%(upstream:short)%00%(objectname)%00%(upstream:track)%00%(upstream:remotename)%00%(upstream:remoteref) refs/heads/master refs/remotes/master [2ms]
[2022-06-02T11:03:49.914Z] > git for-each-ref --sort -committerdate --format %(refname) %(objectname) %(*objectname) [14ms]
[2022-06-02T11:03:49.914Z] > git remote --verbose [2ms]
[2022-06-02T11:03:49.933Z] > git config --get commit.template [1ms]
[2022-06-02T11:03:55.198Z] > git show --textconv :index.html [17ms]
[2022-06-02T11:03:55.199Z] > git ls-files --stage -- /home/sirmmy/Development/code/prework/phase-0/phase-0-html-album-cover-lab/index.html [2ms]
[2022-06-02T11:03:55.224Z] > git cat-file -s 2d4fd4b8cf5c6d218e6452814350dc00f76c5dbd [13ms]
[2022-06-02T11:04:03.695Z] > git status -z -uall [0ms]
[2022-06-02T11:04:03.709Z] > git symbolic-ref --short HEAD [1ms]
[2022-06-02T11:04:03.724Z] > git for-each-ref --format=%(refname)%00%(upstream:short)%00%(objectname)%00%(upstream:track)%00%(upstream:remotename)%00%(upstream:remoteref) refs/heads/master refs/remotes/master [2ms]
[2022-06-02T11:04:03.746Z] > git for-each-ref --sort -committerdate --format %(refname) %(objectname) %(*objectname) [10ms]
[2022-06-02T11:04:03.747Z] > git remote --verbose [2ms]
[2022-06-02T11:04:03.761Z] > git config --get commit.template [1ms]
[2022-06-02T11:04:05.793Z] > git ls-files --stage -- /home/sirmmy/Development/code/prework/phase-0/phase-0-html-album-cover-lab/index.html [1ms]
[2022-06-02T11:04:05.804Z] > git cat-file -s 3d1eef9b9547af6b7cff983b5bce8ad7d0c8ce9d [2ms]
[2022-06-02T11:04:05.819Z] > git show --textconv :index.html [2ms]
[2022-06-02T11:04:08.778Z] > git status -z -uall [3ms]
[2022-06-02T11:04:08.790Z] > git symbolic-ref --short HEAD [2ms]
[2022-06-02T11:04:08.802Z] > git for-each-ref --format=%(refname)%00%(upstream:short)%00%(objectname)%00%(upstream:track)%00%(upstream:remotename)%00%(upstream:remoteref) refs/heads/master refs/remotes/master [2ms]
[2022-06-02T11:04:08.819Z] > git for-each-ref --sort -committerdate --format %(refname) %(objectname) %(*objectname) [9ms]
[2022-06-02T11:04:08.820Z] > git remote --verbose [1ms]
[2022-06-02T11:04:08.835Z] > git config --get commit.template [2ms]
[2022-06-02T11:04:24.716Z] > git status -z -uall [4ms]
[2022-06-02T11:04:24.734Z] > git symbolic-ref --short HEAD [2ms]
[2022-06-02T11:04:24.745Z] > git for-each-ref --format=%(refname)%00%(upstream:short)%00%(objectname)%00%(upstream:track)%00%(upstream:remotename)%00%(upstream:remoteref) refs/heads/master refs/remotes/master [2ms]
[2022-06-02T11:04:24.768Z] > git for-each-ref --sort -committerdate --format %(refname) %(objectname) %(*objectname) [11ms]
[2022-06-02T11:04:24.768Z] > git remote --verbose [1ms]
[2022-06-02T11:04:24.782Z] > git config --get commit.template [1ms]
[2022-06-02T11:04:37.840Z] > git show --textconv :SOURCE.md [57ms]
[2022-06-02T11:04:37.841Z] > git ls-files --stage -- /home/sirmmy/Development/code/prework/phase-0/phase-0-html-album-cover-lab/SOURCE.md [39ms]
[2022-06-02T11:04:37.870Z] > git cat-file -s a9b56df08db579026a2a5d73b22e01af668b7104 [8ms]
[2022-06-02T11:04:45.285Z] > git show --textconv :index.html [10ms]
[2022-06-02T11:04:45.286Z] > git ls-files --stage -- /home/sirmmy/Development/code/prework/phase-0/phase-0-html-album-cover-lab/index.html [2ms]
[2022-06-02T11:04:45.296Z] > git cat-file -s 3d1eef9b9547af6b7cff983b5bce8ad7d0c8ce9d [2ms]
[2022-06-02T11:04:48.857Z] > git check-ignore -v -z --stdin [3ms]
[2022-06-02T11:04:53.742Z] > git show --textconv :index.html [10ms]
[2022-06-02T11:04:53.743Z] > git ls-files --stage -- /home/sirmmy/Development/code/prework/phase-0/phase-0-html-album-cover-lab/index.html [2ms]
[2022-06-02T11:04:53.753Z] > git cat-file -s 3d1eef9b9547af6b7cff983b5bce8ad7d0c8ce9d [2ms]
[2022-06-02T11:05:28.496Z] > git show --textconv :SOURCE.md [11ms]
[2022-06-02T11:05:28.496Z] > git ls-files --stage -- /home/sirmmy/Development/code/prework/phase-0/phase-0-html-album-cover-lab/SOURCE.md [1ms]
[2022-06-02T11:05:28.508Z] > git cat-file -s a9b56df08db579026a2a5d73b22e01af668b7104 [2ms]
[2022-06-02T11:05:35.720Z] > git show --textconv :index.html [13ms]
[2022-06-02T11:05:35.720Z] > git ls-files --stage -- /home/sirmmy/Development/code/prework/phase-0/phase-0-html-album-cover-lab/index.html [1ms]
[2022-06-02T11:05:35.732Z] > git cat-file -s 3d1eef9b9547af6b7cff983b5bce8ad7d0c8ce9d [2ms]
[2022-06-02T11:05:45.784Z] > git show --textconv :SOURCE.md [10ms]
[2022-06-02T11:05:45.785Z] > git ls-files --stage -- /home/sirmmy/Development/code/prework/phase-0/phase-0-html-album-cover-lab/SOURCE.md [2ms]
[2022-06-02T11:05:45.797Z] > git cat-file -s a9b56df08db579026a2a5d73b22e01af668b7104 [2ms]
[2022-06-02T11:05:46.495Z] > git status -z -uall [4ms]
[2022-06-02T11:05:46.509Z] > git symbolic-ref --short HEAD [1ms]
[2022-06-02T11:05:46.525Z] > git for-each-ref --format=%(refname)%00%(upstream:short)%00%(objectname)%00%(upstream:track)%00%(upstream:remotename)%00%(upstream:remoteref) refs/heads/master refs/remotes/master [3ms]
[2022-06-02T11:05:46.550Z] > git for-each-ref --sort -committerdate --format %(refname) %(objectname) %(*objectname) [15ms]
[2022-06-02T11:05:46.551Z] > git remote --verbose [2ms]
[2022-06-02T11:05:46.570Z] > git config --get commit.template [4ms]
[2022-06-02T11:05:58.571Z] > git show --textconv :index.html [10ms]
[2022-06-02T11:05:58.571Z] > git ls-files --stage -- /home/sirmmy/Development/code/prework/phase-0/phase-0-html-album-cover-lab/index.html [1ms]
[2022-06-02T11:05:58.581Z] > git cat-file -s 3d1eef9b9547af6b7cff983b5bce8ad7d0c8ce9d [1ms]
[2022-06-02T11:06:11.132Z] > git status -z -uall [2ms]
[2022-06-02T11:06:11.146Z] > git symbolic-ref --short HEAD [2ms]
[2022-06-02T11:06:11.159Z] > git for-each-ref --format=%(refname)%00%(upstream:short)%00%(objectname)%00%(upstream:track)%00%(upstream:remotename)%00%(upstream:remoteref) refs/heads/master refs/remotes/master [2ms]
[2022-06-02T11:06:11.179Z] > git for-each-ref --sort -committerdate --format %(refname) %(objectname) %(*objectname) [10ms]
[2022-06-02T11:06:11.179Z] > git remote --verbose [1ms]
[2022-06-02T11:06:11.195Z] > git config --get commit.template [1ms]
[2022-06-02T11:06:12.736Z] > git ls-files --stage -- /home/sirmmy/Development/code/prework/phase-0/phase-0-html-album-cover-lab/index.html [1ms]
[2022-06-02T11:06:12.747Z] > git cat-file -s c452a47223fa9baf681e721c1c27bf46113b339b [1ms]
[2022-06-02T11:06:12.762Z] > git show --textconv :index.html [2ms]
[2022-06-02T11:06:16.214Z] > git status -z -uall [2ms]
[2022-06-02T11:06:16.225Z] > git symbolic-ref --short HEAD [2ms]
[2022-06-02T11:06:16.235Z] > git for-each-ref --format=%(refname)%00%(upstream:short)%00%(objectname)%00%(upstream:track)%00%(upstream:remotename)%00%(upstream:remoteref) refs/heads/master refs/remotes/master [1ms]
[2022-06-02T11:06:16.254Z] > git for-each-ref --sort -committerdate --format %(refname) %(objectname) %(*objectname) [10ms]
[2022-06-02T11:06:16.254Z] > git remote --verbose [1ms]
[2022-06-02T11:06:16.269Z] > git config --get commit.template [2ms]
[2022-06-02T11:11:26.735Z] > git show --textconv :SOURCE.md [12ms]
[2022-06-02T11:11:26.739Z] > git ls-files --stage -- /home/sirmmy/Development/code/prework/phase-0/phase-0-html-album-cover-lab/SOURCE.md [5ms]
[2022-06-02T11:11:26.767Z] > git cat-file -s a9b56df08db579026a2a5d73b22e01af668b7104 [18ms]
[2022-06-02T11:13:35.397Z] > git show --textconv :index.html [9ms]
[2022-06-02T11:13:35.398Z] > git ls-files --stage -- /home/sirmmy/Development/code/prework/phase-0/phase-0-html-album-cover-lab/index.html [1ms]
[2022-06-02T11:13:35.409Z] > git cat-file -s c452a47223fa9baf681e721c1c27bf46113b339b [2ms]
[2022-06-02T11:14:32.400Z] > git status -z -uall [2ms]
[2022-06-02T11:14:32.411Z] > git symbolic-ref --short HEAD [2ms]
[2022-06-02T11:14:32.422Z] > git for-each-ref --format=%(refname)%00%(upstream:short)%00%(objectname)%00%(upstream:track)%00%(upstream:remotename)%00%(upstream:remoteref) refs/heads/master refs/remotes/master [2ms]
[2022-06-02T11:14:32.442Z] > git for-each-ref --sort -committerdate --format %(refname) %(objectname) %(*objectname) [11ms]
[2022-06-02T11:14:32.442Z] > git remote --verbose [1ms]
[2022-06-02T11:14:32.455Z] > git config --get commit.template [1ms]
[2022-06-02T11:15:02.050Z] > git show --textconv :index.html [12ms]
[2022-06-02T11:15:02.051Z] > git ls-files --stage -- /home/sirmmy/Development/code/prework/phase-0/phase-0-html-album-cover-lab/index.html [2ms]
[2022-06-02T11:15:02.079Z] > git cat-file -s c452a47223fa9baf681e721c1c27bf46113b339b [16ms]
[2022-06-02T11:15:21.572Z] > git status -z -uall [2ms]
[2022-06-02T11:15:21.582Z] > git symbolic-ref --short HEAD [1ms]
[2022-06-02T11:15:21.592Z] > git for-each-ref --format=%(refname)%00%(upstream:short)%00%(objectname)%00%(upstream:track)%00%(upstream:remotename)%00%(upstream:remoteref) refs/heads/master refs/remotes/master [1ms]
[2022-06-02T11:15:21.611Z] > git for-each-ref --sort -committerdate --format %(refname) %(objectname) %(*objectname) [9ms]
[2022-06-02T11:15:21.612Z] > git remote --verbose [2ms]
[2022-06-02T11:15:21.626Z] > git config --get commit.template [1ms]
[2022-06-02T11:15:23.762Z] > git ls-files --stage -- /home/sirmmy/Development/code/prework/phase-0/phase-0-html-album-cover-lab/index.html [1ms]
[2022-06-02T11:15:23.775Z] > git cat-file -s 2a0c9946184fcc5a1e16ec464440e06d10413f7b [1ms]
[2022-06-02T11:15:23.791Z] > git show --textconv :index.html [2ms]
[2022-06-02T11:15:26.644Z] > git status -z -uall [2ms]
[2022-06-02T11:15:26.654Z] > git symbolic-ref --short HEAD [1ms]
[2022-06-02T11:15:26.664Z] > git for-each-ref --format=%(refname)%00%(upstream:short)%00%(objectname)%00%(upstream:track)%00%(upstream:remotename)%00%(upstream:remoteref) refs/heads/master refs/remotes/master [2ms]
[2022-06-02T11:15:26.683Z] > git for-each-ref --sort -committerdate --format %(refname) %(objectname) %(*objectname) [10ms]
[2022-06-02T11:15:26.683Z] > git remote --verbose [1ms]
[2022-06-02T11:15:26.694Z] > git config --get commit.template [1ms]
[2022-06-02T11:15:33.949Z] > git status -z -uall [2ms]
[2022-06-02T11:15:33.959Z] > git symbolic-ref --short HEAD [1ms]
[2022-06-02T11:15:33.969Z] > git for-each-ref --format=%(refname)%00%(upstream:short)%00%(objectname)%00%(upstream:track)%00%(upstream:remotename)%00%(upstream:remoteref) refs/heads/master refs/remotes/master [1ms]
[2022-06-02T11:15:33.989Z] > git for-each-ref --sort -committerdate --format %(refname) %(objectname) %(*objectname) [11ms]
[2022-06-02T11:15:33.989Z] > git remote --verbose [1ms]
[2022-06-02T11:15:34.002Z] > git config --get commit.template [1ms]
[2022-06-02T11:17:22.139Z] > git status -z -uall [2ms]
[2022-06-02T11:17:22.151Z] > git symbolic-ref --short HEAD [1ms]
[2022-06-02T11:17:22.165Z] > git for-each-ref --format=%(refname)%00%(upstream:short)%00%(objectname)%00%(upstream:track)%00%(upstream:remotename)%00%(upstream:remoteref) refs/heads/master refs/remotes/master [1ms]
[2022-06-02T11:17:22.187Z] > git for-each-ref --sort -committerdate --format %(refname) %(objectname) %(*objectname) [11ms]
[2022-06-02T11:17:22.189Z] > git remote --verbose [3ms]
[2022-06-02T11:17:22.201Z] > git config --get commit.template [1ms]
[2022-06-02T11:17:25.837Z] > git show --textconv :index.html [27ms]
[2022-06-02T11:17:25.838Z] > git ls-files --stage -- /home/sirmmy/Development/code/prework/phase-0/phase-0-html-album-cover-lab/index.html [16ms]
[2022-06-02T11:17:25.852Z] > git cat-file -s 2a0c9946184fcc5a1e16ec464440e06d10413f7b [3ms]
[2022-06-02T11:17:57.720Z] > git status -z -uall [2ms]
[2022-06-02T11:17:57.730Z] > git symbolic-ref --short HEAD [1ms]
[2022-06-02T11:17:57.741Z] > git for-each-ref --format=%(refname)%00%(upstream:short)%00%(objectname)%00%(upstream:track)%00%(upstream:remotename)%00%(upstream:remoteref) refs/heads/master refs/remotes/master [1ms]
[2022-06-02T11:17:57.760Z] > git for-each-ref --sort -committerdate --format %(refname) %(objectname) %(*objectname) [10ms]
[2022-06-02T11:17:57.760Z] > git remote --verbose [1ms]
[2022-06-02T11:17:57.772Z] > git config --get commit.template [2ms]
[2022-06-02T11:17:59.093Z] > git ls-files --stage -- /home/sirmmy/Development/code/prework/phase-0/phase-0-html-album-cover-lab/index.html [1ms]
[2022-06-02T11:17:59.104Z] > git cat-file -s 1ecc5b8073fb83dc9e218336e0952bc660152c5a [1ms]
[2022-06-02T11:17:59.119Z] > git show --textconv :index.html [1ms]
[2022-06-02T11:18:02.790Z] > git status -z -uall [2ms]
[2022-06-02T11:18:02.803Z] > git symbolic-ref --short HEAD [1ms]
[2022-06-02T11:18:02.813Z] > git for-each-ref --format=%(refname)%00%(upstream:short)%00%(objectname)%00%(upstream:track)%00%(upstream:remotename)%00%(upstream:remoteref) refs/heads/master refs/remotes/master [1ms]
[2022-06-02T11:18:02.832Z] > git for-each-ref --sort -committerdate --format %(refname) %(objectname) %(*objectname) [10ms]
[2022-06-02T11:18:02.832Z] > git remote --verbose [1ms]
[2022-06-02T11:18:02.847Z] > git config --get commit.template [2ms]
[2022-06-02T11:27:28.604Z] > git status -z -uall [2ms]
[2022-06-02T11:27:28.615Z] > git symbolic-ref --short HEAD [2ms]
[2022-06-02T11:27:28.625Z] > git for-each-ref --format=%(refname)%00%(upstream:short)%00%(objectname)%00%(upstream:track)%00%(upstream:remotename)%00%(upstream:remoteref) refs/heads/master refs/remotes/master [2ms]
[2022-06-02T11:27:28.645Z] > git for-each-ref --sort -committerdate --format %(refname) %(objectname) %(*objectname) [11ms]
[2022-06-02T11:27:28.645Z] > git remote --verbose [1ms]
[2022-06-02T11:27:28.657Z] > git config --get commit.template [1ms]
[2022-06-02T11:27:28.707Z] > git ls-files --stage -- /home/sirmmy/Development/code/prework/phase-0/phase-0-html-album-cover-lab/index.html [2ms]
[2022-06-02T11:27:28.717Z] > git cat-file -s 1ecc5b8073fb83dc9e218336e0952bc660152c5a [1ms]
[2022-06-02T11:27:28.734Z] > git show --textconv :index.html [2ms]
[2022-06-02T11:27:34.463Z] > git status -z -uall [3ms]
[2022-06-02T11:27:34.473Z] > git symbolic-ref --short HEAD [2ms]
[2022-06-02T11:27:34.484Z] > git for-each-ref --format=%(refname)%00%(upstream:short)%00%(objectname)%00%(upstream:track)%00%(upstream:remotename)%00%(upstream:remoteref) refs/heads/master refs/remotes/master [1ms]
[2022-06-02T11:27:34.502Z] > git for-each-ref --sort -committerdate --format %(refname) %(objectname) %(*objectname) [10ms]
[2022-06-02T11:27:34.503Z] > git remote --verbose [2ms]
[2022-06-02T11:27:34.515Z] > git config --get commit.template [2ms]
