[Info  - 09:51:50.107] Reading sessions from keychain...
[Info  - 09:51:50.194] Getting sessions for user:email...
[Info  - 09:51:50.194] Getting sessions for all scopes...
[Trace  - 09:51:50.194] Token acquired from secret storage.
[Info  - 09:51:50.211] Got stored sessions!
[Trace  - 09:51:50.211] Read the following session from the keychain with the following scopes: user:email
[Trace  - 09:51:50.211] Read the following session from the keychain with the following scopes: repo workflow
[Info  - 09:51:50.211] Got 2 verified sessions.
[Info  - 09:51:50.245] Got 1 sessions for user:email...
[Info  - 09:51:50.246] Got 2 sessions for ...
[Info  - 09:51:50.409] Getting sessions for all scopes...
[Info  - 09:51:50.409] Got 2 sessions for ...
[Info  - 09:51:50.990] Getting sessions for read:user,repo,user:email...
[Info  - 09:51:50.991] Got 0 sessions for read:user,repo,user:email...
[Info  - 09:58:13.787] Getting sessions for read:user,repo,user:email...
[Info  - 09:58:13.787] Got 0 sessions for read:user,repo,user:email...
[Info  - 10:30:51.19] Getting sessions for read:user,repo,user:email...
[Info  - 10:30:51.19] Got 0 sessions for read:user,repo,user:email...
[Info  - 10:34:53.63] Getting sessions for read:user,repo,user:email...
[Info  - 10:34:53.63] Got 0 sessions for read:user,repo,user:email...
[Info  - 10:37:44.565] Getting sessions for read:user,repo,user:email...
[Info  - 10:37:44.565] Got 0 sessions for read:user,repo,user:email...
[Info  - 10:41:19.137] Getting sessions for read:user,repo,user:email...
[Info  - 10:41:19.137] Got 0 sessions for read:user,repo,user:email...
[Info  - 10:44:28.654] Getting sessions for read:user,repo,user:email...
[Info  - 10:44:28.655] Got 0 sessions for read:user,repo,user:email...
[Info  - 10:54:57.189] Getting sessions for read:user,repo,user:email...
[Info  - 10:54:57.189] Got 0 sessions for read:user,repo,user:email...
[Info  - 10:56:19.495] Getting sessions for read:user,repo,user:email...
[Info  - 10:56:19.495] Got 0 sessions for read:user,repo,user:email...
[Info  - 10:59:16.732] Getting sessions for read:user,repo,user:email...
[Info  - 10:59:16.732] Got 0 sessions for read:user,repo,user:email...
[Info  - 11:02:20.741] Getting sessions for read:user,repo,user:email...
[Info  - 11:02:20.741] Got 0 sessions for read:user,repo,user:email...
[Info  - 11:04:40.747] Getting sessions for read:user,repo,user:email...
[Info  - 11:04:40.748] Got 0 sessions for read:user,repo,user:email...
[Info  - 11:14:27.257] Getting sessions for read:user,repo,user:email...
[Info  - 11:14:27.257] Got 0 sessions for read:user,repo,user:email...
[Info  - 11:15:56.837] Getting sessions for read:user,repo,user:email...
[Info  - 11:15:56.837] Got 0 sessions for read:user,repo,user:email...
