[2022-06-02T14:49:03.679Z] Validating found git in: git
[2022-06-02T14:49:03.787Z] Using git 2.25.1 from git
[2022-06-02T14:49:03.885Z] > git rev-parse --show-toplevel [77ms]
[2022-06-02T14:49:03.935Z] > git rev-parse --git-dir --git-common-dir [19ms]
[2022-06-02T14:49:03.946Z] Open repository: /home/sirmmy/Development/code/prework/phase-0/phase-0-css-intro-lab
[2022-06-02T14:49:04.399Z] > git status -z -uall [437ms]
[2022-06-02T14:49:04.436Z] > git symbolic-ref --short HEAD [9ms]
[2022-06-02T14:49:04.586Z] > git check-ignore -v -z --stdin [20ms]
[2022-06-02T14:49:04.620Z] > git for-each-ref --format=%(refname)%00%(upstream:short)%00%(objectname)%00%(upstream:track)%00%(upstream:remotename)%00%(upstream:remoteref) refs/heads/master refs/remotes/master [175ms]
[2022-06-02T14:49:04.670Z] > git remote --verbose [30ms]
[2022-06-02T14:49:04.671Z] > git for-each-ref --sort -committerdate --format %(refname) %(objectname) %(*objectname) [41ms]
[2022-06-02T14:49:04.716Z] > git config --get commit.template [7ms]
[2022-06-02T14:49:11.879Z] > git show --textconv :style.css [46ms]
[2022-06-02T14:49:11.879Z] > git ls-files --stage -- /home/sirmmy/Development/code/prework/phase-0/phase-0-css-intro-lab/style.css [34ms]
[2022-06-02T14:49:11.907Z] > git cat-file -s a6f38762275280cac49fb7ca1067803adcf31d4d [15ms]
[2022-06-02T14:49:15.452Z] > git show --textconv :index.html [13ms]
[2022-06-02T14:49:15.454Z] > git ls-files --stage -- /home/sirmmy/Development/code/prework/phase-0/phase-0-css-intro-lab/index.html [3ms]
[2022-06-02T14:49:15.471Z] > git cat-file -s 30ad56b96b85097899c5a085d4e0d1307a5563e6 [2ms]
[2022-06-02T14:49:24.925Z] > git show --textconv :style.css [9ms]
[2022-06-02T14:49:24.926Z] > git ls-files --stage -- /home/sirmmy/Development/code/prework/phase-0/phase-0-css-intro-lab/style.css [1ms]
[2022-06-02T14:49:24.946Z] > git cat-file -s a6f38762275280cac49fb7ca1067803adcf31d4d [12ms]
[2022-06-02T14:49:37.969Z] > git show --textconv :index.html [20ms]
[2022-06-02T14:49:37.971Z] > git ls-files --stage -- /home/sirmmy/Development/code/prework/phase-0/phase-0-css-intro-lab/index.html [13ms]
[2022-06-02T14:49:37.982Z] > git cat-file -s 30ad56b96b85097899c5a085d4e0d1307a5563e6 [3ms]
[2022-06-02T14:49:40.109Z] > git check-ignore -v -z --stdin [2ms]
[2022-06-02T14:50:01.503Z] > git status -z -uall [3ms]
[2022-06-02T14:50:01.513Z] > git symbolic-ref --short HEAD [1ms]
[2022-06-02T14:50:01.523Z] > git for-each-ref --format=%(refname)%00%(upstream:short)%00%(objectname)%00%(upstream:track)%00%(upstream:remotename)%00%(upstream:remoteref) refs/heads/master refs/remotes/master [2ms]
[2022-06-02T14:50:01.540Z] > git for-each-ref --sort -committerdate --format %(refname) %(objectname) %(*objectname) [10ms]
[2022-06-02T14:50:01.541Z] > git remote --verbose [3ms]
[2022-06-02T14:50:01.558Z] > git config --get commit.template [1ms]
[2022-06-02T14:50:07.511Z] > git check-ignore -v -z --stdin [1ms]
[2022-06-02T14:50:07.534Z] > git status -z -uall [4ms]
[2022-06-02T14:50:07.543Z] > git symbolic-ref --short HEAD [2ms]
[2022-06-02T14:50:07.553Z] > git for-each-ref --format=%(refname)%00%(upstream:short)%00%(objectname)%00%(upstream:track)%00%(upstream:remotename)%00%(upstream:remoteref) refs/heads/master refs/remotes/master [2ms]
[2022-06-02T14:50:07.569Z] > git for-each-ref --sort -committerdate --format %(refname) %(objectname) %(*objectname) [9ms]
[2022-06-02T14:50:07.570Z] > git remote --verbose [2ms]
[2022-06-02T14:50:07.583Z] > git config --get commit.template [2ms]
[2022-06-02T14:50:09.112Z] > git ls-files --stage -- /home/sirmmy/Development/code/prework/phase-0/phase-0-css-intro-lab/index.html [2ms]
[2022-06-02T14:50:09.129Z] > git cat-file -s 30ad56b96b85097899c5a085d4e0d1307a5563e6 [2ms]
[2022-06-02T14:50:09.188Z] > git show --textconv :index.html [1ms]
[2022-06-02T14:50:12.600Z] > git status -z -uall [2ms]
[2022-06-02T14:50:12.609Z] > git symbolic-ref --short HEAD [1ms]
[2022-06-02T14:50:12.618Z] > git for-each-ref --format=%(refname)%00%(upstream:short)%00%(objectname)%00%(upstream:track)%00%(upstream:remotename)%00%(upstream:remoteref) refs/heads/master refs/remotes/master [2ms]
[2022-06-02T14:50:12.634Z] > git for-each-ref --sort -committerdate --format %(refname) %(objectname) %(*objectname) [9ms]
[2022-06-02T14:50:12.635Z] > git remote --verbose [2ms]
[2022-06-02T14:50:12.652Z] > git config --get commit.template [1ms]
[2022-06-02T14:51:07.468Z] > git show --textconv :style.css [8ms]
[2022-06-02T14:51:07.469Z] > git ls-files --stage -- /home/sirmmy/Development/code/prework/phase-0/phase-0-css-intro-lab/style.css [1ms]
[2022-06-02T14:51:07.489Z] > git cat-file -s a6f38762275280cac49fb7ca1067803adcf31d4d [11ms]
[2022-06-02T14:51:12.740Z] > git show --textconv :index.html [9ms]
[2022-06-02T14:51:12.741Z] > git ls-files --stage -- /home/sirmmy/Development/code/prework/phase-0/phase-0-css-intro-lab/index.html [2ms]
[2022-06-02T14:51:12.761Z] > git cat-file -s 30ad56b96b85097899c5a085d4e0d1307a5563e6 [12ms]
[2022-06-02T14:52:59.906Z] > git show --textconv :style.css [8ms]
[2022-06-02T14:52:59.907Z] > git ls-files --stage -- /home/sirmmy/Development/code/prework/phase-0/phase-0-css-intro-lab/style.css [1ms]
[2022-06-02T14:52:59.930Z] > git cat-file -s a6f38762275280cac49fb7ca1067803adcf31d4d [14ms]
[2022-06-02T14:53:35.605Z] > git show --textconv :index.html [8ms]
[2022-06-02T14:53:35.607Z] > git ls-files --stage -- /home/sirmmy/Development/code/prework/phase-0/phase-0-css-intro-lab/index.html [2ms]
[2022-06-02T14:53:35.615Z] > git cat-file -s 30ad56b96b85097899c5a085d4e0d1307a5563e6 [1ms]
[2022-06-02T14:53:39.035Z] > git show --textconv :style.css [17ms]
[2022-06-02T14:53:39.037Z] > git ls-files --stage -- /home/sirmmy/Development/code/prework/phase-0/phase-0-css-intro-lab/style.css [11ms]
[2022-06-02T14:53:39.050Z] > git cat-file -s a6f38762275280cac49fb7ca1067803adcf31d4d [4ms]
[2022-06-02T14:53:51.783Z] > git show --textconv :index.html [10ms]
[2022-06-02T14:53:51.784Z] > git ls-files --stage -- /home/sirmmy/Development/code/prework/phase-0/phase-0-css-intro-lab/index.html [2ms]
[2022-06-02T14:53:51.793Z] > git cat-file -s 30ad56b96b85097899c5a085d4e0d1307a5563e6 [2ms]
[2022-06-02T15:12:54.423Z] > git show --textconv :style.css [8ms]
[2022-06-02T15:12:54.424Z] > git ls-files --stage -- /home/sirmmy/Development/code/prework/phase-0/phase-0-css-intro-lab/style.css [1ms]
[2022-06-02T15:12:54.441Z] > git cat-file -s a6f38762275280cac49fb7ca1067803adcf31d4d [10ms]
[2022-06-02T15:13:05.843Z] > git show --textconv :index.html [8ms]
[2022-06-02T15:13:05.844Z] > git ls-files --stage -- /home/sirmmy/Development/code/prework/phase-0/phase-0-css-intro-lab/index.html [1ms]
[2022-06-02T15:13:05.863Z] > git cat-file -s 30ad56b96b85097899c5a085d4e0d1307a5563e6 [11ms]
[2022-06-02T15:13:10.927Z] > git show --textconv :style.css [8ms]
[2022-06-02T15:13:10.928Z] > git ls-files --stage -- /home/sirmmy/Development/code/prework/phase-0/phase-0-css-intro-lab/style.css [1ms]
[2022-06-02T15:13:10.950Z] > git cat-file -s a6f38762275280cac49fb7ca1067803adcf31d4d [13ms]
[2022-06-02T15:13:27.411Z] > git show --textconv :style.css [9ms]
[2022-06-02T15:13:27.411Z] > git ls-files --stage -- /home/sirmmy/Development/code/prework/phase-0/phase-0-css-intro-lab/style.css [1ms]
[2022-06-02T15:13:27.430Z] > git cat-file -s a6f38762275280cac49fb7ca1067803adcf31d4d [11ms]
[2022-06-02T15:13:44.428Z] > git show --textconv :index.html [18ms]
[2022-06-02T15:13:44.429Z] > git ls-files --stage -- /home/sirmmy/Development/code/prework/phase-0/phase-0-css-intro-lab/index.html [11ms]
[2022-06-02T15:13:44.439Z] > git cat-file -s 30ad56b96b85097899c5a085d4e0d1307a5563e6 [3ms]
[2022-06-02T15:13:58.907Z] > git show --textconv :README.md [49ms]
[2022-06-02T15:13:58.907Z] > git ls-files --stage -- /home/sirmmy/Development/code/prework/phase-0/phase-0-css-intro-lab/README.md [34ms]
[2022-06-02T15:13:58.930Z] > git cat-file -s 40674926ae5f1aa3d9f8f16858205beaeebcfabf [9ms]
[2022-06-02T15:16:02.265Z] > git show --textconv :index.html [23ms]
[2022-06-02T15:16:02.266Z] > git ls-files --stage -- /home/sirmmy/Development/code/prework/phase-0/phase-0-css-intro-lab/index.html [15ms]
[2022-06-02T15:16:02.283Z] > git cat-file -s 30ad56b96b85097899c5a085d4e0d1307a5563e6 [3ms]
[2022-06-02T15:16:47.123Z] > git status -z -uall [3ms]
[2022-06-02T15:16:47.135Z] > git symbolic-ref --short HEAD [2ms]
[2022-06-02T15:16:47.146Z] > git for-each-ref --format=%(refname)%00%(upstream:short)%00%(objectname)%00%(upstream:track)%00%(upstream:remotename)%00%(upstream:remoteref) refs/heads/master refs/remotes/master [1ms]
[2022-06-02T15:16:47.167Z] > git remote --verbose [1ms]
[2022-06-02T15:16:47.168Z] > git for-each-ref --sort -committerdate --format %(refname) %(objectname) %(*objectname) [12ms]
[2022-06-02T15:16:47.185Z] > git config --get commit.template [3ms]
[2022-06-02T15:16:59.936Z] > git show --textconv :index.html [22ms]
[2022-06-02T15:16:59.938Z] > git ls-files --stage -- /home/sirmmy/Development/code/prework/phase-0/phase-0-css-intro-lab/index.html [13ms]
[2022-06-02T15:16:59.948Z] > git cat-file -s 30ad56b96b85097899c5a085d4e0d1307a5563e6 [2ms]
[2022-06-02T15:17:12.037Z] > git status -z -uall [2ms]
[2022-06-02T15:17:12.047Z] > git symbolic-ref --short HEAD [1ms]
[2022-06-02T15:17:12.058Z] > git for-each-ref --format=%(refname)%00%(upstream:short)%00%(objectname)%00%(upstream:track)%00%(upstream:remotename)%00%(upstream:remoteref) refs/heads/master refs/remotes/master [2ms]
[2022-06-02T15:17:12.079Z] > git for-each-ref --sort -committerdate --format %(refname) %(objectname) %(*objectname) [12ms]
[2022-06-02T15:17:12.079Z] > git remote --verbose [2ms]
[2022-06-02T15:17:12.091Z] > git config --get commit.template [1ms]
[2022-06-02T15:17:13.875Z] > git ls-files --stage -- /home/sirmmy/Development/code/prework/phase-0/phase-0-css-intro-lab/index.html [2ms]
[2022-06-02T15:17:13.885Z] > git cat-file -s cff3306f28e62038fc0ba493f11626511a9c3dc7 [1ms]
[2022-06-02T15:17:13.901Z] > git show --textconv :index.html [2ms]
[2022-06-02T15:17:17.110Z] > git status -z -uall [1ms]
[2022-06-02T15:17:17.120Z] > git symbolic-ref --short HEAD [1ms]
[2022-06-02T15:17:17.130Z] > git for-each-ref --format=%(refname)%00%(upstream:short)%00%(objectname)%00%(upstream:track)%00%(upstream:remotename)%00%(upstream:remoteref) refs/heads/master refs/remotes/master [1ms]
[2022-06-02T15:17:17.149Z] > git for-each-ref --sort -committerdate --format %(refname) %(objectname) %(*objectname) [10ms]
[2022-06-02T15:17:17.149Z] > git remote --verbose [1ms]
[2022-06-02T15:17:17.181Z] > git config --get commit.template [16ms]
[2022-06-02T15:17:22.198Z] > git status -z -uall [2ms]
[2022-06-02T15:17:22.208Z] > git symbolic-ref --short HEAD [2ms]
[2022-06-02T15:17:22.218Z] > git for-each-ref --format=%(refname)%00%(upstream:short)%00%(objectname)%00%(upstream:track)%00%(upstream:remotename)%00%(upstream:remoteref) refs/heads/master refs/remotes/master [1ms]
[2022-06-02T15:17:22.237Z] > git for-each-ref --sort -committerdate --format %(refname) %(objectname) %(*objectname) [10ms]
[2022-06-02T15:17:22.237Z] > git remote --verbose [1ms]
[2022-06-02T15:17:22.249Z] > git config --get commit.template [1ms]
[2022-06-02T15:21:01.296Z] > git show --textconv :style.css [10ms]
[2022-06-02T15:21:01.297Z] > git ls-files --stage -- /home/sirmmy/Development/code/prework/phase-0/phase-0-css-intro-lab/style.css [2ms]
[2022-06-02T15:21:01.318Z] > git cat-file -s a6f38762275280cac49fb7ca1067803adcf31d4d [12ms]
[2022-06-02T15:21:04.216Z] > git show --textconv :index.html [37ms]
[2022-06-02T15:21:04.218Z] > git ls-files --stage -- /home/sirmmy/Development/code/prework/phase-0/phase-0-css-intro-lab/index.html [22ms]
[2022-06-02T15:21:04.246Z] > git cat-file -s cff3306f28e62038fc0ba493f11626511a9c3dc7 [9ms]
[2022-06-02T15:21:05.363Z] > git show --textconv :style.css [9ms]
[2022-06-02T15:21:05.364Z] > git ls-files --stage -- /home/sirmmy/Development/code/prework/phase-0/phase-0-css-intro-lab/style.css [1ms]
[2022-06-02T15:21:05.374Z] > git cat-file -s a6f38762275280cac49fb7ca1067803adcf31d4d [1ms]
[2022-06-02T15:21:10.434Z] > git show --textconv :index.html [20ms]
[2022-06-02T15:21:10.435Z] > git ls-files --stage -- /home/sirmmy/Development/code/prework/phase-0/phase-0-css-intro-lab/index.html [12ms]
[2022-06-02T15:21:10.447Z] > git cat-file -s cff3306f28e62038fc0ba493f11626511a9c3dc7 [3ms]
[2022-06-02T15:21:36.586Z] > git show --textconv :style.css [9ms]
[2022-06-02T15:21:36.587Z] > git ls-files --stage -- /home/sirmmy/Development/code/prework/phase-0/phase-0-css-intro-lab/style.css [1ms]
[2022-06-02T15:21:36.607Z] > git cat-file -s a6f38762275280cac49fb7ca1067803adcf31d4d [11ms]
[2022-06-02T15:22:01.900Z] > git show --textconv :index.html [9ms]
[2022-06-02T15:22:01.901Z] > git ls-files --stage -- /home/sirmmy/Development/code/prework/phase-0/phase-0-css-intro-lab/index.html [1ms]
[2022-06-02T15:22:01.922Z] > git cat-file -s cff3306f28e62038fc0ba493f11626511a9c3dc7 [12ms]
[2022-06-02T15:25:43.096Z] > git status -z -uall [3ms]
[2022-06-02T15:25:43.123Z] > git symbolic-ref --short HEAD [13ms]
[2022-06-02T15:25:43.133Z] > git ls-files --stage -- /home/sirmmy/Development/code/prework/phase-0/phase-0-css-intro-lab/index.html [12ms]
[2022-06-02T15:25:43.146Z] > git for-each-ref --format=%(refname)%00%(upstream:short)%00%(objectname)%00%(upstream:track)%00%(upstream:remotename)%00%(upstream:remoteref) refs/heads/master refs/remotes/master [14ms]
[2022-06-02T15:25:43.168Z] > git for-each-ref --sort -committerdate --format %(refname) %(objectname) %(*objectname) [13ms]
[2022-06-02T15:25:43.169Z] > git cat-file -s cff3306f28e62038fc0ba493f11626511a9c3dc7 [25ms]
[2022-06-02T15:25:43.169Z] > git remote --verbose [3ms]
[2022-06-02T15:25:43.198Z] > git show --textconv :index.html [15ms]
[2022-06-02T15:25:43.199Z] > git config --get commit.template [2ms]
[2022-06-02T15:25:50.837Z] > git status -z -uall [3ms]
[2022-06-02T15:25:50.853Z] > git symbolic-ref --short HEAD [1ms]
[2022-06-02T15:25:50.867Z] > git for-each-ref --format=%(refname)%00%(upstream:short)%00%(objectname)%00%(upstream:track)%00%(upstream:remotename)%00%(upstream:remoteref) refs/heads/master refs/remotes/master [1ms]
[2022-06-02T15:25:50.892Z] > git for-each-ref --sort -committerdate --format %(refname) %(objectname) %(*objectname) [12ms]
[2022-06-02T15:25:50.893Z] > git remote --verbose [3ms]
[2022-06-02T15:25:50.909Z] > git config --get commit.template [2ms]
[2022-06-02T15:25:54.083Z] > git show --textconv :index.html [13ms]
[2022-06-02T15:25:54.084Z] > git ls-files --stage -- /home/sirmmy/Development/code/prework/phase-0/phase-0-css-intro-lab/index.html [2ms]
[2022-06-02T15:25:54.117Z] > git cat-file -s cff3306f28e62038fc0ba493f11626511a9c3dc7 [20ms]
[2022-06-02T15:26:33.379Z] > git show --textconv :style.css [10ms]
[2022-06-02T15:26:33.380Z] > git ls-files --stage -- /home/sirmmy/Development/code/prework/phase-0/phase-0-css-intro-lab/style.css [1ms]
[2022-06-02T15:26:33.391Z] > git cat-file -s a6f38762275280cac49fb7ca1067803adcf31d4d [2ms]
[2022-06-02T15:26:40.529Z] > git show --textconv :index.html [12ms]
[2022-06-02T15:26:40.540Z] > git ls-files --stage -- /home/sirmmy/Development/code/prework/phase-0/phase-0-css-intro-lab/index.html [12ms]
[2022-06-02T15:26:40.553Z] > git cat-file -s cff3306f28e62038fc0ba493f11626511a9c3dc7 [3ms]
[2022-06-02T15:27:31.041Z] > git status -z -uall [3ms]
[2022-06-02T15:27:31.054Z] > git symbolic-ref --short HEAD [3ms]
[2022-06-02T15:27:31.066Z] > git for-each-ref --format=%(refname)%00%(upstream:short)%00%(objectname)%00%(upstream:track)%00%(upstream:remotename)%00%(upstream:remoteref) refs/heads/master refs/remotes/master [2ms]
[2022-06-02T15:27:31.091Z] > git for-each-ref --sort -committerdate --format %(refname) %(objectname) %(*objectname) [13ms]
[2022-06-02T15:27:31.091Z] > git remote --verbose [1ms]
[2022-06-02T15:27:31.108Z] > git config --get commit.template [2ms]
[2022-06-02T15:29:16.088Z] > git show --textconv :index.html [11ms]
[2022-06-02T15:29:16.089Z] > git ls-files --stage -- /home/sirmmy/Development/code/prework/phase-0/phase-0-css-intro-lab/index.html [2ms]
[2022-06-02T15:29:16.099Z] > git cat-file -s cff3306f28e62038fc0ba493f11626511a9c3dc7 [1ms]
[2022-06-02T15:31:34.091Z] > git status -z -uall [1ms]
[2022-06-02T15:31:34.112Z] > git symbolic-ref --short HEAD [3ms]
[2022-06-02T15:31:34.135Z] > git for-each-ref --format=%(refname)%00%(upstream:short)%00%(objectname)%00%(upstream:track)%00%(upstream:remotename)%00%(upstream:remoteref) refs/heads/master refs/remotes/master [4ms]
[2022-06-02T15:31:34.165Z] > git for-each-ref --sort -committerdate --format %(refname) %(objectname) %(*objectname) [16ms]
[2022-06-02T15:31:34.165Z] > git remote --verbose [2ms]
[2022-06-02T15:31:34.184Z] > git config --get commit.template [2ms]
[2022-06-02T15:31:46.560Z] > git show --textconv :style.css [10ms]
[2022-06-02T15:31:46.561Z] > git ls-files --stage -- /home/sirmmy/Development/code/prework/phase-0/phase-0-css-intro-lab/style.css [2ms]
[2022-06-02T15:31:46.581Z] > git cat-file -s a6f38762275280cac49fb7ca1067803adcf31d4d [12ms]
[2022-06-02T15:31:48.756Z] > git show --textconv :README.md [23ms]
[2022-06-02T15:31:48.757Z] > git ls-files --stage -- /home/sirmmy/Development/code/prework/phase-0/phase-0-css-intro-lab/README.md [13ms]
[2022-06-02T15:31:48.773Z] > git cat-file -s 40674926ae5f1aa3d9f8f16858205beaeebcfabf [6ms]
[2022-06-02T15:31:50.055Z] > git show --textconv :index.html [10ms]
[2022-06-02T15:31:50.056Z] > git ls-files --stage -- /home/sirmmy/Development/code/prework/phase-0/phase-0-css-intro-lab/index.html [2ms]
[2022-06-02T15:31:50.076Z] > git cat-file -s cff3306f28e62038fc0ba493f11626511a9c3dc7 [11ms]
[2022-06-02T15:41:06.844Z] > git show --textconv :style.css [9ms]
[2022-06-02T15:41:06.845Z] > git ls-files --stage -- /home/sirmmy/Development/code/prework/phase-0/phase-0-css-intro-lab/style.css [1ms]
[2022-06-02T15:41:06.867Z] > git cat-file -s a6f38762275280cac49fb7ca1067803adcf31d4d [13ms]
[2022-06-02T15:41:27.783Z] > git show --textconv :index.html [11ms]
[2022-06-02T15:41:27.784Z] > git ls-files --stage -- /home/sirmmy/Development/code/prework/phase-0/phase-0-css-intro-lab/index.html [2ms]
[2022-06-02T15:41:27.807Z] > git cat-file -s cff3306f28e62038fc0ba493f11626511a9c3dc7 [13ms]
[2022-06-02T15:41:38.232Z] > git show --textconv :index.html [10ms]
[2022-06-02T15:41:38.234Z] > git ls-files --stage -- /home/sirmmy/Development/code/prework/phase-0/phase-0-css-intro-lab/index.html [2ms]
[2022-06-02T15:41:38.254Z] > git cat-file -s cff3306f28e62038fc0ba493f11626511a9c3dc7 [11ms]
[2022-06-02T15:41:51.007Z] > git show --textconv :index.html [10ms]
[2022-06-02T15:41:51.008Z] > git ls-files --stage -- /home/sirmmy/Development/code/prework/phase-0/phase-0-css-intro-lab/index.html [2ms]
[2022-06-02T15:41:51.029Z] > git cat-file -s cff3306f28e62038fc0ba493f11626511a9c3dc7 [11ms]
