[Info  - 14:49:03.929] Reading sessions from keychain...
[Info  - 14:49:04.430] Getting sessions for user:email...
[Info  - 14:49:04.432] Getting sessions for all scopes...
[Trace  - 14:49:04.432] Token acquired from secret storage.
[Info  - 14:49:04.432] Got stored sessions!
[Trace  - 14:49:04.432] Read the following session from the keychain with the following scopes: user:email
[Trace  - 14:49:04.433] Read the following session from the keychain with the following scopes: repo workflow
[Info  - 14:49:04.433] Got 2 verified sessions.
[Info  - 14:49:04.433] Got 1 sessions for user:email...
[Info  - 14:49:04.433] Got 2 sessions for ...
[Info  - 14:49:04.753] Getting sessions for all scopes...
[Info  - 14:49:04.753] Got 2 sessions for ...
[Info  - 14:49:04.793] Getting sessions for read:user,repo,user:email...
[Info  - 14:49:04.794] Got 0 sessions for read:user,repo,user:email...
[Info  - 14:51:12.791] Getting sessions for read:user,repo,user:email...
[Info  - 14:51:12.792] Got 0 sessions for read:user,repo,user:email...
[Info  - 15:22:23.463] Getting sessions for read:user,repo,user:email...
[Info  - 15:22:23.463] Got 0 sessions for read:user,repo,user:email...
[Info  - 15:24:55.707] Getting sessions for read:user,repo,user:email...
[Info  - 15:24:55.707] Got 0 sessions for read:user,repo,user:email...
