0 verbose cli [
0 verbose cli   '/home/sirmmy/.nvm/versions/node/v16.15.0/bin/node',
0 verbose cli   '/home/sirmmy/.nvm/versions/node/v16.15.0/bin/npm',
0 verbose cli   'test'
0 verbose cli ]
1 info using npm@8.5.5
2 info using node@v16.15.0
3 timing npm:load:whichnode Completed in 0ms
4 timing config:load:defaults Completed in 1ms
5 timing config:load:file:/home/sirmmy/.nvm/versions/node/v16.15.0/lib/node_modules/npm/npmrc Completed in 1ms
6 timing config:load:builtin Completed in 1ms
7 timing config:load:cli Completed in 2ms
8 timing config:load:env Completed in 0ms
9 timing config:load:file:/home/sirmmy/Development/code/prework/phase-0/phase-0-css-fundamentals-lab/.npmrc Completed in 0ms
10 timing config:load:project Completed in 13ms
11 timing config:load:file:/home/sirmmy/.npmrc Completed in 0ms
12 timing config:load:user Completed in 0ms
13 timing config:load:file:/home/sirmmy/.nvm/versions/node/v16.15.0/etc/npmrc Completed in 0ms
14 timing config:load:global Completed in 0ms
15 timing config:load:validate Completed in 1ms
16 timing config:load:credentials Completed in 1ms
17 timing config:load:setEnvs Completed in 0ms
18 timing config:load Completed in 20ms
19 timing npm:load:configload Completed in 21ms
20 timing npm:load:setTitle Completed in 0ms
21 timing config:load:flatten Completed in 3ms
22 timing npm:load:display Completed in 5ms
23 verbose logfile /home/sirmmy/.npm/_logs/2022-06-02T19_33_19_134Z-debug-0.log
24 timing npm:load:logFile Completed in 6ms
25 timing npm:load:timers Completed in 0ms
26 timing npm:load:configScope Completed in 0ms
27 timing npm:load Completed in 32ms
28 silly logfile start cleaning logs, removing 1 files
29 timing command:run-script Completed in 986ms
30 timing command:test Completed in 988ms
31 verbose exit 0
32 timing npm Completed in 1174ms
33 info ok
