[2022-05-31 12:08:31] gemset_import_list
gemset_import_list () 
{ 
    case "${rvm_ruby_string}" in 
        *jruby*)
            \command \gem install "$@"
        ;;
        *)
            \typeset line;
            for line in "$@";
            do
                gem_install $line || rvm_error "there was an error installing gem $line";
            done
        ;;
    esac
}
current path: /home/sirmmy/.rvm/src/rvm
GEM_PATH=/home/sirmmy/.rvm/gems/ruby-3.0.0@global
GEM_HOME=/home/sirmmy/.rvm/gems/ruby-3.0.0@global
PATH=/home/sirmmy/.rvm/gems/ruby-3.0.0@global/bin:/home/sirmmy/.rvm/rubies/ruby-3.0.0/bin:/home/sirmmy/.rvm/bin:/home/sirmmy/.nvm/versions/node/v16.15.0/bin:/usr/local/sbin:/usr/local/bin:/usr/sbin:/usr/bin:/sbin:/bin:/usr/games:/usr/local/games:/snap/bin
command(6): gemset_import_list gem-wrappers rubygems-bundler rake rvm bundler
+ /scripts/functions/gemset : gemset_import_list()  251 > case "${rvm_ruby_string}" in
+ /scripts/functions/gemset : gemset_import_list()  257 > typeset line
+ /scripts/functions/gemset : gemset_import_list()  258 > for line in "$@"
+ /scripts/functions/gemset : gemset_import_list()  259 > gem_install gem-wrappers
+ /scripts/functions/gemset : gem_install()  146 > typeset gem_name gem_version version_check
+ /scripts/functions/gemset : gem_install()  148 > gem_version=
+ /scripts/functions/gemset : gem_install()  149 > __rvm_parse_gems_args gem-wrappers
+ /scripts/functions/gemset : __rvm_parse_gems_args()  102 > typeset gem=gem-wrappers
+ /scripts/functions/gemset : __rvm_parse_gems_args()  104 > __rvm_string_match gem-wrappers '*.gem$'
+ /scripts/functions/support : __rvm_string_match()  35 > typeset _string
+ /scripts/functions/support : __rvm_string_match()  36 > _string=gem-wrappers
+ /scripts/functions/support : __rvm_string_match()  37 > shift
+ /scripts/functions/support : __rvm_string_match()  38 > ((  1  ))
+ /scripts/functions/support : __rvm_string_match()  40 > case "${_string}" in
+ /scripts/functions/support : __rvm_string_match()  43 > shift
+ /scripts/functions/support : __rvm_string_match()  38 > ((  0  ))
+ /scripts/functions/support : __rvm_string_match()  45 > return 1
+ /scripts/functions/gemset : __rvm_parse_gems_args()  109 > gem_name=gem-wrappers
+ /scripts/functions/gemset : __rvm_parse_gems_args()  110 > case "$gem" in
+ /scripts/functions/gemset : gem_install()  151 > [[ -z '' ]]
+ /scripts/functions/gemset : gem_install()  152 > __rvm_db gem_gem-wrappers_version gem_version
+ /scripts/functions/db : __rvm_db()  27 > typeset value key variable
+ /scripts/functions/db : __rvm_db()  28 > key=gem_gem-wrappers_version
+ /scripts/functions/db : __rvm_db()  29 > variable=gem_version
+ /scripts/functions/db : __rvm_db()  30 > value=
+ /scripts/functions/db : __rvm_db()  32 > [[ -f /home/sirmmy/.rvm/user/db ]]
++ /scripts/functions/db : __rvm_db()  33 > __rvm_db_ /home/sirmmy/.rvm/user/db gem_gem-wrappers_version
++ /scripts/functions/db : __rvm_db_()  77 > typeset __db __key __value
++ /scripts/functions/db : __rvm_db_()  78 > __db=/home/sirmmy/.rvm/user/db
++ /scripts/functions/db : __rvm_db_()  79 > __key=gem_gem-wrappers_version
++ /scripts/functions/db : __rvm_db_()  80 > shift 2
++ /scripts/functions/db : __rvm_db_()  81 > __value=
++ /scripts/functions/db : __rvm_db_()  82 > case "${__value}" in
++ /scripts/functions/db : __rvm_db_()  87 > __rvm_db_get /home/sirmmy/.rvm/user/db gem_gem-wrappers_version
++ /scripts/functions/db : __rvm_db_get()  69 > [[ -f /home/sirmmy/.rvm/user/db ]]
++ /scripts/functions/db : __rvm_db_get()  70 > __rvm_sed -n -e '\#^gem_gem-wrappers_version=# { s#^gem_gem-wrappers_version=##;; p; }' -e '/^$/d'
++ /scripts/functions/support : __rvm_sed()  277 > sed -n -e '\#^gem_gem-wrappers_version=# { s#^gem_gem-wrappers_version=##;; p; }' -e '/^$/d'
+ /scripts/functions/db : __rvm_db()  33 > value=
+ /scripts/functions/db : __rvm_db()  35 > [[ -z '' ]]
+ /scripts/functions/db : __rvm_db()  35 > [[ -f /home/sirmmy/.rvm/config/db ]]
++ /scripts/functions/db : __rvm_db()  36 > __rvm_db_ /home/sirmmy/.rvm/config/db gem_gem-wrappers_version
++ /scripts/functions/db : __rvm_db_()  77 > typeset __db __key __value
++ /scripts/functions/db : __rvm_db_()  78 > __db=/home/sirmmy/.rvm/config/db
++ /scripts/functions/db : __rvm_db_()  79 > __key=gem_gem-wrappers_version
++ /scripts/functions/db : __rvm_db_()  80 > shift 2
++ /scripts/functions/db : __rvm_db_()  81 > __value=
++ /scripts/functions/db : __rvm_db_()  82 > case "${__value}" in
++ /scripts/functions/db : __rvm_db_()  87 > __rvm_db_get /home/sirmmy/.rvm/config/db gem_gem-wrappers_version
++ /scripts/functions/db : __rvm_db_get()  69 > [[ -f /home/sirmmy/.rvm/config/db ]]
++ /scripts/functions/db : __rvm_db_get()  70 > __rvm_sed -n -e '\#^gem_gem-wrappers_version=# { s#^gem_gem-wrappers_version=##;; p; }' -e '/^$/d'
++ /scripts/functions/support : __rvm_sed()  277 > sed -n -e '\#^gem_gem-wrappers_version=# { s#^gem_gem-wrappers_version=##;; p; }' -e '/^$/d'
+ /scripts/functions/db : __rvm_db()  36 > value='>=1.4.0'
+ /scripts/functions/db : __rvm_db()  38 > [[ -n >=1.4.0 ]]
+ /scripts/functions/db : __rvm_db()  39 > [[ -n gem_version ]]
+ /scripts/functions/db : __rvm_db()  40 > eval 'gem_version='\''>=1.4.0'\'''
++ /scripts/functions/db : __rvm_db()  40 > gem_version='>=1.4.0'
+ /scripts/functions/db : __rvm_db()  43 > true
+ /scripts/functions/gemset : gem_install()  156 > ((  0 == 0  ))
+ /scripts/functions/gemset : gem_install()  156 > is_gem_installed
+ /scripts/functions/gemset : is_gem_installed()  127 > typeset gem_spec
+ /scripts/functions/gemset : is_gem_installed()  128 > gem_spec='gem '\''gem-wrappers'\'''
+ /scripts/functions/gemset : is_gem_installed()  130 > [[ -n >=1.4.0 ]]
+ /scripts/functions/gemset : is_gem_installed()  132 > gem_spec+=', '\''>=1.4.0'\'''
+ /scripts/functions/gemset : is_gem_installed()  133 > version_check=1.4.0
+ /scripts/functions/gemset : is_gem_installed()  138 > __rvm_ls -ld /home/sirmmy/.rvm/gems/ruby-3.0.0@global/gems/gem-wrappers-1.4.0
+ /scripts/functions/gemset : gem_install()  158 > rvm_log 'gem gem-wrappers >=1.4.0 is already installed'
+ /scripts/functions/logging : rvm_log()  208 > [[ '' == 1 ]]
+ /scripts/functions/logging : rvm_log()  210 > printf %b 'gem gem-wrappers >=1.4.0 is already installed\n'
gem gem-wrappers >=1.4.0 is already installed
+ /scripts/functions/gemset : gem_install()  159 > return 0
+ /scripts/functions/gemset : gemset_import_list()  258 > for line in "$@"
+ /scripts/functions/gemset : gemset_import_list()  259 > gem_install rubygems-bundler
+ /scripts/functions/gemset : gem_install()  146 > typeset gem_name gem_version version_check
+ /scripts/functions/gemset : gem_install()  148 > gem_version=
+ /scripts/functions/gemset : gem_install()  149 > __rvm_parse_gems_args rubygems-bundler
+ /scripts/functions/gemset : __rvm_parse_gems_args()  102 > typeset gem=rubygems-bundler
+ /scripts/functions/gemset : __rvm_parse_gems_args()  104 > __rvm_string_match rubygems-bundler '*.gem$'
+ /scripts/functions/support : __rvm_string_match()  35 > typeset _string
+ /scripts/functions/support : __rvm_string_match()  36 > _string=rubygems-bundler
+ /scripts/functions/support : __rvm_string_match()  37 > shift
+ /scripts/functions/support : __rvm_string_match()  38 > ((  1  ))
+ /scripts/functions/support : __rvm_string_match()  40 > case "${_string}" in
+ /scripts/functions/support : __rvm_string_match()  43 > shift
+ /scripts/functions/support : __rvm_string_match()  38 > ((  0  ))
+ /scripts/functions/support : __rvm_string_match()  45 > return 1
+ /scripts/functions/gemset : __rvm_parse_gems_args()  109 > gem_name=rubygems-bundler
+ /scripts/functions/gemset : __rvm_parse_gems_args()  110 > case "$gem" in
+ /scripts/functions/gemset : gem_install()  151 > [[ -z '' ]]
+ /scripts/functions/gemset : gem_install()  152 > __rvm_db gem_rubygems-bundler_version gem_version
+ /scripts/functions/db : __rvm_db()  27 > typeset value key variable
+ /scripts/functions/db : __rvm_db()  28 > key=gem_rubygems-bundler_version
+ /scripts/functions/db : __rvm_db()  29 > variable=gem_version
+ /scripts/functions/db : __rvm_db()  30 > value=
+ /scripts/functions/db : __rvm_db()  32 > [[ -f /home/sirmmy/.rvm/user/db ]]
++ /scripts/functions/db : __rvm_db()  33 > __rvm_db_ /home/sirmmy/.rvm/user/db gem_rubygems-bundler_version
++ /scripts/functions/db : __rvm_db_()  77 > typeset __db __key __value
++ /scripts/functions/db : __rvm_db_()  78 > __db=/home/sirmmy/.rvm/user/db
++ /scripts/functions/db : __rvm_db_()  79 > __key=gem_rubygems-bundler_version
++ /scripts/functions/db : __rvm_db_()  80 > shift 2
++ /scripts/functions/db : __rvm_db_()  81 > __value=
++ /scripts/functions/db : __rvm_db_()  82 > case "${__value}" in
++ /scripts/functions/db : __rvm_db_()  87 > __rvm_db_get /home/sirmmy/.rvm/user/db gem_rubygems-bundler_version
++ /scripts/functions/db : __rvm_db_get()  69 > [[ -f /home/sirmmy/.rvm/user/db ]]
++ /scripts/functions/db : __rvm_db_get()  70 > __rvm_sed -n -e '\#^gem_rubygems-bundler_version=# { s#^gem_rubygems-bundler_version=##;; p; }' -e '/^$/d'
++ /scripts/functions/support : __rvm_sed()  277 > sed -n -e '\#^gem_rubygems-bundler_version=# { s#^gem_rubygems-bundler_version=##;; p; }' -e '/^$/d'
+ /scripts/functions/db : __rvm_db()  33 > value=
+ /scripts/functions/db : __rvm_db()  35 > [[ -z '' ]]
+ /scripts/functions/db : __rvm_db()  35 > [[ -f /home/sirmmy/.rvm/config/db ]]
++ /scripts/functions/db : __rvm_db()  36 > __rvm_db_ /home/sirmmy/.rvm/config/db gem_rubygems-bundler_version
++ /scripts/functions/db : __rvm_db_()  77 > typeset __db __key __value
++ /scripts/functions/db : __rvm_db_()  78 > __db=/home/sirmmy/.rvm/config/db
++ /scripts/functions/db : __rvm_db_()  79 > __key=gem_rubygems-bundler_version
++ /scripts/functions/db : __rvm_db_()  80 > shift 2
++ /scripts/functions/db : __rvm_db_()  81 > __value=
++ /scripts/functions/db : __rvm_db_()  82 > case "${__value}" in
++ /scripts/functions/db : __rvm_db_()  87 > __rvm_db_get /home/sirmmy/.rvm/config/db gem_rubygems-bundler_version
++ /scripts/functions/db : __rvm_db_get()  69 > [[ -f /home/sirmmy/.rvm/config/db ]]
++ /scripts/functions/db : __rvm_db_get()  70 > __rvm_sed -n -e '\#^gem_rubygems-bundler_version=# { s#^gem_rubygems-bundler_version=##;; p; }' -e '/^$/d'
++ /scripts/functions/support : __rvm_sed()  277 > sed -n -e '\#^gem_rubygems-bundler_version=# { s#^gem_rubygems-bundler_version=##;; p; }' -e '/^$/d'
+ /scripts/functions/db : __rvm_db()  36 > value=
+ /scripts/functions/db : __rvm_db()  38 > [[ -n '' ]]
+ /scripts/functions/db : __rvm_db()  38 > return 1
+ /scripts/functions/gemset : gem_install()  156 > ((  0 == 0  ))
+ /scripts/functions/gemset : gem_install()  156 > is_gem_installed
+ /scripts/functions/gemset : is_gem_installed()  127 > typeset gem_spec
+ /scripts/functions/gemset : is_gem_installed()  128 > gem_spec='gem '\''rubygems-bundler'\'''
+ /scripts/functions/gemset : is_gem_installed()  130 > [[ -n '' ]]
+ /scripts/functions/gemset : is_gem_installed()  135 > version_check='*([[:digit:]\.])'
+ /scripts/functions/gemset : is_gem_installed()  138 > __rvm_ls -ld /home/sirmmy/.rvm/gems/ruby-3.0.0@global/gems/rubygems-bundler-1.4.5
+ /scripts/functions/gemset : gem_install()  158 > rvm_log 'gem rubygems-bundler  is already installed'
+ /scripts/functions/logging : rvm_log()  208 > [[ '' == 1 ]]
+ /scripts/functions/logging : rvm_log()  210 > printf %b 'gem rubygems-bundler  is already installed\n'
gem rubygems-bundler  is already installed
+ /scripts/functions/gemset : gem_install()  159 > return 0
+ /scripts/functions/gemset : gemset_import_list()  258 > for line in "$@"
+ /scripts/functions/gemset : gemset_import_list()  259 > gem_install rake
+ /scripts/functions/gemset : gem_install()  146 > typeset gem_name gem_version version_check
+ /scripts/functions/gemset : gem_install()  148 > gem_version=
+ /scripts/functions/gemset : gem_install()  149 > __rvm_parse_gems_args rake
+ /scripts/functions/gemset : __rvm_parse_gems_args()  102 > typeset gem=rake
+ /scripts/functions/gemset : __rvm_parse_gems_args()  104 > __rvm_string_match rake '*.gem$'
+ /scripts/functions/support : __rvm_string_match()  35 > typeset _string
+ /scripts/functions/support : __rvm_string_match()  36 > _string=rake
+ /scripts/functions/support : __rvm_string_match()  37 > shift
+ /scripts/functions/support : __rvm_string_match()  38 > ((  1  ))
+ /scripts/functions/support : __rvm_string_match()  40 > case "${_string}" in
+ /scripts/functions/support : __rvm_string_match()  43 > shift
+ /scripts/functions/support : __rvm_string_match()  38 > ((  0  ))
+ /scripts/functions/support : __rvm_string_match()  45 > return 1
+ /scripts/functions/gemset : __rvm_parse_gems_args()  109 > gem_name=rake
+ /scripts/functions/gemset : __rvm_parse_gems_args()  110 > case "$gem" in
+ /scripts/functions/gemset : gem_install()  151 > [[ -z '' ]]
+ /scripts/functions/gemset : gem_install()  152 > __rvm_db gem_rake_version gem_version
+ /scripts/functions/db : __rvm_db()  27 > typeset value key variable
+ /scripts/functions/db : __rvm_db()  28 > key=gem_rake_version
+ /scripts/functions/db : __rvm_db()  29 > variable=gem_version
+ /scripts/functions/db : __rvm_db()  30 > value=
+ /scripts/functions/db : __rvm_db()  32 > [[ -f /home/sirmmy/.rvm/user/db ]]
++ /scripts/functions/db : __rvm_db()  33 > __rvm_db_ /home/sirmmy/.rvm/user/db gem_rake_version
++ /scripts/functions/db : __rvm_db_()  77 > typeset __db __key __value
++ /scripts/functions/db : __rvm_db_()  78 > __db=/home/sirmmy/.rvm/user/db
++ /scripts/functions/db : __rvm_db_()  79 > __key=gem_rake_version
++ /scripts/functions/db : __rvm_db_()  80 > shift 2
++ /scripts/functions/db : __rvm_db_()  81 > __value=
++ /scripts/functions/db : __rvm_db_()  82 > case "${__value}" in
++ /scripts/functions/db : __rvm_db_()  87 > __rvm_db_get /home/sirmmy/.rvm/user/db gem_rake_version
++ /scripts/functions/db : __rvm_db_get()  69 > [[ -f /home/sirmmy/.rvm/user/db ]]
++ /scripts/functions/db : __rvm_db_get()  70 > __rvm_sed -n -e '\#^gem_rake_version=# { s#^gem_rake_version=##;; p; }' -e '/^$/d'
++ /scripts/functions/support : __rvm_sed()  277 > sed -n -e '\#^gem_rake_version=# { s#^gem_rake_version=##;; p; }' -e '/^$/d'
+ /scripts/functions/db : __rvm_db()  33 > value=
+ /scripts/functions/db : __rvm_db()  35 > [[ -z '' ]]
+ /scripts/functions/db : __rvm_db()  35 > [[ -f /home/sirmmy/.rvm/config/db ]]
++ /scripts/functions/db : __rvm_db()  36 > __rvm_db_ /home/sirmmy/.rvm/config/db gem_rake_version
++ /scripts/functions/db : __rvm_db_()  77 > typeset __db __key __value
++ /scripts/functions/db : __rvm_db_()  78 > __db=/home/sirmmy/.rvm/config/db
++ /scripts/functions/db : __rvm_db_()  79 > __key=gem_rake_version
++ /scripts/functions/db : __rvm_db_()  80 > shift 2
++ /scripts/functions/db : __rvm_db_()  81 > __value=
++ /scripts/functions/db : __rvm_db_()  82 > case "${__value}" in
++ /scripts/functions/db : __rvm_db_()  87 > __rvm_db_get /home/sirmmy/.rvm/config/db gem_rake_version
++ /scripts/functions/db : __rvm_db_get()  69 > [[ -f /home/sirmmy/.rvm/config/db ]]
++ /scripts/functions/db : __rvm_db_get()  70 > __rvm_sed -n -e '\#^gem_rake_version=# { s#^gem_rake_version=##;; p; }' -e '/^$/d'
++ /scripts/functions/support : __rvm_sed()  277 > sed -n -e '\#^gem_rake_version=# { s#^gem_rake_version=##;; p; }' -e '/^$/d'
+ /scripts/functions/db : __rvm_db()  36 > value=
+ /scripts/functions/db : __rvm_db()  38 > [[ -n '' ]]
+ /scripts/functions/db : __rvm_db()  38 > return 1
+ /scripts/functions/gemset : gem_install()  156 > ((  0 == 0  ))
+ /scripts/functions/gemset : gem_install()  156 > is_gem_installed
+ /scripts/functions/gemset : is_gem_installed()  127 > typeset gem_spec
+ /scripts/functions/gemset : is_gem_installed()  128 > gem_spec='gem '\''rake'\'''
+ /scripts/functions/gemset : is_gem_installed()  130 > [[ -n '' ]]
+ /scripts/functions/gemset : is_gem_installed()  135 > version_check='*([[:digit:]\.])'
+ /scripts/functions/gemset : is_gem_installed()  138 > __rvm_ls -ld /home/sirmmy/.rvm/gems/ruby-3.0.0@global/gems/rake-13.0.3
+ /scripts/functions/gemset : gem_install()  158 > rvm_log 'gem rake  is already installed'
+ /scripts/functions/logging : rvm_log()  208 > [[ '' == 1 ]]
+ /scripts/functions/logging : rvm_log()  210 > printf %b 'gem rake  is already installed\n'
gem rake  is already installed
+ /scripts/functions/gemset : gem_install()  159 > return 0
+ /scripts/functions/gemset : gemset_import_list()  258 > for line in "$@"
+ /scripts/functions/gemset : gemset_import_list()  259 > gem_install rvm
+ /scripts/functions/gemset : gem_install()  146 > typeset gem_name gem_version version_check
+ /scripts/functions/gemset : gem_install()  148 > gem_version=
+ /scripts/functions/gemset : gem_install()  149 > __rvm_parse_gems_args rvm
+ /scripts/functions/gemset : __rvm_parse_gems_args()  102 > typeset gem=rvm
+ /scripts/functions/gemset : __rvm_parse_gems_args()  104 > __rvm_string_match rvm '*.gem$'
+ /scripts/functions/support : __rvm_string_match()  35 > typeset _string
+ /scripts/functions/support : __rvm_string_match()  36 > _string=rvm
+ /scripts/functions/support : __rvm_string_match()  37 > shift
+ /scripts/functions/support : __rvm_string_match()  38 > ((  1  ))
+ /scripts/functions/support : __rvm_string_match()  40 > case "${_string}" in
+ /scripts/functions/support : __rvm_string_match()  43 > shift
+ /scripts/functions/support : __rvm_string_match()  38 > ((  0  ))
+ /scripts/functions/support : __rvm_string_match()  45 > return 1
+ /scripts/functions/gemset : __rvm_parse_gems_args()  109 > gem_name=rvm
+ /scripts/functions/gemset : __rvm_parse_gems_args()  110 > case "$gem" in
+ /scripts/functions/gemset : gem_install()  151 > [[ -z '' ]]
+ /scripts/functions/gemset : gem_install()  152 > __rvm_db gem_rvm_version gem_version
+ /scripts/functions/db : __rvm_db()  27 > typeset value key variable
+ /scripts/functions/db : __rvm_db()  28 > key=gem_rvm_version
+ /scripts/functions/db : __rvm_db()  29 > variable=gem_version
+ /scripts/functions/db : __rvm_db()  30 > value=
+ /scripts/functions/db : __rvm_db()  32 > [[ -f /home/sirmmy/.rvm/user/db ]]
++ /scripts/functions/db : __rvm_db()  33 > __rvm_db_ /home/sirmmy/.rvm/user/db gem_rvm_version
++ /scripts/functions/db : __rvm_db_()  77 > typeset __db __key __value
++ /scripts/functions/db : __rvm_db_()  78 > __db=/home/sirmmy/.rvm/user/db
++ /scripts/functions/db : __rvm_db_()  79 > __key=gem_rvm_version
++ /scripts/functions/db : __rvm_db_()  80 > shift 2
++ /scripts/functions/db : __rvm_db_()  81 > __value=
++ /scripts/functions/db : __rvm_db_()  82 > case "${__value}" in
++ /scripts/functions/db : __rvm_db_()  87 > __rvm_db_get /home/sirmmy/.rvm/user/db gem_rvm_version
++ /scripts/functions/db : __rvm_db_get()  69 > [[ -f /home/sirmmy/.rvm/user/db ]]
++ /scripts/functions/db : __rvm_db_get()  70 > __rvm_sed -n -e '\#^gem_rvm_version=# { s#^gem_rvm_version=##;; p; }' -e '/^$/d'
++ /scripts/functions/support : __rvm_sed()  277 > sed -n -e '\#^gem_rvm_version=# { s#^gem_rvm_version=##;; p; }' -e '/^$/d'
+ /scripts/functions/db : __rvm_db()  33 > value=
+ /scripts/functions/db : __rvm_db()  35 > [[ -z '' ]]
+ /scripts/functions/db : __rvm_db()  35 > [[ -f /home/sirmmy/.rvm/config/db ]]
++ /scripts/functions/db : __rvm_db()  36 > __rvm_db_ /home/sirmmy/.rvm/config/db gem_rvm_version
++ /scripts/functions/db : __rvm_db_()  77 > typeset __db __key __value
++ /scripts/functions/db : __rvm_db_()  78 > __db=/home/sirmmy/.rvm/config/db
++ /scripts/functions/db : __rvm_db_()  79 > __key=gem_rvm_version
++ /scripts/functions/db : __rvm_db_()  80 > shift 2
++ /scripts/functions/db : __rvm_db_()  81 > __value=
++ /scripts/functions/db : __rvm_db_()  82 > case "${__value}" in
++ /scripts/functions/db : __rvm_db_()  87 > __rvm_db_get /home/sirmmy/.rvm/config/db gem_rvm_version
++ /scripts/functions/db : __rvm_db_get()  69 > [[ -f /home/sirmmy/.rvm/config/db ]]
++ /scripts/functions/db : __rvm_db_get()  70 > __rvm_sed -n -e '\#^gem_rvm_version=# { s#^gem_rvm_version=##;; p; }' -e '/^$/d'
++ /scripts/functions/support : __rvm_sed()  277 > sed -n -e '\#^gem_rvm_version=# { s#^gem_rvm_version=##;; p; }' -e '/^$/d'
+ /scripts/functions/db : __rvm_db()  36 > value='>=1.11.3.9'
+ /scripts/functions/db : __rvm_db()  38 > [[ -n >=1.11.3.9 ]]
+ /scripts/functions/db : __rvm_db()  39 > [[ -n gem_version ]]
+ /scripts/functions/db : __rvm_db()  40 > eval 'gem_version='\''>=1.11.3.9'\'''
++ /scripts/functions/db : __rvm_db()  40 > gem_version='>=1.11.3.9'
+ /scripts/functions/db : __rvm_db()  43 > true
+ /scripts/functions/gemset : gem_install()  156 > ((  0 == 0  ))
+ /scripts/functions/gemset : gem_install()  156 > is_gem_installed
+ /scripts/functions/gemset : is_gem_installed()  127 > typeset gem_spec
+ /scripts/functions/gemset : is_gem_installed()  128 > gem_spec='gem '\''rvm'\'''
+ /scripts/functions/gemset : is_gem_installed()  130 > [[ -n >=1.11.3.9 ]]
+ /scripts/functions/gemset : is_gem_installed()  132 > gem_spec+=', '\''>=1.11.3.9'\'''
+ /scripts/functions/gemset : is_gem_installed()  133 > version_check=1.11.3.9
+ /scripts/functions/gemset : is_gem_installed()  138 > __rvm_ls -ld /home/sirmmy/.rvm/gems/ruby-3.0.0@global/gems/rvm-1.11.3.9
+ /scripts/functions/gemset : gem_install()  158 > rvm_log 'gem rvm >=1.11.3.9 is already installed'
+ /scripts/functions/logging : rvm_log()  208 > [[ '' == 1 ]]
+ /scripts/functions/logging : rvm_log()  210 > printf %b 'gem rvm >=1.11.3.9 is already installed\n'
gem rvm >=1.11.3.9 is already installed
+ /scripts/functions/gemset : gem_install()  159 > return 0
+ /scripts/functions/gemset : gemset_import_list()  258 > for line in "$@"
+ /scripts/functions/gemset : gemset_import_list()  259 > gem_install bundler
+ /scripts/functions/gemset : gem_install()  146 > typeset gem_name gem_version version_check
+ /scripts/functions/gemset : gem_install()  148 > gem_version=
+ /scripts/functions/gemset : gem_install()  149 > __rvm_parse_gems_args bundler
+ /scripts/functions/gemset : __rvm_parse_gems_args()  102 > typeset gem=bundler
+ /scripts/functions/gemset : __rvm_parse_gems_args()  104 > __rvm_string_match bundler '*.gem$'
+ /scripts/functions/support : __rvm_string_match()  35 > typeset _string
+ /scripts/functions/support : __rvm_string_match()  36 > _string=bundler
+ /scripts/functions/support : __rvm_string_match()  37 > shift
+ /scripts/functions/support : __rvm_string_match()  38 > ((  1  ))
+ /scripts/functions/support : __rvm_string_match()  40 > case "${_string}" in
+ /scripts/functions/support : __rvm_string_match()  43 > shift
+ /scripts/functions/support : __rvm_string_match()  38 > ((  0  ))
+ /scripts/functions/support : __rvm_string_match()  45 > return 1
+ /scripts/functions/gemset : __rvm_parse_gems_args()  109 > gem_name=bundler
+ /scripts/functions/gemset : __rvm_parse_gems_args()  110 > case "$gem" in
+ /scripts/functions/gemset : gem_install()  151 > [[ -z '' ]]
+ /scripts/functions/gemset : gem_install()  152 > __rvm_db gem_bundler_version gem_version
+ /scripts/functions/db : __rvm_db()  27 > typeset value key variable
+ /scripts/functions/db : __rvm_db()  28 > key=gem_bundler_version
+ /scripts/functions/db : __rvm_db()  29 > variable=gem_version
+ /scripts/functions/db : __rvm_db()  30 > value=
+ /scripts/functions/db : __rvm_db()  32 > [[ -f /home/sirmmy/.rvm/user/db ]]
++ /scripts/functions/db : __rvm_db()  33 > __rvm_db_ /home/sirmmy/.rvm/user/db gem_bundler_version
++ /scripts/functions/db : __rvm_db_()  77 > typeset __db __key __value
++ /scripts/functions/db : __rvm_db_()  78 > __db=/home/sirmmy/.rvm/user/db
++ /scripts/functions/db : __rvm_db_()  79 > __key=gem_bundler_version
++ /scripts/functions/db : __rvm_db_()  80 > shift 2
++ /scripts/functions/db : __rvm_db_()  81 > __value=
++ /scripts/functions/db : __rvm_db_()  82 > case "${__value}" in
++ /scripts/functions/db : __rvm_db_()  87 > __rvm_db_get /home/sirmmy/.rvm/user/db gem_bundler_version
++ /scripts/functions/db : __rvm_db_get()  69 > [[ -f /home/sirmmy/.rvm/user/db ]]
++ /scripts/functions/db : __rvm_db_get()  70 > __rvm_sed -n -e '\#^gem_bundler_version=# { s#^gem_bundler_version=##;; p; }' -e '/^$/d'
++ /scripts/functions/support : __rvm_sed()  277 > sed -n -e '\#^gem_bundler_version=# { s#^gem_bundler_version=##;; p; }' -e '/^$/d'
+ /scripts/functions/db : __rvm_db()  33 > value=
+ /scripts/functions/db : __rvm_db()  35 > [[ -z '' ]]
+ /scripts/functions/db : __rvm_db()  35 > [[ -f /home/sirmmy/.rvm/config/db ]]
++ /scripts/functions/db : __rvm_db()  36 > __rvm_db_ /home/sirmmy/.rvm/config/db gem_bundler_version
++ /scripts/functions/db : __rvm_db_()  77 > typeset __db __key __value
++ /scripts/functions/db : __rvm_db_()  78 > __db=/home/sirmmy/.rvm/config/db
++ /scripts/functions/db : __rvm_db_()  79 > __key=gem_bundler_version
++ /scripts/functions/db : __rvm_db_()  80 > shift 2
++ /scripts/functions/db : __rvm_db_()  81 > __value=
++ /scripts/functions/db : __rvm_db_()  82 > case "${__value}" in
++ /scripts/functions/db : __rvm_db_()  87 > __rvm_db_get /home/sirmmy/.rvm/config/db gem_bundler_version
++ /scripts/functions/db : __rvm_db_get()  69 > [[ -f /home/sirmmy/.rvm/config/db ]]
++ /scripts/functions/db : __rvm_db_get()  70 > __rvm_sed -n -e '\#^gem_bundler_version=# { s#^gem_bundler_version=##;; p; }' -e '/^$/d'
++ /scripts/functions/support : __rvm_sed()  277 > sed -n -e '\#^gem_bundler_version=# { s#^gem_bundler_version=##;; p; }' -e '/^$/d'
+ /scripts/functions/db : __rvm_db()  36 > value=
+ /scripts/functions/db : __rvm_db()  38 > [[ -n '' ]]
+ /scripts/functions/db : __rvm_db()  38 > return 1
+ /scripts/functions/gemset : gem_install()  156 > ((  0 == 0  ))
+ /scripts/functions/gemset : gem_install()  156 > is_gem_installed
+ /scripts/functions/gemset : is_gem_installed()  127 > typeset gem_spec
+ /scripts/functions/gemset : is_gem_installed()  128 > gem_spec='gem '\''bundler'\'''
+ /scripts/functions/gemset : is_gem_installed()  130 > [[ -n '' ]]
+ /scripts/functions/gemset : is_gem_installed()  135 > version_check='*([[:digit:]\.])'
+ /scripts/functions/gemset : is_gem_installed()  138 > __rvm_ls -ld /home/sirmmy/.rvm/gems/ruby-3.0.0@global/gems/bundler-2.2.3
+ /scripts/functions/gemset : gem_install()  158 > rvm_log 'gem bundler  is already installed'
+ /scripts/functions/logging : rvm_log()  208 > [[ '' == 1 ]]
+ /scripts/functions/logging : rvm_log()  210 > printf %b 'gem bundler  is already installed\n'
gem bundler  is already installed
+ /scripts/functions/gemset : gem_install()  159 > return 0
