[2022-05-31 12:07:11] requirements_debian_update_system
requirements_debian_update_system () 
{ 
    __rvm_try_sudo apt-get --quiet --yes update || { 
        \typeset __ret=$?;
        case ${__ret} in 
            100)
                rvm_error "There has been an error while updating your system using \`apt-get\`.
It seems that there are some 404 Not Found errors for repositories listed in:

    /etc/apt/sources.list
    /etc/apt/sources.list.d/*.list

Make sure that all repositories are available from your system and verify your setup by running manually:

    sudo apt-get update

Make sure that it works correctly before proceeding with RVM.

If you are working from the GUI instead of the terminal, you might want to verify and fix broken
repositories using \"Software & Updates\" application.
"
            ;;
        esac;
        return ${__ret}
    }
}
current path: /home/sirmmy/.rvm/src/rvm
PATH=/home/sirmmy/.nvm/versions/node/v16.15.0/bin:/usr/local/sbin:/usr/local/bin:/usr/sbin:/usr/bin:/sbin:/bin:/usr/games:/usr/local/games:/snap/bin:/home/sirmmy/.rvm/bin:/home/sirmmy/.rvm/bin:/home/sirmmy/.rvm/bin
command(2): requirements_debian_update_system ruby-3.0.0
++ /scripts/functions/requirements/debian : requirements_debian_update_system()  46 > __rvm_try_sudo apt-get --quiet --yes update
++ /scripts/functions/utility : __rvm_try_sudo()  333 > typeset -a command_to_run
++ /scripts/functions/utility : __rvm_try_sudo()  334 > typeset sudo_path sbin_path missing_paths
++ /scripts/functions/utility : __rvm_try_sudo()  335 > command_to_run=("$@")
++ /scripts/functions/utility : __rvm_try_sudo()  336 > ((  UID == 0  ))
++ /scripts/functions/utility : __rvm_try_sudo()  337 > case "$rvm_autolibs_flag_number" in
++ /scripts/functions/utility : __rvm_try_sudo()  352 > is_a_function __rvm_sudo
++ /scripts/functions/support : is_a_function()  5 > typeset -f __rvm_sudo
++ /scripts/functions/utility : __rvm_try_sudo()  354 > missing_paths=
++ /scripts/functions/utility : __rvm_try_sudo()  355 > for sbin_path in /sbin /usr/sbin /usr/local/sbin
++ /scripts/functions/utility : __rvm_try_sudo()  357 > [[ -d /sbin ]]
++ /scripts/functions/utility : __rvm_try_sudo()  357 > [[ :/home/sirmmy/.nvm/versions/node/v16.15.0/bin:/usr/local/sbin:/usr/local/bin:/usr/sbin:/usr/bin:/sbin:/bin:/usr/games:/usr/local/games:/snap/bin:/home/sirmmy/.rvm/bin:/home/sirmmy/.rvm/bin:/home/sirmmy/.rvm/bin: != *\:\/\s\b\i\n\:* ]]
++ /scripts/functions/utility : __rvm_try_sudo()  355 > for sbin_path in /sbin /usr/sbin /usr/local/sbin
++ /scripts/functions/utility : __rvm_try_sudo()  357 > [[ -d /usr/sbin ]]
++ /scripts/functions/utility : __rvm_try_sudo()  357 > [[ :/home/sirmmy/.nvm/versions/node/v16.15.0/bin:/usr/local/sbin:/usr/local/bin:/usr/sbin:/usr/bin:/sbin:/bin:/usr/games:/usr/local/games:/snap/bin:/home/sirmmy/.rvm/bin:/home/sirmmy/.rvm/bin:/home/sirmmy/.rvm/bin: != *\:\/\u\s\r\/\s\b\i\n\:* ]]
++ /scripts/functions/utility : __rvm_try_sudo()  355 > for sbin_path in /sbin /usr/sbin /usr/local/sbin
++ /scripts/functions/utility : __rvm_try_sudo()  357 > [[ -d /usr/local/sbin ]]
++ /scripts/functions/utility : __rvm_try_sudo()  357 > [[ :/home/sirmmy/.nvm/versions/node/v16.15.0/bin:/usr/local/sbin:/usr/local/bin:/usr/sbin:/usr/bin:/sbin:/bin:/usr/games:/usr/local/games:/snap/bin:/home/sirmmy/.rvm/bin:/home/sirmmy/.rvm/bin:/home/sirmmy/.rvm/bin: != *\:\/\u\s\r\/\l\o\c\a\l\/\s\b\i\n\:* ]]
++ /scripts/functions/utility : __rvm_try_sudo()  361 > [[ -n '' ]]
++ /scripts/functions/utility : __rvm_try_sudo()  364 > command_to_run=(__rvm_sudo -p "%p password required for '$*': " "${command_to_run[@]}")
++ /scripts/functions/utility : __rvm_try_sudo()  371 > __rvm_sudo -p '%p password required for '\''apt-get --quiet --yes update'\'': ' apt-get --quiet --yes update
++ /scripts/functions/support : __rvm_sudo()  357 > command sudo -p '%p password required for '\''apt-get --quiet --yes update'\'': ' apt-get --quiet --yes update
++ /scripts/functions/support : __rvm_sudo()  357 > sudo -p '%p password required for '\''apt-get --quiet --yes update'\'': ' apt-get --quiet --yes update
Hit:1 http://ke.archive.ubuntu.com/ubuntu focal InRelease
Hit:2 http://ke.archive.ubuntu.com/ubuntu focal-updates InRelease
Hit:3 http://ke.archive.ubuntu.com/ubuntu focal-backports InRelease
Hit:4 http://ppa.launchpad.net/rael-gc/rvm/ubuntu focal InRelease
Get:5 http://packages.microsoft.com/repos/code stable InRelease [10.4 kB]
Get:6 http://security.ubuntu.com/ubuntu focal-security InRelease [114 kB]
Hit:7 https://brave-browser-apt-release.s3.brave.com stable InRelease
Get:8 http://packages.microsoft.com/repos/code stable/main amd64 Packages [86.2 kB]
Get:9 http://packages.microsoft.com/repos/code stable/main arm64 Packages [87.1 kB]
Hit:10 https://dl.google.com/linux/chrome/deb stable InRelease
Fetched 297 kB in 11s (27.6 kB/s)
Reading package lists...
