[2022-06-03T06:26:15.368Z] Validating found git in: git
[2022-06-03T06:26:15.512Z] Using git  from git
[2022-06-03T06:26:15.538Z] > git rev-parse --show-toplevel [9ms]
[2022-06-03T06:26:15.638Z] > git rev-parse --git-dir --git-common-dir [58ms]
[2022-06-03T06:26:15.650Z] Open repository: /home/sirmmy/Development/code/prework/phase-0/phase-0-css-fundamentals-lab
[2022-06-03T06:26:16.170Z] > git status -z -uall [490ms]
[2022-06-03T06:26:16.222Z] > git symbolic-ref --short HEAD [5ms]
[2022-06-03T06:26:16.239Z] > git for-each-ref --format=%(refname)%00%(upstream:short)%00%(objectname)%00%(upstream:track)%00%(upstream:remotename)%00%(upstream:remoteref) refs/heads/master refs/remotes/master [3ms]
[2022-06-03T06:26:16.510Z] > git for-each-ref --sort -committerdate --format %(refname) %(objectname) %(*objectname) [246ms]
[2022-06-03T06:26:16.546Z] > git remote --verbose [262ms]
[2022-06-03T06:26:16.589Z] > git config --get commit.template [20ms]
[2022-06-03T06:26:16.692Z] > git check-ignore -v -z --stdin [18ms]
[2022-06-03T06:26:18.414Z] > git show --textconv :index.html [26ms]
[2022-06-03T06:26:18.414Z] > git ls-files --stage -- /home/sirmmy/Development/code/prework/phase-0/phase-0-css-fundamentals-lab/index.html [13ms]
[2022-06-03T06:26:18.434Z] > git cat-file -s 8a618dd71e8d76082eb24ae4cf24d78e77124a8d [6ms]
[2022-06-03T06:26:20.963Z] > git show --textconv :style.css [53ms]
[2022-06-03T06:26:20.968Z] > git ls-files --stage -- /home/sirmmy/Development/code/prework/phase-0/phase-0-css-fundamentals-lab/style.css [35ms]
[2022-06-03T06:26:20.993Z] > git cat-file -s 1b1899382aee2e8863a208cb44e972b68b239fff [6ms]
[2022-06-03T06:26:23.327Z] > git show --textconv :index.html [24ms]
[2022-06-03T06:26:23.334Z] > git ls-files --stage -- /home/sirmmy/Development/code/prework/phase-0/phase-0-css-fundamentals-lab/index.html [20ms]
[2022-06-03T06:26:23.347Z] > git cat-file -s 8a618dd71e8d76082eb24ae4cf24d78e77124a8d [1ms]
[2022-06-03T06:27:07.820Z] > git status -z -uall [4ms]
[2022-06-03T06:27:07.833Z] > git symbolic-ref --short HEAD [2ms]
[2022-06-03T06:27:07.847Z] > git for-each-ref --format=%(refname)%00%(upstream:short)%00%(objectname)%00%(upstream:track)%00%(upstream:remotename)%00%(upstream:remoteref) refs/heads/master refs/remotes/master [4ms]
[2022-06-03T06:27:07.869Z] > git for-each-ref --sort -committerdate --format %(refname) %(objectname) %(*objectname) [11ms]
[2022-06-03T06:27:07.870Z] > git remote --verbose [2ms]
[2022-06-03T06:27:07.888Z] > git config --get commit.template [2ms]
[2022-06-03T06:27:08.653Z] > git show --textconv :index.html [38ms]
[2022-06-03T06:27:08.654Z] > git ls-files --stage -- /home/sirmmy/Development/code/prework/phase-0/phase-0-css-fundamentals-lab/index.html [25ms]
[2022-06-03T06:27:08.680Z] > git cat-file -s 8a618dd71e8d76082eb24ae4cf24d78e77124a8d [10ms]
[2022-06-03T06:27:18.668Z] > git status -z -uall [4ms]
[2022-06-03T06:27:18.678Z] > git symbolic-ref --short HEAD [1ms]
[2022-06-03T06:27:18.689Z] > git for-each-ref --format=%(refname)%00%(upstream:short)%00%(objectname)%00%(upstream:track)%00%(upstream:remotename)%00%(upstream:remoteref) refs/heads/master refs/remotes/master [1ms]
[2022-06-03T06:27:18.716Z] > git remote --verbose [2ms]
[2022-06-03T06:27:18.716Z] > git for-each-ref --sort -committerdate --format %(refname) %(objectname) %(*objectname) [16ms]
[2022-06-03T06:27:18.732Z] > git config --get commit.template [1ms]
[2022-06-03T06:27:23.972Z] > git status -z -uall [3ms]
[2022-06-03T06:27:23.985Z] > git symbolic-ref --short HEAD [1ms]
[2022-06-03T06:27:24.014Z] > git for-each-ref --format=%(refname)%00%(upstream:short)%00%(objectname)%00%(upstream:track)%00%(upstream:remotename)%00%(upstream:remoteref) refs/heads/master refs/remotes/master [17ms]
[2022-06-03T06:27:24.036Z] > git check-ignore -v -z --stdin [28ms]
[2022-06-03T06:27:24.037Z] > git for-each-ref --sort -committerdate --format %(refname) %(objectname) %(*objectname) [14ms]
[2022-06-03T06:27:24.038Z] > git remote --verbose [4ms]
[2022-06-03T06:27:24.054Z] > git config --get commit.template [3ms]
[2022-06-03T06:27:25.133Z] > git ls-files --stage -- /home/sirmmy/Development/code/prework/phase-0/phase-0-css-fundamentals-lab/index.html [1ms]
[2022-06-03T06:27:25.144Z] > git cat-file -s a8a629a251ba2c0bb409336e9e12568c355502a3 [1ms]
[2022-06-03T06:27:25.160Z] > git show --textconv :index.html [1ms]
[2022-06-03T06:27:28.545Z] > git show --textconv :style.css [42ms]
[2022-06-03T06:27:28.546Z] > git ls-files --stage -- /home/sirmmy/Development/code/prework/phase-0/phase-0-css-fundamentals-lab/style.css [18ms]
[2022-06-03T06:27:28.567Z] > git cat-file -s 1b1899382aee2e8863a208cb44e972b68b239fff [6ms]
[2022-06-03T06:27:29.588Z] > git status -z -uall [2ms]
[2022-06-03T06:27:29.598Z] > git symbolic-ref --short HEAD [2ms]
[2022-06-03T06:27:29.609Z] > git for-each-ref --format=%(refname)%00%(upstream:short)%00%(objectname)%00%(upstream:track)%00%(upstream:remotename)%00%(upstream:remoteref) refs/heads/master refs/remotes/master [1ms]
[2022-06-03T06:27:29.628Z] > git for-each-ref --sort -committerdate --format %(refname) %(objectname) %(*objectname) [10ms]
[2022-06-03T06:27:29.628Z] > git remote --verbose [2ms]
[2022-06-03T06:27:29.643Z] > git config --get commit.template [1ms]
[2022-06-03T06:29:03.125Z] > git status -z -uall [3ms]
[2022-06-03T06:29:03.136Z] > git symbolic-ref --short HEAD [2ms]
[2022-06-03T06:29:03.148Z] > git for-each-ref --format=%(refname)%00%(upstream:short)%00%(objectname)%00%(upstream:track)%00%(upstream:remotename)%00%(upstream:remoteref) refs/heads/master refs/remotes/master [2ms]
[2022-06-03T06:29:03.167Z] > git for-each-ref --sort -committerdate --format %(refname) %(objectname) %(*objectname) [10ms]
[2022-06-03T06:29:03.167Z] > git remote --verbose [2ms]
[2022-06-03T06:29:03.181Z] > git config --get commit.template [2ms]
[2022-06-03T06:29:04.131Z] > git show --textconv :style.css [10ms]
[2022-06-03T06:29:04.132Z] > git ls-files --stage -- /home/sirmmy/Development/code/prework/phase-0/phase-0-css-fundamentals-lab/style.css [2ms]
[2022-06-03T06:29:04.155Z] > git cat-file -s 1b1899382aee2e8863a208cb44e972b68b239fff [14ms]
[2022-06-03T06:33:41.088Z] > git status -z -uall [2ms]
[2022-06-03T06:33:41.101Z] > git symbolic-ref --short HEAD [3ms]
[2022-06-03T06:33:41.115Z] > git for-each-ref --format=%(refname)%00%(upstream:short)%00%(objectname)%00%(upstream:track)%00%(upstream:remotename)%00%(upstream:remoteref) refs/heads/master refs/remotes/master [5ms]
[2022-06-03T06:33:41.140Z] > git for-each-ref --sort -committerdate --format %(refname) %(objectname) %(*objectname) [14ms]
[2022-06-03T06:33:41.141Z] > git remote --verbose [3ms]
[2022-06-03T06:33:41.165Z] > git config --get commit.template [3ms]
[2022-06-03T06:33:59.872Z] > git show --textconv :style.css [9ms]
[2022-06-03T06:33:59.873Z] > git ls-files --stage -- /home/sirmmy/Development/code/prework/phase-0/phase-0-css-fundamentals-lab/style.css [1ms]
[2022-06-03T06:33:59.895Z] > git cat-file -s 1b1899382aee2e8863a208cb44e972b68b239fff [13ms]
[2022-06-03T06:35:00.255Z] > git status -z -uall [5ms]
[2022-06-03T06:35:00.271Z] > git symbolic-ref --short HEAD [1ms]
[2022-06-03T06:35:00.286Z] > git for-each-ref --format=%(refname)%00%(upstream:short)%00%(objectname)%00%(upstream:track)%00%(upstream:remotename)%00%(upstream:remoteref) refs/heads/master refs/remotes/master [0ms]
[2022-06-03T06:35:00.311Z] > git for-each-ref --sort -committerdate --format %(refname) %(objectname) %(*objectname) [15ms]
[2022-06-03T06:35:00.311Z] > git remote --verbose [2ms]
[2022-06-03T06:35:00.325Z] > git config --get commit.template [1ms]
[2022-06-03T06:35:02.864Z] > git show --textconv :style.css [9ms]
[2022-06-03T06:35:02.865Z] > git ls-files --stage -- /home/sirmmy/Development/code/prework/phase-0/phase-0-css-fundamentals-lab/style.css [2ms]
[2022-06-03T06:35:02.876Z] > git cat-file -s 1b1899382aee2e8863a208cb44e972b68b239fff [1ms]
[2022-06-03T06:37:21.788Z] > git status -z -uall [1ms]
[2022-06-03T06:37:21.801Z] > git symbolic-ref --short HEAD [2ms]
[2022-06-03T06:37:21.814Z] > git for-each-ref --format=%(refname)%00%(upstream:short)%00%(objectname)%00%(upstream:track)%00%(upstream:remotename)%00%(upstream:remoteref) refs/heads/master refs/remotes/master [2ms]
[2022-06-03T06:37:21.844Z] > git remote --verbose [4ms]
[2022-06-03T06:37:21.844Z] > git for-each-ref --sort -committerdate --format %(refname) %(objectname) %(*objectname) [17ms]
[2022-06-03T06:37:21.863Z] > git config --get commit.template [1ms]
[2022-06-03T06:37:30.824Z] > git show --textconv :style.css [11ms]
[2022-06-03T06:37:30.825Z] > git ls-files --stage -- /home/sirmmy/Development/code/prework/phase-0/phase-0-css-fundamentals-lab/style.css [2ms]
[2022-06-03T06:37:30.847Z] > git cat-file -s 1b1899382aee2e8863a208cb44e972b68b239fff [12ms]
[2022-06-03T06:40:21.278Z] > git status -z -uall [2ms]
[2022-06-03T06:40:21.289Z] > git symbolic-ref --short HEAD [2ms]
[2022-06-03T06:40:21.300Z] > git for-each-ref --format=%(refname)%00%(upstream:short)%00%(objectname)%00%(upstream:track)%00%(upstream:remotename)%00%(upstream:remoteref) refs/heads/master refs/remotes/master [1ms]
[2022-06-03T06:40:21.321Z] > git for-each-ref --sort -committerdate --format %(refname) %(objectname) %(*objectname) [11ms]
[2022-06-03T06:40:21.322Z] > git remote --verbose [3ms]
[2022-06-03T06:40:21.335Z] > git config --get commit.template [1ms]
[2022-06-03T06:40:30.908Z] > git show --textconv :style.css [22ms]
[2022-06-03T06:40:30.909Z] > git ls-files --stage -- /home/sirmmy/Development/code/prework/phase-0/phase-0-css-fundamentals-lab/style.css [13ms]
[2022-06-03T06:40:30.920Z] > git cat-file -s 1b1899382aee2e8863a208cb44e972b68b239fff [2ms]
[2022-06-03T06:40:55.778Z] > git status -z -uall [2ms]
[2022-06-03T06:40:55.791Z] > git symbolic-ref --short HEAD [3ms]
[2022-06-03T06:40:55.805Z] > git for-each-ref --format=%(refname)%00%(upstream:short)%00%(objectname)%00%(upstream:track)%00%(upstream:remotename)%00%(upstream:remoteref) refs/heads/master refs/remotes/master [3ms]
[2022-06-03T06:40:55.838Z] > git for-each-ref --sort -committerdate --format %(refname) %(objectname) %(*objectname) [18ms]
[2022-06-03T06:40:55.838Z] > git remote --verbose [2ms]
[2022-06-03T06:40:55.854Z] > git config --get commit.template [2ms]
[2022-06-03T06:41:01.236Z] > git show --textconv :style.css [12ms]
[2022-06-03T06:41:01.254Z] > git ls-files --stage -- /home/sirmmy/Development/code/prework/phase-0/phase-0-css-fundamentals-lab/style.css [19ms]
[2022-06-03T06:41:01.268Z] > git cat-file -s 1b1899382aee2e8863a208cb44e972b68b239fff [3ms]
[2022-06-03T07:11:08.344Z] > git status -z -uall [3ms]
[2022-06-03T07:11:08.354Z] > git symbolic-ref --short HEAD [1ms]
[2022-06-03T07:11:08.369Z] > git for-each-ref --format=%(refname)%00%(upstream:short)%00%(objectname)%00%(upstream:track)%00%(upstream:remotename)%00%(upstream:remoteref) refs/heads/master refs/remotes/master [1ms]
[2022-06-03T07:11:08.391Z] > git for-each-ref --sort -committerdate --format %(refname) %(objectname) %(*objectname) [11ms]
[2022-06-03T07:11:08.392Z] > git remote --verbose [3ms]
[2022-06-03T07:11:08.404Z] > git config --get commit.template [1ms]
[2022-06-03T07:11:09.059Z] > git show --textconv :style.css [27ms]
[2022-06-03T07:11:09.059Z] > git ls-files --stage -- /home/sirmmy/Development/code/prework/phase-0/phase-0-css-fundamentals-lab/style.css [15ms]
[2022-06-03T07:11:09.075Z] > git cat-file -s 1b1899382aee2e8863a208cb44e972b68b239fff [4ms]
[2022-06-03T07:14:41.656Z] > git status -z -uall [3ms]
[2022-06-03T07:14:41.670Z] > git symbolic-ref --short HEAD [2ms]
[2022-06-03T07:14:41.681Z] > git for-each-ref --format=%(refname)%00%(upstream:short)%00%(objectname)%00%(upstream:track)%00%(upstream:remotename)%00%(upstream:remoteref) refs/heads/master refs/remotes/master [1ms]
[2022-06-03T07:14:41.700Z] > git for-each-ref --sort -committerdate --format %(refname) %(objectname) %(*objectname) [10ms]
[2022-06-03T07:14:41.701Z] > git remote --verbose [2ms]
[2022-06-03T07:14:41.713Z] > git config --get commit.template [1ms]
[2022-06-03T07:14:51.028Z] > git show --textconv :style.css [10ms]
[2022-06-03T07:14:51.029Z] > git ls-files --stage -- /home/sirmmy/Development/code/prework/phase-0/phase-0-css-fundamentals-lab/style.css [1ms]
[2022-06-03T07:14:51.049Z] > git cat-file -s 1b1899382aee2e8863a208cb44e972b68b239fff [12ms]
[2022-06-03T07:15:02.512Z] > git status -z -uall [2ms]
[2022-06-03T07:15:02.522Z] > git symbolic-ref --short HEAD [2ms]
[2022-06-03T07:15:02.532Z] > git for-each-ref --format=%(refname)%00%(upstream:short)%00%(objectname)%00%(upstream:track)%00%(upstream:remotename)%00%(upstream:remoteref) refs/heads/master refs/remotes/master [2ms]
[2022-06-03T07:15:02.550Z] > git for-each-ref --sort -committerdate --format %(refname) %(objectname) %(*objectname) [9ms]
[2022-06-03T07:15:02.550Z] > git remote --verbose [1ms]
[2022-06-03T07:15:02.562Z] > git config --get commit.template [1ms]
[2022-06-03T07:15:03.956Z] > git ls-files --stage -- /home/sirmmy/Development/code/prework/phase-0/phase-0-css-fundamentals-lab/style.css [1ms]
[2022-06-03T07:15:03.968Z] > git cat-file -s 7f0e92d8339bd0115469a8b675e64cb8cb34b9cb [2ms]
[2022-06-03T07:15:03.984Z] > git show --textconv :style.css [3ms]
[2022-06-03T07:15:07.576Z] > git status -z -uall [3ms]
[2022-06-03T07:15:07.586Z] > git symbolic-ref --short HEAD [1ms]
[2022-06-03T07:15:07.595Z] > git for-each-ref --format=%(refname)%00%(upstream:short)%00%(objectname)%00%(upstream:track)%00%(upstream:remotename)%00%(upstream:remoteref) refs/heads/master refs/remotes/master [1ms]
[2022-06-03T07:15:07.613Z] > git for-each-ref --sort -committerdate --format %(refname) %(objectname) %(*objectname) [8ms]
[2022-06-03T07:15:07.613Z] > git remote --verbose [2ms]
[2022-06-03T07:15:07.627Z] > git config --get commit.template [2ms]
[2022-06-03T07:15:12.639Z] > git status -z -uall [2ms]
[2022-06-03T07:15:12.649Z] > git symbolic-ref --short HEAD [1ms]
[2022-06-03T07:15:12.659Z] > git for-each-ref --format=%(refname)%00%(upstream:short)%00%(objectname)%00%(upstream:track)%00%(upstream:remotename)%00%(upstream:remoteref) refs/heads/master refs/remotes/master [2ms]
[2022-06-03T07:15:12.679Z] > git for-each-ref --sort -committerdate --format %(refname) %(objectname) %(*objectname) [10ms]
[2022-06-03T07:15:12.680Z] > git remote --verbose [2ms]
[2022-06-03T07:15:12.692Z] > git config --get commit.template [1ms]
