[2022-06-02T12:39:19.906Z] Validating found git in: git
[2022-06-02T12:39:20.012Z] Using git 2.25.1 from git
[2022-06-02T12:39:20.044Z] > git rev-parse --show-toplevel [9ms]
[2022-06-02T12:39:20.144Z] > git rev-parse --git-dir --git-common-dir [82ms]
[2022-06-02T12:39:20.155Z] Open repository: /home/sirmmy/Development/code/prework/phase-0/phase-0-html-riyadh-blog-lab
[2022-06-02T12:39:20.627Z] > git status -z -uall [456ms]
[2022-06-02T12:39:20.666Z] > git symbolic-ref --short HEAD [23ms]
[2022-06-02T12:39:20.805Z] > git for-each-ref --format=%(refname)%00%(upstream:short)%00%(objectname)%00%(upstream:track)%00%(upstream:remotename)%00%(upstream:remoteref) refs/heads/master refs/remotes/master [128ms]
[2022-06-02T12:39:20.867Z] > git for-each-ref --sort -committerdate --format %(refname) %(objectname) %(*objectname) [40ms]
[2022-06-02T12:39:20.893Z] > git remote --verbose [54ms]
[2022-06-02T12:39:20.917Z] > git config --get commit.template [3ms]
[2022-06-02T12:39:21.448Z] > git check-ignore -v -z --stdin [37ms]
[2022-06-02T12:39:23.518Z] > git show --textconv :index.html [29ms]
[2022-06-02T12:39:23.532Z] > git ls-files --stage -- /home/sirmmy/Development/code/prework/phase-0/phase-0-html-riyadh-blog-lab/index.html [16ms]
[2022-06-02T12:39:23.550Z] > git cat-file -s e2402078b12eada26a352237cab5eb8770824c8d [5ms]
[2022-06-02T12:39:28.823Z] > git show --textconv :SOURCE.md [52ms]
[2022-06-02T12:39:28.823Z] > git ls-files --stage -- /home/sirmmy/Development/code/prework/phase-0/phase-0-html-riyadh-blog-lab/SOURCE.md [39ms]
[2022-06-02T12:39:28.839Z] > git cat-file -s a90c194d56d1b4deffcaf8d718cb497559c5dd4c [3ms]
[2022-06-02T12:39:41.554Z] > git show --textconv :index.html [11ms]
[2022-06-02T12:39:41.555Z] > git ls-files --stage -- /home/sirmmy/Development/code/prework/phase-0/phase-0-html-riyadh-blog-lab/index.html [2ms]
[2022-06-02T12:39:41.579Z] > git cat-file -s e2402078b12eada26a352237cab5eb8770824c8d [14ms]
[2022-06-02T12:40:01.647Z] > git status -z -uall [10ms]
[2022-06-02T12:40:01.659Z] > git symbolic-ref --short HEAD [3ms]
[2022-06-02T12:40:01.671Z] > git for-each-ref --format=%(refname)%00%(upstream:short)%00%(objectname)%00%(upstream:track)%00%(upstream:remotename)%00%(upstream:remoteref) refs/heads/master refs/remotes/master [2ms]
[2022-06-02T12:40:01.693Z] > git for-each-ref --sort -committerdate --format %(refname) %(objectname) %(*objectname) [11ms]
[2022-06-02T12:40:01.694Z] > git remote --verbose [3ms]
[2022-06-02T12:40:01.708Z] > git config --get commit.template [1ms]
[2022-06-02T12:40:09.736Z] > git status -z -uall [7ms]
[2022-06-02T12:40:09.746Z] > git symbolic-ref --short HEAD [2ms]
[2022-06-02T12:40:09.764Z] > git for-each-ref --format=%(refname)%00%(upstream:short)%00%(objectname)%00%(upstream:track)%00%(upstream:remotename)%00%(upstream:remoteref) refs/heads/master refs/remotes/master [10ms]
[2022-06-02T12:40:09.783Z] > git check-ignore -v -z --stdin [20ms]
[2022-06-02T12:40:09.784Z] > git for-each-ref --sort -committerdate --format %(refname) %(objectname) %(*objectname) [11ms]
[2022-06-02T12:40:09.785Z] > git remote --verbose [3ms]
[2022-06-02T12:40:09.800Z] > git config --get commit.template [1ms]
[2022-06-02T12:40:11.759Z] > git ls-files --stage -- /home/sirmmy/Development/code/prework/phase-0/phase-0-html-riyadh-blog-lab/index.html [2ms]
[2022-06-02T12:40:11.770Z] > git cat-file -s e2402078b12eada26a352237cab5eb8770824c8d [2ms]
[2022-06-02T12:40:11.787Z] > git show --textconv :index.html [2ms]
[2022-06-02T12:40:14.818Z] > git status -z -uall [2ms]
[2022-06-02T12:40:14.831Z] > git symbolic-ref --short HEAD [1ms]
[2022-06-02T12:40:14.842Z] > git for-each-ref --format=%(refname)%00%(upstream:short)%00%(objectname)%00%(upstream:track)%00%(upstream:remotename)%00%(upstream:remoteref) refs/heads/master refs/remotes/master [2ms]
[2022-06-02T12:40:14.862Z] > git for-each-ref --sort -committerdate --format %(refname) %(objectname) %(*objectname) [10ms]
[2022-06-02T12:40:14.863Z] > git remote --verbose [3ms]
[2022-06-02T12:40:14.877Z] > git config --get commit.template [2ms]
[2022-06-02T12:40:19.894Z] > git status -z -uall [2ms]
[2022-06-02T12:40:19.907Z] > git symbolic-ref --short HEAD [2ms]
[2022-06-02T12:40:19.917Z] > git for-each-ref --format=%(refname)%00%(upstream:short)%00%(objectname)%00%(upstream:track)%00%(upstream:remotename)%00%(upstream:remoteref) refs/heads/master refs/remotes/master [2ms]
[2022-06-02T12:40:19.935Z] > git for-each-ref --sort -committerdate --format %(refname) %(objectname) %(*objectname) [10ms]
[2022-06-02T12:40:19.936Z] > git remote --verbose [2ms]
[2022-06-02T12:40:19.947Z] > git config --get commit.template [1ms]
[2022-06-02T12:40:52.301Z] > git show --textconv :SOURCE.md [26ms]
[2022-06-02T12:40:52.305Z] > git ls-files --stage -- /home/sirmmy/Development/code/prework/phase-0/phase-0-html-riyadh-blog-lab/SOURCE.md [19ms]
[2022-06-02T12:40:52.320Z] > git cat-file -s a90c194d56d1b4deffcaf8d718cb497559c5dd4c [6ms]
[2022-06-02T12:41:16.075Z] > git show --textconv :index.html [31ms]
[2022-06-02T12:41:16.077Z] > git ls-files --stage -- /home/sirmmy/Development/code/prework/phase-0/phase-0-html-riyadh-blog-lab/index.html [18ms]
[2022-06-02T12:41:16.097Z] > git cat-file -s e2402078b12eada26a352237cab5eb8770824c8d [5ms]
[2022-06-02T12:42:34.097Z] > git show --textconv :SOURCE.md [10ms]
[2022-06-02T12:42:34.098Z] > git ls-files --stage -- /home/sirmmy/Development/code/prework/phase-0/phase-0-html-riyadh-blog-lab/SOURCE.md [3ms]
[2022-06-02T12:42:34.117Z] > git cat-file -s a90c194d56d1b4deffcaf8d718cb497559c5dd4c [11ms]
[2022-06-02T12:42:45.793Z] > git show --textconv :index.html [11ms]
[2022-06-02T12:42:45.794Z] > git ls-files --stage -- /home/sirmmy/Development/code/prework/phase-0/phase-0-html-riyadh-blog-lab/index.html [2ms]
[2022-06-02T12:42:45.808Z] > git cat-file -s e2402078b12eada26a352237cab5eb8770824c8d [3ms]
[2022-06-02T12:42:56.743Z] > git show --textconv :SOURCE.md [10ms]
[2022-06-02T12:42:56.744Z] > git ls-files --stage -- /home/sirmmy/Development/code/prework/phase-0/phase-0-html-riyadh-blog-lab/SOURCE.md [2ms]
[2022-06-02T12:42:56.754Z] > git cat-file -s a90c194d56d1b4deffcaf8d718cb497559c5dd4c [2ms]
[2022-06-02T12:43:18.558Z] > git show --textconv :index.html [10ms]
[2022-06-02T12:43:18.559Z] > git ls-files --stage -- /home/sirmmy/Development/code/prework/phase-0/phase-0-html-riyadh-blog-lab/index.html [2ms]
[2022-06-02T12:43:18.568Z] > git cat-file -s e2402078b12eada26a352237cab5eb8770824c8d [1ms]
[2022-06-02T12:43:48.986Z] > git show --textconv :SOURCE.md [13ms]
[2022-06-02T12:43:48.987Z] > git ls-files --stage -- /home/sirmmy/Development/code/prework/phase-0/phase-0-html-riyadh-blog-lab/SOURCE.md [5ms]
[2022-06-02T12:43:48.998Z] > git cat-file -s a90c194d56d1b4deffcaf8d718cb497559c5dd4c [2ms]
[2022-06-02T12:43:49.678Z] > git status -z -uall [3ms]
[2022-06-02T12:43:49.691Z] > git symbolic-ref --short HEAD [2ms]
[2022-06-02T12:43:49.708Z] > git for-each-ref --format=%(refname)%00%(upstream:short)%00%(objectname)%00%(upstream:track)%00%(upstream:remotename)%00%(upstream:remoteref) refs/heads/master refs/remotes/master [3ms]
[2022-06-02T12:43:49.739Z] > git remote --verbose [4ms]
[2022-06-02T12:43:49.739Z] > git for-each-ref --sort -committerdate --format %(refname) %(objectname) %(*objectname) [15ms]
[2022-06-02T12:43:49.760Z] > git config --get commit.template [4ms]
[2022-06-02T12:44:59.969Z] > git show --textconv :index.html [10ms]
[2022-06-02T12:44:59.970Z] > git ls-files --stage -- /home/sirmmy/Development/code/prework/phase-0/phase-0-html-riyadh-blog-lab/index.html [2ms]
[2022-06-02T12:44:59.980Z] > git cat-file -s e2402078b12eada26a352237cab5eb8770824c8d [2ms]
[2022-06-02T12:45:22.859Z] > git status -z -uall [2ms]
[2022-06-02T12:45:22.872Z] > git symbolic-ref --short HEAD [1ms]
[2022-06-02T12:45:22.882Z] > git for-each-ref --format=%(refname)%00%(upstream:short)%00%(objectname)%00%(upstream:track)%00%(upstream:remotename)%00%(upstream:remoteref) refs/heads/master refs/remotes/master [2ms]
[2022-06-02T12:45:22.903Z] > git for-each-ref --sort -committerdate --format %(refname) %(objectname) %(*objectname) [11ms]
[2022-06-02T12:45:22.904Z] > git remote --verbose [2ms]
[2022-06-02T12:45:22.918Z] > git config --get commit.template [2ms]
[2022-06-02T12:45:22.962Z] > git ls-files --stage -- /home/sirmmy/Development/code/prework/phase-0/phase-0-html-riyadh-blog-lab/index.html [2ms]
[2022-06-02T12:45:22.971Z] > git cat-file -s c5ca246d854113f82ac5caf695c284af1266072a [1ms]
[2022-06-02T12:45:22.987Z] > git show --textconv :index.html [2ms]
[2022-06-02T12:45:27.936Z] > git status -z -uall [4ms]
[2022-06-02T12:45:27.949Z] > git symbolic-ref --short HEAD [2ms]
[2022-06-02T12:45:27.965Z] > git for-each-ref --format=%(refname)%00%(upstream:short)%00%(objectname)%00%(upstream:track)%00%(upstream:remotename)%00%(upstream:remoteref) refs/heads/master refs/remotes/master [2ms]
[2022-06-02T12:45:27.995Z] > git for-each-ref --sort -committerdate --format %(refname) %(objectname) %(*objectname) [16ms]
[2022-06-02T12:45:27.998Z] > git remote --verbose [4ms]
[2022-06-02T12:45:28.017Z] > git config --get commit.template [5ms]
[2022-06-02T12:47:14.055Z] > git show --textconv :SOURCE.md [9ms]
[2022-06-02T12:47:14.056Z] > git ls-files --stage -- /home/sirmmy/Development/code/prework/phase-0/phase-0-html-riyadh-blog-lab/SOURCE.md [1ms]
[2022-06-02T12:47:14.078Z] > git cat-file -s a90c194d56d1b4deffcaf8d718cb497559c5dd4c [14ms]
[2022-06-02T12:48:00.324Z] > git show --textconv :index.html [13ms]
[2022-06-02T12:48:00.325Z] > git ls-files --stage -- /home/sirmmy/Development/code/prework/phase-0/phase-0-html-riyadh-blog-lab/index.html [1ms]
[2022-06-02T12:48:00.340Z] > git cat-file -s c5ca246d854113f82ac5caf695c284af1266072a [3ms]
[2022-06-02T12:48:55.521Z] > git show --textconv :README.md [10ms]
[2022-06-02T12:48:55.522Z] > git ls-files --stage -- /home/sirmmy/Development/code/prework/phase-0/phase-0-html-riyadh-blog-lab/README.md [2ms]
[2022-06-02T12:48:55.544Z] > git cat-file -s beefb05d100927d4921e2196a969c2541562242a [13ms]
[2022-06-02T12:48:56.968Z] > git show --textconv :SOURCE.md [10ms]
[2022-06-02T12:48:56.969Z] > git ls-files --stage -- /home/sirmmy/Development/code/prework/phase-0/phase-0-html-riyadh-blog-lab/SOURCE.md [2ms]
[2022-06-02T12:48:56.994Z] > git cat-file -s a90c194d56d1b4deffcaf8d718cb497559c5dd4c [16ms]
[2022-06-02T12:49:44.935Z] > git show --textconv :index.html [11ms]
[2022-06-02T12:49:44.936Z] > git ls-files --stage -- /home/sirmmy/Development/code/prework/phase-0/phase-0-html-riyadh-blog-lab/index.html [3ms]
[2022-06-02T12:49:44.951Z] > git cat-file -s c5ca246d854113f82ac5caf695c284af1266072a [2ms]
[2022-06-02T12:51:32.067Z] > git status -z -uall [3ms]
[2022-06-02T12:51:32.077Z] > git symbolic-ref --short HEAD [2ms]
[2022-06-02T12:51:32.086Z] > git for-each-ref --format=%(refname)%00%(upstream:short)%00%(objectname)%00%(upstream:track)%00%(upstream:remotename)%00%(upstream:remoteref) refs/heads/master refs/remotes/master [1ms]
[2022-06-02T12:51:32.108Z] > git remote --verbose [2ms]
[2022-06-02T12:51:32.108Z] > git for-each-ref --sort -committerdate --format %(refname) %(objectname) %(*objectname) [12ms]
[2022-06-02T12:51:32.124Z] > git config --get commit.template [4ms]
[2022-06-02T12:51:32.165Z] > git ls-files --stage -- /home/sirmmy/Development/code/prework/phase-0/phase-0-html-riyadh-blog-lab/index.html [1ms]
[2022-06-02T12:51:32.175Z] > git cat-file -s c5ca246d854113f82ac5caf695c284af1266072a [1ms]
[2022-06-02T12:51:32.189Z] > git show --textconv :index.html [1ms]
[2022-06-02T12:51:37.144Z] > git status -z -uall [2ms]
[2022-06-02T12:51:37.154Z] > git symbolic-ref --short HEAD [2ms]
[2022-06-02T12:51:37.164Z] > git for-each-ref --format=%(refname)%00%(upstream:short)%00%(objectname)%00%(upstream:track)%00%(upstream:remotename)%00%(upstream:remoteref) refs/heads/master refs/remotes/master [2ms]
[2022-06-02T12:51:37.185Z] > git for-each-ref --sort -committerdate --format %(refname) %(objectname) %(*objectname) [11ms]
[2022-06-02T12:51:37.186Z] > git remote --verbose [2ms]
[2022-06-02T12:51:37.198Z] > git config --get commit.template [1ms]
[2022-06-02T12:53:28.158Z] > git show --textconv :SOURCE.md [11ms]
[2022-06-02T12:53:28.159Z] > git ls-files --stage -- /home/sirmmy/Development/code/prework/phase-0/phase-0-html-riyadh-blog-lab/SOURCE.md [2ms]
[2022-06-02T12:53:28.181Z] > git cat-file -s a90c194d56d1b4deffcaf8d718cb497559c5dd4c [13ms]
[2022-06-02T12:54:47.758Z] > git status -z -uall [2ms]
[2022-06-02T12:54:47.772Z] > git symbolic-ref --short HEAD [1ms]
[2022-06-02T12:54:47.784Z] > git for-each-ref --format=%(refname)%00%(upstream:short)%00%(objectname)%00%(upstream:track)%00%(upstream:remotename)%00%(upstream:remoteref) refs/heads/master refs/remotes/master [1ms]
[2022-06-02T12:54:47.803Z] > git for-each-ref --sort -committerdate --format %(refname) %(objectname) %(*objectname) [10ms]
[2022-06-02T12:54:47.804Z] > git remote --verbose [2ms]
[2022-06-02T12:54:47.815Z] > git config --get commit.template [1ms]
[2022-06-02T12:54:52.830Z] > git status -z -uall [2ms]
[2022-06-02T12:54:52.842Z] > git symbolic-ref --short HEAD [1ms]
[2022-06-02T12:54:52.853Z] > git for-each-ref --format=%(refname)%00%(upstream:short)%00%(objectname)%00%(upstream:track)%00%(upstream:remotename)%00%(upstream:remoteref) refs/heads/master refs/remotes/master [2ms]
[2022-06-02T12:54:52.873Z] > git for-each-ref --sort -committerdate --format %(refname) %(objectname) %(*objectname) [10ms]
[2022-06-02T12:54:52.873Z] > git remote --verbose [1ms]
[2022-06-02T12:54:52.886Z] > git config --get commit.template [2ms]
[2022-06-02T12:54:57.900Z] > git status -z -uall [3ms]
[2022-06-02T12:54:57.911Z] > git symbolic-ref --short HEAD [1ms]
[2022-06-02T12:54:57.924Z] > git for-each-ref --format=%(refname)%00%(upstream:short)%00%(objectname)%00%(upstream:track)%00%(upstream:remotename)%00%(upstream:remoteref) refs/heads/master refs/remotes/master [0ms]
[2022-06-02T12:54:57.945Z] > git for-each-ref --sort -committerdate --format %(refname) %(objectname) %(*objectname) [12ms]
[2022-06-02T12:54:57.946Z] > git remote --verbose [2ms]
[2022-06-02T12:54:57.962Z] > git config --get commit.template [2ms]
[2022-06-02T12:55:50.159Z] > git show --textconv :CONTRIBUTING.md [13ms]
[2022-06-02T12:55:50.161Z] > git ls-files --stage -- /home/sirmmy/Development/code/prework/phase-0/phase-0-html-riyadh-blog-lab/CONTRIBUTING.md [3ms]
[2022-06-02T12:55:50.185Z] > git cat-file -s dd12a2a469377976f032b1a8f3c93ed7ee6d93e5 [15ms]
[2022-06-02T12:55:58.920Z] > git check-ignore -v -z --stdin [1ms]
[2022-06-02T12:56:00.018Z] > git show --textconv :css/style.css [21ms]
[2022-06-02T12:56:00.021Z] > git ls-files --stage -- /home/sirmmy/Development/code/prework/phase-0/phase-0-html-riyadh-blog-lab/css/style.css [4ms]
[2022-06-02T12:56:00.045Z] > git cat-file -s 851e5b492f1f2b89f8f0519649e94ad6d75b5f84 [6ms]
[2022-06-02T12:56:12.480Z] > git check-ignore -v -z --stdin [1ms]
[2022-06-02T12:56:16.861Z] > git show --textconv :index.html [9ms]
[2022-06-02T12:56:16.862Z] > git ls-files --stage -- /home/sirmmy/Development/code/prework/phase-0/phase-0-html-riyadh-blog-lab/index.html [1ms]
[2022-06-02T12:56:16.873Z] > git cat-file -s c5ca246d854113f82ac5caf695c284af1266072a [2ms]
[2022-06-02T12:56:25.516Z] > git check-ignore -v -z --stdin [1ms]
[2022-06-02T12:56:30.855Z] > git check-ignore -v -z --stdin [1ms]
[2022-06-02T12:57:17.280Z] > git check-ignore -v -z --stdin [2ms]
[2022-06-02T12:57:28.210Z] > git show --textconv :css/style.css [9ms]
[2022-06-02T12:57:28.221Z] > git ls-files --stage -- /home/sirmmy/Development/code/prework/phase-0/phase-0-html-riyadh-blog-lab/css/style.css [12ms]
[2022-06-02T12:57:28.232Z] > git cat-file -s 851e5b492f1f2b89f8f0519649e94ad6d75b5f84 [3ms]
[2022-06-02T12:58:00.387Z] > git check-ignore -v -z --stdin [1ms]
[2022-06-02T12:58:02.054Z] > git check-ignore -v -z --stdin [2ms]
[2022-06-02T12:58:43.352Z] > git status -z -uall [3ms]
[2022-06-02T12:58:43.362Z] > git symbolic-ref --short HEAD [1ms]
[2022-06-02T12:58:43.373Z] > git for-each-ref --format=%(refname)%00%(upstream:short)%00%(objectname)%00%(upstream:track)%00%(upstream:remotename)%00%(upstream:remoteref) refs/heads/master refs/remotes/master [2ms]
[2022-06-02T12:58:43.395Z] > git for-each-ref --sort -committerdate --format %(refname) %(objectname) %(*objectname) [13ms]
[2022-06-02T12:58:43.396Z] > git remote --verbose [2ms]
[2022-06-02T12:58:43.409Z] > git config --get commit.template [2ms]
[2022-06-02T12:58:48.423Z] > git status -z -uall [3ms]
[2022-06-02T12:58:48.433Z] > git symbolic-ref --short HEAD [2ms]
[2022-06-02T12:58:48.443Z] > git for-each-ref --format=%(refname)%00%(upstream:short)%00%(objectname)%00%(upstream:track)%00%(upstream:remotename)%00%(upstream:remoteref) refs/heads/master refs/remotes/master [2ms]
[2022-06-02T12:58:48.462Z] > git for-each-ref --sort -committerdate --format %(refname) %(objectname) %(*objectname) [9ms]
[2022-06-02T12:58:48.462Z] > git remote --verbose [1ms]
[2022-06-02T12:58:48.474Z] > git config --get commit.template [1ms]
[2022-06-02T12:58:53.494Z] > git status -z -uall [2ms]
[2022-06-02T12:58:53.507Z] > git symbolic-ref --short HEAD [1ms]
[2022-06-02T12:58:53.520Z] > git for-each-ref --format=%(refname)%00%(upstream:short)%00%(objectname)%00%(upstream:track)%00%(upstream:remotename)%00%(upstream:remoteref) refs/heads/master refs/remotes/master [1ms]
[2022-06-02T12:58:53.541Z] > git for-each-ref --sort -committerdate --format %(refname) %(objectname) %(*objectname) [10ms]
[2022-06-02T12:58:53.542Z] > git remote --verbose [1ms]
[2022-06-02T12:58:53.554Z] > git config --get commit.template [1ms]
[2022-06-02T12:59:35.341Z] > git show --textconv :test/index.html.test.js [65ms]
[2022-06-02T12:59:35.362Z] > git ls-files --stage -- /home/sirmmy/Development/code/prework/phase-0/phase-0-html-riyadh-blog-lab/test/index.html.test.js [24ms]
[2022-06-02T12:59:35.396Z] > git cat-file -s 9b1fef59fd5081dffb9f1fa943036d3c8365fbc2 [8ms]
[2022-06-02T13:03:31.812Z] > git show --textconv :SOURCE.md [10ms]
[2022-06-02T13:03:31.813Z] > git ls-files --stage -- /home/sirmmy/Development/code/prework/phase-0/phase-0-html-riyadh-blog-lab/SOURCE.md [2ms]
[2022-06-02T13:03:31.836Z] > git cat-file -s a90c194d56d1b4deffcaf8d718cb497559c5dd4c [13ms]
[2022-06-02T13:04:51.174Z] > git show --textconv :test/index.html.test.js [13ms]
[2022-06-02T13:04:51.175Z] > git ls-files --stage -- /home/sirmmy/Development/code/prework/phase-0/phase-0-html-riyadh-blog-lab/test/index.html.test.js [3ms]
[2022-06-02T13:04:51.187Z] > git cat-file -s 9b1fef59fd5081dffb9f1fa943036d3c8365fbc2 [2ms]
[2022-06-02T13:04:52.762Z] > git show --textconv :index.html [10ms]
[2022-06-02T13:04:52.762Z] > git ls-files --stage -- /home/sirmmy/Development/code/prework/phase-0/phase-0-html-riyadh-blog-lab/index.html [1ms]
[2022-06-02T13:04:52.772Z] > git cat-file -s c5ca246d854113f82ac5caf695c284af1266072a [1ms]
[2022-06-02T13:04:56.478Z] > git show --textconv :test/index.html.test.js [14ms]
[2022-06-02T13:04:56.478Z] > git ls-files --stage -- /home/sirmmy/Development/code/prework/phase-0/phase-0-html-riyadh-blog-lab/test/index.html.test.js [2ms]
[2022-06-02T13:04:56.490Z] > git cat-file -s 9b1fef59fd5081dffb9f1fa943036d3c8365fbc2 [1ms]
[2022-06-02T13:05:24.785Z] > git show --textconv :index.html [12ms]
[2022-06-02T13:05:24.786Z] > git ls-files --stage -- /home/sirmmy/Development/code/prework/phase-0/phase-0-html-riyadh-blog-lab/index.html [2ms]
[2022-06-02T13:05:24.801Z] > git cat-file -s c5ca246d854113f82ac5caf695c284af1266072a [1ms]
[2022-06-02T13:06:35.911Z] > git show --textconv :SOURCE.md [9ms]
[2022-06-02T13:06:35.911Z] > git ls-files --stage -- /home/sirmmy/Development/code/prework/phase-0/phase-0-html-riyadh-blog-lab/SOURCE.md [1ms]
[2022-06-02T13:06:35.931Z] > git cat-file -s a90c194d56d1b4deffcaf8d718cb497559c5dd4c [11ms]
[2022-06-02T13:06:38.315Z] > git show --textconv :index.html [10ms]
[2022-06-02T13:06:38.316Z] > git ls-files --stage -- /home/sirmmy/Development/code/prework/phase-0/phase-0-html-riyadh-blog-lab/index.html [1ms]
[2022-06-02T13:06:38.327Z] > git cat-file -s c5ca246d854113f82ac5caf695c284af1266072a [2ms]
[2022-06-02T13:06:51.332Z] > git status -z -uall [3ms]
[2022-06-02T13:06:51.349Z] > git symbolic-ref --short HEAD [2ms]
[2022-06-02T13:06:51.362Z] > git for-each-ref --format=%(refname)%00%(upstream:short)%00%(objectname)%00%(upstream:track)%00%(upstream:remotename)%00%(upstream:remoteref) refs/heads/master refs/remotes/master [1ms]
[2022-06-02T13:06:51.383Z] > git for-each-ref --sort -committerdate --format %(refname) %(objectname) %(*objectname) [10ms]
[2022-06-02T13:06:51.384Z] > git remote --verbose [2ms]
[2022-06-02T13:06:51.401Z] > git config --get commit.template [3ms]
[2022-06-02T13:06:52.628Z] > git ls-files --stage -- /home/sirmmy/Development/code/prework/phase-0/phase-0-html-riyadh-blog-lab/index.html [1ms]
[2022-06-02T13:06:52.638Z] > git cat-file -s c5ca246d854113f82ac5caf695c284af1266072a [1ms]
[2022-06-02T13:06:52.654Z] > git show --textconv :index.html [1ms]
[2022-06-02T13:06:56.419Z] > git status -z -uall [2ms]
[2022-06-02T13:06:56.429Z] > git symbolic-ref --short HEAD [2ms]
[2022-06-02T13:06:56.439Z] > git for-each-ref --format=%(refname)%00%(upstream:short)%00%(objectname)%00%(upstream:track)%00%(upstream:remotename)%00%(upstream:remoteref) refs/heads/master refs/remotes/master [2ms]
[2022-06-02T13:06:56.457Z] > git for-each-ref --sort -committerdate --format %(refname) %(objectname) %(*objectname) [9ms]
[2022-06-02T13:06:56.458Z] > git remote --verbose [2ms]
[2022-06-02T13:06:56.470Z] > git config --get commit.template [2ms]
[2022-06-02T13:07:06.886Z] > git status -z -uall [2ms]
[2022-06-02T13:07:06.898Z] > git symbolic-ref --short HEAD [1ms]
[2022-06-02T13:07:06.909Z] > git for-each-ref --format=%(refname)%00%(upstream:short)%00%(objectname)%00%(upstream:track)%00%(upstream:remotename)%00%(upstream:remoteref) refs/heads/master refs/remotes/master [1ms]
[2022-06-02T13:07:06.931Z] > git for-each-ref --sort -committerdate --format %(refname) %(objectname) %(*objectname) [12ms]
[2022-06-02T13:07:06.931Z] > git remote --verbose [2ms]
[2022-06-02T13:07:06.944Z] > git config --get commit.template [1ms]
[2022-06-02T13:08:52.668Z] > git show --textconv :index.html [14ms]
[2022-06-02T13:08:52.670Z] > git ls-files --stage -- /home/sirmmy/Development/code/prework/phase-0/phase-0-html-riyadh-blog-lab/index.html [2ms]
[2022-06-02T13:08:52.686Z] > git cat-file -s c5ca246d854113f82ac5caf695c284af1266072a [2ms]
[2022-06-02T13:09:11.958Z] > git show --textconv :index.html [9ms]
[2022-06-02T13:09:11.959Z] > git ls-files --stage -- /home/sirmmy/Development/code/prework/phase-0/phase-0-html-riyadh-blog-lab/index.html [1ms]
[2022-06-02T13:09:11.969Z] > git cat-file -s c5ca246d854113f82ac5caf695c284af1266072a [1ms]
[2022-06-02T13:09:29.748Z] > git show --textconv :index.html [10ms]
[2022-06-02T13:09:29.749Z] > git ls-files --stage -- /home/sirmmy/Development/code/prework/phase-0/phase-0-html-riyadh-blog-lab/index.html [1ms]
[2022-06-02T13:09:29.759Z] > git cat-file -s c5ca246d854113f82ac5caf695c284af1266072a [1ms]
[2022-06-02T13:09:35.292Z] > git status -z -uall [3ms]
[2022-06-02T13:09:35.303Z] > git symbolic-ref --short HEAD [1ms]
[2022-06-02T13:09:35.316Z] > git for-each-ref --format=%(refname)%00%(upstream:short)%00%(objectname)%00%(upstream:track)%00%(upstream:remotename)%00%(upstream:remoteref) refs/heads/master refs/remotes/master [2ms]
[2022-06-02T13:09:35.344Z] > git for-each-ref --sort -committerdate --format %(refname) %(objectname) %(*objectname) [16ms]
[2022-06-02T13:09:35.345Z] > git remote --verbose [4ms]
[2022-06-02T13:09:35.359Z] > git config --get commit.template [1ms]
[2022-06-02T13:09:37.984Z] > git show --textconv :test/index.html.test.js [29ms]
[2022-06-02T13:09:37.986Z] > git ls-files --stage -- /home/sirmmy/Development/code/prework/phase-0/phase-0-html-riyadh-blog-lab/test/index.html.test.js [5ms]
[2022-06-02T13:09:38.035Z] > git cat-file -s 9b1fef59fd5081dffb9f1fa943036d3c8365fbc2 [20ms]
[2022-06-02T13:11:36.317Z] > git show --textconv :index.html [20ms]
[2022-06-02T13:11:36.319Z] > git ls-files --stage -- /home/sirmmy/Development/code/prework/phase-0/phase-0-html-riyadh-blog-lab/index.html [12ms]
[2022-06-02T13:11:36.332Z] > git cat-file -s c5ca246d854113f82ac5caf695c284af1266072a [4ms]
[2022-06-02T13:11:40.050Z] > git show --textconv :SOURCE.md [10ms]
[2022-06-02T13:11:40.051Z] > git ls-files --stage -- /home/sirmmy/Development/code/prework/phase-0/phase-0-html-riyadh-blog-lab/SOURCE.md [2ms]
[2022-06-02T13:11:40.073Z] > git cat-file -s a90c194d56d1b4deffcaf8d718cb497559c5dd4c [11ms]
[2022-06-02T13:11:42.212Z] > git show --textconv :index.html [10ms]
[2022-06-02T13:11:42.213Z] > git ls-files --stage -- /home/sirmmy/Development/code/prework/phase-0/phase-0-html-riyadh-blog-lab/index.html [1ms]
[2022-06-02T13:11:42.235Z] > git cat-file -s c5ca246d854113f82ac5caf695c284af1266072a [13ms]
[2022-06-02T13:11:54.095Z] > git status -z -uall [3ms]
[2022-06-02T13:11:54.109Z] > git symbolic-ref --short HEAD [2ms]
[2022-06-02T13:11:54.120Z] > git for-each-ref --format=%(refname)%00%(upstream:short)%00%(objectname)%00%(upstream:track)%00%(upstream:remotename)%00%(upstream:remoteref) refs/heads/master refs/remotes/master [3ms]
[2022-06-02T13:11:54.142Z] > git for-each-ref --sort -committerdate --format %(refname) %(objectname) %(*objectname) [13ms]
[2022-06-02T13:11:54.143Z] > git remote --verbose [2ms]
[2022-06-02T13:11:54.161Z] > git config --get commit.template [2ms]
[2022-06-02T13:11:57.032Z] > git ls-files --stage -- /home/sirmmy/Development/code/prework/phase-0/phase-0-html-riyadh-blog-lab/index.html [2ms]
[2022-06-02T13:11:57.042Z] > git cat-file -s 2eabfd17bccf142c847de24a437be5278ae172f1 [1ms]
[2022-06-02T13:11:57.058Z] > git show --textconv :index.html [2ms]
[2022-06-02T13:11:59.186Z] > git status -z -uall [2ms]
[2022-06-02T13:11:59.197Z] > git symbolic-ref --short HEAD [1ms]
[2022-06-02T13:11:59.209Z] > git for-each-ref --format=%(refname)%00%(upstream:short)%00%(objectname)%00%(upstream:track)%00%(upstream:remotename)%00%(upstream:remoteref) refs/heads/master refs/remotes/master [2ms]
[2022-06-02T13:11:59.227Z] > git for-each-ref --sort -committerdate --format %(refname) %(objectname) %(*objectname) [9ms]
[2022-06-02T13:11:59.228Z] > git remote --verbose [2ms]
[2022-06-02T13:11:59.240Z] > git config --get commit.template [1ms]
[2022-06-02T13:12:04.258Z] > git status -z -uall [2ms]
[2022-06-02T13:12:04.270Z] > git symbolic-ref --short HEAD [1ms]
[2022-06-02T13:12:04.281Z] > git for-each-ref --format=%(refname)%00%(upstream:short)%00%(objectname)%00%(upstream:track)%00%(upstream:remotename)%00%(upstream:remoteref) refs/heads/master refs/remotes/master [2ms]
[2022-06-02T13:12:04.301Z] > git for-each-ref --sort -committerdate --format %(refname) %(objectname) %(*objectname) [10ms]
[2022-06-02T13:12:04.301Z] > git remote --verbose [1ms]
[2022-06-02T13:12:04.313Z] > git config --get commit.template [1ms]
[2022-06-02T13:12:24.621Z] > git show --textconv :SOURCE.md [10ms]
[2022-06-02T13:12:24.621Z] > git ls-files --stage -- /home/sirmmy/Development/code/prework/phase-0/phase-0-html-riyadh-blog-lab/SOURCE.md [1ms]
[2022-06-02T13:12:24.643Z] > git cat-file -s a90c194d56d1b4deffcaf8d718cb497559c5dd4c [12ms]
[2022-06-02T13:12:49.231Z] > git show --textconv :index.html [11ms]
[2022-06-02T13:12:49.232Z] > git ls-files --stage -- /home/sirmmy/Development/code/prework/phase-0/phase-0-html-riyadh-blog-lab/index.html [2ms]
[2022-06-02T13:12:49.244Z] > git cat-file -s 2eabfd17bccf142c847de24a437be5278ae172f1 [2ms]
[2022-06-02T13:13:30.222Z] > git show --textconv :SOURCE.md [9ms]
[2022-06-02T13:13:30.223Z] > git ls-files --stage -- /home/sirmmy/Development/code/prework/phase-0/phase-0-html-riyadh-blog-lab/SOURCE.md [1ms]
[2022-06-02T13:13:30.233Z] > git cat-file -s a90c194d56d1b4deffcaf8d718cb497559c5dd4c [1ms]
[2022-06-02T13:14:18.108Z] > git show --textconv :index.html [11ms]
[2022-06-02T13:14:18.109Z] > git ls-files --stage -- /home/sirmmy/Development/code/prework/phase-0/phase-0-html-riyadh-blog-lab/index.html [2ms]
[2022-06-02T13:14:18.122Z] > git cat-file -s 2eabfd17bccf142c847de24a437be5278ae172f1 [3ms]
[2022-06-02T13:15:15.777Z] > git show --textconv :SOURCE.md [25ms]
[2022-06-02T13:15:15.783Z] > git ls-files --stage -- /home/sirmmy/Development/code/prework/phase-0/phase-0-html-riyadh-blog-lab/SOURCE.md [8ms]
[2022-06-02T13:15:15.814Z] > git cat-file -s a90c194d56d1b4deffcaf8d718cb497559c5dd4c [14ms]
[2022-06-02T13:15:16.560Z] > git status -z -uall [2ms]
[2022-06-02T13:15:16.574Z] > git symbolic-ref --short HEAD [1ms]
[2022-06-02T13:15:16.588Z] > git for-each-ref --format=%(refname)%00%(upstream:short)%00%(objectname)%00%(upstream:track)%00%(upstream:remotename)%00%(upstream:remoteref) refs/heads/master refs/remotes/master [2ms]
[2022-06-02T13:15:16.611Z] > git for-each-ref --sort -committerdate --format %(refname) %(objectname) %(*objectname) [12ms]
[2022-06-02T13:15:16.612Z] > git remote --verbose [3ms]
[2022-06-02T13:15:16.629Z] > git config --get commit.template [3ms]
[2022-06-02T13:15:36.193Z] > git show --textconv :index.html [12ms]
[2022-06-02T13:15:36.194Z] > git ls-files --stage -- /home/sirmmy/Development/code/prework/phase-0/phase-0-html-riyadh-blog-lab/index.html [2ms]
[2022-06-02T13:15:36.216Z] > git cat-file -s 2eabfd17bccf142c847de24a437be5278ae172f1 [12ms]
[2022-06-02T13:15:55.869Z] > git show --textconv :SOURCE.md [13ms]
[2022-06-02T13:15:55.871Z] > git ls-files --stage -- /home/sirmmy/Development/code/prework/phase-0/phase-0-html-riyadh-blog-lab/SOURCE.md [3ms]
[2022-06-02T13:15:55.905Z] > git cat-file -s a90c194d56d1b4deffcaf8d718cb497559c5dd4c [20ms]
[2022-06-02T13:16:04.741Z] > git show --textconv :index.html [16ms]
[2022-06-02T13:16:04.742Z] > git ls-files --stage -- /home/sirmmy/Development/code/prework/phase-0/phase-0-html-riyadh-blog-lab/index.html [3ms]
[2022-06-02T13:16:04.776Z] > git cat-file -s 2eabfd17bccf142c847de24a437be5278ae172f1 [21ms]
[2022-06-02T13:16:20.393Z] > git show --textconv :SOURCE.md [18ms]
[2022-06-02T13:16:20.393Z] > git ls-files --stage -- /home/sirmmy/Development/code/prework/phase-0/phase-0-html-riyadh-blog-lab/SOURCE.md [2ms]
[2022-06-02T13:16:20.415Z] > git cat-file -s a90c194d56d1b4deffcaf8d718cb497559c5dd4c [5ms]
[2022-06-02T13:16:21.060Z] > git status -z -uall [3ms]
[2022-06-02T13:16:21.076Z] > git symbolic-ref --short HEAD [3ms]
[2022-06-02T13:16:21.090Z] > git for-each-ref --format=%(refname)%00%(upstream:short)%00%(objectname)%00%(upstream:track)%00%(upstream:remotename)%00%(upstream:remoteref) refs/heads/master refs/remotes/master [2ms]
[2022-06-02T13:16:21.117Z] > git for-each-ref --sort -committerdate --format %(refname) %(objectname) %(*objectname) [14ms]
[2022-06-02T13:16:21.117Z] > git remote --verbose [1ms]
[2022-06-02T13:16:21.134Z] > git config --get commit.template [1ms]
[2022-06-02T13:16:45.292Z] > git show --textconv :index.html [23ms]
[2022-06-02T13:16:45.295Z] > git ls-files --stage -- /home/sirmmy/Development/code/prework/phase-0/phase-0-html-riyadh-blog-lab/index.html [15ms]
[2022-06-02T13:16:45.314Z] > git cat-file -s 2eabfd17bccf142c847de24a437be5278ae172f1 [4ms]
[2022-06-02T13:17:14.863Z] > git show --textconv :SOURCE.md [11ms]
[2022-06-02T13:17:14.864Z] > git ls-files --stage -- /home/sirmmy/Development/code/prework/phase-0/phase-0-html-riyadh-blog-lab/SOURCE.md [1ms]
[2022-06-02T13:17:14.889Z] > git cat-file -s a90c194d56d1b4deffcaf8d718cb497559c5dd4c [13ms]
[2022-06-02T13:17:18.899Z] > git show --textconv :index.html [9ms]
[2022-06-02T13:17:18.899Z] > git ls-files --stage -- /home/sirmmy/Development/code/prework/phase-0/phase-0-html-riyadh-blog-lab/index.html [1ms]
[2022-06-02T13:17:18.912Z] > git cat-file -s 2eabfd17bccf142c847de24a437be5278ae172f1 [2ms]
[2022-06-02T13:17:34.287Z] > git show --textconv :SOURCE.md [10ms]
[2022-06-02T13:17:34.288Z] > git ls-files --stage -- /home/sirmmy/Development/code/prework/phase-0/phase-0-html-riyadh-blog-lab/SOURCE.md [1ms]
[2022-06-02T13:17:34.299Z] > git cat-file -s a90c194d56d1b4deffcaf8d718cb497559c5dd4c [2ms]
[2022-06-02T13:17:56.260Z] > git show --textconv :index.html [15ms]
[2022-06-02T13:17:56.261Z] > git ls-files --stage -- /home/sirmmy/Development/code/prework/phase-0/phase-0-html-riyadh-blog-lab/index.html [3ms]
[2022-06-02T13:17:56.274Z] > git cat-file -s 2eabfd17bccf142c847de24a437be5278ae172f1 [2ms]
[2022-06-02T13:18:02.712Z] > git show --textconv :SOURCE.md [12ms]
[2022-06-02T13:18:02.713Z] > git ls-files --stage -- /home/sirmmy/Development/code/prework/phase-0/phase-0-html-riyadh-blog-lab/SOURCE.md [2ms]
[2022-06-02T13:18:02.743Z] > git cat-file -s a90c194d56d1b4deffcaf8d718cb497559c5dd4c [18ms]
[2022-06-02T13:18:16.647Z] > git show --textconv :index.html [11ms]
[2022-06-02T13:18:16.648Z] > git ls-files --stage -- /home/sirmmy/Development/code/prework/phase-0/phase-0-html-riyadh-blog-lab/index.html [2ms]
[2022-06-02T13:18:16.658Z] > git cat-file -s 2eabfd17bccf142c847de24a437be5278ae172f1 [2ms]
[2022-06-02T13:18:36.044Z] > git show --textconv :SOURCE.md [23ms]
[2022-06-02T13:18:36.045Z] > git ls-files --stage -- /home/sirmmy/Development/code/prework/phase-0/phase-0-html-riyadh-blog-lab/SOURCE.md [3ms]
[2022-06-02T13:18:36.072Z] > git cat-file -s a90c194d56d1b4deffcaf8d718cb497559c5dd4c [8ms]
[2022-06-02T13:18:36.712Z] > git status -z -uall [2ms]
[2022-06-02T13:18:36.725Z] > git symbolic-ref --short HEAD [2ms]
[2022-06-02T13:18:36.736Z] > git for-each-ref --format=%(refname)%00%(upstream:short)%00%(objectname)%00%(upstream:track)%00%(upstream:remotename)%00%(upstream:remoteref) refs/heads/master refs/remotes/master [2ms]
[2022-06-02T13:18:36.758Z] > git for-each-ref --sort -committerdate --format %(refname) %(objectname) %(*objectname) [12ms]
[2022-06-02T13:18:36.759Z] > git remote --verbose [3ms]
[2022-06-02T13:18:36.774Z] > git config --get commit.template [1ms]
[2022-06-02T13:19:18.042Z] > git show --textconv :index.html [9ms]
[2022-06-02T13:19:18.043Z] > git ls-files --stage -- /home/sirmmy/Development/code/prework/phase-0/phase-0-html-riyadh-blog-lab/index.html [1ms]
[2022-06-02T13:19:18.066Z] > git cat-file -s 2eabfd17bccf142c847de24a437be5278ae172f1 [14ms]
[2022-06-02T13:19:30.592Z] > git show --textconv :index.html [29ms]
[2022-06-02T13:19:30.594Z] > git ls-files --stage -- /home/sirmmy/Development/code/prework/phase-0/phase-0-html-riyadh-blog-lab/index.html [18ms]
[2022-06-02T13:19:30.610Z] > git cat-file -s 2eabfd17bccf142c847de24a437be5278ae172f1 [3ms]
[2022-06-02T13:20:51.389Z] > git show --textconv :index.html [14ms]
[2022-06-02T13:20:51.390Z] > git ls-files --stage -- /home/sirmmy/Development/code/prework/phase-0/phase-0-html-riyadh-blog-lab/index.html [3ms]
[2022-06-02T13:20:51.403Z] > git cat-file -s 2eabfd17bccf142c847de24a437be5278ae172f1 [2ms]
[2022-06-02T13:22:13.410Z] > git show --textconv :SOURCE.md [9ms]
[2022-06-02T13:22:13.411Z] > git ls-files --stage -- /home/sirmmy/Development/code/prework/phase-0/phase-0-html-riyadh-blog-lab/SOURCE.md [2ms]
[2022-06-02T13:22:13.431Z] > git cat-file -s a90c194d56d1b4deffcaf8d718cb497559c5dd4c [11ms]
[2022-06-02T13:24:00.261Z] > git show --textconv :index.html [11ms]
[2022-06-02T13:24:00.261Z] > git ls-files --stage -- /home/sirmmy/Development/code/prework/phase-0/phase-0-html-riyadh-blog-lab/index.html [2ms]
[2022-06-02T13:24:00.273Z] > git cat-file -s 2eabfd17bccf142c847de24a437be5278ae172f1 [2ms]
[2022-06-02T13:24:45.331Z] > git show --textconv :index.html [13ms]
[2022-06-02T13:24:45.334Z] > git ls-files --stage -- /home/sirmmy/Development/code/prework/phase-0/phase-0-html-riyadh-blog-lab/index.html [5ms]
[2022-06-02T13:24:45.347Z] > git cat-file -s 2eabfd17bccf142c847de24a437be5278ae172f1 [2ms]
[2022-06-02T13:25:03.384Z] > git show --textconv :index.html [17ms]
[2022-06-02T13:25:03.384Z] > git ls-files --stage -- /home/sirmmy/Development/code/prework/phase-0/phase-0-html-riyadh-blog-lab/index.html [3ms]
[2022-06-02T13:25:03.400Z] > git cat-file -s 2eabfd17bccf142c847de24a437be5278ae172f1 [2ms]
[2022-06-02T13:26:06.150Z] > git show --textconv :index.html [11ms]
[2022-06-02T13:26:06.151Z] > git ls-files --stage -- /home/sirmmy/Development/code/prework/phase-0/phase-0-html-riyadh-blog-lab/index.html [2ms]
[2022-06-02T13:26:06.164Z] > git cat-file -s 2eabfd17bccf142c847de24a437be5278ae172f1 [2ms]
[2022-06-02T13:26:42.338Z] > git status -z -uall [2ms]
[2022-06-02T13:26:42.348Z] > git symbolic-ref --short HEAD [1ms]
[2022-06-02T13:26:42.359Z] > git for-each-ref --format=%(refname)%00%(upstream:short)%00%(objectname)%00%(upstream:track)%00%(upstream:remotename)%00%(upstream:remoteref) refs/heads/master refs/remotes/master [2ms]
[2022-06-02T13:26:42.380Z] > git for-each-ref --sort -committerdate --format %(refname) %(objectname) %(*objectname) [11ms]
[2022-06-02T13:26:42.381Z] > git remote --verbose [2ms]
[2022-06-02T13:26:42.392Z] > git config --get commit.template [1ms]
[2022-06-02T13:26:54.372Z] > git show --textconv :css/style.css [10ms]
[2022-06-02T13:26:54.373Z] > git ls-files --stage -- /home/sirmmy/Development/code/prework/phase-0/phase-0-html-riyadh-blog-lab/css/style.css [2ms]
[2022-06-02T13:26:54.391Z] > git cat-file -s 851e5b492f1f2b89f8f0519649e94ad6d75b5f84 [10ms]
[2022-06-02T13:28:02.698Z] > git show --textconv :index.html [9ms]
[2022-06-02T13:28:02.699Z] > git ls-files --stage -- /home/sirmmy/Development/code/prework/phase-0/phase-0-html-riyadh-blog-lab/index.html [2ms]
[2022-06-02T13:28:02.721Z] > git cat-file -s 2eabfd17bccf142c847de24a437be5278ae172f1 [14ms]
[2022-06-02T13:28:41.936Z] > git show --textconv :index.html [10ms]
[2022-06-02T13:28:41.937Z] > git ls-files --stage -- /home/sirmmy/Development/code/prework/phase-0/phase-0-html-riyadh-blog-lab/index.html [1ms]
[2022-06-02T13:28:41.948Z] > git cat-file -s 2eabfd17bccf142c847de24a437be5278ae172f1 [2ms]
[2022-06-02T13:28:56.752Z] > git show --textconv :SOURCE.md [12ms]
[2022-06-02T13:28:56.752Z] > git ls-files --stage -- /home/sirmmy/Development/code/prework/phase-0/phase-0-html-riyadh-blog-lab/SOURCE.md [1ms]
[2022-06-02T13:28:56.763Z] > git cat-file -s a90c194d56d1b4deffcaf8d718cb497559c5dd4c [1ms]
[2022-06-02T13:29:33.160Z] > git show --textconv :index.html [11ms]
[2022-06-02T13:29:33.161Z] > git ls-files --stage -- /home/sirmmy/Development/code/prework/phase-0/phase-0-html-riyadh-blog-lab/index.html [2ms]
[2022-06-02T13:29:33.175Z] > git cat-file -s 2eabfd17bccf142c847de24a437be5278ae172f1 [2ms]
[2022-06-02T13:30:00.666Z] > git check-ignore -v -z --stdin [1ms]
[2022-06-02T13:30:08.400Z] > git show --textconv :index.html [13ms]
[2022-06-02T13:30:08.401Z] > git ls-files --stage -- /home/sirmmy/Development/code/prework/phase-0/phase-0-html-riyadh-blog-lab/index.html [1ms]
[2022-06-02T13:30:08.411Z] > git cat-file -s 2eabfd17bccf142c847de24a437be5278ae172f1 [1ms]
[2022-06-02T13:30:41.280Z] > git show --textconv :index.html [10ms]
[2022-06-02T13:30:41.281Z] > git ls-files --stage -- /home/sirmmy/Development/code/prework/phase-0/phase-0-html-riyadh-blog-lab/index.html [2ms]
[2022-06-02T13:30:41.291Z] > git cat-file -s 2eabfd17bccf142c847de24a437be5278ae172f1 [1ms]
[2022-06-02T13:30:56.034Z] > git show --textconv :index.html [10ms]
[2022-06-02T13:30:56.036Z] > git ls-files --stage -- /home/sirmmy/Development/code/prework/phase-0/phase-0-html-riyadh-blog-lab/index.html [2ms]
[2022-06-02T13:30:56.046Z] > git cat-file -s 2eabfd17bccf142c847de24a437be5278ae172f1 [1ms]
[2022-06-02T13:32:17.113Z] > git show --textconv :index.html [12ms]
[2022-06-02T13:32:17.114Z] > git ls-files --stage -- /home/sirmmy/Development/code/prework/phase-0/phase-0-html-riyadh-blog-lab/index.html [2ms]
[2022-06-02T13:32:17.127Z] > git cat-file -s 2eabfd17bccf142c847de24a437be5278ae172f1 [2ms]
[2022-06-02T13:32:44.031Z] > git show --textconv :index.html [10ms]
[2022-06-02T13:32:44.032Z] > git ls-files --stage -- /home/sirmmy/Development/code/prework/phase-0/phase-0-html-riyadh-blog-lab/index.html [2ms]
[2022-06-02T13:32:44.042Z] > git cat-file -s 2eabfd17bccf142c847de24a437be5278ae172f1 [1ms]
[2022-06-02T13:32:47.334Z] > git show --textconv :SOURCE.md [10ms]
[2022-06-02T13:32:47.335Z] > git ls-files --stage -- /home/sirmmy/Development/code/prework/phase-0/phase-0-html-riyadh-blog-lab/SOURCE.md [2ms]
[2022-06-02T13:32:47.356Z] > git cat-file -s a90c194d56d1b4deffcaf8d718cb497559c5dd4c [11ms]
[2022-06-02T13:33:01.572Z] > git show --textconv :index.html [12ms]
[2022-06-02T13:33:01.573Z] > git ls-files --stage -- /home/sirmmy/Development/code/prework/phase-0/phase-0-html-riyadh-blog-lab/index.html [2ms]
[2022-06-02T13:33:01.587Z] > git cat-file -s 2eabfd17bccf142c847de24a437be5278ae172f1 [2ms]
[2022-06-02T13:33:48.452Z] > git show --textconv :SOURCE.md [38ms]
[2022-06-02T13:33:48.455Z] > git ls-files --stage -- /home/sirmmy/Development/code/prework/phase-0/phase-0-html-riyadh-blog-lab/SOURCE.md [8ms]
[2022-06-02T13:33:48.488Z] > git cat-file -s a90c194d56d1b4deffcaf8d718cb497559c5dd4c [4ms]
[2022-06-02T13:33:49.236Z] > git status -z -uall [3ms]
[2022-06-02T13:33:49.248Z] > git symbolic-ref --short HEAD [2ms]
[2022-06-02T13:33:49.273Z] > git for-each-ref --format=%(refname)%00%(upstream:short)%00%(objectname)%00%(upstream:track)%00%(upstream:remotename)%00%(upstream:remoteref) refs/heads/master refs/remotes/master [5ms]
[2022-06-02T13:33:49.302Z] > git for-each-ref --sort -committerdate --format %(refname) %(objectname) %(*objectname) [11ms]
[2022-06-02T13:33:49.303Z] > git remote --verbose [2ms]
[2022-06-02T13:33:49.317Z] > git config --get commit.template [1ms]
[2022-06-02T13:34:07.095Z] > git show --textconv :index.html [10ms]
[2022-06-02T13:34:07.096Z] > git ls-files --stage -- /home/sirmmy/Development/code/prework/phase-0/phase-0-html-riyadh-blog-lab/index.html [2ms]
[2022-06-02T13:34:07.107Z] > git cat-file -s 2eabfd17bccf142c847de24a437be5278ae172f1 [2ms]
[2022-06-02T13:34:39.536Z] > git show --textconv :SOURCE.md [9ms]
[2022-06-02T13:34:39.537Z] > git ls-files --stage -- /home/sirmmy/Development/code/prework/phase-0/phase-0-html-riyadh-blog-lab/SOURCE.md [1ms]
[2022-06-02T13:34:39.548Z] > git cat-file -s a90c194d56d1b4deffcaf8d718cb497559c5dd4c [2ms]
[2022-06-02T13:35:14.398Z] > git show --textconv :index.html [9ms]
[2022-06-02T13:35:14.399Z] > git ls-files --stage -- /home/sirmmy/Development/code/prework/phase-0/phase-0-html-riyadh-blog-lab/index.html [1ms]
[2022-06-02T13:35:14.410Z] > git cat-file -s 2eabfd17bccf142c847de24a437be5278ae172f1 [2ms]
[2022-06-02T13:35:29.121Z] > git show --textconv :SOURCE.md [12ms]
[2022-06-02T13:35:29.122Z] > git ls-files --stage -- /home/sirmmy/Development/code/prework/phase-0/phase-0-html-riyadh-blog-lab/SOURCE.md [2ms]
[2022-06-02T13:35:29.132Z] > git cat-file -s a90c194d56d1b4deffcaf8d718cb497559c5dd4c [1ms]
[2022-06-02T13:35:42.728Z] > git show --textconv :index.html [10ms]
[2022-06-02T13:35:42.729Z] > git ls-files --stage -- /home/sirmmy/Development/code/prework/phase-0/phase-0-html-riyadh-blog-lab/index.html [2ms]
[2022-06-02T13:35:42.744Z] > git cat-file -s 2eabfd17bccf142c847de24a437be5278ae172f1 [2ms]
[2022-06-02T13:36:01.606Z] > git show --textconv :SOURCE.md [10ms]
[2022-06-02T13:36:01.606Z] > git ls-files --stage -- /home/sirmmy/Development/code/prework/phase-0/phase-0-html-riyadh-blog-lab/SOURCE.md [1ms]
[2022-06-02T13:36:01.616Z] > git cat-file -s a90c194d56d1b4deffcaf8d718cb497559c5dd4c [1ms]
[2022-06-02T13:36:06.751Z] > git show --textconv :index.html [13ms]
[2022-06-02T13:36:06.754Z] > git ls-files --stage -- /home/sirmmy/Development/code/prework/phase-0/phase-0-html-riyadh-blog-lab/index.html [5ms]
[2022-06-02T13:36:06.768Z] > git cat-file -s 2eabfd17bccf142c847de24a437be5278ae172f1 [2ms]
[2022-06-02T13:37:04.343Z] > git show --textconv :index.html [12ms]
[2022-06-02T13:37:04.344Z] > git ls-files --stage -- /home/sirmmy/Development/code/prework/phase-0/phase-0-html-riyadh-blog-lab/index.html [2ms]
[2022-06-02T13:37:04.355Z] > git cat-file -s 2eabfd17bccf142c847de24a437be5278ae172f1 [2ms]
[2022-06-02T13:37:07.536Z] > git show --textconv :SOURCE.md [11ms]
[2022-06-02T13:37:07.537Z] > git ls-files --stage -- /home/sirmmy/Development/code/prework/phase-0/phase-0-html-riyadh-blog-lab/SOURCE.md [2ms]
[2022-06-02T13:37:07.558Z] > git cat-file -s a90c194d56d1b4deffcaf8d718cb497559c5dd4c [12ms]
[2022-06-02T13:37:24.662Z] > git show --textconv :index.html [18ms]
[2022-06-02T13:37:24.662Z] > git ls-files --stage -- /home/sirmmy/Development/code/prework/phase-0/phase-0-html-riyadh-blog-lab/index.html [2ms]
[2022-06-02T13:37:24.678Z] > git cat-file -s 2eabfd17bccf142c847de24a437be5278ae172f1 [3ms]
[2022-06-02T13:37:58.809Z] > git show --textconv :SOURCE.md [10ms]
[2022-06-02T13:37:58.810Z] > git ls-files --stage -- /home/sirmmy/Development/code/prework/phase-0/phase-0-html-riyadh-blog-lab/SOURCE.md [2ms]
[2022-06-02T13:37:58.820Z] > git cat-file -s a90c194d56d1b4deffcaf8d718cb497559c5dd4c [1ms]
[2022-06-02T13:38:05.905Z] > git show --textconv :index.html [14ms]
[2022-06-02T13:38:05.906Z] > git ls-files --stage -- /home/sirmmy/Development/code/prework/phase-0/phase-0-html-riyadh-blog-lab/index.html [2ms]
[2022-06-02T13:38:05.919Z] > git cat-file -s 2eabfd17bccf142c847de24a437be5278ae172f1 [1ms]
[2022-06-02T13:38:22.528Z] > git show --textconv :SOURCE.md [9ms]
[2022-06-02T13:38:22.529Z] > git ls-files --stage -- /home/sirmmy/Development/code/prework/phase-0/phase-0-html-riyadh-blog-lab/SOURCE.md [1ms]
[2022-06-02T13:38:22.541Z] > git cat-file -s a90c194d56d1b4deffcaf8d718cb497559c5dd4c [3ms]
[2022-06-02T13:38:25.869Z] > git show --textconv :index.html [11ms]
[2022-06-02T13:38:25.870Z] > git ls-files --stage -- /home/sirmmy/Development/code/prework/phase-0/phase-0-html-riyadh-blog-lab/index.html [2ms]
[2022-06-02T13:38:25.882Z] > git cat-file -s 2eabfd17bccf142c847de24a437be5278ae172f1 [2ms]
[2022-06-02T13:38:31.807Z] > git show --textconv :SOURCE.md [13ms]
[2022-06-02T13:38:31.808Z] > git ls-files --stage -- /home/sirmmy/Development/code/prework/phase-0/phase-0-html-riyadh-blog-lab/SOURCE.md [2ms]
[2022-06-02T13:38:31.820Z] > git cat-file -s a90c194d56d1b4deffcaf8d718cb497559c5dd4c [2ms]
[2022-06-02T13:38:37.875Z] > git show --textconv :index.html [10ms]
[2022-06-02T13:38:37.876Z] > git ls-files --stage -- /home/sirmmy/Development/code/prework/phase-0/phase-0-html-riyadh-blog-lab/index.html [1ms]
[2022-06-02T13:38:37.890Z] > git cat-file -s 2eabfd17bccf142c847de24a437be5278ae172f1 [2ms]
[2022-06-02T13:38:40.926Z] > git show --textconv :SOURCE.md [13ms]
[2022-06-02T13:38:40.928Z] > git ls-files --stage -- /home/sirmmy/Development/code/prework/phase-0/phase-0-html-riyadh-blog-lab/SOURCE.md [5ms]
[2022-06-02T13:38:40.948Z] > git cat-file -s a90c194d56d1b4deffcaf8d718cb497559c5dd4c [3ms]
[2022-06-02T13:38:41.645Z] > git status -z -uall [4ms]
[2022-06-02T13:38:41.658Z] > git symbolic-ref --short HEAD [2ms]
[2022-06-02T13:38:41.671Z] > git for-each-ref --format=%(refname)%00%(upstream:short)%00%(objectname)%00%(upstream:track)%00%(upstream:remotename)%00%(upstream:remoteref) refs/heads/master refs/remotes/master [1ms]
[2022-06-02T13:38:41.698Z] > git for-each-ref --sort -committerdate --format %(refname) %(objectname) %(*objectname) [14ms]
[2022-06-02T13:38:41.698Z] > git remote --verbose [2ms]
[2022-06-02T13:38:41.714Z] > git config --get commit.template [1ms]
[2022-06-02T13:38:56.560Z] > git show --textconv :index.html [14ms]
[2022-06-02T13:38:56.575Z] > git ls-files --stage -- /home/sirmmy/Development/code/prework/phase-0/phase-0-html-riyadh-blog-lab/index.html [16ms]
[2022-06-02T13:38:56.587Z] > git cat-file -s 2eabfd17bccf142c847de24a437be5278ae172f1 [2ms]
[2022-06-02T13:39:07.633Z] > git status -z -uall [2ms]
[2022-06-02T13:39:07.647Z] > git symbolic-ref --short HEAD [3ms]
[2022-06-02T13:39:07.662Z] > git for-each-ref --format=%(refname)%00%(upstream:short)%00%(objectname)%00%(upstream:track)%00%(upstream:remotename)%00%(upstream:remoteref) refs/heads/master refs/remotes/master [2ms]
[2022-06-02T13:39:07.685Z] > git for-each-ref --sort -committerdate --format %(refname) %(objectname) %(*objectname) [11ms]
[2022-06-02T13:39:07.685Z] > git remote --verbose [1ms]
[2022-06-02T13:39:07.701Z] > git config --get commit.template [1ms]
[2022-06-02T13:39:09.427Z] > git ls-files --stage -- /home/sirmmy/Development/code/prework/phase-0/phase-0-html-riyadh-blog-lab/index.html [1ms]
[2022-06-02T13:39:09.438Z] > git cat-file -s e6e84cc7eaca138663f8b332f4acfe95ef2636be [1ms]
[2022-06-02T13:39:09.452Z] > git show --textconv :index.html [2ms]
[2022-06-02T13:39:12.718Z] > git status -z -uall [2ms]
[2022-06-02T13:39:12.728Z] > git symbolic-ref --short HEAD [2ms]
[2022-06-02T13:39:12.738Z] > git for-each-ref --format=%(refname)%00%(upstream:short)%00%(objectname)%00%(upstream:track)%00%(upstream:remotename)%00%(upstream:remoteref) refs/heads/master refs/remotes/master [1ms]
[2022-06-02T13:39:12.758Z] > git for-each-ref --sort -committerdate --format %(refname) %(objectname) %(*objectname) [11ms]
[2022-06-02T13:39:12.758Z] > git remote --verbose [1ms]
[2022-06-02T13:39:12.772Z] > git config --get commit.template [1ms]
[2022-06-02T13:39:17.790Z] > git status -z -uall [2ms]
[2022-06-02T13:39:17.803Z] > git symbolic-ref --short HEAD [1ms]
[2022-06-02T13:39:17.814Z] > git for-each-ref --format=%(refname)%00%(upstream:short)%00%(objectname)%00%(upstream:track)%00%(upstream:remotename)%00%(upstream:remoteref) refs/heads/master refs/remotes/master [1ms]
[2022-06-02T13:39:17.834Z] > git for-each-ref --sort -committerdate --format %(refname) %(objectname) %(*objectname) [11ms]
[2022-06-02T13:39:17.835Z] > git remote --verbose [2ms]
[2022-06-02T13:39:17.846Z] > git config --get commit.template [1ms]
[2022-06-02T13:39:46.254Z] > git show --textconv :SOURCE.md [11ms]
[2022-06-02T13:39:46.256Z] > git ls-files --stage -- /home/sirmmy/Development/code/prework/phase-0/phase-0-html-riyadh-blog-lab/SOURCE.md [2ms]
[2022-06-02T13:39:46.271Z] > git cat-file -s a90c194d56d1b4deffcaf8d718cb497559c5dd4c [2ms]
[2022-06-02T13:39:51.337Z] > git show --textconv :index.html [10ms]
[2022-06-02T13:39:51.338Z] > git ls-files --stage -- /home/sirmmy/Development/code/prework/phase-0/phase-0-html-riyadh-blog-lab/index.html [1ms]
[2022-06-02T13:39:51.350Z] > git cat-file -s e6e84cc7eaca138663f8b332f4acfe95ef2636be [2ms]
[2022-06-02T13:39:54.442Z] > git show --textconv :SOURCE.md [34ms]
[2022-06-02T13:39:54.443Z] > git ls-files --stage -- /home/sirmmy/Development/code/prework/phase-0/phase-0-html-riyadh-blog-lab/SOURCE.md [9ms]
[2022-06-02T13:39:54.465Z] > git cat-file -s a90c194d56d1b4deffcaf8d718cb497559c5dd4c [4ms]
[2022-06-02T13:39:55.006Z] > git status -z -uall [2ms]
[2022-06-02T13:39:55.020Z] > git symbolic-ref --short HEAD [2ms]
[2022-06-02T13:39:55.033Z] > git for-each-ref --format=%(refname)%00%(upstream:short)%00%(objectname)%00%(upstream:track)%00%(upstream:remotename)%00%(upstream:remoteref) refs/heads/master refs/remotes/master [2ms]
[2022-06-02T13:39:55.054Z] > git for-each-ref --sort -committerdate --format %(refname) %(objectname) %(*objectname) [12ms]
[2022-06-02T13:39:55.056Z] > git remote --verbose [3ms]
[2022-06-02T13:39:55.072Z] > git config --get commit.template [1ms]
[2022-06-02T13:39:56.516Z] > git show --textconv :index.html [20ms]
[2022-06-02T13:39:56.517Z] > git ls-files --stage -- /home/sirmmy/Development/code/prework/phase-0/phase-0-html-riyadh-blog-lab/index.html [12ms]
[2022-06-02T13:39:56.535Z] > git cat-file -s e6e84cc7eaca138663f8b332f4acfe95ef2636be [2ms]
[2022-06-02T13:40:07.143Z] > git status -z -uall [2ms]
[2022-06-02T13:40:07.155Z] > git symbolic-ref --short HEAD [1ms]
[2022-06-02T13:40:07.166Z] > git for-each-ref --format=%(refname)%00%(upstream:short)%00%(objectname)%00%(upstream:track)%00%(upstream:remotename)%00%(upstream:remoteref) refs/heads/master refs/remotes/master [2ms]
[2022-06-02T13:40:07.186Z] > git for-each-ref --sort -committerdate --format %(refname) %(objectname) %(*objectname) [10ms]
[2022-06-02T13:40:07.186Z] > git remote --verbose [1ms]
[2022-06-02T13:40:07.198Z] > git config --get commit.template [1ms]
[2022-06-02T13:40:08.484Z] > git ls-files --stage -- /home/sirmmy/Development/code/prework/phase-0/phase-0-html-riyadh-blog-lab/index.html [1ms]
[2022-06-02T13:40:08.497Z] > git cat-file -s b6d9dedab69ae5f43a8ff73f3d3b168b1c850d07 [1ms]
[2022-06-02T13:40:08.511Z] > git show --textconv :index.html [1ms]
[2022-06-02T13:40:12.215Z] > git status -z -uall [2ms]
[2022-06-02T13:40:12.226Z] > git symbolic-ref --short HEAD [1ms]
[2022-06-02T13:40:12.238Z] > git for-each-ref --format=%(refname)%00%(upstream:short)%00%(objectname)%00%(upstream:track)%00%(upstream:remotename)%00%(upstream:remoteref) refs/heads/master refs/remotes/master [3ms]
[2022-06-02T13:40:12.260Z] > git for-each-ref --sort -committerdate --format %(refname) %(objectname) %(*objectname) [13ms]
[2022-06-02T13:40:12.260Z] > git remote --verbose [2ms]
[2022-06-02T13:40:12.273Z] > git config --get commit.template [2ms]
[2022-06-02T13:40:19.075Z] > git status -z -uall [3ms]
[2022-06-02T13:40:19.088Z] > git symbolic-ref --short HEAD [1ms]
[2022-06-02T13:40:19.102Z] > git for-each-ref --format=%(refname)%00%(upstream:short)%00%(objectname)%00%(upstream:track)%00%(upstream:remotename)%00%(upstream:remoteref) refs/heads/master refs/remotes/master [2ms]
[2022-06-02T13:40:19.122Z] > git for-each-ref --sort -committerdate --format %(refname) %(objectname) %(*objectname) [10ms]
[2022-06-02T13:40:19.123Z] > git remote --verbose [2ms]
[2022-06-02T13:40:19.137Z] > git config --get commit.template [2ms]
[2022-06-02T13:41:57.617Z] > git show --textconv :index.html [13ms]
[2022-06-02T13:41:57.618Z] > git ls-files --stage -- /home/sirmmy/Development/code/prework/phase-0/phase-0-html-riyadh-blog-lab/index.html [2ms]
[2022-06-02T13:41:57.630Z] > git cat-file -s b6d9dedab69ae5f43a8ff73f3d3b168b1c850d07 [2ms]
[2022-06-02T13:42:17.500Z] > git status -z -uall [2ms]
[2022-06-02T13:42:17.510Z] > git symbolic-ref --short HEAD [2ms]
[2022-06-02T13:42:17.523Z] > git for-each-ref --format=%(refname)%00%(upstream:short)%00%(objectname)%00%(upstream:track)%00%(upstream:remotename)%00%(upstream:remoteref) refs/heads/master refs/remotes/master [2ms]
[2022-06-02T13:42:17.544Z] > git for-each-ref --sort -committerdate --format %(refname) %(objectname) %(*objectname) [13ms]
[2022-06-02T13:42:17.544Z] > git remote --verbose [1ms]
[2022-06-02T13:42:17.558Z] > git config --get commit.template [2ms]
[2022-06-02T13:42:18.230Z] > git show --textconv :SOURCE.md [11ms]
[2022-06-02T13:42:18.231Z] > git ls-files --stage -- /home/sirmmy/Development/code/prework/phase-0/phase-0-html-riyadh-blog-lab/SOURCE.md [2ms]
[2022-06-02T13:42:18.242Z] > git cat-file -s a90c194d56d1b4deffcaf8d718cb497559c5dd4c [2ms]
[2022-06-02T13:42:24.963Z] > git show --textconv :index.html [27ms]
[2022-06-02T13:42:24.963Z] > git ls-files --stage -- /home/sirmmy/Development/code/prework/phase-0/phase-0-html-riyadh-blog-lab/index.html [15ms]
[2022-06-02T13:42:24.979Z] > git cat-file -s b6d9dedab69ae5f43a8ff73f3d3b168b1c850d07 [3ms]
[2022-06-02T13:42:34.809Z] > git status -z -uall [3ms]
[2022-06-02T13:42:34.824Z] > git symbolic-ref --short HEAD [3ms]
[2022-06-02T13:42:34.837Z] > git for-each-ref --format=%(refname)%00%(upstream:short)%00%(objectname)%00%(upstream:track)%00%(upstream:remotename)%00%(upstream:remoteref) refs/heads/master refs/remotes/master [3ms]
[2022-06-02T13:42:34.863Z] > git for-each-ref --sort -committerdate --format %(refname) %(objectname) %(*objectname) [14ms]
[2022-06-02T13:42:34.863Z] > git remote --verbose [1ms]
[2022-06-02T13:42:34.879Z] > git config --get commit.template [3ms]
[2022-06-02T13:42:34.914Z] > git ls-files --stage -- /home/sirmmy/Development/code/prework/phase-0/phase-0-html-riyadh-blog-lab/index.html [2ms]
[2022-06-02T13:42:34.926Z] > git cat-file -s 7007c714f4db2edf49414b58b7491e8bbfa3404c [2ms]
[2022-06-02T13:42:34.942Z] > git show --textconv :index.html [2ms]
[2022-06-02T13:42:49.244Z] > git status -z -uall [3ms]
[2022-06-02T13:42:49.254Z] > git symbolic-ref --short HEAD [1ms]
[2022-06-02T13:42:49.265Z] > git for-each-ref --format=%(refname)%00%(upstream:short)%00%(objectname)%00%(upstream:track)%00%(upstream:remotename)%00%(upstream:remoteref) refs/heads/master refs/remotes/master [2ms]
[2022-06-02T13:42:49.284Z] > git for-each-ref --sort -committerdate --format %(refname) %(objectname) %(*objectname) [10ms]
[2022-06-02T13:42:49.284Z] > git remote --verbose [1ms]
[2022-06-02T13:42:49.297Z] > git config --get commit.template [1ms]
[2022-06-02T13:43:01.774Z] > git show --textconv :SOURCE.md [9ms]
[2022-06-02T13:43:01.775Z] > git ls-files --stage -- /home/sirmmy/Development/code/prework/phase-0/phase-0-html-riyadh-blog-lab/SOURCE.md [1ms]
[2022-06-02T13:43:01.785Z] > git cat-file -s a90c194d56d1b4deffcaf8d718cb497559c5dd4c [1ms]
[2022-06-02T13:43:09.482Z] > git show --textconv :index.html [10ms]
[2022-06-02T13:43:09.482Z] > git ls-files --stage -- /home/sirmmy/Development/code/prework/phase-0/phase-0-html-riyadh-blog-lab/index.html [1ms]
[2022-06-02T13:43:09.495Z] > git cat-file -s 7007c714f4db2edf49414b58b7491e8bbfa3404c [3ms]
[2022-06-02T13:43:15.500Z] > git show --textconv :SOURCE.md [18ms]
[2022-06-02T13:43:15.505Z] > git ls-files --stage -- /home/sirmmy/Development/code/prework/phase-0/phase-0-html-riyadh-blog-lab/SOURCE.md [5ms]
[2022-06-02T13:43:15.522Z] > git cat-file -s a90c194d56d1b4deffcaf8d718cb497559c5dd4c [3ms]
[2022-06-02T13:43:55.093Z] > git show --textconv :index.html [11ms]
[2022-06-02T13:43:55.094Z] > git ls-files --stage -- /home/sirmmy/Development/code/prework/phase-0/phase-0-html-riyadh-blog-lab/index.html [2ms]
[2022-06-02T13:43:55.106Z] > git cat-file -s 7007c714f4db2edf49414b58b7491e8bbfa3404c [2ms]
[2022-06-02T13:44:32.161Z] > git show --textconv :SOURCE.md [15ms]
[2022-06-02T13:44:32.162Z] > git ls-files --stage -- /home/sirmmy/Development/code/prework/phase-0/phase-0-html-riyadh-blog-lab/SOURCE.md [3ms]
[2022-06-02T13:44:32.179Z] > git cat-file -s a90c194d56d1b4deffcaf8d718cb497559c5dd4c [2ms]
[2022-06-02T13:44:32.854Z] > git status -z -uall [2ms]
[2022-06-02T13:44:32.867Z] > git symbolic-ref --short HEAD [1ms]
[2022-06-02T13:44:32.883Z] > git for-each-ref --format=%(refname)%00%(upstream:short)%00%(objectname)%00%(upstream:track)%00%(upstream:remotename)%00%(upstream:remoteref) refs/heads/master refs/remotes/master [3ms]
[2022-06-02T13:44:32.907Z] > git for-each-ref --sort -committerdate --format %(refname) %(objectname) %(*objectname) [13ms]
[2022-06-02T13:44:32.909Z] > git remote --verbose [3ms]
[2022-06-02T13:44:32.928Z] > git config --get commit.template [3ms]
[2022-06-02T13:44:56.101Z] > git show --textconv :index.html [18ms]
[2022-06-02T13:44:56.132Z] > git ls-files --stage -- /home/sirmmy/Development/code/prework/phase-0/phase-0-html-riyadh-blog-lab/index.html [32ms]
[2022-06-02T13:44:56.150Z] > git cat-file -s 7007c714f4db2edf49414b58b7491e8bbfa3404c [3ms]
[2022-06-02T13:45:36.656Z] > git status -z -uall [3ms]
[2022-06-02T13:45:36.667Z] > git symbolic-ref --short HEAD [2ms]
[2022-06-02T13:45:36.678Z] > git for-each-ref --format=%(refname)%00%(upstream:short)%00%(objectname)%00%(upstream:track)%00%(upstream:remotename)%00%(upstream:remoteref) refs/heads/master refs/remotes/master [2ms]
[2022-06-02T13:45:36.700Z] > git for-each-ref --sort -committerdate --format %(refname) %(objectname) %(*objectname) [10ms]
[2022-06-02T13:45:36.700Z] > git remote --verbose [1ms]
[2022-06-02T13:45:36.715Z] > git config --get commit.template [2ms]
[2022-06-02T13:45:55.319Z] > git show --textconv :index.html [11ms]
[2022-06-02T13:45:55.321Z] > git ls-files --stage -- /home/sirmmy/Development/code/prework/phase-0/phase-0-html-riyadh-blog-lab/index.html [3ms]
[2022-06-02T13:45:55.345Z] > git cat-file -s 7007c714f4db2edf49414b58b7491e8bbfa3404c [14ms]
[2022-06-02T13:46:10.995Z] > git status -z -uall [3ms]
[2022-06-02T13:46:11.008Z] > git symbolic-ref --short HEAD [1ms]
[2022-06-02T13:46:11.021Z] > git for-each-ref --format=%(refname)%00%(upstream:short)%00%(objectname)%00%(upstream:track)%00%(upstream:remotename)%00%(upstream:remoteref) refs/heads/master refs/remotes/master [2ms]
[2022-06-02T13:46:11.047Z] > git for-each-ref --sort -committerdate --format %(refname) %(objectname) %(*objectname) [13ms]
[2022-06-02T13:46:11.047Z] > git remote --verbose [1ms]
[2022-06-02T13:46:11.063Z] > git config --get commit.template [1ms]
[2022-06-02T13:46:21.826Z] > git show --textconv :index.html [34ms]
[2022-06-02T13:46:21.827Z] > git ls-files --stage -- /home/sirmmy/Development/code/prework/phase-0/phase-0-html-riyadh-blog-lab/index.html [21ms]
[2022-06-02T13:46:21.845Z] > git cat-file -s 7007c714f4db2edf49414b58b7491e8bbfa3404c [4ms]
[2022-06-02T13:46:31.967Z] > git status -z -uall [1ms]
[2022-06-02T13:46:31.985Z] > git symbolic-ref --short HEAD [2ms]
[2022-06-02T13:46:32.005Z] > git for-each-ref --format=%(refname)%00%(upstream:short)%00%(objectname)%00%(upstream:track)%00%(upstream:remotename)%00%(upstream:remoteref) refs/heads/master refs/remotes/master [4ms]
[2022-06-02T13:46:32.033Z] > git for-each-ref --sort -committerdate --format %(refname) %(objectname) %(*objectname) [13ms]
[2022-06-02T13:46:32.034Z] > git remote --verbose [4ms]
[2022-06-02T13:46:32.047Z] > git config --get commit.template [2ms]
[2022-06-02T13:46:33.176Z] > git ls-files --stage -- /home/sirmmy/Development/code/prework/phase-0/phase-0-html-riyadh-blog-lab/index.html [1ms]
[2022-06-02T13:46:33.188Z] > git cat-file -s 72ca2c51f63ad559196d8e6322e3670aa2fbf644 [1ms]
[2022-06-02T13:46:33.203Z] > git show --textconv :index.html [2ms]
[2022-06-02T13:46:37.063Z] > git status -z -uall [2ms]
[2022-06-02T13:46:37.075Z] > git symbolic-ref --short HEAD [2ms]
[2022-06-02T13:46:37.086Z] > git for-each-ref --format=%(refname)%00%(upstream:short)%00%(objectname)%00%(upstream:track)%00%(upstream:remotename)%00%(upstream:remoteref) refs/heads/master refs/remotes/master [1ms]
[2022-06-02T13:46:37.109Z] > git for-each-ref --sort -committerdate --format %(refname) %(objectname) %(*objectname) [14ms]
[2022-06-02T13:46:37.110Z] > git remote --verbose [3ms]
[2022-06-02T13:46:37.144Z] > git config --get commit.template [18ms]
[2022-06-02T13:47:48.241Z] > git show --textconv :test/index.html.test.js [42ms]
[2022-06-02T13:47:48.246Z] > git ls-files --stage -- /home/sirmmy/Development/code/prework/phase-0/phase-0-html-riyadh-blog-lab/test/index.html.test.js [31ms]
[2022-06-02T13:47:48.272Z] > git cat-file -s 9b1fef59fd5081dffb9f1fa943036d3c8365fbc2 [9ms]
[2022-06-02T13:49:02.695Z] > git show --textconv :index.html [10ms]
[2022-06-02T13:49:02.696Z] > git ls-files --stage -- /home/sirmmy/Development/code/prework/phase-0/phase-0-html-riyadh-blog-lab/index.html [2ms]
[2022-06-02T13:49:02.707Z] > git cat-file -s 72ca2c51f63ad559196d8e6322e3670aa2fbf644 [1ms]
[2022-06-02T13:49:27.502Z] > git show --textconv :SOURCE.md [14ms]
[2022-06-02T13:49:27.503Z] > git ls-files --stage -- /home/sirmmy/Development/code/prework/phase-0/phase-0-html-riyadh-blog-lab/SOURCE.md [2ms]
[2022-06-02T13:49:27.536Z] > git cat-file -s a90c194d56d1b4deffcaf8d718cb497559c5dd4c [22ms]
[2022-06-02T13:49:33.140Z] > git show --textconv :index.html [13ms]
[2022-06-02T13:49:33.141Z] > git ls-files --stage -- /home/sirmmy/Development/code/prework/phase-0/phase-0-html-riyadh-blog-lab/index.html [1ms]
[2022-06-02T13:49:33.155Z] > git cat-file -s 72ca2c51f63ad559196d8e6322e3670aa2fbf644 [2ms]
[2022-06-02T13:49:49.506Z] > git show --textconv :SOURCE.md [9ms]
[2022-06-02T13:49:49.507Z] > git ls-files --stage -- /home/sirmmy/Development/code/prework/phase-0/phase-0-html-riyadh-blog-lab/SOURCE.md [1ms]
[2022-06-02T13:49:49.518Z] > git cat-file -s a90c194d56d1b4deffcaf8d718cb497559c5dd4c [1ms]
[2022-06-02T13:49:53.552Z] > git show --textconv :index.html [14ms]
[2022-06-02T13:49:53.553Z] > git ls-files --stage -- /home/sirmmy/Development/code/prework/phase-0/phase-0-html-riyadh-blog-lab/index.html [2ms]
[2022-06-02T13:49:53.567Z] > git cat-file -s 72ca2c51f63ad559196d8e6322e3670aa2fbf644 [2ms]
[2022-06-02T13:50:44.908Z] > git show --textconv :SOURCE.md [11ms]
[2022-06-02T13:50:44.910Z] > git ls-files --stage -- /home/sirmmy/Development/code/prework/phase-0/phase-0-html-riyadh-blog-lab/SOURCE.md [3ms]
[2022-06-02T13:50:44.923Z] > git cat-file -s a90c194d56d1b4deffcaf8d718cb497559c5dd4c [1ms]
[2022-06-02T13:50:52.401Z] > git show --textconv :index.html [16ms]
[2022-06-02T13:50:52.404Z] > git ls-files --stage -- /home/sirmmy/Development/code/prework/phase-0/phase-0-html-riyadh-blog-lab/index.html [4ms]
[2022-06-02T13:50:52.421Z] > git cat-file -s 72ca2c51f63ad559196d8e6322e3670aa2fbf644 [2ms]
[2022-06-02T13:52:17.542Z] > git show --textconv :SOURCE.md [11ms]
[2022-06-02T13:52:17.543Z] > git ls-files --stage -- /home/sirmmy/Development/code/prework/phase-0/phase-0-html-riyadh-blog-lab/SOURCE.md [2ms]
[2022-06-02T13:52:17.553Z] > git cat-file -s a90c194d56d1b4deffcaf8d718cb497559c5dd4c [1ms]
[2022-06-02T13:52:25.172Z] > git show --textconv :index.html [13ms]
[2022-06-02T13:52:25.173Z] > git ls-files --stage -- /home/sirmmy/Development/code/prework/phase-0/phase-0-html-riyadh-blog-lab/index.html [2ms]
[2022-06-02T13:52:25.185Z] > git cat-file -s 72ca2c51f63ad559196d8e6322e3670aa2fbf644 [2ms]
[2022-06-02T13:52:35.654Z] > git show --textconv :SOURCE.md [10ms]
[2022-06-02T13:52:35.655Z] > git ls-files --stage -- /home/sirmmy/Development/code/prework/phase-0/phase-0-html-riyadh-blog-lab/SOURCE.md [2ms]
[2022-06-02T13:52:35.665Z] > git cat-file -s a90c194d56d1b4deffcaf8d718cb497559c5dd4c [1ms]
[2022-06-02T13:52:40.155Z] > git show --textconv :index.html [10ms]
[2022-06-02T13:52:40.156Z] > git ls-files --stage -- /home/sirmmy/Development/code/prework/phase-0/phase-0-html-riyadh-blog-lab/index.html [2ms]
[2022-06-02T13:52:40.167Z] > git cat-file -s 72ca2c51f63ad559196d8e6322e3670aa2fbf644 [2ms]
[2022-06-02T13:52:56.139Z] > git show --textconv :SOURCE.md [15ms]
[2022-06-02T13:52:56.140Z] > git ls-files --stage -- /home/sirmmy/Development/code/prework/phase-0/phase-0-html-riyadh-blog-lab/SOURCE.md [2ms]
[2022-06-02T13:52:56.158Z] > git cat-file -s a90c194d56d1b4deffcaf8d718cb497559c5dd4c [3ms]
[2022-06-02T13:53:04.958Z] > git show --textconv :index.html [15ms]
[2022-06-02T13:53:04.959Z] > git ls-files --stage -- /home/sirmmy/Development/code/prework/phase-0/phase-0-html-riyadh-blog-lab/index.html [3ms]
[2022-06-02T13:53:04.976Z] > git cat-file -s 72ca2c51f63ad559196d8e6322e3670aa2fbf644 [1ms]
[2022-06-02T13:53:17.931Z] > git show --textconv :SOURCE.md [13ms]
[2022-06-02T13:53:17.932Z] > git ls-files --stage -- /home/sirmmy/Development/code/prework/phase-0/phase-0-html-riyadh-blog-lab/SOURCE.md [4ms]
[2022-06-02T13:53:17.943Z] > git cat-file -s a90c194d56d1b4deffcaf8d718cb497559c5dd4c [2ms]
[2022-06-02T13:53:18.646Z] > git status -z -uall [2ms]
[2022-06-02T13:53:18.660Z] > git symbolic-ref --short HEAD [2ms]
[2022-06-02T13:53:18.673Z] > git for-each-ref --format=%(refname)%00%(upstream:short)%00%(objectname)%00%(upstream:track)%00%(upstream:remotename)%00%(upstream:remoteref) refs/heads/master refs/remotes/master [3ms]
[2022-06-02T13:53:18.697Z] > git for-each-ref --sort -committerdate --format %(refname) %(objectname) %(*objectname) [13ms]
[2022-06-02T13:53:18.697Z] > git remote --verbose [1ms]
[2022-06-02T13:53:18.714Z] > git config --get commit.template [2ms]
[2022-06-02T13:53:19.679Z] > git show --textconv :test/index.html.test.js [14ms]
[2022-06-02T13:53:19.681Z] > git ls-files --stage -- /home/sirmmy/Development/code/prework/phase-0/phase-0-html-riyadh-blog-lab/test/index.html.test.js [4ms]
[2022-06-02T13:53:19.695Z] > git cat-file -s 9b1fef59fd5081dffb9f1fa943036d3c8365fbc2 [3ms]
[2022-06-02T13:53:20.444Z] > git show --textconv :SOURCE.md [10ms]
[2022-06-02T13:53:20.445Z] > git ls-files --stage -- /home/sirmmy/Development/code/prework/phase-0/phase-0-html-riyadh-blog-lab/SOURCE.md [1ms]
[2022-06-02T13:53:20.458Z] > git cat-file -s a90c194d56d1b4deffcaf8d718cb497559c5dd4c [3ms]
[2022-06-02T13:53:37.715Z] > git show --textconv :index.html [11ms]
[2022-06-02T13:53:37.715Z] > git ls-files --stage -- /home/sirmmy/Development/code/prework/phase-0/phase-0-html-riyadh-blog-lab/index.html [1ms]
[2022-06-02T13:53:37.736Z] > git cat-file -s 72ca2c51f63ad559196d8e6322e3670aa2fbf644 [11ms]
[2022-06-02T13:54:34.144Z] > git status -z -uall [2ms]
[2022-06-02T13:54:34.154Z] > git symbolic-ref --short HEAD [1ms]
[2022-06-02T13:54:34.166Z] > git for-each-ref --format=%(refname)%00%(upstream:short)%00%(objectname)%00%(upstream:track)%00%(upstream:remotename)%00%(upstream:remoteref) refs/heads/master refs/remotes/master [1ms]
[2022-06-02T13:54:34.186Z] > git for-each-ref --sort -committerdate --format %(refname) %(objectname) %(*objectname) [11ms]
[2022-06-02T13:54:34.186Z] > git remote --verbose [1ms]
[2022-06-02T13:54:34.198Z] > git config --get commit.template [2ms]
[2022-06-02T13:54:43.325Z] > git show --textconv :index.html [10ms]
[2022-06-02T13:54:43.326Z] > git ls-files --stage -- /home/sirmmy/Development/code/prework/phase-0/phase-0-html-riyadh-blog-lab/index.html [2ms]
[2022-06-02T13:54:43.350Z] > git cat-file -s 72ca2c51f63ad559196d8e6322e3670aa2fbf644 [14ms]
[2022-06-02T13:54:58.352Z] > git status -z -uall [3ms]
[2022-06-02T13:54:58.363Z] > git symbolic-ref --short HEAD [1ms]
[2022-06-02T13:54:58.374Z] > git for-each-ref --format=%(refname)%00%(upstream:short)%00%(objectname)%00%(upstream:track)%00%(upstream:remotename)%00%(upstream:remoteref) refs/heads/master refs/remotes/master [2ms]
[2022-06-02T13:54:58.402Z] > git for-each-ref --sort -committerdate --format %(refname) %(objectname) %(*objectname) [14ms]
[2022-06-02T13:54:58.403Z] > git remote --verbose [4ms]
[2022-06-02T13:54:58.419Z] > git config --get commit.template [2ms]
[2022-06-02T13:55:01.024Z] > git ls-files --stage -- /home/sirmmy/Development/code/prework/phase-0/phase-0-html-riyadh-blog-lab/index.html [1ms]
[2022-06-02T13:55:01.036Z] > git cat-file -s e4bc559e1efbc107f83291d7775e8abec9520e4d [2ms]
[2022-06-02T13:55:01.051Z] > git show --textconv :index.html [2ms]
[2022-06-02T13:55:03.433Z] > git status -z -uall [2ms]
[2022-06-02T13:55:03.443Z] > git symbolic-ref --short HEAD [1ms]
[2022-06-02T13:55:03.453Z] > git for-each-ref --format=%(refname)%00%(upstream:short)%00%(objectname)%00%(upstream:track)%00%(upstream:remotename)%00%(upstream:remoteref) refs/heads/master refs/remotes/master [1ms]
[2022-06-02T13:55:03.474Z] > git for-each-ref --sort -committerdate --format %(refname) %(objectname) %(*objectname) [11ms]
[2022-06-02T13:55:03.474Z] > git remote --verbose [1ms]
[2022-06-02T13:55:03.488Z] > git config --get commit.template [3ms]
[2022-06-02T13:55:08.506Z] > git status -z -uall [2ms]
[2022-06-02T13:55:08.518Z] > git symbolic-ref --short HEAD [2ms]
[2022-06-02T13:55:08.528Z] > git for-each-ref --format=%(refname)%00%(upstream:short)%00%(objectname)%00%(upstream:track)%00%(upstream:remotename)%00%(upstream:remoteref) refs/heads/master refs/remotes/master [1ms]
[2022-06-02T13:55:08.548Z] > git for-each-ref --sort -committerdate --format %(refname) %(objectname) %(*objectname) [11ms]
[2022-06-02T13:55:08.548Z] > git remote --verbose [2ms]
[2022-06-02T13:55:08.561Z] > git config --get commit.template [2ms]
[2022-06-02T13:56:08.856Z] > git status -z -uall [4ms]
[2022-06-02T13:56:08.873Z] > git symbolic-ref --short HEAD [4ms]
[2022-06-02T13:56:08.886Z] > git for-each-ref --format=%(refname)%00%(upstream:short)%00%(objectname)%00%(upstream:track)%00%(upstream:remotename)%00%(upstream:remoteref) refs/heads/master refs/remotes/master [2ms]
[2022-06-02T13:56:08.914Z] > git for-each-ref --sort -committerdate --format %(refname) %(objectname) %(*objectname) [14ms]
[2022-06-02T13:56:08.914Z] > git remote --verbose [1ms]
[2022-06-02T13:56:08.934Z] > git config --get commit.template [3ms]
[2022-06-02T13:56:19.665Z] > git show --textconv :index.html [15ms]
[2022-06-02T13:56:19.665Z] > git ls-files --stage -- /home/sirmmy/Development/code/prework/phase-0/phase-0-html-riyadh-blog-lab/index.html [0ms]
[2022-06-02T13:56:19.691Z] > git cat-file -s e4bc559e1efbc107f83291d7775e8abec9520e4d [15ms]
[2022-06-02T13:56:28.262Z] > git status -z -uall [2ms]
[2022-06-02T13:56:28.277Z] > git symbolic-ref --short HEAD [2ms]
[2022-06-02T13:56:28.291Z] > git for-each-ref --format=%(refname)%00%(upstream:short)%00%(objectname)%00%(upstream:track)%00%(upstream:remotename)%00%(upstream:remoteref) refs/heads/master refs/remotes/master [2ms]
[2022-06-02T13:56:28.314Z] > git for-each-ref --sort -committerdate --format %(refname) %(objectname) %(*objectname) [11ms]
[2022-06-02T13:56:28.314Z] > git remote --verbose [1ms]
[2022-06-02T13:56:28.329Z] > git config --get commit.template [2ms]
[2022-06-02T13:56:29.759Z] > git ls-files --stage -- /home/sirmmy/Development/code/prework/phase-0/phase-0-html-riyadh-blog-lab/index.html [1ms]
[2022-06-02T13:56:29.770Z] > git cat-file -s 3396b4f0fca9b0abf2f76fa85f4949ec42f8e25f [1ms]
[2022-06-02T13:56:29.785Z] > git show --textconv :index.html [2ms]
[2022-06-02T13:56:33.346Z] > git status -z -uall [2ms]
[2022-06-02T13:56:33.359Z] > git symbolic-ref --short HEAD [2ms]
[2022-06-02T13:56:33.370Z] > git for-each-ref --format=%(refname)%00%(upstream:short)%00%(objectname)%00%(upstream:track)%00%(upstream:remotename)%00%(upstream:remoteref) refs/heads/master refs/remotes/master [2ms]
[2022-06-02T13:56:33.390Z] > git for-each-ref --sort -committerdate --format %(refname) %(objectname) %(*objectname) [11ms]
[2022-06-02T13:56:33.390Z] > git remote --verbose [2ms]
[2022-06-02T13:56:33.404Z] > git config --get commit.template [1ms]
[2022-06-02T13:56:38.424Z] > git status -z -uall [3ms]
[2022-06-02T13:56:38.436Z] > git symbolic-ref --short HEAD [2ms]
[2022-06-02T13:56:38.447Z] > git for-each-ref --format=%(refname)%00%(upstream:short)%00%(objectname)%00%(upstream:track)%00%(upstream:remotename)%00%(upstream:remoteref) refs/heads/master refs/remotes/master [2ms]
[2022-06-02T13:56:38.469Z] > git for-each-ref --sort -committerdate --format %(refname) %(objectname) %(*objectname) [12ms]
[2022-06-02T13:56:38.469Z] > git remote --verbose [1ms]
[2022-06-02T13:56:38.481Z] > git config --get commit.template [1ms]
[2022-06-02T14:06:31.825Z] > git show --textconv :SOURCE.md [10ms]
[2022-06-02T14:06:31.826Z] > git ls-files --stage -- /home/sirmmy/Development/code/prework/phase-0/phase-0-html-riyadh-blog-lab/SOURCE.md [2ms]
[2022-06-02T14:06:31.836Z] > git cat-file -s a90c194d56d1b4deffcaf8d718cb497559c5dd4c [2ms]
[2022-06-02T14:06:42.162Z] > git show --textconv :index.html [12ms]
[2022-06-02T14:06:42.163Z] > git ls-files --stage -- /home/sirmmy/Development/code/prework/phase-0/phase-0-html-riyadh-blog-lab/index.html [1ms]
[2022-06-02T14:06:42.178Z] > git cat-file -s 3396b4f0fca9b0abf2f76fa85f4949ec42f8e25f [2ms]
[2022-06-02T14:07:03.099Z] > git show --textconv :SOURCE.md [10ms]
[2022-06-02T14:07:03.100Z] > git ls-files --stage -- /home/sirmmy/Development/code/prework/phase-0/phase-0-html-riyadh-blog-lab/SOURCE.md [2ms]
[2022-06-02T14:07:03.111Z] > git cat-file -s a90c194d56d1b4deffcaf8d718cb497559c5dd4c [2ms]
[2022-06-02T14:07:07.020Z] > git show --textconv :index.html [10ms]
[2022-06-02T14:07:07.021Z] > git ls-files --stage -- /home/sirmmy/Development/code/prework/phase-0/phase-0-html-riyadh-blog-lab/index.html [1ms]
[2022-06-02T14:07:07.032Z] > git cat-file -s 3396b4f0fca9b0abf2f76fa85f4949ec42f8e25f [2ms]
[2022-06-02T14:07:24.647Z] > git show --textconv :SOURCE.md [17ms]
[2022-06-02T14:07:24.650Z] > git ls-files --stage -- /home/sirmmy/Development/code/prework/phase-0/phase-0-html-riyadh-blog-lab/SOURCE.md [4ms]
[2022-06-02T14:07:24.667Z] > git cat-file -s a90c194d56d1b4deffcaf8d718cb497559c5dd4c [5ms]
[2022-06-02T14:07:32.577Z] > git show --textconv :index.html [16ms]
[2022-06-02T14:07:32.578Z] > git ls-files --stage -- /home/sirmmy/Development/code/prework/phase-0/phase-0-html-riyadh-blog-lab/index.html [1ms]
[2022-06-02T14:07:32.596Z] > git cat-file -s 3396b4f0fca9b0abf2f76fa85f4949ec42f8e25f [3ms]
[2022-06-02T14:07:41.958Z] > git show --textconv :SOURCE.md [10ms]
[2022-06-02T14:07:41.959Z] > git ls-files --stage -- /home/sirmmy/Development/code/prework/phase-0/phase-0-html-riyadh-blog-lab/SOURCE.md [1ms]
[2022-06-02T14:07:41.969Z] > git cat-file -s a90c194d56d1b4deffcaf8d718cb497559c5dd4c [1ms]
[2022-06-02T14:07:45.353Z] > git show --textconv :index.html [15ms]
[2022-06-02T14:07:45.354Z] > git ls-files --stage -- /home/sirmmy/Development/code/prework/phase-0/phase-0-html-riyadh-blog-lab/index.html [3ms]
[2022-06-02T14:07:45.368Z] > git cat-file -s 3396b4f0fca9b0abf2f76fa85f4949ec42f8e25f [2ms]
[2022-06-02T14:08:21.820Z] > git status -z -uall [2ms]
[2022-06-02T14:08:21.830Z] > git symbolic-ref --short HEAD [1ms]
[2022-06-02T14:08:21.842Z] > git for-each-ref --format=%(refname)%00%(upstream:short)%00%(objectname)%00%(upstream:track)%00%(upstream:remotename)%00%(upstream:remoteref) refs/heads/master refs/remotes/master [1ms]
[2022-06-02T14:08:21.867Z] > git for-each-ref --sort -committerdate --format %(refname) %(objectname) %(*objectname) [13ms]
[2022-06-02T14:08:21.868Z] > git remote --verbose [2ms]
[2022-06-02T14:08:21.883Z] > git config --get commit.template [1ms]
[2022-06-02T14:08:23.122Z] > git ls-files --stage -- /home/sirmmy/Development/code/prework/phase-0/phase-0-html-riyadh-blog-lab/index.html [2ms]
[2022-06-02T14:08:23.132Z] > git cat-file -s 3396b4f0fca9b0abf2f76fa85f4949ec42f8e25f [1ms]
[2022-06-02T14:08:23.149Z] > git show --textconv :index.html [2ms]
[2022-06-02T14:08:26.901Z] > git status -z -uall [2ms]
[2022-06-02T14:08:26.912Z] > git symbolic-ref --short HEAD [2ms]
[2022-06-02T14:08:26.923Z] > git for-each-ref --format=%(refname)%00%(upstream:short)%00%(objectname)%00%(upstream:track)%00%(upstream:remotename)%00%(upstream:remoteref) refs/heads/master refs/remotes/master [2ms]
[2022-06-02T14:08:26.945Z] > git for-each-ref --sort -committerdate --format %(refname) %(objectname) %(*objectname) [12ms]
[2022-06-02T14:08:26.945Z] > git remote --verbose [1ms]
[2022-06-02T14:08:26.957Z] > git config --get commit.template [1ms]
[2022-06-02T14:08:31.975Z] > git status -z -uall [2ms]
[2022-06-02T14:08:31.986Z] > git symbolic-ref --short HEAD [1ms]
[2022-06-02T14:08:31.998Z] > git for-each-ref --format=%(refname)%00%(upstream:short)%00%(objectname)%00%(upstream:track)%00%(upstream:remotename)%00%(upstream:remoteref) refs/heads/master refs/remotes/master [1ms]
[2022-06-02T14:08:32.018Z] > git for-each-ref --sort -committerdate --format %(refname) %(objectname) %(*objectname) [10ms]
[2022-06-02T14:08:32.019Z] > git remote --verbose [2ms]
[2022-06-02T14:08:32.032Z] > git config --get commit.template [2ms]
[2022-06-02T14:08:36.538Z] > git show --textconv :SOURCE.md [61ms]
[2022-06-02T14:08:36.539Z] > git ls-files --stage -- /home/sirmmy/Development/code/prework/phase-0/phase-0-html-riyadh-blog-lab/SOURCE.md [7ms]
[2022-06-02T14:08:36.606Z] > git cat-file -s a90c194d56d1b4deffcaf8d718cb497559c5dd4c [12ms]
[2022-06-02T14:08:37.047Z] > git status -z -uall [3ms]
[2022-06-02T14:08:37.061Z] > git symbolic-ref --short HEAD [2ms]
[2022-06-02T14:08:37.075Z] > git for-each-ref --format=%(refname)%00%(upstream:short)%00%(objectname)%00%(upstream:track)%00%(upstream:remotename)%00%(upstream:remoteref) refs/heads/master refs/remotes/master [2ms]
[2022-06-02T14:08:37.103Z] > git for-each-ref --sort -committerdate --format %(refname) %(objectname) %(*objectname) [13ms]
[2022-06-02T14:08:37.105Z] > git remote --verbose [3ms]
[2022-06-02T14:08:37.124Z] > git config --get commit.template [1ms]
[2022-06-02T14:08:44.765Z] > git show --textconv :index.html [9ms]
[2022-06-02T14:08:44.766Z] > git ls-files --stage -- /home/sirmmy/Development/code/prework/phase-0/phase-0-html-riyadh-blog-lab/index.html [1ms]
[2022-06-02T14:08:44.777Z] > git cat-file -s 3396b4f0fca9b0abf2f76fa85f4949ec42f8e25f [2ms]
[2022-06-02T14:09:21.780Z] > git show --textconv :SOURCE.md [10ms]
[2022-06-02T14:09:21.781Z] > git ls-files --stage -- /home/sirmmy/Development/code/prework/phase-0/phase-0-html-riyadh-blog-lab/SOURCE.md [2ms]
[2022-06-02T14:09:21.791Z] > git cat-file -s a90c194d56d1b4deffcaf8d718cb497559c5dd4c [1ms]
[2022-06-02T14:09:30.359Z] > git show --textconv :index.html [10ms]
[2022-06-02T14:09:30.360Z] > git ls-files --stage -- /home/sirmmy/Development/code/prework/phase-0/phase-0-html-riyadh-blog-lab/index.html [2ms]
[2022-06-02T14:09:30.384Z] > git cat-file -s 3396b4f0fca9b0abf2f76fa85f4949ec42f8e25f [14ms]
[2022-06-02T14:09:54.379Z] > git status -z -uall [4ms]
[2022-06-02T14:09:54.396Z] > git symbolic-ref --short HEAD [1ms]
[2022-06-02T14:09:54.410Z] > git for-each-ref --format=%(refname)%00%(upstream:short)%00%(objectname)%00%(upstream:track)%00%(upstream:remotename)%00%(upstream:remoteref) refs/heads/master refs/remotes/master [2ms]
[2022-06-02T14:09:54.434Z] > git for-each-ref --sort -committerdate --format %(refname) %(objectname) %(*objectname) [13ms]
[2022-06-02T14:09:54.434Z] > git remote --verbose [2ms]
[2022-06-02T14:09:54.447Z] > git config --get commit.template [1ms]
[2022-06-02T14:10:46.610Z] > git show --textconv :index.html [39ms]
[2022-06-02T14:10:46.611Z] > git ls-files --stage -- /home/sirmmy/Development/code/prework/phase-0/phase-0-html-riyadh-blog-lab/index.html [15ms]
[2022-06-02T14:10:46.626Z] > git cat-file -s 3396b4f0fca9b0abf2f76fa85f4949ec42f8e25f [2ms]
[2022-06-02T14:14:35.298Z] > git show --textconv :SOURCE.md [9ms]
[2022-06-02T14:14:35.298Z] > git ls-files --stage -- /home/sirmmy/Development/code/prework/phase-0/phase-0-html-riyadh-blog-lab/SOURCE.md [1ms]
[2022-06-02T14:14:35.310Z] > git cat-file -s a90c194d56d1b4deffcaf8d718cb497559c5dd4c [2ms]
[2022-06-02T14:15:00.693Z] > git show --textconv :index.html [32ms]
[2022-06-02T14:15:00.695Z] > git ls-files --stage -- /home/sirmmy/Development/code/prework/phase-0/phase-0-html-riyadh-blog-lab/index.html [17ms]
[2022-06-02T14:15:00.712Z] > git cat-file -s 3396b4f0fca9b0abf2f76fa85f4949ec42f8e25f [3ms]
[2022-06-02T14:18:03.402Z] > git status -z -uall [2ms]
[2022-06-02T14:18:03.416Z] > git symbolic-ref --short HEAD [2ms]
[2022-06-02T14:18:03.430Z] > git for-each-ref --format=%(refname)%00%(upstream:short)%00%(objectname)%00%(upstream:track)%00%(upstream:remotename)%00%(upstream:remoteref) refs/heads/master refs/remotes/master [2ms]
[2022-06-02T14:18:03.452Z] > git for-each-ref --sort -committerdate --format %(refname) %(objectname) %(*objectname) [12ms]
[2022-06-02T14:18:03.452Z] > git remote --verbose [1ms]
[2022-06-02T14:18:03.466Z] > git config --get commit.template [2ms]
[2022-06-02T14:18:07.199Z] > git ls-files --stage -- /home/sirmmy/Development/code/prework/phase-0/phase-0-html-riyadh-blog-lab/index.html [2ms]
[2022-06-02T14:18:07.209Z] > git cat-file -s 688176273dc406cb98323124669862a14c079c83 [1ms]
[2022-06-02T14:18:07.224Z] > git show --textconv :index.html [1ms]
[2022-06-02T14:18:08.486Z] > git status -z -uall [2ms]
[2022-06-02T14:18:08.500Z] > git symbolic-ref --short HEAD [1ms]
[2022-06-02T14:18:08.511Z] > git for-each-ref --format=%(refname)%00%(upstream:short)%00%(objectname)%00%(upstream:track)%00%(upstream:remotename)%00%(upstream:remoteref) refs/heads/master refs/remotes/master [2ms]
[2022-06-02T14:18:08.531Z] > git for-each-ref --sort -committerdate --format %(refname) %(objectname) %(*objectname) [9ms]
[2022-06-02T14:18:08.532Z] > git remote --verbose [1ms]
[2022-06-02T14:18:08.547Z] > git config --get commit.template [1ms]
[2022-06-02T14:18:13.566Z] > git status -z -uall [2ms]
[2022-06-02T14:18:13.577Z] > git symbolic-ref --short HEAD [1ms]
[2022-06-02T14:18:13.588Z] > git for-each-ref --format=%(refname)%00%(upstream:short)%00%(objectname)%00%(upstream:track)%00%(upstream:remotename)%00%(upstream:remoteref) refs/heads/master refs/remotes/master [1ms]
[2022-06-02T14:18:13.608Z] > git for-each-ref --sort -committerdate --format %(refname) %(objectname) %(*objectname) [10ms]
[2022-06-02T14:18:13.609Z] > git remote --verbose [1ms]
[2022-06-02T14:18:13.620Z] > git config --get commit.template [1ms]
[2022-06-02T14:18:32.545Z] > git show --textconv :test/index.html.test.js [23ms]
[2022-06-02T14:18:32.568Z] > git ls-files --stage -- /home/sirmmy/Development/code/prework/phase-0/phase-0-html-riyadh-blog-lab/test/index.html.test.js [31ms]
[2022-06-02T14:18:32.604Z] > git cat-file -s 9b1fef59fd5081dffb9f1fa943036d3c8365fbc2 [19ms]
[2022-06-02T14:20:17.516Z] > git show --textconv :index.html [13ms]
[2022-06-02T14:20:17.517Z] > git ls-files --stage -- /home/sirmmy/Development/code/prework/phase-0/phase-0-html-riyadh-blog-lab/index.html [2ms]
[2022-06-02T14:20:17.528Z] > git cat-file -s 688176273dc406cb98323124669862a14c079c83 [1ms]
[2022-06-02T14:21:04.920Z] > git show --textconv :test/index.html.test.js [37ms]
[2022-06-02T14:21:04.922Z] > git ls-files --stage -- /home/sirmmy/Development/code/prework/phase-0/phase-0-html-riyadh-blog-lab/test/index.html.test.js [2ms]
[2022-06-02T14:21:04.958Z] > git cat-file -s 9b1fef59fd5081dffb9f1fa943036d3c8365fbc2 [8ms]
[2022-06-02T14:21:05.542Z] > git status -z -uall [3ms]
[2022-06-02T14:21:05.556Z] > git symbolic-ref --short HEAD [2ms]
[2022-06-02T14:21:05.569Z] > git for-each-ref --format=%(refname)%00%(upstream:short)%00%(objectname)%00%(upstream:track)%00%(upstream:remotename)%00%(upstream:remoteref) refs/heads/master refs/remotes/master [3ms]
[2022-06-02T14:21:05.590Z] > git for-each-ref --sort -committerdate --format %(refname) %(objectname) %(*objectname) [11ms]
[2022-06-02T14:21:05.591Z] > git remote --verbose [2ms]
[2022-06-02T14:21:05.608Z] > git config --get commit.template [2ms]
[2022-06-02T14:21:09.640Z] > git show --textconv :index.html [13ms]
[2022-06-02T14:21:09.654Z] > git ls-files --stage -- /home/sirmmy/Development/code/prework/phase-0/phase-0-html-riyadh-blog-lab/index.html [15ms]
[2022-06-02T14:21:09.669Z] > git cat-file -s 688176273dc406cb98323124669862a14c079c83 [3ms]
[2022-06-02T14:21:22.133Z] > git status -z -uall [2ms]
[2022-06-02T14:21:22.144Z] > git symbolic-ref --short HEAD [2ms]
[2022-06-02T14:21:22.155Z] > git for-each-ref --format=%(refname)%00%(upstream:short)%00%(objectname)%00%(upstream:track)%00%(upstream:remotename)%00%(upstream:remoteref) refs/heads/master refs/remotes/master [2ms]
[2022-06-02T14:21:22.174Z] > git for-each-ref --sort -committerdate --format %(refname) %(objectname) %(*objectname) [9ms]
[2022-06-02T14:21:22.175Z] > git remote --verbose [1ms]
[2022-06-02T14:21:22.189Z] > git config --get commit.template [2ms]
[2022-06-02T14:21:23.307Z] > git ls-files --stage -- /home/sirmmy/Development/code/prework/phase-0/phase-0-html-riyadh-blog-lab/index.html [2ms]
[2022-06-02T14:21:23.318Z] > git cat-file -s b86431109b5e9f2c650f7cccde0ebcc97e596cb8 [2ms]
[2022-06-02T14:21:23.335Z] > git show --textconv :index.html [3ms]
[2022-06-02T14:21:27.280Z] > git status -z -uall [2ms]
[2022-06-02T14:21:27.290Z] > git symbolic-ref --short HEAD [1ms]
[2022-06-02T14:21:27.301Z] > git for-each-ref --format=%(refname)%00%(upstream:short)%00%(objectname)%00%(upstream:track)%00%(upstream:remotename)%00%(upstream:remoteref) refs/heads/master refs/remotes/master [1ms]
[2022-06-02T14:21:27.321Z] > git for-each-ref --sort -committerdate --format %(refname) %(objectname) %(*objectname) [10ms]
[2022-06-02T14:21:27.322Z] > git remote --verbose [2ms]
[2022-06-02T14:21:27.336Z] > git config --get commit.template [2ms]
[2022-06-02T14:23:02.131Z] > git status -z -uall [2ms]
[2022-06-02T14:23:02.146Z] > git symbolic-ref --short HEAD [3ms]
[2022-06-02T14:23:02.158Z] > git for-each-ref --format=%(refname)%00%(upstream:short)%00%(objectname)%00%(upstream:track)%00%(upstream:remotename)%00%(upstream:remoteref) refs/heads/master refs/remotes/master [2ms]
[2022-06-02T14:23:02.184Z] > git for-each-ref --sort -committerdate --format %(refname) %(objectname) %(*objectname) [14ms]
[2022-06-02T14:23:02.184Z] > git remote --verbose [1ms]
[2022-06-02T14:23:02.202Z] > git config --get commit.template [3ms]
[2022-06-02T14:23:04.192Z] > git show --textconv :index.html [33ms]
[2022-06-02T14:23:04.193Z] > git ls-files --stage -- /home/sirmmy/Development/code/prework/phase-0/phase-0-html-riyadh-blog-lab/index.html [17ms]
[2022-06-02T14:23:04.208Z] > git cat-file -s b86431109b5e9f2c650f7cccde0ebcc97e596cb8 [4ms]
[2022-06-02T14:23:13.198Z] > git status -z -uall [2ms]
[2022-06-02T14:23:13.211Z] > git symbolic-ref --short HEAD [1ms]
[2022-06-02T14:23:13.222Z] > git for-each-ref --format=%(refname)%00%(upstream:short)%00%(objectname)%00%(upstream:track)%00%(upstream:remotename)%00%(upstream:remoteref) refs/heads/master refs/remotes/master [1ms]
[2022-06-02T14:23:13.242Z] > git for-each-ref --sort -committerdate --format %(refname) %(objectname) %(*objectname) [11ms]
[2022-06-02T14:23:13.242Z] > git remote --verbose [1ms]
[2022-06-02T14:23:13.255Z] > git config --get commit.template [2ms]
[2022-06-02T14:23:13.296Z] > git ls-files --stage -- /home/sirmmy/Development/code/prework/phase-0/phase-0-html-riyadh-blog-lab/index.html [1ms]
[2022-06-02T14:23:13.307Z] > git cat-file -s ea1d14003f2512685fcef4ead2ff2155441e5f5e [1ms]
[2022-06-02T14:23:13.322Z] > git show --textconv :index.html [2ms]
[2022-06-02T14:23:18.273Z] > git status -z -uall [3ms]
[2022-06-02T14:23:18.283Z] > git symbolic-ref --short HEAD [1ms]
[2022-06-02T14:23:18.294Z] > git for-each-ref --format=%(refname)%00%(upstream:short)%00%(objectname)%00%(upstream:track)%00%(upstream:remotename)%00%(upstream:remoteref) refs/heads/master refs/remotes/master [1ms]
[2022-06-02T14:23:18.317Z] > git for-each-ref --sort -committerdate --format %(refname) %(objectname) %(*objectname) [14ms]
[2022-06-02T14:23:18.317Z] > git remote --verbose [1ms]
[2022-06-02T14:23:18.329Z] > git config --get commit.template [1ms]
[2022-06-02T14:25:03.938Z] > git status -z -uall [3ms]
[2022-06-02T14:25:03.950Z] > git symbolic-ref --short HEAD [1ms]
[2022-06-02T14:25:03.960Z] > git for-each-ref --format=%(refname)%00%(upstream:short)%00%(objectname)%00%(upstream:track)%00%(upstream:remotename)%00%(upstream:remoteref) refs/heads/master refs/remotes/master [1ms]
[2022-06-02T14:25:03.983Z] > git for-each-ref --sort -committerdate --format %(refname) %(objectname) %(*objectname) [11ms]
[2022-06-02T14:25:03.984Z] > git remote --verbose [2ms]
[2022-06-02T14:25:03.997Z] > git config --get commit.template [1ms]
[2022-06-02T14:25:07.712Z] > git ls-files --stage -- /home/sirmmy/Development/code/prework/phase-0/phase-0-html-riyadh-blog-lab/index.html [1ms]
[2022-06-02T14:25:07.723Z] > git cat-file -s ea1d14003f2512685fcef4ead2ff2155441e5f5e [1ms]
[2022-06-02T14:25:07.738Z] > git show --textconv :index.html [2ms]
[2022-06-02T14:25:09.013Z] > git status -z -uall [2ms]
[2022-06-02T14:25:09.025Z] > git symbolic-ref --short HEAD [2ms]
[2022-06-02T14:25:09.036Z] > git for-each-ref --format=%(refname)%00%(upstream:short)%00%(objectname)%00%(upstream:track)%00%(upstream:remotename)%00%(upstream:remoteref) refs/heads/master refs/remotes/master [1ms]
[2022-06-02T14:25:09.057Z] > git for-each-ref --sort -committerdate --format %(refname) %(objectname) %(*objectname) [11ms]
[2022-06-02T14:25:09.058Z] > git remote --verbose [2ms]
[2022-06-02T14:25:09.071Z] > git config --get commit.template [2ms]
[2022-06-02T14:25:14.088Z] > git status -z -uall [2ms]
[2022-06-02T14:25:14.098Z] > git symbolic-ref --short HEAD [1ms]
[2022-06-02T14:25:14.109Z] > git for-each-ref --format=%(refname)%00%(upstream:short)%00%(objectname)%00%(upstream:track)%00%(upstream:remotename)%00%(upstream:remoteref) refs/heads/master refs/remotes/master [1ms]
[2022-06-02T14:25:14.128Z] > git for-each-ref --sort -committerdate --format %(refname) %(objectname) %(*objectname) [10ms]
[2022-06-02T14:25:14.128Z] > git remote --verbose [1ms]
[2022-06-02T14:25:14.141Z] > git config --get commit.template [1ms]
[2022-06-02T14:26:35.125Z] > git status -z -uall [2ms]
[2022-06-02T14:26:35.136Z] > git symbolic-ref --short HEAD [1ms]
[2022-06-02T14:26:35.147Z] > git for-each-ref --format=%(refname)%00%(upstream:short)%00%(objectname)%00%(upstream:track)%00%(upstream:remotename)%00%(upstream:remoteref) refs/heads/master refs/remotes/master [2ms]
[2022-06-02T14:26:35.168Z] > git for-each-ref --sort -committerdate --format %(refname) %(objectname) %(*objectname) [11ms]
[2022-06-02T14:26:35.168Z] > git remote --verbose [1ms]
[2022-06-02T14:26:35.180Z] > git config --get commit.template [1ms]
[2022-06-02T14:26:38.706Z] > git ls-files --stage -- /home/sirmmy/Development/code/prework/phase-0/phase-0-html-riyadh-blog-lab/index.html [2ms]
[2022-06-02T14:26:38.717Z] > git cat-file -s ea1d14003f2512685fcef4ead2ff2155441e5f5e [1ms]
[2022-06-02T14:26:38.732Z] > git show --textconv :index.html [2ms]
[2022-06-02T14:26:40.198Z] > git status -z -uall [2ms]
[2022-06-02T14:26:40.209Z] > git symbolic-ref --short HEAD [2ms]
[2022-06-02T14:26:40.219Z] > git for-each-ref --format=%(refname)%00%(upstream:short)%00%(objectname)%00%(upstream:track)%00%(upstream:remotename)%00%(upstream:remoteref) refs/heads/master refs/remotes/master [2ms]
[2022-06-02T14:26:40.238Z] > git for-each-ref --sort -committerdate --format %(refname) %(objectname) %(*objectname) [10ms]
[2022-06-02T14:26:40.238Z] > git remote --verbose [1ms]
[2022-06-02T14:26:40.250Z] > git config --get commit.template [2ms]
[2022-06-02T14:26:45.274Z] > git status -z -uall [3ms]
[2022-06-02T14:26:45.285Z] > git symbolic-ref --short HEAD [1ms]
[2022-06-02T14:26:45.296Z] > git for-each-ref --format=%(refname)%00%(upstream:short)%00%(objectname)%00%(upstream:track)%00%(upstream:remotename)%00%(upstream:remoteref) refs/heads/master refs/remotes/master [2ms]
[2022-06-02T14:26:45.315Z] > git for-each-ref --sort -committerdate --format %(refname) %(objectname) %(*objectname) [10ms]
[2022-06-02T14:26:45.316Z] > git remote --verbose [2ms]
[2022-06-02T14:26:45.327Z] > git config --get commit.template [2ms]
