[Info  - 12:39:20.174] Reading sessions from keychain...
[Info  - 12:39:20.232] Getting sessions for user:email...
[Info  - 12:39:20.663] Getting sessions for all scopes...
[Trace  - 12:39:20.663] Token acquired from secret storage.
[Info  - 12:39:20.663] Got stored sessions!
[Trace  - 12:39:20.663] Read the following session from the keychain with the following scopes: user:email
[Trace  - 12:39:20.663] Read the following session from the keychain with the following scopes: repo workflow
[Info  - 12:39:20.663] Got 2 verified sessions.
[Info  - 12:39:20.664] Got 1 sessions for user:email...
[Info  - 12:39:20.664] Got 2 sessions for ...
[Info  - 12:39:20.863] Getting sessions for all scopes...
[Info  - 12:39:20.863] Got 2 sessions for ...
[Info  - 12:39:21.450] Getting sessions for read:user,repo,user:email...
[Info  - 12:39:21.450] Got 0 sessions for read:user,repo,user:email...
[Info  - 12:40:52.357] Getting sessions for read:user,repo,user:email...
[Info  - 12:40:52.357] Got 0 sessions for read:user,repo,user:email...
[Info  - 12:47:06.630] Getting sessions for read:user,repo,user:email...
[Info  - 12:47:06.630] Got 0 sessions for read:user,repo,user:email...
[Info  - 12:53:28.210] Getting sessions for read:user,repo,user:email...
[Info  - 12:53:28.210] Got 0 sessions for read:user,repo,user:email...
[Info  - 12:55:50.250] Getting sessions for read:user,repo,user:email...
[Info  - 12:55:50.250] Got 0 sessions for read:user,repo,user:email...
[Info  - 12:59:35.235] Getting sessions for read:user,repo,user:email...
[Info  - 12:59:35.236] Got 0 sessions for read:user,repo,user:email...
[Info  - 13:07:57.704] Getting sessions for read:user,repo,user:email...
[Info  - 13:07:57.705] Got 0 sessions for read:user,repo,user:email...
[Info  - 13:12:09.439] Getting sessions for read:user,repo,user:email...
[Info  - 13:12:09.439] Got 0 sessions for read:user,repo,user:email...
[Info  - 13:39:38.391] Getting sessions for read:user,repo,user:email...
[Info  - 13:39:38.391] Got 0 sessions for read:user,repo,user:email...
[Info  - 13:41:57.680] Getting sessions for read:user,repo,user:email...
[Info  - 13:41:57.680] Got 0 sessions for read:user,repo,user:email...
[Info  - 13:42:49.765] Getting sessions for read:user,repo,user:email...
[Info  - 13:42:49.765] Got 0 sessions for read:user,repo,user:email...
[Info  - 13:46:58.612] Getting sessions for read:user,repo,user:email...
[Info  - 13:46:58.612] Got 0 sessions for read:user,repo,user:email...
[Info  - 13:55:07.54] Getting sessions for read:user,repo,user:email...
[Info  - 13:55:07.55] Got 0 sessions for read:user,repo,user:email...
[Info  - 14:03:44.25] Getting sessions for read:user,repo,user:email...
[Info  - 14:03:44.25] Got 0 sessions for read:user,repo,user:email...
[Info  - 14:08:36.625] Getting sessions for read:user,repo,user:email...
[Info  - 14:08:36.625] Got 0 sessions for read:user,repo,user:email...
[Info  - 14:20:43.270] Getting sessions for read:user,repo,user:email...
[Info  - 14:20:43.271] Got 0 sessions for read:user,repo,user:email...
