[2022-06-02 22:28:03.592] [exthost] [info] Extension host with pid 163008 started
[2022-06-02 22:28:03.592] [exthost] [info] Skipping acquiring lock for /home/sirmmy/.config/Code/User/workspaceStorage/9b412c788f6de40328dc051d294bf69c.
[2022-06-02 22:28:04.001] [exthost] [info] ExtensionService#_doActivateExtension vscode.microsoft-authentication, startup: false, activationEvent: 'onAuthenticationRequest:microsoft'
[2022-06-02 22:28:04.039] [exthost] [info] ExtensionService#_doActivateExtension vscode.debug-auto-launch, startup: true, activationEvent: '*'
[2022-06-02 22:28:04.042] [exthost] [info] ExtensionService#_doActivateExtension vscode.git-base, startup: true, activationEvent: '*', root cause: vscode.git
[2022-06-02 22:28:04.046] [exthost] [info] ExtensionService#_doActivateExtension vscode.ipynb, startup: true, activationEvent: '*'
[2022-06-02 22:28:04.052] [exthost] [info] ExtensionService#_doActivateExtension christian-kohler.path-intellisense, startup: true, activationEvent: '*'
[2022-06-02 22:28:04.085] [exthost] [info] ExtensionService#_doActivateExtension formulahendry.auto-close-tag, startup: true, activationEvent: '*'
[2022-06-02 22:28:04.089] [exthost] [info] ExtensionService#_doActivateExtension formulahendry.auto-rename-tag, startup: true, activationEvent: '*'
[2022-06-02 22:28:04.114] [exthost] [info] ExtensionService#_doActivateExtension spywhere.guides, startup: true, activationEvent: '*'
[2022-06-02 22:28:04.261] [exthost] [info] ExtensionService#_doActivateExtension wraith13.zoombar-vscode, startup: true, activationEvent: '*'
[2022-06-02 22:28:04.276] [exthost] [info] ExtensionService#_doActivateExtension vscode.npm, startup: true, activationEvent: 'workspaceContains:package.json'
[2022-06-02 22:28:04.516] [exthost] [info] ExtensionService#_doActivateExtension vscode.git, startup: true, activationEvent: '*'
[2022-06-02 22:28:04.551] [exthost] [info] ExtensionService#_doActivateExtension vscode.github, startup: true, activationEvent: '*'
[2022-06-02 22:28:04.822] [exthost] [info] Eager extensions activated
[2022-06-02 22:28:04.838] [exthost] [info] ExtensionService#_doActivateExtension vscode.github-authentication, startup: false, activationEvent: 'onAuthenticationRequest:github'
[2022-06-02 22:28:04.855] [exthost] [info] ExtensionService#_doActivateExtension vscode.emmet, startup: false, activationEvent: 'onStartupFinished'
[2022-06-02 22:28:04.861] [exthost] [info] ExtensionService#_doActivateExtension vscode.merge-conflict, startup: false, activationEvent: 'onStartupFinished'
[2022-06-02 22:28:04.863] [exthost] [info] ExtensionService#_doActivateExtension aaron-bond.better-comments, startup: false, activationEvent: 'onStartupFinished'
[2022-06-02 22:28:04.867] [exthost] [info] ExtensionService#_doActivateExtension eamodio.gitlens, startup: false, activationEvent: 'onStartupFinished'
[2022-06-02 22:28:04.919] [exthost] [info] ExtensionService#_doActivateExtension PKief.material-icon-theme, startup: false, activationEvent: 'onStartupFinished'
[2022-06-02 22:28:04.933] [exthost] [info] ExtensionService#_doActivateExtension ritwickdey.LiveServer, startup: false, activationEvent: 'onStartupFinished'
[2022-06-02 22:28:07.820] [exthost] [info] ExtensionService#_doActivateExtension vscode.html-language-features, startup: false, activationEvent: 'onLanguage:html'
[2022-06-02 22:28:08.196] [exthost] [info] ExtensionService#_doActivateExtension vscode.configuration-editing, startup: false, activationEvent: 'onLanguage:jsonc'
[2022-06-02 22:28:08.200] [exthost] [info] ExtensionService#_doActivateExtension vscode.json-language-features, startup: false, activationEvent: 'onLanguage:jsonc'
[2022-06-02 22:28:08.222] [exthost] [info] ExtensionService#_doActivateExtension vscode.typescript-language-features, startup: false, activationEvent: 'onLanguage:jsonc'
[2022-06-02 22:31:17.153] [exthost] [warning] TextEditor is closed/disposed
[2022-06-02 22:31:20.716] [exthost] [warning] TextEditor is closed/disposed
[2022-06-02 22:33:24.374] [exthost] [warning] TextEditor is closed/disposed
[2022-06-02 22:33:24.474] [exthost] [info] ExtensionService#_doActivateExtension vscode.css-language-features, startup: false, activationEvent: 'onLanguage:css'
[2022-06-02 23:19:41.885] [exthost] [warning] TextEditor is closed/disposed
[2022-06-02 23:19:54.058] [exthost] [warning] TextEditor is closed/disposed
[2022-06-02 23:20:04.177] [exthost] [warning] TextEditor is closed/disposed
[2022-06-02 23:20:12.439] [exthost] [warning] TextEditor is closed/disposed
[2022-06-02 23:20:15.133] [exthost] [warning] TextEditor is closed/disposed
[2022-06-02 23:20:15.133] [exthost] [info] ExtensionService#_doActivateExtension vscode.image-preview, startup: false, activationEvent: 'onCustomEditor:imagePreview.previewEditor'
[2022-06-02 23:20:56.990] [exthost] [warning] TextEditor is closed/disposed
[2022-06-02 23:22:04.811] [exthost] [warning] TextEditor is closed/disposed
[2022-06-02 23:22:26.005] [exthost] [warning] TextEditor is closed/disposed
[2022-06-02 23:31:49.513] [exthost] [warning] TextEditor is closed/disposed
[2022-06-02 23:36:03.337] [exthost] [warning] TextEditor is closed/disposed
[2022-06-02 23:36:05.090] [exthost] [warning] TextEditor is closed/disposed
[2022-06-02 23:37:31.237] [exthost] [warning] TextEditor is closed/disposed
[2022-06-02 23:45:09.541] [exthost] [warning] TextEditor is closed/disposed
[2022-06-02 23:49:06.812] [exthost] [warning] TextEditor is closed/disposed
[2022-06-02 23:49:24.281] [exthost] [warning] TextEditor is closed/disposed
[2022-06-02 23:56:07.764] [exthost] [warning] TextEditor is closed/disposed
[2022-06-02 23:56:24.677] [exthost] [warning] TextEditor is closed/disposed
[2022-06-03 09:08:56.645] [exthost] [info] Extension host terminating: renderer closed the socket
[2022-06-03 09:08:56.716] [exthost] [info] Extension host with pid 163008 exiting with code 0
