[2022-06-02T19:28:04.629Z] Validating found git in: git
[2022-06-02T19:28:04.722Z] Using git 2.25.1 from git
[2022-06-02T19:28:04.748Z] > git rev-parse --show-toplevel [5ms]
[2022-06-02T19:28:04.766Z] > git rev-parse --git-dir --git-common-dir [3ms]
[2022-06-02T19:28:04.776Z] Open repository: /home/sirmmy/Development/code/prework/phase-0/phase-0-css-fundamentals-lab
[2022-06-02T19:28:04.826Z] > git status -z -uall [36ms]
[2022-06-02T19:28:05.086Z] > git symbolic-ref --short HEAD [250ms]
[2022-06-02T19:28:05.336Z] > git for-each-ref --format=%(refname)%00%(upstream:short)%00%(objectname)%00%(upstream:track)%00%(upstream:remotename)%00%(upstream:remoteref) refs/heads/master refs/remotes/master [240ms]
[2022-06-02T19:28:05.395Z] > git check-ignore -v -z --stdin [30ms]
[2022-06-02T19:28:05.396Z] > git remote --verbose [45ms]
[2022-06-02T19:28:05.396Z] > git for-each-ref --sort -committerdate --format %(refname) %(objectname) %(*objectname) [52ms]
[2022-06-02T19:28:05.427Z] > git config --get commit.template [3ms]
[2022-06-02T19:28:08.082Z] > git show --textconv :index.html [45ms]
[2022-06-02T19:28:08.082Z] > git ls-files --stage -- /home/sirmmy/Development/code/prework/phase-0/phase-0-css-fundamentals-lab/index.html [20ms]
[2022-06-02T19:28:08.100Z] > git cat-file -s 8a618dd71e8d76082eb24ae4cf24d78e77124a8d [3ms]
[2022-06-02T19:30:01.546Z] > git status -z -uall [3ms]
[2022-06-02T19:30:01.557Z] > git symbolic-ref --short HEAD [2ms]
[2022-06-02T19:30:01.569Z] > git for-each-ref --format=%(refname)%00%(upstream:short)%00%(objectname)%00%(upstream:track)%00%(upstream:remotename)%00%(upstream:remoteref) refs/heads/master refs/remotes/master [2ms]
[2022-06-02T19:30:01.586Z] > git for-each-ref --sort -committerdate --format %(refname) %(objectname) %(*objectname) [9ms]
[2022-06-02T19:30:01.587Z] > git remote --verbose [2ms]
[2022-06-02T19:30:01.615Z] > git config --get commit.template [17ms]
[2022-06-02T19:30:06.633Z] > git status -z -uall [3ms]
[2022-06-02T19:30:06.642Z] > git symbolic-ref --short HEAD [1ms]
[2022-06-02T19:30:06.653Z] > git for-each-ref --format=%(refname)%00%(upstream:short)%00%(objectname)%00%(upstream:track)%00%(upstream:remotename)%00%(upstream:remoteref) refs/heads/master refs/remotes/master [2ms]
[2022-06-02T19:30:06.670Z] > git for-each-ref --sort -committerdate --format %(refname) %(objectname) %(*objectname) [9ms]
[2022-06-02T19:30:06.671Z] > git remote --verbose [2ms]
[2022-06-02T19:30:06.683Z] > git config --get commit.template [1ms]
[2022-06-02T19:30:11.700Z] > git status -z -uall [4ms]
[2022-06-02T19:30:11.713Z] > git symbolic-ref --short HEAD [2ms]
[2022-06-02T19:30:11.724Z] > git for-each-ref --format=%(refname)%00%(upstream:short)%00%(objectname)%00%(upstream:track)%00%(upstream:remotename)%00%(upstream:remoteref) refs/heads/master refs/remotes/master [2ms]
[2022-06-02T19:30:11.743Z] > git for-each-ref --sort -committerdate --format %(refname) %(objectname) %(*objectname) [10ms]
[2022-06-02T19:30:11.743Z] > git remote --verbose [2ms]
[2022-06-02T19:30:11.755Z] > git config --get commit.template [1ms]
[2022-06-02T19:30:16.771Z] > git status -z -uall [3ms]
[2022-06-02T19:30:16.781Z] > git symbolic-ref --short HEAD [2ms]
[2022-06-02T19:30:16.792Z] > git for-each-ref --format=%(refname)%00%(upstream:short)%00%(objectname)%00%(upstream:track)%00%(upstream:remotename)%00%(upstream:remoteref) refs/heads/master refs/remotes/master [2ms]
[2022-06-02T19:30:16.816Z] > git for-each-ref --sort -committerdate --format %(refname) %(objectname) %(*objectname) [13ms]
[2022-06-02T19:30:16.817Z] > git remote --verbose [4ms]
[2022-06-02T19:30:16.831Z] > git config --get commit.template [1ms]
[2022-06-02T19:30:21.850Z] > git status -z -uall [5ms]
[2022-06-02T19:30:21.860Z] > git symbolic-ref --short HEAD [2ms]
[2022-06-02T19:30:21.872Z] > git for-each-ref --format=%(refname)%00%(upstream:short)%00%(objectname)%00%(upstream:track)%00%(upstream:remotename)%00%(upstream:remoteref) refs/heads/master refs/remotes/master [2ms]
[2022-06-02T19:30:21.893Z] > git for-each-ref --sort -committerdate --format %(refname) %(objectname) %(*objectname) [11ms]
[2022-06-02T19:30:21.894Z] > git remote --verbose [2ms]
[2022-06-02T19:30:21.907Z] > git config --get commit.template [1ms]
[2022-06-02T19:30:50.350Z] > git status -z -uall [2ms]
[2022-06-02T19:30:50.361Z] > git symbolic-ref --short HEAD [2ms]
[2022-06-02T19:30:50.371Z] > git for-each-ref --format=%(refname)%00%(upstream:short)%00%(objectname)%00%(upstream:track)%00%(upstream:remotename)%00%(upstream:remoteref) refs/heads/master refs/remotes/master [1ms]
[2022-06-02T19:30:50.388Z] > git for-each-ref --sort -committerdate --format %(refname) %(objectname) %(*objectname) [9ms]
[2022-06-02T19:30:50.388Z] > git remote --verbose [1ms]
[2022-06-02T19:30:50.409Z] > git config --get commit.template [11ms]
[2022-06-02T19:30:55.426Z] > git status -z -uall [3ms]
[2022-06-02T19:30:55.435Z] > git symbolic-ref --short HEAD [1ms]
[2022-06-02T19:30:55.444Z] > git for-each-ref --format=%(refname)%00%(upstream:short)%00%(objectname)%00%(upstream:track)%00%(upstream:remotename)%00%(upstream:remoteref) refs/heads/master refs/remotes/master [1ms]
[2022-06-02T19:30:55.461Z] > git for-each-ref --sort -committerdate --format %(refname) %(objectname) %(*objectname) [9ms]
[2022-06-02T19:30:55.461Z] > git remote --verbose [1ms]
[2022-06-02T19:30:55.474Z] > git config --get commit.template [2ms]
[2022-06-02T19:31:00.489Z] > git status -z -uall [3ms]
[2022-06-02T19:31:00.501Z] > git symbolic-ref --short HEAD [2ms]
[2022-06-02T19:31:00.511Z] > git for-each-ref --format=%(refname)%00%(upstream:short)%00%(objectname)%00%(upstream:track)%00%(upstream:remotename)%00%(upstream:remoteref) refs/heads/master refs/remotes/master [1ms]
[2022-06-02T19:31:00.528Z] > git for-each-ref --sort -committerdate --format %(refname) %(objectname) %(*objectname) [9ms]
[2022-06-02T19:31:00.528Z] > git remote --verbose [1ms]
[2022-06-02T19:31:00.539Z] > git config --get commit.template [1ms]
[2022-06-02T19:31:05.554Z] > git status -z -uall [3ms]
[2022-06-02T19:31:05.563Z] > git symbolic-ref --short HEAD [1ms]
[2022-06-02T19:31:05.573Z] > git for-each-ref --format=%(refname)%00%(upstream:short)%00%(objectname)%00%(upstream:track)%00%(upstream:remotename)%00%(upstream:remoteref) refs/heads/master refs/remotes/master [2ms]
[2022-06-02T19:31:05.589Z] > git for-each-ref --sort -committerdate --format %(refname) %(objectname) %(*objectname) [9ms]
[2022-06-02T19:31:05.589Z] > git remote --verbose [1ms]
[2022-06-02T19:31:05.601Z] > git config --get commit.template [1ms]
[2022-06-02T19:31:10.624Z] > git status -z -uall [5ms]
[2022-06-02T19:31:10.634Z] > git symbolic-ref --short HEAD [2ms]
[2022-06-02T19:31:10.643Z] > git for-each-ref --format=%(refname)%00%(upstream:short)%00%(objectname)%00%(upstream:track)%00%(upstream:remotename)%00%(upstream:remoteref) refs/heads/master refs/remotes/master [1ms]
[2022-06-02T19:31:10.663Z] > git for-each-ref --sort -committerdate --format %(refname) %(objectname) %(*objectname) [11ms]
[2022-06-02T19:31:10.663Z] > git remote --verbose [2ms]
[2022-06-02T19:31:10.676Z] > git config --get commit.template [1ms]
[2022-06-02T19:31:15.695Z] > git status -z -uall [3ms]
[2022-06-02T19:31:15.705Z] > git symbolic-ref --short HEAD [1ms]
[2022-06-02T19:31:15.714Z] > git for-each-ref --format=%(refname)%00%(upstream:short)%00%(objectname)%00%(upstream:track)%00%(upstream:remotename)%00%(upstream:remoteref) refs/heads/master refs/remotes/master [1ms]
[2022-06-02T19:31:15.731Z] > git for-each-ref --sort -committerdate --format %(refname) %(objectname) %(*objectname) [9ms]
[2022-06-02T19:31:15.731Z] > git remote --verbose [1ms]
[2022-06-02T19:31:15.743Z] > git config --get commit.template [2ms]
[2022-06-02T19:31:18.978Z] > git show --textconv :index.html [21ms]
[2022-06-02T19:31:18.980Z] > git ls-files --stage -- /home/sirmmy/Development/code/prework/phase-0/phase-0-css-fundamentals-lab/index.html [14ms]
[2022-06-02T19:31:18.991Z] > git cat-file -s 8a618dd71e8d76082eb24ae4cf24d78e77124a8d [2ms]
[2022-06-02T19:31:22.476Z] > git show --textconv :index.html [10ms]
[2022-06-02T19:31:22.486Z] > git ls-files --stage -- /home/sirmmy/Development/code/prework/phase-0/phase-0-css-fundamentals-lab/index.html [12ms]
[2022-06-02T19:31:22.497Z] > git cat-file -s 8a618dd71e8d76082eb24ae4cf24d78e77124a8d [3ms]
[2022-06-02T19:31:35.232Z] > git status -z -uall [5ms]
[2022-06-02T19:31:35.244Z] > git symbolic-ref --short HEAD [1ms]
[2022-06-02T19:31:35.254Z] > git for-each-ref --format=%(refname)%00%(upstream:short)%00%(objectname)%00%(upstream:track)%00%(upstream:remotename)%00%(upstream:remoteref) refs/heads/master refs/remotes/master [2ms]
[2022-06-02T19:31:35.278Z] > git for-each-ref --sort -committerdate --format %(refname) %(objectname) %(*objectname) [16ms]
[2022-06-02T19:31:35.278Z] > git remote --verbose [4ms]
[2022-06-02T19:31:35.292Z] > git config --get commit.template [3ms]
[2022-06-02T19:31:40.827Z] > git check-ignore -v -z --stdin [2ms]
[2022-06-02T19:31:41.739Z] > git status -z -uall [2ms]
[2022-06-02T19:31:41.749Z] > git symbolic-ref --short HEAD [2ms]
[2022-06-02T19:31:41.759Z] > git for-each-ref --format=%(refname)%00%(upstream:short)%00%(objectname)%00%(upstream:track)%00%(upstream:remotename)%00%(upstream:remoteref) refs/heads/master refs/remotes/master [2ms]
[2022-06-02T19:31:41.777Z] > git for-each-ref --sort -committerdate --format %(refname) %(objectname) %(*objectname) [10ms]
[2022-06-02T19:31:41.777Z] > git remote --verbose [1ms]
[2022-06-02T19:31:41.790Z] > git config --get commit.template [3ms]
[2022-06-02T19:31:41.843Z] > git ls-files --stage -- /home/sirmmy/Development/code/prework/phase-0/phase-0-css-fundamentals-lab/index.html [2ms]
[2022-06-02T19:31:41.853Z] > git cat-file -s 3a5253bcf1428d90051d107508da0765ae07c8e2 [1ms]
[2022-06-02T19:31:41.870Z] > git show --textconv :index.html [1ms]
[2022-06-02T19:31:46.806Z] > git status -z -uall [2ms]
[2022-06-02T19:31:46.816Z] > git symbolic-ref --short HEAD [1ms]
[2022-06-02T19:31:46.826Z] > git for-each-ref --format=%(refname)%00%(upstream:short)%00%(objectname)%00%(upstream:track)%00%(upstream:remotename)%00%(upstream:remoteref) refs/heads/master refs/remotes/master [2ms]
[2022-06-02T19:31:46.844Z] > git for-each-ref --sort -committerdate --format %(refname) %(objectname) %(*objectname) [9ms]
[2022-06-02T19:31:46.844Z] > git remote --verbose [1ms]
[2022-06-02T19:31:46.855Z] > git config --get commit.template [1ms]
[2022-06-02T19:32:58.893Z] > git status -z -uall [2ms]
[2022-06-02T19:32:58.902Z] > git symbolic-ref --short HEAD [1ms]
[2022-06-02T19:32:58.912Z] > git for-each-ref --format=%(refname)%00%(upstream:short)%00%(objectname)%00%(upstream:track)%00%(upstream:remotename)%00%(upstream:remoteref) refs/heads/master refs/remotes/master [2ms]
[2022-06-02T19:32:58.928Z] > git for-each-ref --sort -committerdate --format %(refname) %(objectname) %(*objectname) [8ms]
[2022-06-02T19:32:58.930Z] > git remote --verbose [2ms]
[2022-06-02T19:32:58.942Z] > git config --get commit.template [1ms]
[2022-06-02T19:33:03.962Z] > git status -z -uall [3ms]
[2022-06-02T19:33:03.971Z] > git symbolic-ref --short HEAD [1ms]
[2022-06-02T19:33:03.981Z] > git for-each-ref --format=%(refname)%00%(upstream:short)%00%(objectname)%00%(upstream:track)%00%(upstream:remotename)%00%(upstream:remoteref) refs/heads/master refs/remotes/master [2ms]
[2022-06-02T19:33:03.997Z] > git for-each-ref --sort -committerdate --format %(refname) %(objectname) %(*objectname) [8ms]
[2022-06-02T19:33:03.998Z] > git remote --verbose [2ms]
[2022-06-02T19:33:04.008Z] > git config --get commit.template [1ms]
[2022-06-02T19:33:09.501Z] > git status -z -uall [2ms]
[2022-06-02T19:33:09.514Z] > git symbolic-ref --short HEAD [3ms]
[2022-06-02T19:33:09.529Z] > git for-each-ref --format=%(refname)%00%(upstream:short)%00%(objectname)%00%(upstream:track)%00%(upstream:remotename)%00%(upstream:remoteref) refs/heads/master refs/remotes/master [3ms]
[2022-06-02T19:33:09.551Z] > git for-each-ref --sort -committerdate --format %(refname) %(objectname) %(*objectname) [11ms]
[2022-06-02T19:33:09.552Z] > git remote --verbose [2ms]
[2022-06-02T19:33:09.568Z] > git config --get commit.template [3ms]
[2022-06-02T19:33:21.357Z] > git status -z -uall [2ms]
[2022-06-02T19:33:21.367Z] > git symbolic-ref --short HEAD [1ms]
[2022-06-02T19:33:21.377Z] > git for-each-ref --format=%(refname)%00%(upstream:short)%00%(objectname)%00%(upstream:track)%00%(upstream:remotename)%00%(upstream:remoteref) refs/heads/master refs/remotes/master [1ms]
[2022-06-02T19:33:21.394Z] > git for-each-ref --sort -committerdate --format %(refname) %(objectname) %(*objectname) [9ms]
[2022-06-02T19:33:21.395Z] > git remote --verbose [2ms]
[2022-06-02T19:33:21.406Z] > git config --get commit.template [2ms]
[2022-06-02T19:33:24.677Z] > git show --textconv :style.css [39ms]
[2022-06-02T19:33:24.679Z] > git ls-files --stage -- /home/sirmmy/Development/code/prework/phase-0/phase-0-css-fundamentals-lab/style.css [3ms]
[2022-06-02T19:33:24.698Z] > git cat-file -s 1b1899382aee2e8863a208cb44e972b68b239fff [4ms]
[2022-06-02T19:33:27.628Z] > git status -z -uall [2ms]
[2022-06-02T19:33:27.640Z] > git symbolic-ref --short HEAD [2ms]
[2022-06-02T19:33:27.650Z] > git for-each-ref --format=%(refname)%00%(upstream:short)%00%(objectname)%00%(upstream:track)%00%(upstream:remotename)%00%(upstream:remoteref) refs/heads/master refs/remotes/master [2ms]
[2022-06-02T19:33:27.669Z] > git for-each-ref --sort -committerdate --format %(refname) %(objectname) %(*objectname) [9ms]
[2022-06-02T19:33:27.669Z] > git remote --verbose [1ms]
[2022-06-02T19:33:27.685Z] > git config --get commit.template [2ms]
[2022-06-02T19:33:27.728Z] > git ls-files --stage -- /home/sirmmy/Development/code/prework/phase-0/phase-0-css-fundamentals-lab/style.css [1ms]
[2022-06-02T19:33:27.739Z] > git cat-file -s 1b1899382aee2e8863a208cb44e972b68b239fff [2ms]
[2022-06-02T19:33:27.753Z] > git show --textconv :style.css [2ms]
[2022-06-02T19:33:32.701Z] > git status -z -uall [3ms]
[2022-06-02T19:33:32.711Z] > git symbolic-ref --short HEAD [2ms]
[2022-06-02T19:33:32.722Z] > git for-each-ref --format=%(refname)%00%(upstream:short)%00%(objectname)%00%(upstream:track)%00%(upstream:remotename)%00%(upstream:remoteref) refs/heads/master refs/remotes/master [2ms]
[2022-06-02T19:33:32.740Z] > git for-each-ref --sort -committerdate --format %(refname) %(objectname) %(*objectname) [9ms]
[2022-06-02T19:33:32.740Z] > git remote --verbose [1ms]
[2022-06-02T19:33:32.752Z] > git config --get commit.template [2ms]
[2022-06-02T20:17:10.028Z] > git status -z -uall [3ms]
[2022-06-02T20:17:10.037Z] > git symbolic-ref --short HEAD [1ms]
[2022-06-02T20:17:10.047Z] > git for-each-ref --format=%(refname)%00%(upstream:short)%00%(objectname)%00%(upstream:track)%00%(upstream:remotename)%00%(upstream:remoteref) refs/heads/master refs/remotes/master [2ms]
[2022-06-02T20:17:10.067Z] > git for-each-ref --sort -committerdate --format %(refname) %(objectname) %(*objectname) [10ms]
[2022-06-02T20:17:10.068Z] > git remote --verbose [1ms]
[2022-06-02T20:17:10.078Z] > git config --get commit.template [1ms]
[2022-06-02T20:17:10.127Z] > git ls-files --stage -- /home/sirmmy/Development/code/prework/phase-0/phase-0-css-fundamentals-lab/style.css [2ms]
[2022-06-02T20:17:10.136Z] > git cat-file -s 1b1899382aee2e8863a208cb44e972b68b239fff [1ms]
[2022-06-02T20:17:10.151Z] > git show --textconv :style.css [2ms]
[2022-06-02T20:17:23.602Z] > git status -z -uall [2ms]
[2022-06-02T20:17:23.616Z] > git symbolic-ref --short HEAD [3ms]
[2022-06-02T20:17:23.628Z] > git for-each-ref --format=%(refname)%00%(upstream:short)%00%(objectname)%00%(upstream:track)%00%(upstream:remotename)%00%(upstream:remoteref) refs/heads/master refs/remotes/master [2ms]
[2022-06-02T20:17:23.649Z] > git for-each-ref --sort -committerdate --format %(refname) %(objectname) %(*objectname) [12ms]
[2022-06-02T20:17:23.650Z] > git remote --verbose [3ms]
[2022-06-02T20:17:23.664Z] > git config --get commit.template [1ms]
[2022-06-02T20:19:42.096Z] > git show --textconv :index.html [9ms]
[2022-06-02T20:19:42.097Z] > git ls-files --stage -- /home/sirmmy/Development/code/prework/phase-0/phase-0-css-fundamentals-lab/index.html [1ms]
[2022-06-02T20:19:42.116Z] > git cat-file -s 6cc534c893d85e65154f53ff11f06b6dc6b8540a [10ms]
[2022-06-02T20:19:54.267Z] > git show --textconv :style.css [9ms]
[2022-06-02T20:19:54.268Z] > git ls-files --stage -- /home/sirmmy/Development/code/prework/phase-0/phase-0-css-fundamentals-lab/style.css [2ms]
[2022-06-02T20:19:54.277Z] > git cat-file -s 1b1899382aee2e8863a208cb44e972b68b239fff [2ms]
[2022-06-02T20:20:10.180Z] > git show --textconv :style.css [10ms]
[2022-06-02T20:20:10.181Z] > git ls-files --stage -- /home/sirmmy/Development/code/prework/phase-0/phase-0-css-fundamentals-lab/style.css [2ms]
[2022-06-02T20:20:10.191Z] > git cat-file -s 1b1899382aee2e8863a208cb44e972b68b239fff [1ms]
[2022-06-02T20:20:12.654Z] > git show --textconv :index.html [14ms]
[2022-06-02T20:20:12.655Z] > git ls-files --stage -- /home/sirmmy/Development/code/prework/phase-0/phase-0-css-fundamentals-lab/index.html [3ms]
[2022-06-02T20:20:12.669Z] > git cat-file -s 6cc534c893d85e65154f53ff11f06b6dc6b8540a [2ms]
[2022-06-02T20:20:14.628Z] > git check-ignore -v -z --stdin [2ms]
[2022-06-02T20:20:23.259Z] > git show --textconv :index.html [13ms]
[2022-06-02T20:20:23.260Z] > git ls-files --stage -- /home/sirmmy/Development/code/prework/phase-0/phase-0-css-fundamentals-lab/index.html [3ms]
[2022-06-02T20:20:23.270Z] > git cat-file -s 6cc534c893d85e65154f53ff11f06b6dc6b8540a [2ms]
[2022-06-02T20:20:57.245Z] > git show --textconv :style.css [10ms]
[2022-06-02T20:20:57.246Z] > git ls-files --stage -- /home/sirmmy/Development/code/prework/phase-0/phase-0-css-fundamentals-lab/style.css [3ms]
[2022-06-02T20:20:57.266Z] > git cat-file -s 1b1899382aee2e8863a208cb44e972b68b239fff [11ms]
[2022-06-02T20:22:05.022Z] > git show --textconv :index.html [9ms]
[2022-06-02T20:22:05.023Z] > git ls-files --stage -- /home/sirmmy/Development/code/prework/phase-0/phase-0-css-fundamentals-lab/index.html [2ms]
[2022-06-02T20:22:05.033Z] > git cat-file -s 6cc534c893d85e65154f53ff11f06b6dc6b8540a [2ms]
[2022-06-02T20:22:26.218Z] > git show --textconv :style.css [10ms]
[2022-06-02T20:22:26.219Z] > git ls-files --stage -- /home/sirmmy/Development/code/prework/phase-0/phase-0-css-fundamentals-lab/style.css [2ms]
[2022-06-02T20:22:26.228Z] > git cat-file -s 1b1899382aee2e8863a208cb44e972b68b239fff [1ms]
[2022-06-02T20:24:06.490Z] > git show --textconv :index.html [12ms]
[2022-06-02T20:24:06.491Z] > git ls-files --stage -- /home/sirmmy/Development/code/prework/phase-0/phase-0-css-fundamentals-lab/index.html [4ms]
[2022-06-02T20:24:06.503Z] > git cat-file -s 6cc534c893d85e65154f53ff11f06b6dc6b8540a [2ms]
[2022-06-02T20:24:07.192Z] > git status -z -uall [2ms]
[2022-06-02T20:24:07.205Z] > git symbolic-ref --short HEAD [2ms]
[2022-06-02T20:24:07.218Z] > git for-each-ref --format=%(refname)%00%(upstream:short)%00%(objectname)%00%(upstream:track)%00%(upstream:remotename)%00%(upstream:remoteref) refs/heads/master refs/remotes/master [3ms]
[2022-06-02T20:24:07.242Z] > git for-each-ref --sort -committerdate --format %(refname) %(objectname) %(*objectname) [14ms]
[2022-06-02T20:24:07.242Z] > git remote --verbose [2ms]
[2022-06-02T20:24:07.255Z] > git config --get commit.template [1ms]
[2022-06-02T20:24:23.487Z] > git show --textconv :style.css [9ms]
[2022-06-02T20:24:23.488Z] > git ls-files --stage -- /home/sirmmy/Development/code/prework/phase-0/phase-0-css-fundamentals-lab/style.css [2ms]
[2022-06-02T20:24:23.509Z] > git cat-file -s 1b1899382aee2e8863a208cb44e972b68b239fff [13ms]
[2022-06-02T20:31:35.084Z] > git show --textconv :index.html [9ms]
[2022-06-02T20:31:35.085Z] > git ls-files --stage -- /home/sirmmy/Development/code/prework/phase-0/phase-0-css-fundamentals-lab/index.html [2ms]
[2022-06-02T20:31:35.094Z] > git cat-file -s 6cc534c893d85e65154f53ff11f06b6dc6b8540a [2ms]
[2022-06-02T20:31:49.724Z] > git show --textconv :style.css [10ms]
[2022-06-02T20:31:49.725Z] > git ls-files --stage -- /home/sirmmy/Development/code/prework/phase-0/phase-0-css-fundamentals-lab/style.css [1ms]
[2022-06-02T20:31:49.734Z] > git cat-file -s 1b1899382aee2e8863a208cb44e972b68b239fff [1ms]
[2022-06-02T20:34:25.381Z] > git show --textconv :index.html [10ms]
[2022-06-02T20:34:25.383Z] > git ls-files --stage -- /home/sirmmy/Development/code/prework/phase-0/phase-0-css-fundamentals-lab/index.html [4ms]
[2022-06-02T20:34:25.393Z] > git cat-file -s 6cc534c893d85e65154f53ff11f06b6dc6b8540a [1ms]
[2022-06-02T20:34:26.079Z] > git status -z -uall [3ms]
[2022-06-02T20:34:26.093Z] > git symbolic-ref --short HEAD [1ms]
[2022-06-02T20:34:26.108Z] > git for-each-ref --format=%(refname)%00%(upstream:short)%00%(objectname)%00%(upstream:track)%00%(upstream:remotename)%00%(upstream:remoteref) refs/heads/master refs/remotes/master [3ms]
[2022-06-02T20:34:26.133Z] > git for-each-ref --sort -committerdate --format %(refname) %(objectname) %(*objectname) [14ms]
[2022-06-02T20:34:26.134Z] > git remote --verbose [4ms]
[2022-06-02T20:34:26.153Z] > git config --get commit.template [2ms]
[2022-06-02T20:34:34.485Z] > git show --textconv :style.css [10ms]
[2022-06-02T20:34:34.486Z] > git ls-files --stage -- /home/sirmmy/Development/code/prework/phase-0/phase-0-css-fundamentals-lab/style.css [2ms]
[2022-06-02T20:34:34.495Z] > git cat-file -s 1b1899382aee2e8863a208cb44e972b68b239fff [2ms]
[2022-06-02T20:34:45.454Z] > git status -z -uall [2ms]
[2022-06-02T20:34:45.464Z] > git symbolic-ref --short HEAD [1ms]
[2022-06-02T20:34:45.474Z] > git for-each-ref --format=%(refname)%00%(upstream:short)%00%(objectname)%00%(upstream:track)%00%(upstream:remotename)%00%(upstream:remoteref) refs/heads/master refs/remotes/master [2ms]
[2022-06-02T20:34:45.491Z] > git for-each-ref --sort -committerdate --format %(refname) %(objectname) %(*objectname) [9ms]
[2022-06-02T20:34:45.491Z] > git remote --verbose [2ms]
[2022-06-02T20:34:45.503Z] > git config --get commit.template [1ms]
[2022-06-02T20:34:46.801Z] > git ls-files --stage -- /home/sirmmy/Development/code/prework/phase-0/phase-0-css-fundamentals-lab/style.css [1ms]
[2022-06-02T20:34:46.811Z] > git cat-file -s 1a1a15f07c6e8fb25e9750ae0398df5a7a9e0a32 [1ms]
[2022-06-02T20:34:46.825Z] > git show --textconv :style.css [1ms]
[2022-06-02T20:34:50.520Z] > git status -z -uall [1ms]
[2022-06-02T20:34:50.532Z] > git symbolic-ref --short HEAD [2ms]
[2022-06-02T20:34:50.542Z] > git for-each-ref --format=%(refname)%00%(upstream:short)%00%(objectname)%00%(upstream:track)%00%(upstream:remotename)%00%(upstream:remoteref) refs/heads/master refs/remotes/master [1ms]
[2022-06-02T20:34:50.559Z] > git for-each-ref --sort -committerdate --format %(refname) %(objectname) %(*objectname) [9ms]
[2022-06-02T20:34:50.560Z] > git remote --verbose [2ms]
[2022-06-02T20:34:50.575Z] > git config --get commit.template [2ms]
[2022-06-02T20:34:55.592Z] > git status -z -uall [2ms]
[2022-06-02T20:34:55.604Z] > git symbolic-ref --short HEAD [2ms]
[2022-06-02T20:34:55.614Z] > git for-each-ref --format=%(refname)%00%(upstream:short)%00%(objectname)%00%(upstream:track)%00%(upstream:remotename)%00%(upstream:remoteref) refs/heads/master refs/remotes/master [1ms]
[2022-06-02T20:34:55.634Z] > git for-each-ref --sort -committerdate --format %(refname) %(objectname) %(*objectname) [10ms]
[2022-06-02T20:34:55.635Z] > git remote --verbose [2ms]
[2022-06-02T20:34:55.649Z] > git config --get commit.template [2ms]
[2022-06-02T20:35:44.335Z] > git check-ignore -v -z --stdin [1ms]
[2022-06-02T20:35:48.438Z] > git check-ignore -v -z --stdin [2ms]
[2022-06-02T20:35:52.233Z] > git check-ignore -v -z --stdin [2ms]
[2022-06-02T20:36:03.543Z] > git show --textconv :index.html [21ms]
[2022-06-02T20:36:03.544Z] > git ls-files --stage -- /home/sirmmy/Development/code/prework/phase-0/phase-0-css-fundamentals-lab/index.html [12ms]
[2022-06-02T20:36:03.555Z] > git cat-file -s 6cc534c893d85e65154f53ff11f06b6dc6b8540a [2ms]
[2022-06-02T20:36:04.245Z] > git status -z -uall [3ms]
[2022-06-02T20:36:04.255Z] > git symbolic-ref --short HEAD [1ms]
[2022-06-02T20:36:04.266Z] > git for-each-ref --format=%(refname)%00%(upstream:short)%00%(objectname)%00%(upstream:track)%00%(upstream:remotename)%00%(upstream:remoteref) refs/heads/master refs/remotes/master [1ms]
[2022-06-02T20:36:04.286Z] > git for-each-ref --sort -committerdate --format %(refname) %(objectname) %(*objectname) [11ms]
[2022-06-02T20:36:04.287Z] > git remote --verbose [2ms]
[2022-06-02T20:36:04.300Z] > git config --get commit.template [2ms]
[2022-06-02T20:36:33.974Z] > git show --textconv :style.css [10ms]
[2022-06-02T20:36:33.975Z] > git ls-files --stage -- /home/sirmmy/Development/code/prework/phase-0/phase-0-css-fundamentals-lab/style.css [2ms]
[2022-06-02T20:36:33.994Z] > git cat-file -s 1a1a15f07c6e8fb25e9750ae0398df5a7a9e0a32 [10ms]
[2022-06-02T20:37:32.200Z] > git status -z -uall [2ms]
[2022-06-02T20:37:32.211Z] > git symbolic-ref --short HEAD [2ms]
[2022-06-02T20:37:32.224Z] > git for-each-ref --format=%(refname)%00%(upstream:short)%00%(objectname)%00%(upstream:track)%00%(upstream:remotename)%00%(upstream:remoteref) refs/heads/master refs/remotes/master [2ms]
[2022-06-02T20:37:32.247Z] > git for-each-ref --sort -committerdate --format %(refname) %(objectname) %(*objectname) [12ms]
[2022-06-02T20:37:32.247Z] > git remote --verbose [2ms]
[2022-06-02T20:37:32.263Z] > git config --get commit.template [2ms]
[2022-06-02T20:38:05.110Z] > git show --textconv :style.css [13ms]
[2022-06-02T20:38:05.111Z] > git ls-files --stage -- /home/sirmmy/Development/code/prework/phase-0/phase-0-css-fundamentals-lab/style.css [2ms]
[2022-06-02T20:38:05.134Z] > git cat-file -s 1a1a15f07c6e8fb25e9750ae0398df5a7a9e0a32 [12ms]
[2022-06-02T20:40:01.039Z] > git status -z -uall [4ms]
[2022-06-02T20:40:01.051Z] > git symbolic-ref --short HEAD [2ms]
[2022-06-02T20:40:01.063Z] > git for-each-ref --format=%(refname)%00%(upstream:short)%00%(objectname)%00%(upstream:track)%00%(upstream:remotename)%00%(upstream:remoteref) refs/heads/master refs/remotes/master [1ms]
[2022-06-02T20:40:01.086Z] > git for-each-ref --sort -committerdate --format %(refname) %(objectname) %(*objectname) [11ms]
[2022-06-02T20:40:01.087Z] > git remote --verbose [2ms]
[2022-06-02T20:40:01.103Z] > git config --get commit.template [2ms]
[2022-06-02T20:40:28.126Z] > git show --textconv :style.css [10ms]
[2022-06-02T20:40:28.127Z] > git ls-files --stage -- /home/sirmmy/Development/code/prework/phase-0/phase-0-css-fundamentals-lab/style.css [1ms]
[2022-06-02T20:40:28.147Z] > git cat-file -s 1a1a15f07c6e8fb25e9750ae0398df5a7a9e0a32 [11ms]
[2022-06-02T20:41:23.272Z] > git status -z -uall [2ms]
[2022-06-02T20:41:23.286Z] > git symbolic-ref --short HEAD [2ms]
[2022-06-02T20:41:23.297Z] > git for-each-ref --format=%(refname)%00%(upstream:short)%00%(objectname)%00%(upstream:track)%00%(upstream:remotename)%00%(upstream:remoteref) refs/heads/master refs/remotes/master [2ms]
[2022-06-02T20:41:23.322Z] > git for-each-ref --sort -committerdate --format %(refname) %(objectname) %(*objectname) [13ms]
[2022-06-02T20:41:23.322Z] > git remote --verbose [1ms]
[2022-06-02T20:41:23.338Z] > git config --get commit.template [1ms]
[2022-06-02T20:41:30.793Z] > git show --textconv :style.css [9ms]
[2022-06-02T20:41:30.794Z] > git ls-files --stage -- /home/sirmmy/Development/code/prework/phase-0/phase-0-css-fundamentals-lab/style.css [1ms]
[2022-06-02T20:41:30.803Z] > git cat-file -s 1a1a15f07c6e8fb25e9750ae0398df5a7a9e0a32 [1ms]
[2022-06-02T20:42:05.960Z] > git status -z -uall [2ms]
[2022-06-02T20:42:05.973Z] > git symbolic-ref --short HEAD [1ms]
[2022-06-02T20:42:05.987Z] > git for-each-ref --format=%(refname)%00%(upstream:short)%00%(objectname)%00%(upstream:track)%00%(upstream:remotename)%00%(upstream:remoteref) refs/heads/master refs/remotes/master [1ms]
[2022-06-02T20:42:06.023Z] > git remote --verbose [2ms]
[2022-06-02T20:42:06.024Z] > git for-each-ref --sort -committerdate --format %(refname) %(objectname) %(*objectname) [21ms]
[2022-06-02T20:42:06.040Z] > git config --get commit.template [1ms]
[2022-06-02T20:42:26.071Z] > git show --textconv :style.css [10ms]
[2022-06-02T20:42:26.072Z] > git ls-files --stage -- /home/sirmmy/Development/code/prework/phase-0/phase-0-css-fundamentals-lab/style.css [2ms]
[2022-06-02T20:42:26.093Z] > git cat-file -s 1a1a15f07c6e8fb25e9750ae0398df5a7a9e0a32 [12ms]
[2022-06-02T20:45:10.556Z] > git status -z -uall [1ms]
[2022-06-02T20:45:10.568Z] > git symbolic-ref --short HEAD [1ms]
[2022-06-02T20:45:10.581Z] > git for-each-ref --format=%(refname)%00%(upstream:short)%00%(objectname)%00%(upstream:track)%00%(upstream:remotename)%00%(upstream:remoteref) refs/heads/master refs/remotes/master [2ms]
[2022-06-02T20:45:10.606Z] > git for-each-ref --sort -committerdate --format %(refname) %(objectname) %(*objectname) [13ms]
[2022-06-02T20:45:10.608Z] > git remote --verbose [3ms]
[2022-06-02T20:45:10.623Z] > git config --get commit.template [1ms]
[2022-06-02T20:45:58.353Z] > git show --textconv :style.css [22ms]
[2022-06-02T20:45:58.355Z] > git ls-files --stage -- /home/sirmmy/Development/code/prework/phase-0/phase-0-css-fundamentals-lab/style.css [13ms]
[2022-06-02T20:45:58.366Z] > git cat-file -s 1a1a15f07c6e8fb25e9750ae0398df5a7a9e0a32 [2ms]
[2022-06-02T20:49:07.097Z] > git show --textconv :index.html [23ms]
[2022-06-02T20:49:07.098Z] > git ls-files --stage -- /home/sirmmy/Development/code/prework/phase-0/phase-0-css-fundamentals-lab/index.html [12ms]
[2022-06-02T20:49:07.109Z] > git cat-file -s 6cc534c893d85e65154f53ff11f06b6dc6b8540a [2ms]
[2022-06-02T20:49:24.495Z] > git show --textconv :style.css [10ms]
[2022-06-02T20:49:24.496Z] > git ls-files --stage -- /home/sirmmy/Development/code/prework/phase-0/phase-0-css-fundamentals-lab/style.css [2ms]
[2022-06-02T20:49:24.506Z] > git cat-file -s 1a1a15f07c6e8fb25e9750ae0398df5a7a9e0a32 [1ms]
[2022-06-02T20:50:34.656Z] > git show --textconv :index.html [11ms]
[2022-06-02T20:50:34.658Z] > git ls-files --stage -- /home/sirmmy/Development/code/prework/phase-0/phase-0-css-fundamentals-lab/index.html [3ms]
[2022-06-02T20:50:34.670Z] > git cat-file -s 6cc534c893d85e65154f53ff11f06b6dc6b8540a [2ms]
[2022-06-02T20:50:35.362Z] > git status -z -uall [2ms]
[2022-06-02T20:50:35.374Z] > git symbolic-ref --short HEAD [1ms]
[2022-06-02T20:50:35.388Z] > git for-each-ref --format=%(refname)%00%(upstream:short)%00%(objectname)%00%(upstream:track)%00%(upstream:remotename)%00%(upstream:remoteref) refs/heads/master refs/remotes/master [3ms]
[2022-06-02T20:50:35.421Z] > git for-each-ref --sort -committerdate --format %(refname) %(objectname) %(*objectname) [18ms]
[2022-06-02T20:50:35.425Z] > git remote --verbose [7ms]
[2022-06-02T20:50:35.444Z] > git config --get commit.template [1ms]
[2022-06-02T20:51:47.730Z] > git show --textconv :style.css [24ms]
[2022-06-02T20:51:47.731Z] > git ls-files --stage -- /home/sirmmy/Development/code/prework/phase-0/phase-0-css-fundamentals-lab/style.css [14ms]
[2022-06-02T20:51:47.744Z] > git cat-file -s 1a1a15f07c6e8fb25e9750ae0398df5a7a9e0a32 [2ms]
[2022-06-02T20:53:27.795Z] > git status -z -uall [3ms]
[2022-06-02T20:53:27.808Z] > git symbolic-ref --short HEAD [2ms]
[2022-06-02T20:53:27.823Z] > git for-each-ref --format=%(refname)%00%(upstream:short)%00%(objectname)%00%(upstream:track)%00%(upstream:remotename)%00%(upstream:remoteref) refs/heads/master refs/remotes/master [1ms]
[2022-06-02T20:53:27.851Z] > git remote --verbose [2ms]
[2022-06-02T20:53:27.852Z] > git for-each-ref --sort -committerdate --format %(refname) %(objectname) %(*objectname) [15ms]
[2022-06-02T20:53:27.873Z] > git config --get commit.template [3ms]
[2022-06-02T20:55:07.123Z] > git show --textconv :style.css [21ms]
[2022-06-02T20:55:07.124Z] > git ls-files --stage -- /home/sirmmy/Development/code/prework/phase-0/phase-0-css-fundamentals-lab/style.css [12ms]
[2022-06-02T20:55:07.135Z] > git cat-file -s 1a1a15f07c6e8fb25e9750ae0398df5a7a9e0a32 [2ms]
[2022-06-02T20:56:08.029Z] > git show --textconv :index.html [11ms]
[2022-06-02T20:56:08.030Z] > git ls-files --stage -- /home/sirmmy/Development/code/prework/phase-0/phase-0-css-fundamentals-lab/index.html [1ms]
[2022-06-02T20:56:08.051Z] > git cat-file -s 6cc534c893d85e65154f53ff11f06b6dc6b8540a [11ms]
[2022-06-02T20:56:24.954Z] > git show --textconv :style.css [34ms]
[2022-06-02T20:56:24.954Z] > git ls-files --stage -- /home/sirmmy/Development/code/prework/phase-0/phase-0-css-fundamentals-lab/style.css [4ms]
[2022-06-02T20:56:24.967Z] > git cat-file -s 1a1a15f07c6e8fb25e9750ae0398df5a7a9e0a32 [3ms]
[2022-06-02T20:57:34.446Z] > git show --textconv :index.html [17ms]
[2022-06-02T20:57:34.447Z] > git ls-files --stage -- /home/sirmmy/Development/code/prework/phase-0/phase-0-css-fundamentals-lab/index.html [3ms]
[2022-06-02T20:57:34.468Z] > git cat-file -s 6cc534c893d85e65154f53ff11f06b6dc6b8540a [2ms]
[2022-06-02T20:57:35.093Z] > git status -z -uall [3ms]
[2022-06-02T20:57:35.106Z] > git symbolic-ref --short HEAD [2ms]
[2022-06-02T20:57:35.121Z] > git for-each-ref --format=%(refname)%00%(upstream:short)%00%(objectname)%00%(upstream:track)%00%(upstream:remotename)%00%(upstream:remoteref) refs/heads/master refs/remotes/master [2ms]
[2022-06-02T20:57:35.144Z] > git for-each-ref --sort -committerdate --format %(refname) %(objectname) %(*objectname) [12ms]
[2022-06-02T20:57:35.144Z] > git remote --verbose [2ms]
[2022-06-02T20:57:35.157Z] > git config --get commit.template [1ms]
[2022-06-02T20:58:17.950Z] > git show --textconv :style.css [9ms]
[2022-06-02T20:58:17.951Z] > git ls-files --stage -- /home/sirmmy/Development/code/prework/phase-0/phase-0-css-fundamentals-lab/style.css [2ms]
[2022-06-02T20:58:17.962Z] > git cat-file -s 1a1a15f07c6e8fb25e9750ae0398df5a7a9e0a32 [3ms]
[2022-06-03T06:07:10.015Z] > git show --textconv :index.html [18ms]
[2022-06-03T06:07:10.016Z] > git ls-files --stage -- /home/sirmmy/Development/code/prework/phase-0/phase-0-css-fundamentals-lab/index.html [11ms]
[2022-06-03T06:07:10.026Z] > git cat-file -s 6cc534c893d85e65154f53ff11f06b6dc6b8540a [1ms]
[2022-06-03T06:07:23.079Z] > git show --textconv :style.css [9ms]
[2022-06-03T06:07:23.080Z] > git ls-files --stage -- /home/sirmmy/Development/code/prework/phase-0/phase-0-css-fundamentals-lab/style.css [1ms]
[2022-06-03T06:07:23.090Z] > git cat-file -s 1a1a15f07c6e8fb25e9750ae0398df5a7a9e0a32 [2ms]
[2022-06-03T06:08:50.078Z] > git show --textconv :style.css [11ms]
[2022-06-03T06:08:50.079Z] > git ls-files --stage -- /home/sirmmy/Development/code/prework/phase-0/phase-0-css-fundamentals-lab/style.css [2ms]
[2022-06-03T06:08:50.100Z] > git cat-file -s 1a1a15f07c6e8fb25e9750ae0398df5a7a9e0a32 [12ms]
[2022-06-03T06:08:52.768Z] > git show --textconv :index.html [21ms]
[2022-06-03T06:08:52.769Z] > git ls-files --stage -- /home/sirmmy/Development/code/prework/phase-0/phase-0-css-fundamentals-lab/index.html [12ms]
[2022-06-03T06:08:52.779Z] > git cat-file -s 6cc534c893d85e65154f53ff11f06b6dc6b8540a [2ms]
