[2022-06-02 11:27:09.952] [renderer1] [error] Illegal value for `line`: Error: Illegal value for `line`
    at y._lineAt (/usr/share/code/resources/app/out/vs/workbench/api/node/extensionHostProcess.js:77:1174)
    at Object.lineAt (/usr/share/code/resources/app/out/vs/workbench/api/node/extensionHostProcess.js:77:95)
    at GuidesController.updateSelection (/home/sirmmy/.vscode/extensions/spywhere.guides-0.9.3/out/extension.js:45:51)
    at GuidesController.<anonymous> (/home/sirmmy/.vscode/extensions/spywhere.guides-0.9.3/out/extension.js:17:70)
    at m.invoke (/usr/share/code/resources/app/out/vs/workbench/api/node/extensionHostProcess.js:58:145)
    at E.deliver (/usr/share/code/resources/app/out/vs/workbench/api/node/extensionHostProcess.js:58:2265)
    at v.fire (/usr/share/code/resources/app/out/vs/workbench/api/node/extensionHostProcess.js:58:1843)
    at w.$acceptEditorPropertiesChanged (/usr/share/code/resources/app/out/vs/workbench/api/node/extensionHostProcess.js:83:239969)
    at s._doInvokeHandler (/usr/share/code/resources/app/out/vs/workbench/api/node/extensionHostProcess.js:86:13828)
    at s._invokeHandler (/usr/share/code/resources/app/out/vs/workbench/api/node/extensionHostProcess.js:86:13512)
    at s._receiveRequest (/usr/share/code/resources/app/out/vs/workbench/api/node/extensionHostProcess.js:86:12173)
    at s._receiveOneMessage (/usr/share/code/resources/app/out/vs/workbench/api/node/extensionHostProcess.js:86:10843)
    at /usr/share/code/resources/app/out/vs/workbench/api/node/extensionHostProcess.js:86:8949
    at m.invoke (/usr/share/code/resources/app/out/vs/workbench/api/node/extensionHostProcess.js:58:145)
    at E.deliver (/usr/share/code/resources/app/out/vs/workbench/api/node/extensionHostProcess.js:58:2265)
    at v.fire (/usr/share/code/resources/app/out/vs/workbench/api/node/extensionHostProcess.js:58:1843)
    at l.fire (/usr/share/code/resources/app/out/vs/workbench/api/node/extensionHostProcess.js:66:19001)
    at /usr/share/code/resources/app/out/vs/workbench/api/node/extensionHostProcess.js:102:34426
    at m.invoke (/usr/share/code/resources/app/out/vs/workbench/api/node/extensionHostProcess.js:58:145)
    at E.deliver (/usr/share/code/resources/app/out/vs/workbench/api/node/extensionHostProcess.js:58:2265)
    at v.fire (/usr/share/code/resources/app/out/vs/workbench/api/node/extensionHostProcess.js:58:1843)
    at l.fire (/usr/share/code/resources/app/out/vs/workbench/api/node/extensionHostProcess.js:66:19001)
    at r._receiveMessage (/usr/share/code/resources/app/out/vs/workbench/api/node/extensionHostProcess.js:66:23582)
    at /usr/share/code/resources/app/out/vs/workbench/api/node/extensionHostProcess.js:66:21116
    at m.invoke (/usr/share/code/resources/app/out/vs/workbench/api/node/extensionHostProcess.js:58:145)
    at E.deliver (/usr/share/code/resources/app/out/vs/workbench/api/node/extensionHostProcess.js:58:2265)
    at v.fire (/usr/share/code/resources/app/out/vs/workbench/api/node/extensionHostProcess.js:58:1843)
    at v.acceptChunk (/usr/share/code/resources/app/out/vs/workbench/api/node/extensionHostProcess.js:66:15832)
    at /usr/share/code/resources/app/out/vs/workbench/api/node/extensionHostProcess.js:66:14962
    at Socket.R (/usr/share/code/resources/app/out/vs/workbench/api/node/extensionHostProcess.js:102:13798)
    at Socket.emit (node:events:390:28)
    at addChunk (node:internal/streams/readable:315:12)
    at readableAddChunk (node:internal/streams/readable:289:9)
    at Socket.Readable.push (node:internal/streams/readable:228:10)
    at Pipe.onStreamRead (node:internal/stream_base_commons:199:23)
[2022-06-02 11:27:11.091] [renderer1] [error] Illegal value for `line`: Error: Illegal value for `line`
    at y._lineAt (/usr/share/code/resources/app/out/vs/workbench/api/node/extensionHostProcess.js:77:1174)
    at Object.lineAt (/usr/share/code/resources/app/out/vs/workbench/api/node/extensionHostProcess.js:77:95)
    at Guides.getRangesForLine (/home/sirmmy/.vscode/extensions/spywhere.guides-0.9.3/out/extension.js:447:57)
    at Guides.updateEditor (/home/sirmmy/.vscode/extensions/spywhere.guides-0.9.3/out/extension.js:306:34)
    at /home/sirmmy/.vscode/extensions/spywhere.guides-0.9.3/out/extension.js:287:18
    at Array.forEach (<anonymous>)
    at Guides.updateEditors (/home/sirmmy/.vscode/extensions/spywhere.guides-0.9.3/out/extension.js:286:42)
    at Guides.reset (/home/sirmmy/.vscode/extensions/spywhere.guides-0.9.3/out/extension.js:91:14)
    at GuidesController.updateEditors (/home/sirmmy/.vscode/extensions/spywhere.guides-0.9.3/out/extension.js:63:21)
    at m.invoke (/usr/share/code/resources/app/out/vs/workbench/api/node/extensionHostProcess.js:58:145)
    at E.deliver (/usr/share/code/resources/app/out/vs/workbench/api/node/extensionHostProcess.js:58:2265)
    at v.fire (/usr/share/code/resources/app/out/vs/workbench/api/node/extensionHostProcess.js:58:1843)
    at o.$acceptConfigurationChanged (/usr/share/code/resources/app/out/vs/workbench/api/node/extensionHostProcess.js:87:23715)
    at /usr/share/code/resources/app/out/vs/workbench/api/node/extensionHostProcess.js:87:22969
    at processTicksAndRejections (node:internal/process/task_queues:96:5)
[2022-06-02 11:27:11.097] [renderer1] [error] Illegal value for `line`: Error: Illegal value for `line`
    at y._lineAt (/usr/share/code/resources/app/out/vs/workbench/api/node/extensionHostProcess.js:77:1174)
    at Object.lineAt (/usr/share/code/resources/app/out/vs/workbench/api/node/extensionHostProcess.js:77:95)
    at GuidesController.updateSelection (/home/sirmmy/.vscode/extensions/spywhere.guides-0.9.3/out/extension.js:45:51)
    at GuidesController.<anonymous> (/home/sirmmy/.vscode/extensions/spywhere.guides-0.9.3/out/extension.js:17:70)
    at m.invoke (/usr/share/code/resources/app/out/vs/workbench/api/node/extensionHostProcess.js:58:145)
    at E.deliver (/usr/share/code/resources/app/out/vs/workbench/api/node/extensionHostProcess.js:58:2265)
    at v.fire (/usr/share/code/resources/app/out/vs/workbench/api/node/extensionHostProcess.js:58:1843)
    at w.$acceptEditorPropertiesChanged (/usr/share/code/resources/app/out/vs/workbench/api/node/extensionHostProcess.js:83:239969)
    at s._doInvokeHandler (/usr/share/code/resources/app/out/vs/workbench/api/node/extensionHostProcess.js:86:13828)
    at s._invokeHandler (/usr/share/code/resources/app/out/vs/workbench/api/node/extensionHostProcess.js:86:13512)
    at s._receiveRequest (/usr/share/code/resources/app/out/vs/workbench/api/node/extensionHostProcess.js:86:12173)
    at s._receiveOneMessage (/usr/share/code/resources/app/out/vs/workbench/api/node/extensionHostProcess.js:86:10843)
    at /usr/share/code/resources/app/out/vs/workbench/api/node/extensionHostProcess.js:86:8949
    at m.invoke (/usr/share/code/resources/app/out/vs/workbench/api/node/extensionHostProcess.js:58:145)
    at E.deliver (/usr/share/code/resources/app/out/vs/workbench/api/node/extensionHostProcess.js:58:2265)
    at v.fire (/usr/share/code/resources/app/out/vs/workbench/api/node/extensionHostProcess.js:58:1843)
    at l.fire (/usr/share/code/resources/app/out/vs/workbench/api/node/extensionHostProcess.js:66:19001)
    at /usr/share/code/resources/app/out/vs/workbench/api/node/extensionHostProcess.js:102:34426
    at m.invoke (/usr/share/code/resources/app/out/vs/workbench/api/node/extensionHostProcess.js:58:145)
    at E.deliver (/usr/share/code/resources/app/out/vs/workbench/api/node/extensionHostProcess.js:58:2265)
    at v.fire (/usr/share/code/resources/app/out/vs/workbench/api/node/extensionHostProcess.js:58:1843)
    at l.fire (/usr/share/code/resources/app/out/vs/workbench/api/node/extensionHostProcess.js:66:19001)
    at r._receiveMessage (/usr/share/code/resources/app/out/vs/workbench/api/node/extensionHostProcess.js:66:23582)
    at /usr/share/code/resources/app/out/vs/workbench/api/node/extensionHostProcess.js:66:21116
    at m.invoke (/usr/share/code/resources/app/out/vs/workbench/api/node/extensionHostProcess.js:58:145)
    at E.deliver (/usr/share/code/resources/app/out/vs/workbench/api/node/extensionHostProcess.js:58:2265)
    at v.fire (/usr/share/code/resources/app/out/vs/workbench/api/node/extensionHostProcess.js:58:1843)
    at v.acceptChunk (/usr/share/code/resources/app/out/vs/workbench/api/node/extensionHostProcess.js:66:15832)
    at /usr/share/code/resources/app/out/vs/workbench/api/node/extensionHostProcess.js:66:14962
    at Socket.R (/usr/share/code/resources/app/out/vs/workbench/api/node/extensionHostProcess.js:102:13798)
    at Socket.emit (node:events:390:28)
    at addChunk (node:internal/streams/readable:315:12)
    at readableAddChunk (node:internal/streams/readable:289:9)
    at Socket.Readable.push (node:internal/streams/readable:228:10)
    at Pipe.onStreamRead (node:internal/stream_base_commons:199:23)
[2022-06-02 11:27:12.102] [renderer1] [error] Illegal value for `line`: Error: Illegal value for `line`
    at y._lineAt (/usr/share/code/resources/app/out/vs/workbench/api/node/extensionHostProcess.js:77:1174)
    at Object.lineAt (/usr/share/code/resources/app/out/vs/workbench/api/node/extensionHostProcess.js:77:95)
    at GuidesController.updateSelection (/home/sirmmy/.vscode/extensions/spywhere.guides-0.9.3/out/extension.js:45:51)
    at GuidesController.<anonymous> (/home/sirmmy/.vscode/extensions/spywhere.guides-0.9.3/out/extension.js:17:70)
    at m.invoke (/usr/share/code/resources/app/out/vs/workbench/api/node/extensionHostProcess.js:58:145)
    at E.deliver (/usr/share/code/resources/app/out/vs/workbench/api/node/extensionHostProcess.js:58:2265)
    at v.fire (/usr/share/code/resources/app/out/vs/workbench/api/node/extensionHostProcess.js:58:1843)
    at w.$acceptEditorPropertiesChanged (/usr/share/code/resources/app/out/vs/workbench/api/node/extensionHostProcess.js:83:239969)
    at s._doInvokeHandler (/usr/share/code/resources/app/out/vs/workbench/api/node/extensionHostProcess.js:86:13828)
    at s._invokeHandler (/usr/share/code/resources/app/out/vs/workbench/api/node/extensionHostProcess.js:86:13512)
    at s._receiveRequest (/usr/share/code/resources/app/out/vs/workbench/api/node/extensionHostProcess.js:86:12173)
    at s._receiveOneMessage (/usr/share/code/resources/app/out/vs/workbench/api/node/extensionHostProcess.js:86:10843)
    at /usr/share/code/resources/app/out/vs/workbench/api/node/extensionHostProcess.js:86:8949
    at m.invoke (/usr/share/code/resources/app/out/vs/workbench/api/node/extensionHostProcess.js:58:145)
    at E.deliver (/usr/share/code/resources/app/out/vs/workbench/api/node/extensionHostProcess.js:58:2265)
    at v.fire (/usr/share/code/resources/app/out/vs/workbench/api/node/extensionHostProcess.js:58:1843)
    at l.fire (/usr/share/code/resources/app/out/vs/workbench/api/node/extensionHostProcess.js:66:19001)
    at /usr/share/code/resources/app/out/vs/workbench/api/node/extensionHostProcess.js:102:34426
    at m.invoke (/usr/share/code/resources/app/out/vs/workbench/api/node/extensionHostProcess.js:58:145)
    at E.deliver (/usr/share/code/resources/app/out/vs/workbench/api/node/extensionHostProcess.js:58:2265)
    at v.fire (/usr/share/code/resources/app/out/vs/workbench/api/node/extensionHostProcess.js:58:1843)
    at l.fire (/usr/share/code/resources/app/out/vs/workbench/api/node/extensionHostProcess.js:66:19001)
    at r._receiveMessage (/usr/share/code/resources/app/out/vs/workbench/api/node/extensionHostProcess.js:66:23582)
    at /usr/share/code/resources/app/out/vs/workbench/api/node/extensionHostProcess.js:66:21116
    at m.invoke (/usr/share/code/resources/app/out/vs/workbench/api/node/extensionHostProcess.js:58:145)
    at E.deliver (/usr/share/code/resources/app/out/vs/workbench/api/node/extensionHostProcess.js:58:2265)
    at v.fire (/usr/share/code/resources/app/out/vs/workbench/api/node/extensionHostProcess.js:58:1843)
    at v.acceptChunk (/usr/share/code/resources/app/out/vs/workbench/api/node/extensionHostProcess.js:66:15832)
    at /usr/share/code/resources/app/out/vs/workbench/api/node/extensionHostProcess.js:66:14962
    at Socket.R (/usr/share/code/resources/app/out/vs/workbench/api/node/extensionHostProcess.js:102:13798)
    at Socket.emit (node:events:390:28)
    at addChunk (node:internal/streams/readable:315:12)
    at readableAddChunk (node:internal/streams/readable:289:9)
    at Socket.Readable.push (node:internal/streams/readable:228:10)
    at Pipe.onStreamRead (node:internal/stream_base_commons:199:23)
[2022-06-02 11:27:13.104] [renderer1] [error] Illegal value for `line`: Error: Illegal value for `line`
    at y._lineAt (/usr/share/code/resources/app/out/vs/workbench/api/node/extensionHostProcess.js:77:1174)
    at Object.lineAt (/usr/share/code/resources/app/out/vs/workbench/api/node/extensionHostProcess.js:77:95)
    at GuidesController.updateSelection (/home/sirmmy/.vscode/extensions/spywhere.guides-0.9.3/out/extension.js:45:51)
    at GuidesController.<anonymous> (/home/sirmmy/.vscode/extensions/spywhere.guides-0.9.3/out/extension.js:17:70)
    at m.invoke (/usr/share/code/resources/app/out/vs/workbench/api/node/extensionHostProcess.js:58:145)
    at E.deliver (/usr/share/code/resources/app/out/vs/workbench/api/node/extensionHostProcess.js:58:2265)
    at v.fire (/usr/share/code/resources/app/out/vs/workbench/api/node/extensionHostProcess.js:58:1843)
    at w.$acceptEditorPropertiesChanged (/usr/share/code/resources/app/out/vs/workbench/api/node/extensionHostProcess.js:83:239969)
    at s._doInvokeHandler (/usr/share/code/resources/app/out/vs/workbench/api/node/extensionHostProcess.js:86:13828)
    at s._invokeHandler (/usr/share/code/resources/app/out/vs/workbench/api/node/extensionHostProcess.js:86:13512)
    at s._receiveRequest (/usr/share/code/resources/app/out/vs/workbench/api/node/extensionHostProcess.js:86:12173)
    at s._receiveOneMessage (/usr/share/code/resources/app/out/vs/workbench/api/node/extensionHostProcess.js:86:10843)
    at /usr/share/code/resources/app/out/vs/workbench/api/node/extensionHostProcess.js:86:8949
    at m.invoke (/usr/share/code/resources/app/out/vs/workbench/api/node/extensionHostProcess.js:58:145)
    at E.deliver (/usr/share/code/resources/app/out/vs/workbench/api/node/extensionHostProcess.js:58:2265)
    at v.fire (/usr/share/code/resources/app/out/vs/workbench/api/node/extensionHostProcess.js:58:1843)
    at l.fire (/usr/share/code/resources/app/out/vs/workbench/api/node/extensionHostProcess.js:66:19001)
    at /usr/share/code/resources/app/out/vs/workbench/api/node/extensionHostProcess.js:102:34426
    at m.invoke (/usr/share/code/resources/app/out/vs/workbench/api/node/extensionHostProcess.js:58:145)
    at E.deliver (/usr/share/code/resources/app/out/vs/workbench/api/node/extensionHostProcess.js:58:2265)
    at v.fire (/usr/share/code/resources/app/out/vs/workbench/api/node/extensionHostProcess.js:58:1843)
    at l.fire (/usr/share/code/resources/app/out/vs/workbench/api/node/extensionHostProcess.js:66:19001)
    at r._receiveMessage (/usr/share/code/resources/app/out/vs/workbench/api/node/extensionHostProcess.js:66:23582)
    at /usr/share/code/resources/app/out/vs/workbench/api/node/extensionHostProcess.js:66:21116
    at m.invoke (/usr/share/code/resources/app/out/vs/workbench/api/node/extensionHostProcess.js:58:145)
    at E.deliver (/usr/share/code/resources/app/out/vs/workbench/api/node/extensionHostProcess.js:58:2265)
    at v.fire (/usr/share/code/resources/app/out/vs/workbench/api/node/extensionHostProcess.js:58:1843)
    at v.acceptChunk (/usr/share/code/resources/app/out/vs/workbench/api/node/extensionHostProcess.js:66:15832)
    at /usr/share/code/resources/app/out/vs/workbench/api/node/extensionHostProcess.js:66:14962
    at Socket.R (/usr/share/code/resources/app/out/vs/workbench/api/node/extensionHostProcess.js:102:13798)
    at Socket.emit (node:events:390:28)
    at addChunk (node:internal/streams/readable:315:12)
    at readableAddChunk (node:internal/streams/readable:289:9)
    at Socket.Readable.push (node:internal/streams/readable:228:10)
    at Pipe.onStreamRead (node:internal/stream_base_commons:199:23)
[2022-06-02 11:27:14.837] [renderer1] [error] Illegal value for `line`: Error: Illegal value for `line`
    at y._lineAt (/usr/share/code/resources/app/out/vs/workbench/api/node/extensionHostProcess.js:77:1174)
    at Object.lineAt (/usr/share/code/resources/app/out/vs/workbench/api/node/extensionHostProcess.js:77:95)
    at GuidesController.updateSelection (/home/sirmmy/.vscode/extensions/spywhere.guides-0.9.3/out/extension.js:45:51)
    at GuidesController.<anonymous> (/home/sirmmy/.vscode/extensions/spywhere.guides-0.9.3/out/extension.js:17:70)
    at m.invoke (/usr/share/code/resources/app/out/vs/workbench/api/node/extensionHostProcess.js:58:145)
    at E.deliver (/usr/share/code/resources/app/out/vs/workbench/api/node/extensionHostProcess.js:58:2265)
    at v.fire (/usr/share/code/resources/app/out/vs/workbench/api/node/extensionHostProcess.js:58:1843)
    at w.$acceptEditorPropertiesChanged (/usr/share/code/resources/app/out/vs/workbench/api/node/extensionHostProcess.js:83:239969)
    at s._doInvokeHandler (/usr/share/code/resources/app/out/vs/workbench/api/node/extensionHostProcess.js:86:13828)
    at s._invokeHandler (/usr/share/code/resources/app/out/vs/workbench/api/node/extensionHostProcess.js:86:13512)
    at s._receiveRequest (/usr/share/code/resources/app/out/vs/workbench/api/node/extensionHostProcess.js:86:12173)
    at s._receiveOneMessage (/usr/share/code/resources/app/out/vs/workbench/api/node/extensionHostProcess.js:86:10843)
    at /usr/share/code/resources/app/out/vs/workbench/api/node/extensionHostProcess.js:86:8949
    at m.invoke (/usr/share/code/resources/app/out/vs/workbench/api/node/extensionHostProcess.js:58:145)
    at E.deliver (/usr/share/code/resources/app/out/vs/workbench/api/node/extensionHostProcess.js:58:2265)
    at v.fire (/usr/share/code/resources/app/out/vs/workbench/api/node/extensionHostProcess.js:58:1843)
    at l.fire (/usr/share/code/resources/app/out/vs/workbench/api/node/extensionHostProcess.js:66:19001)
    at /usr/share/code/resources/app/out/vs/workbench/api/node/extensionHostProcess.js:102:34426
    at m.invoke (/usr/share/code/resources/app/out/vs/workbench/api/node/extensionHostProcess.js:58:145)
    at E.deliver (/usr/share/code/resources/app/out/vs/workbench/api/node/extensionHostProcess.js:58:2265)
    at v.fire (/usr/share/code/resources/app/out/vs/workbench/api/node/extensionHostProcess.js:58:1843)
    at l.fire (/usr/share/code/resources/app/out/vs/workbench/api/node/extensionHostProcess.js:66:19001)
    at r._receiveMessage (/usr/share/code/resources/app/out/vs/workbench/api/node/extensionHostProcess.js:66:23582)
    at /usr/share/code/resources/app/out/vs/workbench/api/node/extensionHostProcess.js:66:21116
    at m.invoke (/usr/share/code/resources/app/out/vs/workbench/api/node/extensionHostProcess.js:58:145)
    at E.deliver (/usr/share/code/resources/app/out/vs/workbench/api/node/extensionHostProcess.js:58:2265)
    at v.fire (/usr/share/code/resources/app/out/vs/workbench/api/node/extensionHostProcess.js:58:1843)
    at v.acceptChunk (/usr/share/code/resources/app/out/vs/workbench/api/node/extensionHostProcess.js:66:15832)
    at /usr/share/code/resources/app/out/vs/workbench/api/node/extensionHostProcess.js:66:14962
    at Socket.R (/usr/share/code/resources/app/out/vs/workbench/api/node/extensionHostProcess.js:102:13798)
    at Socket.emit (node:events:390:28)
    at addChunk (node:internal/streams/readable:315:12)
    at readableAddChunk (node:internal/streams/readable:289:9)
    at Socket.Readable.push (node:internal/streams/readable:228:10)
    at Pipe.onStreamRead (node:internal/stream_base_commons:199:23)
[2022-06-02 11:27:15.847] [renderer1] [error] Illegal value for `line`: Error: Illegal value for `line`
    at y._lineAt (/usr/share/code/resources/app/out/vs/workbench/api/node/extensionHostProcess.js:77:1174)
    at Object.lineAt (/usr/share/code/resources/app/out/vs/workbench/api/node/extensionHostProcess.js:77:95)
    at GuidesController.updateSelection (/home/sirmmy/.vscode/extensions/spywhere.guides-0.9.3/out/extension.js:45:51)
    at GuidesController.<anonymous> (/home/sirmmy/.vscode/extensions/spywhere.guides-0.9.3/out/extension.js:17:70)
    at m.invoke (/usr/share/code/resources/app/out/vs/workbench/api/node/extensionHostProcess.js:58:145)
    at E.deliver (/usr/share/code/resources/app/out/vs/workbench/api/node/extensionHostProcess.js:58:2265)
    at v.fire (/usr/share/code/resources/app/out/vs/workbench/api/node/extensionHostProcess.js:58:1843)
    at w.$acceptEditorPropertiesChanged (/usr/share/code/resources/app/out/vs/workbench/api/node/extensionHostProcess.js:83:239969)
    at s._doInvokeHandler (/usr/share/code/resources/app/out/vs/workbench/api/node/extensionHostProcess.js:86:13828)
    at s._invokeHandler (/usr/share/code/resources/app/out/vs/workbench/api/node/extensionHostProcess.js:86:13512)
    at s._receiveRequest (/usr/share/code/resources/app/out/vs/workbench/api/node/extensionHostProcess.js:86:12173)
    at s._receiveOneMessage (/usr/share/code/resources/app/out/vs/workbench/api/node/extensionHostProcess.js:86:10843)
    at /usr/share/code/resources/app/out/vs/workbench/api/node/extensionHostProcess.js:86:8949
    at m.invoke (/usr/share/code/resources/app/out/vs/workbench/api/node/extensionHostProcess.js:58:145)
    at E.deliver (/usr/share/code/resources/app/out/vs/workbench/api/node/extensionHostProcess.js:58:2265)
    at v.fire (/usr/share/code/resources/app/out/vs/workbench/api/node/extensionHostProcess.js:58:1843)
    at l.fire (/usr/share/code/resources/app/out/vs/workbench/api/node/extensionHostProcess.js:66:19001)
    at /usr/share/code/resources/app/out/vs/workbench/api/node/extensionHostProcess.js:102:34426
    at m.invoke (/usr/share/code/resources/app/out/vs/workbench/api/node/extensionHostProcess.js:58:145)
    at E.deliver (/usr/share/code/resources/app/out/vs/workbench/api/node/extensionHostProcess.js:58:2265)
    at v.fire (/usr/share/code/resources/app/out/vs/workbench/api/node/extensionHostProcess.js:58:1843)
    at l.fire (/usr/share/code/resources/app/out/vs/workbench/api/node/extensionHostProcess.js:66:19001)
    at r._receiveMessage (/usr/share/code/resources/app/out/vs/workbench/api/node/extensionHostProcess.js:66:23582)
    at /usr/share/code/resources/app/out/vs/workbench/api/node/extensionHostProcess.js:66:21116
    at m.invoke (/usr/share/code/resources/app/out/vs/workbench/api/node/extensionHostProcess.js:58:145)
    at E.deliver (/usr/share/code/resources/app/out/vs/workbench/api/node/extensionHostProcess.js:58:2265)
    at v.fire (/usr/share/code/resources/app/out/vs/workbench/api/node/extensionHostProcess.js:58:1843)
    at v.acceptChunk (/usr/share/code/resources/app/out/vs/workbench/api/node/extensionHostProcess.js:66:15832)
    at /usr/share/code/resources/app/out/vs/workbench/api/node/extensionHostProcess.js:66:14962
    at Socket.R (/usr/share/code/resources/app/out/vs/workbench/api/node/extensionHostProcess.js:102:13798)
    at Socket.emit (node:events:390:28)
    at addChunk (node:internal/streams/readable:315:12)
    at readableAddChunk (node:internal/streams/readable:289:9)
    at Socket.Readable.push (node:internal/streams/readable:228:10)
    at Pipe.onStreamRead (node:internal/stream_base_commons:199:23)
